[2022-07-13 12:12:32,255] {taskinstance.py:1179} INFO - Dependencies all met for <TaskInstance: dag_with_taskflow_api_v02.greet manual__2022-07-13T12:12:28.291742+00:00 [queued]>
[2022-07-13 12:12:32,295] {taskinstance.py:1179} INFO - Dependencies all met for <TaskInstance: dag_with_taskflow_api_v02.greet manual__2022-07-13T12:12:28.291742+00:00 [queued]>
[2022-07-13 12:12:32,297] {taskinstance.py:1376} INFO - 
--------------------------------------------------------------------------------
[2022-07-13 12:12:32,299] {taskinstance.py:1377} INFO - Starting attempt 1 of 6
[2022-07-13 12:12:32,301] {taskinstance.py:1378} INFO - 
--------------------------------------------------------------------------------
[2022-07-13 12:12:32,346] {taskinstance.py:1397} INFO - Executing <Task(_PythonDecoratedOperator): greet> on 2022-07-13 12:12:28.291742+00:00
[2022-07-13 12:12:32,353] {standard_task_runner.py:52} INFO - Started process 13693 to run task
[2022-07-13 12:12:32,365] {standard_task_runner.py:79} INFO - Running: ['***', 'tasks', 'run', 'dag_with_taskflow_api_v02', 'greet', 'manual__2022-07-13T12:12:28.291742+00:00', '--job-id', '65', '--raw', '--subdir', 'DAGS_FOLDER/dag_with_taskflow.py', '--cfg-path', '/tmp/tmphz9fpik1', '--error-file', '/tmp/tmp9u3t335_']
[2022-07-13 12:12:32,369] {standard_task_runner.py:80} INFO - Job 65: Subtask greet
[2022-07-13 12:12:32,524] {task_command.py:371} INFO - Running <TaskInstance: dag_with_taskflow_api_v02.greet manual__2022-07-13T12:12:28.291742+00:00 [running]> on host 8e2218deeaf2
[2022-07-13 12:12:33,036] {taskinstance.py:1591} INFO - Exporting the following env vars:
AIRFLOW_CTX_DAG_OWNER=harshab
AIRFLOW_CTX_DAG_ID=dag_with_taskflow_api_v02
AIRFLOW_CTX_TASK_ID=greet
AIRFLOW_CTX_EXECUTION_DATE=2022-07-13T12:12:28.291742+00:00
AIRFLOW_CTX_TRY_NUMBER=1
AIRFLOW_CTX_DAG_RUN_ID=manual__2022-07-13T12:12:28.291742+00:00
[2022-07-13 12:12:33,041] {logging_mixin.py:115} INFO - Hi, My name is Harsha Bash, andI am 25 years old!
[2022-07-13 12:12:33,044] {python.py:173} INFO - Done. Returned value was: None
[2022-07-13 12:12:33,113] {taskinstance.py:1420} INFO - Marking task as SUCCESS. dag_id=dag_with_taskflow_api_v02, task_id=greet, execution_date=20220713T121228, start_date=20220713T121232, end_date=20220713T121233
[2022-07-13 12:12:33,200] {local_task_job.py:156} INFO - Task exited with return code 0
[2022-07-13 12:12:33,260] {local_task_job.py:273} INFO - 0 downstream tasks scheduled from follow-on schedule check
