[2022-07-13 08:34:54,191] {taskinstance.py:1179} INFO - Dependencies all met for <TaskInstance: example_bash_operator.runme_0 scheduled__2022-07-12T00:00:00+00:00 [queued]>
[2022-07-13 08:34:54,420] {taskinstance.py:1179} INFO - Dependencies all met for <TaskInstance: example_bash_operator.runme_0 scheduled__2022-07-12T00:00:00+00:00 [queued]>
[2022-07-13 08:34:54,431] {taskinstance.py:1376} INFO - 
--------------------------------------------------------------------------------
[2022-07-13 08:34:54,434] {taskinstance.py:1377} INFO - Starting attempt 1 of 1
[2022-07-13 08:34:54,436] {taskinstance.py:1378} INFO - 
--------------------------------------------------------------------------------
[2022-07-13 08:34:54,586] {taskinstance.py:1397} INFO - Executing <Task(BashOperator): runme_0> on 2022-07-12 00:00:00+00:00
[2022-07-13 08:34:54,612] {standard_task_runner.py:52} INFO - Started process 1140 to run task
[2022-07-13 08:34:54,649] {standard_task_runner.py:79} INFO - Running: ['***', 'tasks', 'run', 'example_bash_operator', 'runme_0', 'scheduled__2022-07-12T00:00:00+00:00', '--job-id', '9', '--raw', '--subdir', '/home/***/.local/lib/python3.7/site-packages/***/example_dags/example_bash_operator.py', '--cfg-path', '/tmp/tmp2w_a2wwo', '--error-file', '/tmp/tmp7fb7g6_e']
[2022-07-13 08:34:54,652] {standard_task_runner.py:80} INFO - Job 9: Subtask runme_0
[2022-07-13 08:34:56,572] {task_command.py:371} INFO - Running <TaskInstance: example_bash_operator.runme_0 scheduled__2022-07-12T00:00:00+00:00 [running]> on host 6826b39e7226
[2022-07-13 08:34:57,026] {taskinstance.py:1591} INFO - Exporting the following env vars:
AIRFLOW_CTX_DAG_OWNER=***
AIRFLOW_CTX_DAG_ID=example_bash_operator
AIRFLOW_CTX_TASK_ID=runme_0
AIRFLOW_CTX_EXECUTION_DATE=2022-07-12T00:00:00+00:00
AIRFLOW_CTX_TRY_NUMBER=1
AIRFLOW_CTX_DAG_RUN_ID=scheduled__2022-07-12T00:00:00+00:00
[2022-07-13 08:34:57,031] {subprocess.py:62} INFO - Tmp dir root location: 
 /tmp
[2022-07-13 08:34:57,050] {subprocess.py:74} INFO - Running command: ['bash', '-c', 'echo "example_bash_operator__runme_0__20220712" && sleep 1']
[2022-07-13 08:34:57,136] {subprocess.py:85} INFO - Output:
[2022-07-13 08:34:57,151] {subprocess.py:92} INFO - example_bash_operator__runme_0__20220712
[2022-07-13 08:34:58,166] {subprocess.py:96} INFO - Command exited with return code 0
[2022-07-13 08:34:58,212] {taskinstance.py:1420} INFO - Marking task as SUCCESS. dag_id=example_bash_operator, task_id=runme_0, execution_date=20220712T000000, start_date=20220713T083454, end_date=20220713T083458
[2022-07-13 08:34:58,255] {local_task_job.py:156} INFO - Task exited with return code 0
[2022-07-13 08:34:58,537] {local_task_job.py:273} INFO - 0 downstream tasks scheduled from follow-on schedule check
