[2022-07-13 11:53:03,098] {taskinstance.py:1179} INFO - Dependencies all met for <TaskInstance: python_operator_dag_v7.get_age manual__2022-07-13T11:53:02.426978+00:00 [queued]>
[2022-07-13 11:53:03,125] {taskinstance.py:1179} INFO - Dependencies all met for <TaskInstance: python_operator_dag_v7.get_age manual__2022-07-13T11:53:02.426978+00:00 [queued]>
[2022-07-13 11:53:03,127] {taskinstance.py:1376} INFO - 
--------------------------------------------------------------------------------
[2022-07-13 11:53:03,128] {taskinstance.py:1377} INFO - Starting attempt 1 of 6
[2022-07-13 11:53:03,129] {taskinstance.py:1378} INFO - 
--------------------------------------------------------------------------------
[2022-07-13 11:53:03,156] {taskinstance.py:1397} INFO - Executing <Task(PythonOperator): get_age> on 2022-07-13 11:53:02.426978+00:00
[2022-07-13 11:53:03,167] {standard_task_runner.py:52} INFO - Started process 11707 to run task
[2022-07-13 11:53:03,172] {standard_task_runner.py:79} INFO - Running: ['***', 'tasks', 'run', 'python_operator_dag_v7', 'get_age', 'manual__2022-07-13T11:53:02.426978+00:00', '--job-id', '55', '--raw', '--subdir', 'DAGS_FOLDER/python_operator_dag.py', '--cfg-path', '/tmp/tmpjwzl9whi', '--error-file', '/tmp/tmpxo9jsy6j']
[2022-07-13 11:53:03,176] {standard_task_runner.py:80} INFO - Job 55: Subtask get_age
[2022-07-13 11:53:03,314] {task_command.py:371} INFO - Running <TaskInstance: python_operator_dag_v7.get_age manual__2022-07-13T11:53:02.426978+00:00 [running]> on host 8e2218deeaf2
[2022-07-13 11:53:03,453] {taskinstance.py:1591} INFO - Exporting the following env vars:
AIRFLOW_CTX_DAG_OWNER=harshab
AIRFLOW_CTX_DAG_ID=python_operator_dag_v7
AIRFLOW_CTX_TASK_ID=get_age
AIRFLOW_CTX_EXECUTION_DATE=2022-07-13T11:53:02.426978+00:00
AIRFLOW_CTX_TRY_NUMBER=1
AIRFLOW_CTX_DAG_RUN_ID=manual__2022-07-13T11:53:02.426978+00:00
[2022-07-13 11:53:03,476] {python.py:173} INFO - Done. Returned value was: None
[2022-07-13 11:53:03,500] {taskinstance.py:1420} INFO - Marking task as SUCCESS. dag_id=python_operator_dag_v7, task_id=get_age, execution_date=20220713T115302, start_date=20220713T115303, end_date=20220713T115303
[2022-07-13 11:53:03,550] {local_task_job.py:156} INFO - Task exited with return code 0
[2022-07-13 11:53:03,851] {local_task_job.py:273} INFO - 1 downstream tasks scheduled from follow-on schedule check
