[2022-07-13 08:34:54,569] {taskinstance.py:1179} INFO - Dependencies all met for <TaskInstance: example_bash_operator.runme_0 manual__2022-07-13T08:34:50.426567+00:00 [queued]>
[2022-07-13 08:34:54,710] {taskinstance.py:1179} INFO - Dependencies all met for <TaskInstance: example_bash_operator.runme_0 manual__2022-07-13T08:34:50.426567+00:00 [queued]>
[2022-07-13 08:34:54,711] {taskinstance.py:1376} INFO - 
--------------------------------------------------------------------------------
[2022-07-13 08:34:54,715] {taskinstance.py:1377} INFO - Starting attempt 1 of 1
[2022-07-13 08:34:54,718] {taskinstance.py:1378} INFO - 
--------------------------------------------------------------------------------
[2022-07-13 08:34:54,927] {taskinstance.py:1397} INFO - Executing <Task(BashOperator): runme_0> on 2022-07-13 08:34:50.426567+00:00
[2022-07-13 08:34:54,996] {standard_task_runner.py:52} INFO - Started process 1145 to run task
[2022-07-13 08:34:54,989] {standard_task_runner.py:79} INFO - Running: ['***', 'tasks', 'run', 'example_bash_operator', 'runme_0', 'manual__2022-07-13T08:34:50.426567+00:00', '--job-id', '11', '--raw', '--subdir', '/home/***/.local/lib/python3.7/site-packages/***/example_dags/example_bash_operator.py', '--cfg-path', '/tmp/tmpv6rbqogs', '--error-file', '/tmp/tmp1ts6w27y']
[2022-07-13 08:34:55,009] {standard_task_runner.py:80} INFO - Job 11: Subtask runme_0
[2022-07-13 08:34:56,546] {task_command.py:371} INFO - Running <TaskInstance: example_bash_operator.runme_0 manual__2022-07-13T08:34:50.426567+00:00 [running]> on host 6826b39e7226
[2022-07-13 08:34:57,482] {taskinstance.py:1591} INFO - Exporting the following env vars:
AIRFLOW_CTX_DAG_OWNER=***
AIRFLOW_CTX_DAG_ID=example_bash_operator
AIRFLOW_CTX_TASK_ID=runme_0
AIRFLOW_CTX_EXECUTION_DATE=2022-07-13T08:34:50.426567+00:00
AIRFLOW_CTX_TRY_NUMBER=1
AIRFLOW_CTX_DAG_RUN_ID=manual__2022-07-13T08:34:50.426567+00:00
[2022-07-13 08:34:57,487] {subprocess.py:62} INFO - Tmp dir root location: 
 /tmp
[2022-07-13 08:34:57,489] {subprocess.py:74} INFO - Running command: ['bash', '-c', 'echo "example_bash_operator__runme_0__20220713" && sleep 1']
[2022-07-13 08:34:57,506] {subprocess.py:85} INFO - Output:
[2022-07-13 08:34:57,512] {subprocess.py:92} INFO - example_bash_operator__runme_0__20220713
[2022-07-13 08:34:58,519] {subprocess.py:96} INFO - Command exited with return code 0
[2022-07-13 08:34:58,661] {taskinstance.py:1420} INFO - Marking task as SUCCESS. dag_id=example_bash_operator, task_id=runme_0, execution_date=20220713T083450, start_date=20220713T083454, end_date=20220713T083458
[2022-07-13 08:34:58,725] {local_task_job.py:156} INFO - Task exited with return code 0
[2022-07-13 08:34:59,016] {local_task_job.py:273} INFO - 0 downstream tasks scheduled from follow-on schedule check
