[2022-07-13 12:16:12,888] {taskinstance.py:1179} INFO - Dependencies all met for <TaskInstance: dag_with_taskflow_api_v03.greet scheduled__2022-07-12T00:00:00+00:00 [queued]>
[2022-07-13 12:16:12,915] {taskinstance.py:1179} INFO - Dependencies all met for <TaskInstance: dag_with_taskflow_api_v03.greet scheduled__2022-07-12T00:00:00+00:00 [queued]>
[2022-07-13 12:16:12,917] {taskinstance.py:1376} INFO - 
--------------------------------------------------------------------------------
[2022-07-13 12:16:12,932] {taskinstance.py:1377} INFO - Starting attempt 1 of 6
[2022-07-13 12:16:12,938] {taskinstance.py:1378} INFO - 
--------------------------------------------------------------------------------
[2022-07-13 12:16:13,002] {taskinstance.py:1397} INFO - Executing <Task(_PythonDecoratedOperator): greet> on 2022-07-12 00:00:00+00:00
[2022-07-13 12:16:13,011] {standard_task_runner.py:52} INFO - Started process 14151 to run task
[2022-07-13 12:16:13,024] {standard_task_runner.py:79} INFO - Running: ['***', 'tasks', 'run', 'dag_with_taskflow_api_v03', 'greet', 'scheduled__2022-07-12T00:00:00+00:00', '--job-id', '70', '--raw', '--subdir', 'DAGS_FOLDER/dag_with_taskflow.py', '--cfg-path', '/tmp/tmpcaxd9kpt', '--error-file', '/tmp/tmpyofrsog7']
[2022-07-13 12:16:13,030] {standard_task_runner.py:80} INFO - Job 70: Subtask greet
[2022-07-13 12:16:13,179] {task_command.py:371} INFO - Running <TaskInstance: dag_with_taskflow_api_v03.greet scheduled__2022-07-12T00:00:00+00:00 [running]> on host 8e2218deeaf2
[2022-07-13 12:16:13,510] {taskinstance.py:1591} INFO - Exporting the following env vars:
AIRFLOW_CTX_DAG_OWNER=harshab
AIRFLOW_CTX_DAG_ID=dag_with_taskflow_api_v03
AIRFLOW_CTX_TASK_ID=greet
AIRFLOW_CTX_EXECUTION_DATE=2022-07-12T00:00:00+00:00
AIRFLOW_CTX_TRY_NUMBER=1
AIRFLOW_CTX_DAG_RUN_ID=scheduled__2022-07-12T00:00:00+00:00
[2022-07-13 12:16:13,512] {logging_mixin.py:115} INFO - Hi, My name is Harsha Bash, and I am 25 years old!
[2022-07-13 12:16:13,513] {python.py:173} INFO - Done. Returned value was: None
[2022-07-13 12:16:13,536] {taskinstance.py:1420} INFO - Marking task as SUCCESS. dag_id=dag_with_taskflow_api_v03, task_id=greet, execution_date=20220712T000000, start_date=20220713T121612, end_date=20220713T121613
[2022-07-13 12:16:13,602] {local_task_job.py:156} INFO - Task exited with return code 0
[2022-07-13 12:16:13,671] {local_task_job.py:273} INFO - 0 downstream tasks scheduled from follow-on schedule check
