[2022-07-13 12:12:29,490] {taskinstance.py:1179} INFO - Dependencies all met for <TaskInstance: dag_with_taskflow_api_v02.get_name manual__2022-07-13T12:12:28.291742+00:00 [queued]>
[2022-07-13 12:12:29,521] {taskinstance.py:1179} INFO - Dependencies all met for <TaskInstance: dag_with_taskflow_api_v02.get_name manual__2022-07-13T12:12:28.291742+00:00 [queued]>
[2022-07-13 12:12:29,523] {taskinstance.py:1376} INFO - 
--------------------------------------------------------------------------------
[2022-07-13 12:12:29,524] {taskinstance.py:1377} INFO - Starting attempt 1 of 6
[2022-07-13 12:12:29,526] {taskinstance.py:1378} INFO - 
--------------------------------------------------------------------------------
[2022-07-13 12:12:29,560] {taskinstance.py:1397} INFO - Executing <Task(_PythonDecoratedOperator): get_name> on 2022-07-13 12:12:28.291742+00:00
[2022-07-13 12:12:29,570] {standard_task_runner.py:52} INFO - Started process 13679 to run task
[2022-07-13 12:12:29,576] {standard_task_runner.py:79} INFO - Running: ['***', 'tasks', 'run', 'dag_with_taskflow_api_v02', 'get_name', 'manual__2022-07-13T12:12:28.291742+00:00', '--job-id', '60', '--raw', '--subdir', 'DAGS_FOLDER/dag_with_taskflow.py', '--cfg-path', '/tmp/tmp9tr1il35', '--error-file', '/tmp/tmptg4qo0lk']
[2022-07-13 12:12:29,580] {standard_task_runner.py:80} INFO - Job 60: Subtask get_name
[2022-07-13 12:12:29,735] {task_command.py:371} INFO - Running <TaskInstance: dag_with_taskflow_api_v02.get_name manual__2022-07-13T12:12:28.291742+00:00 [running]> on host 8e2218deeaf2
[2022-07-13 12:12:29,976] {taskinstance.py:1591} INFO - Exporting the following env vars:
AIRFLOW_CTX_DAG_OWNER=harshab
AIRFLOW_CTX_DAG_ID=dag_with_taskflow_api_v02
AIRFLOW_CTX_TASK_ID=get_name
AIRFLOW_CTX_EXECUTION_DATE=2022-07-13T12:12:28.291742+00:00
AIRFLOW_CTX_TRY_NUMBER=1
AIRFLOW_CTX_DAG_RUN_ID=manual__2022-07-13T12:12:28.291742+00:00
[2022-07-13 12:12:29,986] {python.py:173} INFO - Done. Returned value was: Harsha Bash
[2022-07-13 12:12:30,422] {taskinstance.py:1420} INFO - Marking task as SUCCESS. dag_id=dag_with_taskflow_api_v02, task_id=get_name, execution_date=20220713T121228, start_date=20220713T121229, end_date=20220713T121230
[2022-07-13 12:12:30,527] {local_task_job.py:156} INFO - Task exited with return code 0
[2022-07-13 12:12:30,620] {local_task_job.py:273} INFO - 1 downstream tasks scheduled from follow-on schedule check
