[2022-07-13 11:52:26,243] {taskinstance.py:1179} INFO - Dependencies all met for <TaskInstance: python_operator_dag_v7.get_name manual__2022-07-13T11:52:25.202568+00:00 [queued]>
[2022-07-13 11:52:26,263] {taskinstance.py:1179} INFO - Dependencies all met for <TaskInstance: python_operator_dag_v7.get_name manual__2022-07-13T11:52:25.202568+00:00 [queued]>
[2022-07-13 11:52:26,264] {taskinstance.py:1376} INFO - 
--------------------------------------------------------------------------------
[2022-07-13 11:52:26,265] {taskinstance.py:1377} INFO - Starting attempt 1 of 6
[2022-07-13 11:52:26,267] {taskinstance.py:1378} INFO - 
--------------------------------------------------------------------------------
[2022-07-13 11:52:26,288] {taskinstance.py:1397} INFO - Executing <Task(PythonOperator): get_name> on 2022-07-13 11:52:25.202568+00:00
[2022-07-13 11:52:26,295] {standard_task_runner.py:52} INFO - Started process 11657 to run task
[2022-07-13 11:52:26,300] {standard_task_runner.py:79} INFO - Running: ['***', 'tasks', 'run', 'python_operator_dag_v7', 'get_name', 'manual__2022-07-13T11:52:25.202568+00:00', '--job-id', '54', '--raw', '--subdir', 'DAGS_FOLDER/python_operator_dag.py', '--cfg-path', '/tmp/tmpilmy5wj_', '--error-file', '/tmp/tmpf34t4vjx']
[2022-07-13 11:52:26,303] {standard_task_runner.py:80} INFO - Job 54: Subtask get_name
[2022-07-13 11:52:26,401] {task_command.py:371} INFO - Running <TaskInstance: python_operator_dag_v7.get_name manual__2022-07-13T11:52:25.202568+00:00 [running]> on host 8e2218deeaf2
[2022-07-13 11:52:26,538] {taskinstance.py:1591} INFO - Exporting the following env vars:
AIRFLOW_CTX_DAG_OWNER=harshab
AIRFLOW_CTX_DAG_ID=python_operator_dag_v7
AIRFLOW_CTX_TASK_ID=get_name
AIRFLOW_CTX_EXECUTION_DATE=2022-07-13T11:52:25.202568+00:00
AIRFLOW_CTX_TRY_NUMBER=1
AIRFLOW_CTX_DAG_RUN_ID=manual__2022-07-13T11:52:25.202568+00:00
[2022-07-13 11:52:26,589] {python.py:173} INFO - Done. Returned value was: None
[2022-07-13 11:52:26,643] {taskinstance.py:1420} INFO - Marking task as SUCCESS. dag_id=python_operator_dag_v7, task_id=get_name, execution_date=20220713T115225, start_date=20220713T115226, end_date=20220713T115226
[2022-07-13 11:52:26,878] {local_task_job.py:156} INFO - Task exited with return code 0
[2022-07-13 11:52:26,938] {local_task_job.py:273} INFO - 0 downstream tasks scheduled from follow-on schedule check
