[2022-07-13 09:39:56,449] {taskinstance.py:1179} INFO - Dependencies all met for <TaskInstance: python_operator_dag_v2.Greeting manual__2022-07-13T09:39:55.510336+00:00 [queued]>
[2022-07-13 09:39:56,479] {taskinstance.py:1179} INFO - Dependencies all met for <TaskInstance: python_operator_dag_v2.Greeting manual__2022-07-13T09:39:55.510336+00:00 [queued]>
[2022-07-13 09:39:56,481] {taskinstance.py:1376} INFO - 
--------------------------------------------------------------------------------
[2022-07-13 09:39:56,483] {taskinstance.py:1377} INFO - Starting attempt 1 of 6
[2022-07-13 09:39:56,486] {taskinstance.py:1378} INFO - 
--------------------------------------------------------------------------------
[2022-07-13 09:39:56,520] {taskinstance.py:1397} INFO - Executing <Task(PythonOperator): Greeting> on 2022-07-13 09:39:55.510336+00:00
[2022-07-13 09:39:56,539] {standard_task_runner.py:52} INFO - Started process 3865 to run task
[2022-07-13 09:39:56,546] {standard_task_runner.py:79} INFO - Running: ['***', 'tasks', 'run', 'python_operator_dag_v2', 'Greeting', 'manual__2022-07-13T09:39:55.510336+00:00', '--job-id', '15', '--raw', '--subdir', 'DAGS_FOLDER/python_operator_dag.py', '--cfg-path', '/tmp/tmp77mdwfig', '--error-file', '/tmp/tmp38cbnv4w']
[2022-07-13 09:39:56,552] {standard_task_runner.py:80} INFO - Job 15: Subtask Greeting
[2022-07-13 09:39:56,671] {task_command.py:371} INFO - Running <TaskInstance: python_operator_dag_v2.Greeting manual__2022-07-13T09:39:55.510336+00:00 [running]> on host 8e2218deeaf2
[2022-07-13 09:39:56,842] {taskinstance.py:1591} INFO - Exporting the following env vars:
AIRFLOW_CTX_DAG_OWNER=harshab
AIRFLOW_CTX_DAG_ID=python_operator_dag_v2
AIRFLOW_CTX_TASK_ID=Greeting
AIRFLOW_CTX_EXECUTION_DATE=2022-07-13T09:39:55.510336+00:00
AIRFLOW_CTX_TRY_NUMBER=1
AIRFLOW_CTX_DAG_RUN_ID=manual__2022-07-13T09:39:55.510336+00:00
[2022-07-13 09:39:56,846] {logging_mixin.py:115} INFO - hello World! My name is Harsha,and I am 25 years old!
[2022-07-13 09:39:56,847] {python.py:173} INFO - Done. Returned value was: None
[2022-07-13 09:39:56,876] {taskinstance.py:1420} INFO - Marking task as SUCCESS. dag_id=python_operator_dag_v2, task_id=Greeting, execution_date=20220713T093955, start_date=20220713T093956, end_date=20220713T093956
[2022-07-13 09:39:56,934] {local_task_job.py:156} INFO - Task exited with return code 0
[2022-07-13 09:39:56,995] {local_task_job.py:273} INFO - 0 downstream tasks scheduled from follow-on schedule check
