[2022-07-13 11:53:03,170] {taskinstance.py:1179} INFO - Dependencies all met for <TaskInstance: python_operator_dag_v7.get_name manual__2022-07-13T11:53:02.426978+00:00 [queued]>
[2022-07-13 11:53:03,192] {taskinstance.py:1179} INFO - Dependencies all met for <TaskInstance: python_operator_dag_v7.get_name manual__2022-07-13T11:53:02.426978+00:00 [queued]>
[2022-07-13 11:53:03,194] {taskinstance.py:1376} INFO - 
--------------------------------------------------------------------------------
[2022-07-13 11:53:03,196] {taskinstance.py:1377} INFO - Starting attempt 1 of 6
[2022-07-13 11:53:03,197] {taskinstance.py:1378} INFO - 
--------------------------------------------------------------------------------
[2022-07-13 11:53:03,224] {taskinstance.py:1397} INFO - Executing <Task(PythonOperator): get_name> on 2022-07-13 11:53:02.426978+00:00
[2022-07-13 11:53:03,239] {standard_task_runner.py:52} INFO - Started process 11708 to run task
[2022-07-13 11:53:03,245] {standard_task_runner.py:79} INFO - Running: ['***', 'tasks', 'run', 'python_operator_dag_v7', 'get_name', 'manual__2022-07-13T11:53:02.426978+00:00', '--job-id', '56', '--raw', '--subdir', 'DAGS_FOLDER/python_operator_dag.py', '--cfg-path', '/tmp/tmpsq657krf', '--error-file', '/tmp/tmpshofqwr1']
[2022-07-13 11:53:03,248] {standard_task_runner.py:80} INFO - Job 56: Subtask get_name
[2022-07-13 11:53:03,391] {task_command.py:371} INFO - Running <TaskInstance: python_operator_dag_v7.get_name manual__2022-07-13T11:53:02.426978+00:00 [running]> on host 8e2218deeaf2
[2022-07-13 11:53:03,505] {taskinstance.py:1591} INFO - Exporting the following env vars:
AIRFLOW_CTX_DAG_OWNER=harshab
AIRFLOW_CTX_DAG_ID=python_operator_dag_v7
AIRFLOW_CTX_TASK_ID=get_name
AIRFLOW_CTX_EXECUTION_DATE=2022-07-13T11:53:02.426978+00:00
AIRFLOW_CTX_TRY_NUMBER=1
AIRFLOW_CTX_DAG_RUN_ID=manual__2022-07-13T11:53:02.426978+00:00
[2022-07-13 11:53:03,561] {python.py:173} INFO - Done. Returned value was: None
[2022-07-13 11:53:03,594] {taskinstance.py:1420} INFO - Marking task as SUCCESS. dag_id=python_operator_dag_v7, task_id=get_name, execution_date=20220713T115302, start_date=20220713T115303, end_date=20220713T115303
[2022-07-13 11:53:03,832] {local_task_job.py:156} INFO - Task exited with return code 0
[2022-07-13 11:53:03,926] {local_task_job.py:273} INFO - 0 downstream tasks scheduled from follow-on schedule check
