[2022-07-13 10:24:00,516] {taskinstance.py:1179} INFO - Dependencies all met for <TaskInstance: python_operator_dag_v6.get_name manual__2022-07-13T10:23:59.663192+00:00 [queued]>
[2022-07-13 10:24:00,540] {taskinstance.py:1179} INFO - Dependencies all met for <TaskInstance: python_operator_dag_v6.get_name manual__2022-07-13T10:23:59.663192+00:00 [queued]>
[2022-07-13 10:24:00,542] {taskinstance.py:1376} INFO - 
--------------------------------------------------------------------------------
[2022-07-13 10:24:00,543] {taskinstance.py:1377} INFO - Starting attempt 1 of 6
[2022-07-13 10:24:00,544] {taskinstance.py:1378} INFO - 
--------------------------------------------------------------------------------
[2022-07-13 10:24:00,566] {taskinstance.py:1397} INFO - Executing <Task(PythonOperator): get_name> on 2022-07-13 10:23:59.663192+00:00
[2022-07-13 10:24:00,572] {standard_task_runner.py:52} INFO - Started process 7113 to run task
[2022-07-13 10:24:00,577] {standard_task_runner.py:79} INFO - Running: ['***', 'tasks', 'run', 'python_operator_dag_v6', 'get_name', 'manual__2022-07-13T10:23:59.663192+00:00', '--job-id', '50', '--raw', '--subdir', 'DAGS_FOLDER/python_operator_dag.py', '--cfg-path', '/tmp/tmpl37t0eku', '--error-file', '/tmp/tmpft7nyq6e']
[2022-07-13 10:24:00,580] {standard_task_runner.py:80} INFO - Job 50: Subtask get_name
[2022-07-13 10:24:00,676] {task_command.py:371} INFO - Running <TaskInstance: python_operator_dag_v6.get_name manual__2022-07-13T10:23:59.663192+00:00 [running]> on host 8e2218deeaf2
[2022-07-13 10:24:00,790] {taskinstance.py:1591} INFO - Exporting the following env vars:
AIRFLOW_CTX_DAG_OWNER=harshab
AIRFLOW_CTX_DAG_ID=python_operator_dag_v6
AIRFLOW_CTX_TASK_ID=get_name
AIRFLOW_CTX_EXECUTION_DATE=2022-07-13T10:23:59.663192+00:00
AIRFLOW_CTX_TRY_NUMBER=1
AIRFLOW_CTX_DAG_RUN_ID=manual__2022-07-13T10:23:59.663192+00:00
[2022-07-13 10:24:00,851] {python.py:173} INFO - Done. Returned value was: None
[2022-07-13 10:24:00,873] {taskinstance.py:1420} INFO - Marking task as SUCCESS. dag_id=python_operator_dag_v6, task_id=get_name, execution_date=20220713T102359, start_date=20220713T102400, end_date=20220713T102400
[2022-07-13 10:24:01,161] {local_task_job.py:156} INFO - Task exited with return code 0
[2022-07-13 10:24:01,310] {local_task_job.py:273} INFO - 1 downstream tasks scheduled from follow-on schedule check
