[2022-07-13 09:41:30,706] {taskinstance.py:1179} INFO - Dependencies all met for <TaskInstance: python_operator_dag_v3.Greeting manual__2022-07-13T09:41:29.773444+00:00 [queued]>
[2022-07-13 09:41:30,729] {taskinstance.py:1179} INFO - Dependencies all met for <TaskInstance: python_operator_dag_v3.Greeting manual__2022-07-13T09:41:29.773444+00:00 [queued]>
[2022-07-13 09:41:30,731] {taskinstance.py:1376} INFO - 
--------------------------------------------------------------------------------
[2022-07-13 09:41:30,732] {taskinstance.py:1377} INFO - Starting attempt 1 of 6
[2022-07-13 09:41:30,732] {taskinstance.py:1378} INFO - 
--------------------------------------------------------------------------------
[2022-07-13 09:41:30,755] {taskinstance.py:1397} INFO - Executing <Task(PythonOperator): Greeting> on 2022-07-13 09:41:29.773444+00:00
[2022-07-13 09:41:30,760] {standard_task_runner.py:52} INFO - Started process 4016 to run task
[2022-07-13 09:41:30,767] {standard_task_runner.py:79} INFO - Running: ['***', 'tasks', 'run', 'python_operator_dag_v3', 'Greeting', 'manual__2022-07-13T09:41:29.773444+00:00', '--job-id', '16', '--raw', '--subdir', 'DAGS_FOLDER/python_operator_dag.py', '--cfg-path', '/tmp/tmpkzjh2ax0', '--error-file', '/tmp/tmp7vdbnc0c']
[2022-07-13 09:41:30,769] {standard_task_runner.py:80} INFO - Job 16: Subtask Greeting
[2022-07-13 09:41:30,875] {task_command.py:371} INFO - Running <TaskInstance: python_operator_dag_v3.Greeting manual__2022-07-13T09:41:29.773444+00:00 [running]> on host 8e2218deeaf2
[2022-07-13 09:41:31,025] {taskinstance.py:1591} INFO - Exporting the following env vars:
AIRFLOW_CTX_DAG_OWNER=harshab
AIRFLOW_CTX_DAG_ID=python_operator_dag_v3
AIRFLOW_CTX_TASK_ID=Greeting
AIRFLOW_CTX_EXECUTION_DATE=2022-07-13T09:41:29.773444+00:00
AIRFLOW_CTX_TRY_NUMBER=1
AIRFLOW_CTX_DAG_RUN_ID=manual__2022-07-13T09:41:29.773444+00:00
[2022-07-13 09:41:31,029] {logging_mixin.py:115} INFO - hello World! My name is harsha,and I am 25 years old!
[2022-07-13 09:41:31,031] {python.py:173} INFO - Done. Returned value was: None
[2022-07-13 09:41:31,063] {taskinstance.py:1420} INFO - Marking task as SUCCESS. dag_id=python_operator_dag_v3, task_id=Greeting, execution_date=20220713T094129, start_date=20220713T094130, end_date=20220713T094131
[2022-07-13 09:41:31,102] {local_task_job.py:156} INFO - Task exited with return code 0
[2022-07-13 09:41:31,162] {local_task_job.py:273} INFO - 0 downstream tasks scheduled from follow-on schedule check
