[2022-07-13 08:35:00,539] {taskinstance.py:1179} INFO - Dependencies all met for <TaskInstance: example_bash_operator.run_after_loop manual__2022-07-13T08:34:50.426567+00:00 [queued]>
[2022-07-13 08:35:00,560] {taskinstance.py:1179} INFO - Dependencies all met for <TaskInstance: example_bash_operator.run_after_loop manual__2022-07-13T08:34:50.426567+00:00 [queued]>
[2022-07-13 08:35:00,562] {taskinstance.py:1376} INFO - 
--------------------------------------------------------------------------------
[2022-07-13 08:35:00,563] {taskinstance.py:1377} INFO - Starting attempt 1 of 1
[2022-07-13 08:35:00,565] {taskinstance.py:1378} INFO - 
--------------------------------------------------------------------------------
[2022-07-13 08:35:00,602] {taskinstance.py:1397} INFO - Executing <Task(BashOperator): run_after_loop> on 2022-07-13 08:34:50.426567+00:00
[2022-07-13 08:35:00,608] {standard_task_runner.py:52} INFO - Started process 1159 to run task
[2022-07-13 08:35:00,615] {standard_task_runner.py:79} INFO - Running: ['***', 'tasks', 'run', 'example_bash_operator', 'run_after_loop', 'manual__2022-07-13T08:34:50.426567+00:00', '--job-id', '15', '--raw', '--subdir', '/home/***/.local/lib/python3.7/site-packages/***/example_dags/example_bash_operator.py', '--cfg-path', '/tmp/tmpzh1xedeg', '--error-file', '/tmp/tmpfkhzagnb']
[2022-07-13 08:35:00,618] {standard_task_runner.py:80} INFO - Job 15: Subtask run_after_loop
[2022-07-13 08:35:00,988] {task_command.py:371} INFO - Running <TaskInstance: example_bash_operator.run_after_loop manual__2022-07-13T08:34:50.426567+00:00 [running]> on host 6826b39e7226
[2022-07-13 08:35:01,104] {taskinstance.py:1591} INFO - Exporting the following env vars:
AIRFLOW_CTX_DAG_OWNER=***
AIRFLOW_CTX_DAG_ID=example_bash_operator
AIRFLOW_CTX_TASK_ID=run_after_loop
AIRFLOW_CTX_EXECUTION_DATE=2022-07-13T08:34:50.426567+00:00
AIRFLOW_CTX_TRY_NUMBER=1
AIRFLOW_CTX_DAG_RUN_ID=manual__2022-07-13T08:34:50.426567+00:00
[2022-07-13 08:35:01,112] {subprocess.py:62} INFO - Tmp dir root location: 
 /tmp
[2022-07-13 08:35:01,114] {subprocess.py:74} INFO - Running command: ['bash', '-c', 'echo 1']
[2022-07-13 08:35:01,133] {subprocess.py:85} INFO - Output:
[2022-07-13 08:35:01,136] {subprocess.py:92} INFO - 1
[2022-07-13 08:35:01,138] {subprocess.py:96} INFO - Command exited with return code 0
[2022-07-13 08:35:01,200] {taskinstance.py:1420} INFO - Marking task as SUCCESS. dag_id=example_bash_operator, task_id=run_after_loop, execution_date=20220713T083450, start_date=20220713T083500, end_date=20220713T083501
[2022-07-13 08:35:01,276] {local_task_job.py:156} INFO - Task exited with return code 0
[2022-07-13 08:35:01,344] {local_task_job.py:273} INFO - 0 downstream tasks scheduled from follow-on schedule check
