[2022-07-13 10:22:52,039] {taskinstance.py:1179} INFO - Dependencies all met for <TaskInstance: python_operator_dag_v6.get_name manual__2022-07-13T10:22:51.319789+00:00 [queued]>
[2022-07-13 10:22:52,064] {taskinstance.py:1179} INFO - Dependencies all met for <TaskInstance: python_operator_dag_v6.get_name manual__2022-07-13T10:22:51.319789+00:00 [queued]>
[2022-07-13 10:22:52,065] {taskinstance.py:1376} INFO - 
--------------------------------------------------------------------------------
[2022-07-13 10:22:52,066] {taskinstance.py:1377} INFO - Starting attempt 1 of 6
[2022-07-13 10:22:52,067] {taskinstance.py:1378} INFO - 
--------------------------------------------------------------------------------
[2022-07-13 10:22:52,090] {taskinstance.py:1397} INFO - Executing <Task(PythonOperator): get_name> on 2022-07-13 10:22:51.319789+00:00
[2022-07-13 10:22:52,096] {standard_task_runner.py:52} INFO - Started process 7014 to run task
[2022-07-13 10:22:52,102] {standard_task_runner.py:79} INFO - Running: ['***', 'tasks', 'run', 'python_operator_dag_v6', 'get_name', 'manual__2022-07-13T10:22:51.319789+00:00', '--job-id', '48', '--raw', '--subdir', 'DAGS_FOLDER/python_operator_dag.py', '--cfg-path', '/tmp/tmpk0ro_ehe', '--error-file', '/tmp/tmp69bmu2oa']
[2022-07-13 10:22:52,104] {standard_task_runner.py:80} INFO - Job 48: Subtask get_name
[2022-07-13 10:22:52,223] {task_command.py:371} INFO - Running <TaskInstance: python_operator_dag_v6.get_name manual__2022-07-13T10:22:51.319789+00:00 [running]> on host 8e2218deeaf2
[2022-07-13 10:22:52,361] {taskinstance.py:1591} INFO - Exporting the following env vars:
AIRFLOW_CTX_DAG_OWNER=harshab
AIRFLOW_CTX_DAG_ID=python_operator_dag_v6
AIRFLOW_CTX_TASK_ID=get_name
AIRFLOW_CTX_EXECUTION_DATE=2022-07-13T10:22:51.319789+00:00
AIRFLOW_CTX_TRY_NUMBER=1
AIRFLOW_CTX_DAG_RUN_ID=manual__2022-07-13T10:22:51.319789+00:00
[2022-07-13 10:22:52,408] {python.py:173} INFO - Done. Returned value was: None
[2022-07-13 10:22:52,431] {taskinstance.py:1420} INFO - Marking task as SUCCESS. dag_id=python_operator_dag_v6, task_id=get_name, execution_date=20220713T102251, start_date=20220713T102252, end_date=20220713T102252
[2022-07-13 10:22:52,638] {local_task_job.py:156} INFO - Task exited with return code 0
[2022-07-13 10:22:52,727] {local_task_job.py:273} INFO - 1 downstream tasks scheduled from follow-on schedule check
