[2022-07-13 08:34:55,692] {taskinstance.py:1179} INFO - Dependencies all met for <TaskInstance: example_bash_operator.runme_1 scheduled__2022-07-12T00:00:00+00:00 [queued]>
[2022-07-13 08:34:55,870] {taskinstance.py:1179} INFO - Dependencies all met for <TaskInstance: example_bash_operator.runme_1 scheduled__2022-07-12T00:00:00+00:00 [queued]>
[2022-07-13 08:34:55,872] {taskinstance.py:1376} INFO - 
--------------------------------------------------------------------------------
[2022-07-13 08:34:55,874] {taskinstance.py:1377} INFO - Starting attempt 1 of 1
[2022-07-13 08:34:55,878] {taskinstance.py:1378} INFO - 
--------------------------------------------------------------------------------
[2022-07-13 08:34:55,927] {taskinstance.py:1397} INFO - Executing <Task(BashOperator): runme_1> on 2022-07-12 00:00:00+00:00
[2022-07-13 08:34:55,942] {standard_task_runner.py:52} INFO - Started process 1147 to run task
[2022-07-13 08:34:55,973] {standard_task_runner.py:79} INFO - Running: ['***', 'tasks', 'run', 'example_bash_operator', 'runme_1', 'scheduled__2022-07-12T00:00:00+00:00', '--job-id', '14', '--raw', '--subdir', '/home/***/.local/lib/python3.7/site-packages/***/example_dags/example_bash_operator.py', '--cfg-path', '/tmp/tmpexxp138n', '--error-file', '/tmp/tmp65nlfibq']
[2022-07-13 08:34:55,987] {standard_task_runner.py:80} INFO - Job 14: Subtask runme_1
[2022-07-13 08:34:57,644] {task_command.py:371} INFO - Running <TaskInstance: example_bash_operator.runme_1 scheduled__2022-07-12T00:00:00+00:00 [running]> on host 6826b39e7226
[2022-07-13 08:34:57,861] {taskinstance.py:1591} INFO - Exporting the following env vars:
AIRFLOW_CTX_DAG_OWNER=***
AIRFLOW_CTX_DAG_ID=example_bash_operator
AIRFLOW_CTX_TASK_ID=runme_1
AIRFLOW_CTX_EXECUTION_DATE=2022-07-12T00:00:00+00:00
AIRFLOW_CTX_TRY_NUMBER=1
AIRFLOW_CTX_DAG_RUN_ID=scheduled__2022-07-12T00:00:00+00:00
[2022-07-13 08:34:57,875] {subprocess.py:62} INFO - Tmp dir root location: 
 /tmp
[2022-07-13 08:34:57,878] {subprocess.py:74} INFO - Running command: ['bash', '-c', 'echo "example_bash_operator__runme_1__20220712" && sleep 1']
[2022-07-13 08:34:57,898] {subprocess.py:85} INFO - Output:
[2022-07-13 08:34:57,902] {subprocess.py:92} INFO - example_bash_operator__runme_1__20220712
[2022-07-13 08:34:58,907] {subprocess.py:96} INFO - Command exited with return code 0
[2022-07-13 08:34:58,982] {taskinstance.py:1420} INFO - Marking task as SUCCESS. dag_id=example_bash_operator, task_id=runme_1, execution_date=20220712T000000, start_date=20220713T083455, end_date=20220713T083458
[2022-07-13 08:34:59,114] {local_task_job.py:156} INFO - Task exited with return code 0
[2022-07-13 08:34:59,553] {local_task_job.py:273} INFO - 0 downstream tasks scheduled from follow-on schedule check
