[2022-07-13 12:12:29,567] {taskinstance.py:1179} INFO - Dependencies all met for <TaskInstance: dag_with_taskflow_api_v02.get_name scheduled__2022-07-12T00:00:00+00:00 [queued]>
[2022-07-13 12:12:29,600] {taskinstance.py:1179} INFO - Dependencies all met for <TaskInstance: dag_with_taskflow_api_v02.get_name scheduled__2022-07-12T00:00:00+00:00 [queued]>
[2022-07-13 12:12:29,602] {taskinstance.py:1376} INFO - 
--------------------------------------------------------------------------------
[2022-07-13 12:12:29,605] {taskinstance.py:1377} INFO - Starting attempt 1 of 6
[2022-07-13 12:12:29,606] {taskinstance.py:1378} INFO - 
--------------------------------------------------------------------------------
[2022-07-13 12:12:29,638] {taskinstance.py:1397} INFO - Executing <Task(_PythonDecoratedOperator): get_name> on 2022-07-12 00:00:00+00:00
[2022-07-13 12:12:29,650] {standard_task_runner.py:52} INFO - Started process 13681 to run task
[2022-07-13 12:12:29,685] {standard_task_runner.py:79} INFO - Running: ['***', 'tasks', 'run', 'dag_with_taskflow_api_v02', 'get_name', 'scheduled__2022-07-12T00:00:00+00:00', '--job-id', '62', '--raw', '--subdir', 'DAGS_FOLDER/dag_with_taskflow.py', '--cfg-path', '/tmp/tmpeuavh5on', '--error-file', '/tmp/tmp_9xuqs6k']
[2022-07-13 12:12:29,690] {standard_task_runner.py:80} INFO - Job 62: Subtask get_name
[2022-07-13 12:12:29,892] {task_command.py:371} INFO - Running <TaskInstance: dag_with_taskflow_api_v02.get_name scheduled__2022-07-12T00:00:00+00:00 [running]> on host 8e2218deeaf2
[2022-07-13 12:12:30,100] {taskinstance.py:1591} INFO - Exporting the following env vars:
AIRFLOW_CTX_DAG_OWNER=harshab
AIRFLOW_CTX_DAG_ID=dag_with_taskflow_api_v02
AIRFLOW_CTX_TASK_ID=get_name
AIRFLOW_CTX_EXECUTION_DATE=2022-07-12T00:00:00+00:00
AIRFLOW_CTX_TRY_NUMBER=1
AIRFLOW_CTX_DAG_RUN_ID=scheduled__2022-07-12T00:00:00+00:00
[2022-07-13 12:12:30,107] {python.py:173} INFO - Done. Returned value was: Harsha Bash
[2022-07-13 12:12:30,502] {taskinstance.py:1420} INFO - Marking task as SUCCESS. dag_id=dag_with_taskflow_api_v02, task_id=get_name, execution_date=20220712T000000, start_date=20220713T121229, end_date=20220713T121230
[2022-07-13 12:12:30,551] {local_task_job.py:156} INFO - Task exited with return code 0
[2022-07-13 12:12:30,641] {local_task_job.py:273} INFO - 1 downstream tasks scheduled from follow-on schedule check
