[2022-07-13 10:24:53,846] {taskinstance.py:1179} INFO - Dependencies all met for <TaskInstance: python_operator_dag_v6.Greeting manual__2022-07-13T10:22:51.319789+00:00 [queued]>
[2022-07-13 10:24:53,867] {taskinstance.py:1179} INFO - Dependencies all met for <TaskInstance: python_operator_dag_v6.Greeting manual__2022-07-13T10:22:51.319789+00:00 [queued]>
[2022-07-13 10:24:53,868] {taskinstance.py:1376} INFO - 
--------------------------------------------------------------------------------
[2022-07-13 10:24:53,869] {taskinstance.py:1377} INFO - Starting attempt 2 of 6
[2022-07-13 10:24:53,870] {taskinstance.py:1378} INFO - 
--------------------------------------------------------------------------------
[2022-07-13 10:24:53,897] {taskinstance.py:1397} INFO - Executing <Task(PythonOperator): Greeting> on 2022-07-13 10:22:51.319789+00:00
[2022-07-13 10:24:53,907] {standard_task_runner.py:52} INFO - Started process 7169 to run task
[2022-07-13 10:24:53,912] {standard_task_runner.py:79} INFO - Running: ['***', 'tasks', 'run', 'python_operator_dag_v6', 'Greeting', 'manual__2022-07-13T10:22:51.319789+00:00', '--job-id', '52', '--raw', '--subdir', 'DAGS_FOLDER/python_operator_dag.py', '--cfg-path', '/tmp/tmphupn9k7a', '--error-file', '/tmp/tmpqpdfdq4u']
[2022-07-13 10:24:53,916] {standard_task_runner.py:80} INFO - Job 52: Subtask Greeting
[2022-07-13 10:24:54,017] {task_command.py:371} INFO - Running <TaskInstance: python_operator_dag_v6.Greeting manual__2022-07-13T10:22:51.319789+00:00 [running]> on host 8e2218deeaf2
[2022-07-13 10:24:54,125] {taskinstance.py:1591} INFO - Exporting the following env vars:
AIRFLOW_CTX_DAG_OWNER=harshab
AIRFLOW_CTX_DAG_ID=python_operator_dag_v6
AIRFLOW_CTX_TASK_ID=Greeting
AIRFLOW_CTX_EXECUTION_DATE=2022-07-13T10:22:51.319789+00:00
AIRFLOW_CTX_TRY_NUMBER=2
AIRFLOW_CTX_DAG_RUN_ID=manual__2022-07-13T10:22:51.319789+00:00
[2022-07-13 10:24:54,155] {logging_mixin.py:115} INFO - hello World! My name is Harsha Bash,and I am 25 years old!
[2022-07-13 10:24:54,156] {python.py:173} INFO - Done. Returned value was: None
[2022-07-13 10:24:54,177] {taskinstance.py:1420} INFO - Marking task as SUCCESS. dag_id=python_operator_dag_v6, task_id=Greeting, execution_date=20220713T102251, start_date=20220713T102453, end_date=20220713T102454
[2022-07-13 10:24:54,369] {local_task_job.py:156} INFO - Task exited with return code 0
[2022-07-13 10:24:54,416] {local_task_job.py:273} INFO - 0 downstream tasks scheduled from follow-on schedule check
