[2022-07-13 08:34:52,752] {taskinstance.py:1179} INFO - Dependencies all met for <TaskInstance: example_bash_operator.this_will_skip manual__2022-07-13T08:34:50.426567+00:00 [queued]>
[2022-07-13 08:34:52,800] {taskinstance.py:1179} INFO - Dependencies all met for <TaskInstance: example_bash_operator.this_will_skip manual__2022-07-13T08:34:50.426567+00:00 [queued]>
[2022-07-13 08:34:52,802] {taskinstance.py:1376} INFO - 
--------------------------------------------------------------------------------
[2022-07-13 08:34:52,803] {taskinstance.py:1377} INFO - Starting attempt 1 of 1
[2022-07-13 08:34:52,804] {taskinstance.py:1378} INFO - 
--------------------------------------------------------------------------------
[2022-07-13 08:34:52,880] {taskinstance.py:1397} INFO - Executing <Task(BashOperator): this_will_skip> on 2022-07-13 08:34:50.426567+00:00
[2022-07-13 08:34:52,891] {standard_task_runner.py:52} INFO - Started process 1135 to run task
[2022-07-13 08:34:52,924] {standard_task_runner.py:79} INFO - Running: ['***', 'tasks', 'run', 'example_bash_operator', 'this_will_skip', 'manual__2022-07-13T08:34:50.426567+00:00', '--job-id', '6', '--raw', '--subdir', '/home/***/.local/lib/python3.7/site-packages/***/example_dags/example_bash_operator.py', '--cfg-path', '/tmp/tmpqd4ixsx1', '--error-file', '/tmp/tmp_m8j3kgd']
[2022-07-13 08:34:52,927] {standard_task_runner.py:80} INFO - Job 6: Subtask this_will_skip
[2022-07-13 08:34:54,319] {task_command.py:371} INFO - Running <TaskInstance: example_bash_operator.this_will_skip manual__2022-07-13T08:34:50.426567+00:00 [running]> on host 6826b39e7226
[2022-07-13 08:34:54,878] {taskinstance.py:1591} INFO - Exporting the following env vars:
AIRFLOW_CTX_DAG_OWNER=***
AIRFLOW_CTX_DAG_ID=example_bash_operator
AIRFLOW_CTX_TASK_ID=this_will_skip
AIRFLOW_CTX_EXECUTION_DATE=2022-07-13T08:34:50.426567+00:00
AIRFLOW_CTX_TRY_NUMBER=1
AIRFLOW_CTX_DAG_RUN_ID=manual__2022-07-13T08:34:50.426567+00:00
[2022-07-13 08:34:54,882] {subprocess.py:62} INFO - Tmp dir root location: 
 /tmp
[2022-07-13 08:34:54,888] {subprocess.py:74} INFO - Running command: ['bash', '-c', 'echo "hello world"; exit 99;']
[2022-07-13 08:34:55,059] {subprocess.py:85} INFO - Output:
[2022-07-13 08:34:55,120] {subprocess.py:92} INFO - hello world
[2022-07-13 08:34:55,122] {subprocess.py:96} INFO - Command exited with return code 99
[2022-07-13 08:34:55,124] {taskinstance.py:1498} INFO - Bash command returned exit code 99. Skipping.
[2022-07-13 08:34:55,287] {taskinstance.py:1420} INFO - Marking task as SKIPPED. dag_id=example_bash_operator, task_id=this_will_skip, execution_date=20220713T083450, start_date=20220713T083452, end_date=20220713T083455
[2022-07-13 08:34:55,774] {local_task_job.py:156} INFO - Task exited with return code 0
[2022-07-13 08:34:57,367] {local_task_job.py:273} INFO - 0 downstream tasks scheduled from follow-on schedule check
