[2022-07-13 12:16:10,664] {taskinstance.py:1179} INFO - Dependencies all met for <TaskInstance: dag_with_taskflow_api_v03.get_age scheduled__2022-07-12T00:00:00+00:00 [queued]>
[2022-07-13 12:16:10,688] {taskinstance.py:1179} INFO - Dependencies all met for <TaskInstance: dag_with_taskflow_api_v03.get_age scheduled__2022-07-12T00:00:00+00:00 [queued]>
[2022-07-13 12:16:10,690] {taskinstance.py:1376} INFO - 
--------------------------------------------------------------------------------
[2022-07-13 12:16:10,691] {taskinstance.py:1377} INFO - Starting attempt 1 of 6
[2022-07-13 12:16:10,692] {taskinstance.py:1378} INFO - 
--------------------------------------------------------------------------------
[2022-07-13 12:16:10,727] {taskinstance.py:1397} INFO - Executing <Task(_PythonDecoratedOperator): get_age> on 2022-07-12 00:00:00+00:00
[2022-07-13 12:16:10,737] {standard_task_runner.py:52} INFO - Started process 14144 to run task
[2022-07-13 12:16:10,764] {standard_task_runner.py:79} INFO - Running: ['***', 'tasks', 'run', 'dag_with_taskflow_api_v03', 'get_age', 'scheduled__2022-07-12T00:00:00+00:00', '--job-id', '66', '--raw', '--subdir', 'DAGS_FOLDER/dag_with_taskflow.py', '--cfg-path', '/tmp/tmpt019hr9f', '--error-file', '/tmp/tmp2x095akd']
[2022-07-13 12:16:10,772] {standard_task_runner.py:80} INFO - Job 66: Subtask get_age
[2022-07-13 12:16:10,946] {task_command.py:371} INFO - Running <TaskInstance: dag_with_taskflow_api_v03.get_age scheduled__2022-07-12T00:00:00+00:00 [running]> on host 8e2218deeaf2
[2022-07-13 12:16:11,122] {taskinstance.py:1591} INFO - Exporting the following env vars:
AIRFLOW_CTX_DAG_OWNER=harshab
AIRFLOW_CTX_DAG_ID=dag_with_taskflow_api_v03
AIRFLOW_CTX_TASK_ID=get_age
AIRFLOW_CTX_EXECUTION_DATE=2022-07-12T00:00:00+00:00
AIRFLOW_CTX_TRY_NUMBER=1
AIRFLOW_CTX_DAG_RUN_ID=scheduled__2022-07-12T00:00:00+00:00
[2022-07-13 12:16:11,128] {python.py:173} INFO - Done. Returned value was: 25
[2022-07-13 12:16:11,599] {taskinstance.py:1420} INFO - Marking task as SUCCESS. dag_id=dag_with_taskflow_api_v03, task_id=get_age, execution_date=20220712T000000, start_date=20220713T121610, end_date=20220713T121611
[2022-07-13 12:16:11,716] {local_task_job.py:156} INFO - Task exited with return code 0
[2022-07-13 12:16:12,104] {local_task_job.py:273} INFO - 1 downstream tasks scheduled from follow-on schedule check
