[2022-07-13 09:09:15,537] {taskinstance.py:1179} INFO - Dependencies all met for <TaskInstance: our_first_dag_v3.third_task manual__2022-07-13T09:09:13.019343+00:00 [queued]>
[2022-07-13 09:09:15,582] {taskinstance.py:1179} INFO - Dependencies all met for <TaskInstance: our_first_dag_v3.third_task manual__2022-07-13T09:09:13.019343+00:00 [queued]>
[2022-07-13 09:09:15,586] {taskinstance.py:1376} INFO - 
--------------------------------------------------------------------------------
[2022-07-13 09:09:15,588] {taskinstance.py:1377} INFO - Starting attempt 1 of 6
[2022-07-13 09:09:15,593] {taskinstance.py:1378} INFO - 
--------------------------------------------------------------------------------
[2022-07-13 09:09:15,643] {taskinstance.py:1397} INFO - Executing <Task(BashOperator): third_task> on 2022-07-13 09:09:13.019343+00:00
[2022-07-13 09:09:15,653] {standard_task_runner.py:52} INFO - Started process 1530 to run task
[2022-07-13 09:09:15,661] {standard_task_runner.py:79} INFO - Running: ['***', 'tasks', 'run', 'our_first_dag_v3', 'third_task', 'manual__2022-07-13T09:09:13.019343+00:00', '--job-id', '13', '--raw', '--subdir', 'DAGS_FOLDER/our_first_dag.py', '--cfg-path', '/tmp/tmp7v6pb4ul', '--error-file', '/tmp/tmpsj5n17xj']
[2022-07-13 09:09:15,665] {standard_task_runner.py:80} INFO - Job 13: Subtask third_task
[2022-07-13 09:09:15,798] {task_command.py:371} INFO - Running <TaskInstance: our_first_dag_v3.third_task manual__2022-07-13T09:09:13.019343+00:00 [running]> on host 8e2218deeaf2
[2022-07-13 09:09:15,936] {taskinstance.py:1591} INFO - Exporting the following env vars:
AIRFLOW_CTX_DAG_OWNER=harshab
AIRFLOW_CTX_DAG_ID=our_first_dag_v3
AIRFLOW_CTX_TASK_ID=third_task
AIRFLOW_CTX_EXECUTION_DATE=2022-07-13T09:09:13.019343+00:00
AIRFLOW_CTX_TRY_NUMBER=1
AIRFLOW_CTX_DAG_RUN_ID=manual__2022-07-13T09:09:13.019343+00:00
[2022-07-13 09:09:15,939] {subprocess.py:62} INFO - Tmp dir root location: 
 /tmp
[2022-07-13 09:09:15,941] {subprocess.py:74} INFO - Running command: ['bash', '-c', 'echo Iam task3, will be executed after task1 along with task2']
[2022-07-13 09:09:15,955] {subprocess.py:85} INFO - Output:
[2022-07-13 09:09:15,958] {subprocess.py:92} INFO - Iam task3, will be executed after task1 along with task2
[2022-07-13 09:09:15,959] {subprocess.py:96} INFO - Command exited with return code 0
[2022-07-13 09:09:16,009] {taskinstance.py:1420} INFO - Marking task as SUCCESS. dag_id=our_first_dag_v3, task_id=third_task, execution_date=20220713T090913, start_date=20220713T090915, end_date=20220713T090916
[2022-07-13 09:09:16,078] {local_task_job.py:156} INFO - Task exited with return code 0
[2022-07-13 09:09:16,148] {local_task_job.py:273} INFO - 0 downstream tasks scheduled from follow-on schedule check
