[2022-07-13 12:16:10,688] {taskinstance.py:1179} INFO - Dependencies all met for <TaskInstance: dag_with_taskflow_api_v03.get_age manual__2022-07-13T12:16:09.527053+00:00 [queued]>
[2022-07-13 12:16:10,708] {taskinstance.py:1179} INFO - Dependencies all met for <TaskInstance: dag_with_taskflow_api_v03.get_age manual__2022-07-13T12:16:09.527053+00:00 [queued]>
[2022-07-13 12:16:10,709] {taskinstance.py:1376} INFO - 
--------------------------------------------------------------------------------
[2022-07-13 12:16:10,710] {taskinstance.py:1377} INFO - Starting attempt 1 of 6
[2022-07-13 12:16:10,711] {taskinstance.py:1378} INFO - 
--------------------------------------------------------------------------------
[2022-07-13 12:16:10,741] {taskinstance.py:1397} INFO - Executing <Task(_PythonDecoratedOperator): get_age> on 2022-07-13 12:16:09.527053+00:00
[2022-07-13 12:16:10,750] {standard_task_runner.py:52} INFO - Started process 14145 to run task
[2022-07-13 12:16:10,768] {standard_task_runner.py:79} INFO - Running: ['***', 'tasks', 'run', 'dag_with_taskflow_api_v03', 'get_age', 'manual__2022-07-13T12:16:09.527053+00:00', '--job-id', '67', '--raw', '--subdir', 'DAGS_FOLDER/dag_with_taskflow.py', '--cfg-path', '/tmp/tmpq3iidd65', '--error-file', '/tmp/tmpk2c43x3t']
[2022-07-13 12:16:10,772] {standard_task_runner.py:80} INFO - Job 67: Subtask get_age
[2022-07-13 12:16:10,925] {task_command.py:371} INFO - Running <TaskInstance: dag_with_taskflow_api_v03.get_age manual__2022-07-13T12:16:09.527053+00:00 [running]> on host 8e2218deeaf2
[2022-07-13 12:16:11,131] {taskinstance.py:1591} INFO - Exporting the following env vars:
AIRFLOW_CTX_DAG_OWNER=harshab
AIRFLOW_CTX_DAG_ID=dag_with_taskflow_api_v03
AIRFLOW_CTX_TASK_ID=get_age
AIRFLOW_CTX_EXECUTION_DATE=2022-07-13T12:16:09.527053+00:00
AIRFLOW_CTX_TRY_NUMBER=1
AIRFLOW_CTX_DAG_RUN_ID=manual__2022-07-13T12:16:09.527053+00:00
[2022-07-13 12:16:11,141] {python.py:173} INFO - Done. Returned value was: 25
[2022-07-13 12:16:11,600] {taskinstance.py:1420} INFO - Marking task as SUCCESS. dag_id=dag_with_taskflow_api_v03, task_id=get_age, execution_date=20220713T121609, start_date=20220713T121610, end_date=20220713T121611
[2022-07-13 12:16:11,795] {local_task_job.py:156} INFO - Task exited with return code 0
[2022-07-13 12:16:12,087] {local_task_job.py:273} INFO - 1 downstream tasks scheduled from follow-on schedule check
