[2022-07-13 10:06:01,079] {taskinstance.py:1179} INFO - Dependencies all met for <TaskInstance: python_operator_dag_v5.get_name manual__2022-07-13T10:06:00.039086+00:00 [queued]>
[2022-07-13 10:06:01,109] {taskinstance.py:1179} INFO - Dependencies all met for <TaskInstance: python_operator_dag_v5.get_name manual__2022-07-13T10:06:00.039086+00:00 [queued]>
[2022-07-13 10:06:01,111] {taskinstance.py:1376} INFO - 
--------------------------------------------------------------------------------
[2022-07-13 10:06:01,113] {taskinstance.py:1377} INFO - Starting attempt 1 of 6
[2022-07-13 10:06:01,114] {taskinstance.py:1378} INFO - 
--------------------------------------------------------------------------------
[2022-07-13 10:06:01,139] {taskinstance.py:1397} INFO - Executing <Task(PythonOperator): get_name> on 2022-07-13 10:06:00.039086+00:00
[2022-07-13 10:06:01,146] {standard_task_runner.py:52} INFO - Started process 5748 to run task
[2022-07-13 10:06:01,152] {standard_task_runner.py:79} INFO - Running: ['***', 'tasks', 'run', 'python_operator_dag_v5', 'get_name', 'manual__2022-07-13T10:06:00.039086+00:00', '--job-id', '46', '--raw', '--subdir', 'DAGS_FOLDER/python_operator_dag.py', '--cfg-path', '/tmp/tmpsjp92buc', '--error-file', '/tmp/tmp6z9gw9hu']
[2022-07-13 10:06:01,156] {standard_task_runner.py:80} INFO - Job 46: Subtask get_name
[2022-07-13 10:06:01,268] {task_command.py:371} INFO - Running <TaskInstance: python_operator_dag_v5.get_name manual__2022-07-13T10:06:00.039086+00:00 [running]> on host 8e2218deeaf2
[2022-07-13 10:06:01,391] {taskinstance.py:1591} INFO - Exporting the following env vars:
AIRFLOW_CTX_DAG_OWNER=harshab
AIRFLOW_CTX_DAG_ID=python_operator_dag_v5
AIRFLOW_CTX_TASK_ID=get_name
AIRFLOW_CTX_EXECUTION_DATE=2022-07-13T10:06:00.039086+00:00
AIRFLOW_CTX_TRY_NUMBER=1
AIRFLOW_CTX_DAG_RUN_ID=manual__2022-07-13T10:06:00.039086+00:00
[2022-07-13 10:06:01,394] {python.py:173} INFO - Done. Returned value was: harsha
[2022-07-13 10:06:01,444] {taskinstance.py:1420} INFO - Marking task as SUCCESS. dag_id=python_operator_dag_v5, task_id=get_name, execution_date=20220713T100600, start_date=20220713T100601, end_date=20220713T100601
[2022-07-13 10:06:01,486] {local_task_job.py:156} INFO - Task exited with return code 0
[2022-07-13 10:06:01,557] {local_task_job.py:273} INFO - 1 downstream tasks scheduled from follow-on schedule check
