[2022-07-13 08:34:54,896] {taskinstance.py:1179} INFO - Dependencies all met for <TaskInstance: example_bash_operator.this_will_skip scheduled__2022-07-12T00:00:00+00:00 [queued]>
[2022-07-13 08:34:55,052] {taskinstance.py:1179} INFO - Dependencies all met for <TaskInstance: example_bash_operator.this_will_skip scheduled__2022-07-12T00:00:00+00:00 [queued]>
[2022-07-13 08:34:55,073] {taskinstance.py:1376} INFO - 
--------------------------------------------------------------------------------
[2022-07-13 08:34:55,080] {taskinstance.py:1377} INFO - Starting attempt 1 of 1
[2022-07-13 08:34:55,085] {taskinstance.py:1378} INFO - 
--------------------------------------------------------------------------------
[2022-07-13 08:34:55,326] {taskinstance.py:1397} INFO - Executing <Task(BashOperator): this_will_skip> on 2022-07-12 00:00:00+00:00
[2022-07-13 08:34:55,371] {standard_task_runner.py:52} INFO - Started process 1146 to run task
[2022-07-13 08:34:55,388] {standard_task_runner.py:79} INFO - Running: ['***', 'tasks', 'run', 'example_bash_operator', 'this_will_skip', 'scheduled__2022-07-12T00:00:00+00:00', '--job-id', '13', '--raw', '--subdir', '/home/***/.local/lib/python3.7/site-packages/***/example_dags/example_bash_operator.py', '--cfg-path', '/tmp/tmp9dfp9nb_', '--error-file', '/tmp/tmp5uaag597']
[2022-07-13 08:34:55,401] {standard_task_runner.py:80} INFO - Job 13: Subtask this_will_skip
[2022-07-13 08:34:57,443] {task_command.py:371} INFO - Running <TaskInstance: example_bash_operator.this_will_skip scheduled__2022-07-12T00:00:00+00:00 [running]> on host 6826b39e7226
[2022-07-13 08:34:57,735] {taskinstance.py:1591} INFO - Exporting the following env vars:
AIRFLOW_CTX_DAG_OWNER=***
AIRFLOW_CTX_DAG_ID=example_bash_operator
AIRFLOW_CTX_TASK_ID=this_will_skip
AIRFLOW_CTX_EXECUTION_DATE=2022-07-12T00:00:00+00:00
AIRFLOW_CTX_TRY_NUMBER=1
AIRFLOW_CTX_DAG_RUN_ID=scheduled__2022-07-12T00:00:00+00:00
[2022-07-13 08:34:57,737] {subprocess.py:62} INFO - Tmp dir root location: 
 /tmp
[2022-07-13 08:34:57,740] {subprocess.py:74} INFO - Running command: ['bash', '-c', 'echo "hello world"; exit 99;']
[2022-07-13 08:34:57,780] {subprocess.py:85} INFO - Output:
[2022-07-13 08:34:57,787] {subprocess.py:92} INFO - hello world
[2022-07-13 08:34:57,794] {subprocess.py:96} INFO - Command exited with return code 99
[2022-07-13 08:34:57,797] {taskinstance.py:1498} INFO - Bash command returned exit code 99. Skipping.
[2022-07-13 08:34:57,837] {taskinstance.py:1420} INFO - Marking task as SKIPPED. dag_id=example_bash_operator, task_id=this_will_skip, execution_date=20220712T000000, start_date=20220713T083454, end_date=20220713T083457
[2022-07-13 08:34:57,915] {local_task_job.py:156} INFO - Task exited with return code 0
[2022-07-13 08:34:58,009] {local_task_job.py:273} INFO - 0 downstream tasks scheduled from follow-on schedule check
