[2022-07-13 12:12:29,582] {taskinstance.py:1179} INFO - Dependencies all met for <TaskInstance: dag_with_taskflow_api_v02.get_age manual__2022-07-13T12:12:28.291742+00:00 [queued]>
[2022-07-13 12:12:29,601] {taskinstance.py:1179} INFO - Dependencies all met for <TaskInstance: dag_with_taskflow_api_v02.get_age manual__2022-07-13T12:12:28.291742+00:00 [queued]>
[2022-07-13 12:12:29,603] {taskinstance.py:1376} INFO - 
--------------------------------------------------------------------------------
[2022-07-13 12:12:29,604] {taskinstance.py:1377} INFO - Starting attempt 1 of 6
[2022-07-13 12:12:29,605] {taskinstance.py:1378} INFO - 
--------------------------------------------------------------------------------
[2022-07-13 12:12:29,632] {taskinstance.py:1397} INFO - Executing <Task(_PythonDecoratedOperator): get_age> on 2022-07-13 12:12:28.291742+00:00
[2022-07-13 12:12:29,641] {standard_task_runner.py:52} INFO - Started process 13680 to run task
[2022-07-13 12:12:29,659] {standard_task_runner.py:79} INFO - Running: ['***', 'tasks', 'run', 'dag_with_taskflow_api_v02', 'get_age', 'manual__2022-07-13T12:12:28.291742+00:00', '--job-id', '63', '--raw', '--subdir', 'DAGS_FOLDER/dag_with_taskflow.py', '--cfg-path', '/tmp/tmpdxk7wodg', '--error-file', '/tmp/tmpe832k56u']
[2022-07-13 12:12:29,668] {standard_task_runner.py:80} INFO - Job 63: Subtask get_age
[2022-07-13 12:12:29,846] {task_command.py:371} INFO - Running <TaskInstance: dag_with_taskflow_api_v02.get_age manual__2022-07-13T12:12:28.291742+00:00 [running]> on host 8e2218deeaf2
[2022-07-13 12:12:30,059] {taskinstance.py:1591} INFO - Exporting the following env vars:
AIRFLOW_CTX_DAG_OWNER=harshab
AIRFLOW_CTX_DAG_ID=dag_with_taskflow_api_v02
AIRFLOW_CTX_TASK_ID=get_age
AIRFLOW_CTX_EXECUTION_DATE=2022-07-13T12:12:28.291742+00:00
AIRFLOW_CTX_TRY_NUMBER=1
AIRFLOW_CTX_DAG_RUN_ID=manual__2022-07-13T12:12:28.291742+00:00
[2022-07-13 12:12:30,062] {python.py:173} INFO - Done. Returned value was: 25
[2022-07-13 12:12:30,463] {taskinstance.py:1420} INFO - Marking task as SUCCESS. dag_id=dag_with_taskflow_api_v02, task_id=get_age, execution_date=20220713T121228, start_date=20220713T121229, end_date=20220713T121230
[2022-07-13 12:12:30,549] {local_task_job.py:156} INFO - Task exited with return code 0
[2022-07-13 12:12:30,655] {local_task_job.py:273} INFO - 0 downstream tasks scheduled from follow-on schedule check
