[2022-07-13 09:06:06,213] {taskinstance.py:1179} INFO - Dependencies all met for <TaskInstance: our_first_dag_v2.first_task manual__2022-07-13T09:06:05.453052+00:00 [queued]>
[2022-07-13 09:06:06,230] {taskinstance.py:1179} INFO - Dependencies all met for <TaskInstance: our_first_dag_v2.first_task manual__2022-07-13T09:06:05.453052+00:00 [queued]>
[2022-07-13 09:06:06,231] {taskinstance.py:1376} INFO - 
--------------------------------------------------------------------------------
[2022-07-13 09:06:06,232] {taskinstance.py:1377} INFO - Starting attempt 1 of 6
[2022-07-13 09:06:06,233] {taskinstance.py:1378} INFO - 
--------------------------------------------------------------------------------
[2022-07-13 09:06:06,251] {taskinstance.py:1397} INFO - Executing <Task(BashOperator): first_task> on 2022-07-13 09:06:05.453052+00:00
[2022-07-13 09:06:06,257] {standard_task_runner.py:52} INFO - Started process 1219 to run task
[2022-07-13 09:06:06,262] {standard_task_runner.py:79} INFO - Running: ['***', 'tasks', 'run', 'our_first_dag_v2', 'first_task', 'manual__2022-07-13T09:06:05.453052+00:00', '--job-id', '8', '--raw', '--subdir', 'DAGS_FOLDER/our_first_dag.py', '--cfg-path', '/tmp/tmpvvcu9kw1', '--error-file', '/tmp/tmpzld9yz0h']
[2022-07-13 09:06:06,264] {standard_task_runner.py:80} INFO - Job 8: Subtask first_task
[2022-07-13 09:06:06,361] {task_command.py:371} INFO - Running <TaskInstance: our_first_dag_v2.first_task manual__2022-07-13T09:06:05.453052+00:00 [running]> on host 8e2218deeaf2
[2022-07-13 09:06:06,472] {taskinstance.py:1591} INFO - Exporting the following env vars:
AIRFLOW_CTX_DAG_OWNER=harshab
AIRFLOW_CTX_DAG_ID=our_first_dag_v2
AIRFLOW_CTX_TASK_ID=first_task
AIRFLOW_CTX_EXECUTION_DATE=2022-07-13T09:06:05.453052+00:00
AIRFLOW_CTX_TRY_NUMBER=1
AIRFLOW_CTX_DAG_RUN_ID=manual__2022-07-13T09:06:05.453052+00:00
[2022-07-13 09:06:06,474] {subprocess.py:62} INFO - Tmp dir root location: 
 /tmp
[2022-07-13 09:06:06,476] {subprocess.py:74} INFO - Running command: ['bash', '-c', 'echo hello world, this is the first task']
[2022-07-13 09:06:06,488] {subprocess.py:85} INFO - Output:
[2022-07-13 09:06:06,491] {subprocess.py:92} INFO - hello world, this is the first task
[2022-07-13 09:06:06,492] {subprocess.py:96} INFO - Command exited with return code 0
[2022-07-13 09:06:06,538] {taskinstance.py:1420} INFO - Marking task as SUCCESS. dag_id=our_first_dag_v2, task_id=first_task, execution_date=20220713T090605, start_date=20220713T090606, end_date=20220713T090606
[2022-07-13 09:06:06,596] {local_task_job.py:156} INFO - Task exited with return code 0
[2022-07-13 09:06:06,654] {local_task_job.py:273} INFO - 1 downstream tasks scheduled from follow-on schedule check
