[2022-07-13 12:16:12,898] {taskinstance.py:1179} INFO - Dependencies all met for <TaskInstance: dag_with_taskflow_api_v03.greet manual__2022-07-13T12:16:09.527053+00:00 [queued]>
[2022-07-13 12:16:12,918] {taskinstance.py:1179} INFO - Dependencies all met for <TaskInstance: dag_with_taskflow_api_v03.greet manual__2022-07-13T12:16:09.527053+00:00 [queued]>
[2022-07-13 12:16:12,936] {taskinstance.py:1376} INFO - 
--------------------------------------------------------------------------------
[2022-07-13 12:16:12,939] {taskinstance.py:1377} INFO - Starting attempt 1 of 6
[2022-07-13 12:16:12,944] {taskinstance.py:1378} INFO - 
--------------------------------------------------------------------------------
[2022-07-13 12:16:12,997] {taskinstance.py:1397} INFO - Executing <Task(_PythonDecoratedOperator): greet> on 2022-07-13 12:16:09.527053+00:00
[2022-07-13 12:16:13,006] {standard_task_runner.py:52} INFO - Started process 14150 to run task
[2022-07-13 12:16:13,013] {standard_task_runner.py:79} INFO - Running: ['***', 'tasks', 'run', 'dag_with_taskflow_api_v03', 'greet', 'manual__2022-07-13T12:16:09.527053+00:00', '--job-id', '71', '--raw', '--subdir', 'DAGS_FOLDER/dag_with_taskflow.py', '--cfg-path', '/tmp/tmpj2s1hluq', '--error-file', '/tmp/tmpgusrkph4']
[2022-07-13 12:16:13,018] {standard_task_runner.py:80} INFO - Job 71: Subtask greet
[2022-07-13 12:16:13,160] {task_command.py:371} INFO - Running <TaskInstance: dag_with_taskflow_api_v03.greet manual__2022-07-13T12:16:09.527053+00:00 [running]> on host 8e2218deeaf2
[2022-07-13 12:16:13,497] {taskinstance.py:1591} INFO - Exporting the following env vars:
AIRFLOW_CTX_DAG_OWNER=harshab
AIRFLOW_CTX_DAG_ID=dag_with_taskflow_api_v03
AIRFLOW_CTX_TASK_ID=greet
AIRFLOW_CTX_EXECUTION_DATE=2022-07-13T12:16:09.527053+00:00
AIRFLOW_CTX_TRY_NUMBER=1
AIRFLOW_CTX_DAG_RUN_ID=manual__2022-07-13T12:16:09.527053+00:00
[2022-07-13 12:16:13,500] {logging_mixin.py:115} INFO - Hi, My name is Harsha Bash, and I am 25 years old!
[2022-07-13 12:16:13,501] {python.py:173} INFO - Done. Returned value was: None
[2022-07-13 12:16:13,532] {taskinstance.py:1420} INFO - Marking task as SUCCESS. dag_id=dag_with_taskflow_api_v03, task_id=greet, execution_date=20220713T121609, start_date=20220713T121612, end_date=20220713T121613
[2022-07-13 12:16:13,590] {local_task_job.py:156} INFO - Task exited with return code 0
[2022-07-13 12:16:13,655] {local_task_job.py:273} INFO - 0 downstream tasks scheduled from follow-on schedule check
