[2022-07-13 11:54:27,460] {taskinstance.py:1179} INFO - Dependencies all met for <TaskInstance: python_operator_dag_v7.get_age manual__2022-07-13T11:52:25.202568+00:00 [queued]>
[2022-07-13 11:54:27,481] {taskinstance.py:1179} INFO - Dependencies all met for <TaskInstance: python_operator_dag_v7.get_age manual__2022-07-13T11:52:25.202568+00:00 [queued]>
[2022-07-13 11:54:27,482] {taskinstance.py:1376} INFO - 
--------------------------------------------------------------------------------
[2022-07-13 11:54:27,483] {taskinstance.py:1377} INFO - Starting attempt 2 of 6
[2022-07-13 11:54:27,484] {taskinstance.py:1378} INFO - 
--------------------------------------------------------------------------------
[2022-07-13 11:54:27,506] {taskinstance.py:1397} INFO - Executing <Task(PythonOperator): get_age> on 2022-07-13 11:52:25.202568+00:00
[2022-07-13 11:54:27,511] {standard_task_runner.py:52} INFO - Started process 11803 to run task
[2022-07-13 11:54:27,517] {standard_task_runner.py:79} INFO - Running: ['***', 'tasks', 'run', 'python_operator_dag_v7', 'get_age', 'manual__2022-07-13T11:52:25.202568+00:00', '--job-id', '58', '--raw', '--subdir', 'DAGS_FOLDER/python_operator_dag.py', '--cfg-path', '/tmp/tmptuoczq26', '--error-file', '/tmp/tmp5blq0rx6']
[2022-07-13 11:54:27,521] {standard_task_runner.py:80} INFO - Job 58: Subtask get_age
[2022-07-13 11:54:27,624] {task_command.py:371} INFO - Running <TaskInstance: python_operator_dag_v7.get_age manual__2022-07-13T11:52:25.202568+00:00 [running]> on host 8e2218deeaf2
[2022-07-13 11:54:27,731] {taskinstance.py:1591} INFO - Exporting the following env vars:
AIRFLOW_CTX_DAG_OWNER=harshab
AIRFLOW_CTX_DAG_ID=python_operator_dag_v7
AIRFLOW_CTX_TASK_ID=get_age
AIRFLOW_CTX_EXECUTION_DATE=2022-07-13T11:52:25.202568+00:00
AIRFLOW_CTX_TRY_NUMBER=2
AIRFLOW_CTX_DAG_RUN_ID=manual__2022-07-13T11:52:25.202568+00:00
[2022-07-13 11:54:27,753] {python.py:173} INFO - Done. Returned value was: None
[2022-07-13 11:54:27,775] {taskinstance.py:1420} INFO - Marking task as SUCCESS. dag_id=python_operator_dag_v7, task_id=get_age, execution_date=20220713T115225, start_date=20220713T115427, end_date=20220713T115427
[2022-07-13 11:54:27,810] {local_task_job.py:156} INFO - Task exited with return code 0
[2022-07-13 11:54:27,876] {local_task_job.py:273} INFO - 1 downstream tasks scheduled from follow-on schedule check
