[2022-07-13 11:54:28,209] {taskinstance.py:1179} INFO - Dependencies all met for <TaskInstance: python_operator_dag_v7.Greeting manual__2022-07-13T11:52:25.202568+00:00 [queued]>
[2022-07-13 11:54:28,229] {taskinstance.py:1179} INFO - Dependencies all met for <TaskInstance: python_operator_dag_v7.Greeting manual__2022-07-13T11:52:25.202568+00:00 [queued]>
[2022-07-13 11:54:28,230] {taskinstance.py:1376} INFO - 
--------------------------------------------------------------------------------
[2022-07-13 11:54:28,232] {taskinstance.py:1377} INFO - Starting attempt 1 of 6
[2022-07-13 11:54:28,232] {taskinstance.py:1378} INFO - 
--------------------------------------------------------------------------------
[2022-07-13 11:54:28,255] {taskinstance.py:1397} INFO - Executing <Task(PythonOperator): Greeting> on 2022-07-13 11:52:25.202568+00:00
[2022-07-13 11:54:28,261] {standard_task_runner.py:52} INFO - Started process 11810 to run task
[2022-07-13 11:54:28,266] {standard_task_runner.py:79} INFO - Running: ['***', 'tasks', 'run', 'python_operator_dag_v7', 'Greeting', 'manual__2022-07-13T11:52:25.202568+00:00', '--job-id', '59', '--raw', '--subdir', 'DAGS_FOLDER/python_operator_dag.py', '--cfg-path', '/tmp/tmpo6b_izw7', '--error-file', '/tmp/tmpcjtkje7i']
[2022-07-13 11:54:28,269] {standard_task_runner.py:80} INFO - Job 59: Subtask Greeting
[2022-07-13 11:54:28,366] {task_command.py:371} INFO - Running <TaskInstance: python_operator_dag_v7.Greeting manual__2022-07-13T11:52:25.202568+00:00 [running]> on host 8e2218deeaf2
[2022-07-13 11:54:28,474] {taskinstance.py:1591} INFO - Exporting the following env vars:
AIRFLOW_CTX_DAG_OWNER=harshab
AIRFLOW_CTX_DAG_ID=python_operator_dag_v7
AIRFLOW_CTX_TASK_ID=Greeting
AIRFLOW_CTX_EXECUTION_DATE=2022-07-13T11:52:25.202568+00:00
AIRFLOW_CTX_TRY_NUMBER=1
AIRFLOW_CTX_DAG_RUN_ID=manual__2022-07-13T11:52:25.202568+00:00
[2022-07-13 11:54:28,518] {logging_mixin.py:115} INFO - hello World! My name is Harsha Bash,and I am 25 years old!
[2022-07-13 11:54:28,520] {python.py:173} INFO - Done. Returned value was: None
[2022-07-13 11:54:28,543] {taskinstance.py:1420} INFO - Marking task as SUCCESS. dag_id=python_operator_dag_v7, task_id=Greeting, execution_date=20220713T115225, start_date=20220713T115428, end_date=20220713T115428
[2022-07-13 11:54:28,764] {local_task_job.py:156} INFO - Task exited with return code 0
[2022-07-13 11:54:28,825] {local_task_job.py:273} INFO - 0 downstream tasks scheduled from follow-on schedule check
