[2022-07-13 08:30:14,605] {processor.py:153} INFO - Started process (PID=257) to work on /home/airflow/.local/lib/python3.7/site-packages/airflow/example_dags/example_dag_decorator.py
[2022-07-13 08:30:14,607] {processor.py:641} INFO - Processing file /home/airflow/.local/lib/python3.7/site-packages/airflow/example_dags/example_dag_decorator.py for tasks to queue
[2022-07-13 08:30:14,609] {logging_mixin.py:115} INFO - [2022-07-13 08:30:14,608] {dagbag.py:508} INFO - Filling up the DagBag from /home/airflow/.local/lib/python3.7/site-packages/airflow/example_dags/example_dag_decorator.py
[2022-07-13 08:30:14,651] {processor.py:651} INFO - DAG(s) dict_keys(['example_dag_decorator']) retrieved from /home/airflow/.local/lib/python3.7/site-packages/airflow/example_dags/example_dag_decorator.py
[2022-07-13 08:30:14,781] {logging_mixin.py:115} INFO - [2022-07-13 08:30:14,781] {manager.py:508} INFO - Created Permission View: can edit on DAG:example_dag_decorator
[2022-07-13 08:30:14,798] {logging_mixin.py:115} INFO - [2022-07-13 08:30:14,798] {manager.py:508} INFO - Created Permission View: can read on DAG:example_dag_decorator
[2022-07-13 08:30:14,813] {logging_mixin.py:115} INFO - [2022-07-13 08:30:14,813] {manager.py:508} INFO - Created Permission View: can delete on DAG:example_dag_decorator
[2022-07-13 08:30:14,814] {logging_mixin.py:115} INFO - [2022-07-13 08:30:14,814] {dag.py:2420} INFO - Sync 1 DAGs
[2022-07-13 08:30:14,826] {logging_mixin.py:115} INFO - [2022-07-13 08:30:14,826] {dag.py:2439} INFO - Creating ORM DAG for example_dag_decorator
[2022-07-13 08:30:14,843] {logging_mixin.py:115} INFO - [2022-07-13 08:30:14,843] {dag.py:2972} INFO - Setting next_dagrun for example_dag_decorator to None, run_after=None
[2022-07-13 08:30:14,866] {processor.py:161} INFO - Processing /home/airflow/.local/lib/python3.7/site-packages/airflow/example_dags/example_dag_decorator.py took 0.268 seconds
[2022-07-13 08:30:45,133] {processor.py:153} INFO - Started process (PID=455) to work on /home/airflow/.local/lib/python3.7/site-packages/airflow/example_dags/example_dag_decorator.py
[2022-07-13 08:30:45,135] {processor.py:641} INFO - Processing file /home/airflow/.local/lib/python3.7/site-packages/airflow/example_dags/example_dag_decorator.py for tasks to queue
[2022-07-13 08:30:45,136] {logging_mixin.py:115} INFO - [2022-07-13 08:30:45,136] {dagbag.py:508} INFO - Filling up the DagBag from /home/airflow/.local/lib/python3.7/site-packages/airflow/example_dags/example_dag_decorator.py
[2022-07-13 08:30:45,175] {processor.py:651} INFO - DAG(s) dict_keys(['example_dag_decorator']) retrieved from /home/airflow/.local/lib/python3.7/site-packages/airflow/example_dags/example_dag_decorator.py
[2022-07-13 08:30:45,289] {logging_mixin.py:115} INFO - [2022-07-13 08:30:45,289] {dag.py:2420} INFO - Sync 1 DAGs
[2022-07-13 08:30:45,348] {logging_mixin.py:115} INFO - [2022-07-13 08:30:45,348] {dag.py:2972} INFO - Setting next_dagrun for example_dag_decorator to None, run_after=None
[2022-07-13 08:30:45,370] {processor.py:161} INFO - Processing /home/airflow/.local/lib/python3.7/site-packages/airflow/example_dags/example_dag_decorator.py took 0.241 seconds
[2022-07-13 08:31:15,512] {processor.py:153} INFO - Started process (PID=646) to work on /home/airflow/.local/lib/python3.7/site-packages/airflow/example_dags/example_dag_decorator.py
[2022-07-13 08:31:15,514] {processor.py:641} INFO - Processing file /home/airflow/.local/lib/python3.7/site-packages/airflow/example_dags/example_dag_decorator.py for tasks to queue
[2022-07-13 08:31:15,516] {logging_mixin.py:115} INFO - [2022-07-13 08:31:15,515] {dagbag.py:508} INFO - Filling up the DagBag from /home/airflow/.local/lib/python3.7/site-packages/airflow/example_dags/example_dag_decorator.py
[2022-07-13 08:31:15,548] {processor.py:651} INFO - DAG(s) dict_keys(['example_dag_decorator']) retrieved from /home/airflow/.local/lib/python3.7/site-packages/airflow/example_dags/example_dag_decorator.py
[2022-07-13 08:31:15,639] {logging_mixin.py:115} INFO - [2022-07-13 08:31:15,639] {dag.py:2420} INFO - Sync 1 DAGs
[2022-07-13 08:31:15,665] {logging_mixin.py:115} INFO - [2022-07-13 08:31:15,664] {dag.py:2972} INFO - Setting next_dagrun for example_dag_decorator to None, run_after=None
[2022-07-13 08:31:15,684] {processor.py:161} INFO - Processing /home/airflow/.local/lib/python3.7/site-packages/airflow/example_dags/example_dag_decorator.py took 0.176 seconds
[2022-07-13 08:31:45,834] {processor.py:153} INFO - Started process (PID=841) to work on /home/airflow/.local/lib/python3.7/site-packages/airflow/example_dags/example_dag_decorator.py
[2022-07-13 08:31:45,836] {processor.py:641} INFO - Processing file /home/airflow/.local/lib/python3.7/site-packages/airflow/example_dags/example_dag_decorator.py for tasks to queue
[2022-07-13 08:31:45,838] {logging_mixin.py:115} INFO - [2022-07-13 08:31:45,838] {dagbag.py:508} INFO - Filling up the DagBag from /home/airflow/.local/lib/python3.7/site-packages/airflow/example_dags/example_dag_decorator.py
[2022-07-13 08:31:45,877] {processor.py:651} INFO - DAG(s) dict_keys(['example_dag_decorator']) retrieved from /home/airflow/.local/lib/python3.7/site-packages/airflow/example_dags/example_dag_decorator.py
[2022-07-13 08:31:46,008] {logging_mixin.py:115} INFO - [2022-07-13 08:31:46,008] {dag.py:2420} INFO - Sync 1 DAGs
[2022-07-13 08:31:46,042] {logging_mixin.py:115} INFO - [2022-07-13 08:31:46,042] {dag.py:2972} INFO - Setting next_dagrun for example_dag_decorator to None, run_after=None
[2022-07-13 08:31:46,067] {processor.py:161} INFO - Processing /home/airflow/.local/lib/python3.7/site-packages/airflow/example_dags/example_dag_decorator.py took 0.238 seconds
[2022-07-13 08:32:36,794] {processor.py:153} INFO - Started process (PID=249) to work on /home/airflow/.local/lib/python3.7/site-packages/airflow/example_dags/example_dag_decorator.py
[2022-07-13 08:32:36,795] {processor.py:641} INFO - Processing file /home/airflow/.local/lib/python3.7/site-packages/airflow/example_dags/example_dag_decorator.py for tasks to queue
[2022-07-13 08:32:36,798] {logging_mixin.py:115} INFO - [2022-07-13 08:32:36,797] {dagbag.py:508} INFO - Filling up the DagBag from /home/airflow/.local/lib/python3.7/site-packages/airflow/example_dags/example_dag_decorator.py
[2022-07-13 08:32:36,834] {processor.py:651} INFO - DAG(s) dict_keys(['example_dag_decorator']) retrieved from /home/airflow/.local/lib/python3.7/site-packages/airflow/example_dags/example_dag_decorator.py
[2022-07-13 08:32:36,927] {logging_mixin.py:115} INFO - [2022-07-13 08:32:36,927] {dag.py:2420} INFO - Sync 1 DAGs
[2022-07-13 08:32:36,962] {logging_mixin.py:115} INFO - [2022-07-13 08:32:36,962] {dag.py:2972} INFO - Setting next_dagrun for example_dag_decorator to None, run_after=None
[2022-07-13 08:32:36,991] {processor.py:161} INFO - Processing /home/airflow/.local/lib/python3.7/site-packages/airflow/example_dags/example_dag_decorator.py took 0.202 seconds
[2022-07-13 08:33:08,009] {processor.py:153} INFO - Started process (PID=448) to work on /home/airflow/.local/lib/python3.7/site-packages/airflow/example_dags/example_dag_decorator.py
[2022-07-13 08:33:08,011] {processor.py:641} INFO - Processing file /home/airflow/.local/lib/python3.7/site-packages/airflow/example_dags/example_dag_decorator.py for tasks to queue
[2022-07-13 08:33:08,013] {logging_mixin.py:115} INFO - [2022-07-13 08:33:08,013] {dagbag.py:508} INFO - Filling up the DagBag from /home/airflow/.local/lib/python3.7/site-packages/airflow/example_dags/example_dag_decorator.py
[2022-07-13 08:33:08,055] {processor.py:651} INFO - DAG(s) dict_keys(['example_dag_decorator']) retrieved from /home/airflow/.local/lib/python3.7/site-packages/airflow/example_dags/example_dag_decorator.py
[2022-07-13 08:33:08,158] {logging_mixin.py:115} INFO - [2022-07-13 08:33:08,158] {dag.py:2420} INFO - Sync 1 DAGs
[2022-07-13 08:33:08,190] {logging_mixin.py:115} INFO - [2022-07-13 08:33:08,190] {dag.py:2972} INFO - Setting next_dagrun for example_dag_decorator to None, run_after=None
[2022-07-13 08:33:08,213] {processor.py:161} INFO - Processing /home/airflow/.local/lib/python3.7/site-packages/airflow/example_dags/example_dag_decorator.py took 0.209 seconds
[2022-07-13 08:33:39,579] {processor.py:153} INFO - Started process (PID=645) to work on /home/airflow/.local/lib/python3.7/site-packages/airflow/example_dags/example_dag_decorator.py
[2022-07-13 08:33:39,582] {processor.py:641} INFO - Processing file /home/airflow/.local/lib/python3.7/site-packages/airflow/example_dags/example_dag_decorator.py for tasks to queue
[2022-07-13 08:33:39,584] {logging_mixin.py:115} INFO - [2022-07-13 08:33:39,584] {dagbag.py:508} INFO - Filling up the DagBag from /home/airflow/.local/lib/python3.7/site-packages/airflow/example_dags/example_dag_decorator.py
[2022-07-13 08:33:39,660] {processor.py:651} INFO - DAG(s) dict_keys(['example_dag_decorator']) retrieved from /home/airflow/.local/lib/python3.7/site-packages/airflow/example_dags/example_dag_decorator.py
[2022-07-13 08:33:39,959] {logging_mixin.py:115} INFO - [2022-07-13 08:33:39,959] {dag.py:2420} INFO - Sync 1 DAGs
[2022-07-13 08:33:40,011] {logging_mixin.py:115} INFO - [2022-07-13 08:33:40,011] {dag.py:2972} INFO - Setting next_dagrun for example_dag_decorator to None, run_after=None
[2022-07-13 08:33:40,047] {processor.py:161} INFO - Processing /home/airflow/.local/lib/python3.7/site-packages/airflow/example_dags/example_dag_decorator.py took 0.481 seconds
[2022-07-13 08:34:10,867] {processor.py:153} INFO - Started process (PID=832) to work on /home/airflow/.local/lib/python3.7/site-packages/airflow/example_dags/example_dag_decorator.py
[2022-07-13 08:34:10,868] {processor.py:641} INFO - Processing file /home/airflow/.local/lib/python3.7/site-packages/airflow/example_dags/example_dag_decorator.py for tasks to queue
[2022-07-13 08:34:10,870] {logging_mixin.py:115} INFO - [2022-07-13 08:34:10,870] {dagbag.py:508} INFO - Filling up the DagBag from /home/airflow/.local/lib/python3.7/site-packages/airflow/example_dags/example_dag_decorator.py
[2022-07-13 08:34:10,913] {processor.py:651} INFO - DAG(s) dict_keys(['example_dag_decorator']) retrieved from /home/airflow/.local/lib/python3.7/site-packages/airflow/example_dags/example_dag_decorator.py
[2022-07-13 08:34:11,022] {logging_mixin.py:115} INFO - [2022-07-13 08:34:11,022] {dag.py:2420} INFO - Sync 1 DAGs
[2022-07-13 08:34:11,060] {logging_mixin.py:115} INFO - [2022-07-13 08:34:11,060] {dag.py:2972} INFO - Setting next_dagrun for example_dag_decorator to None, run_after=None
[2022-07-13 08:34:11,081] {processor.py:161} INFO - Processing /home/airflow/.local/lib/python3.7/site-packages/airflow/example_dags/example_dag_decorator.py took 0.222 seconds
[2022-07-13 08:34:41,707] {processor.py:153} INFO - Started process (PID=1030) to work on /home/airflow/.local/lib/python3.7/site-packages/airflow/example_dags/example_dag_decorator.py
[2022-07-13 08:34:41,709] {processor.py:641} INFO - Processing file /home/airflow/.local/lib/python3.7/site-packages/airflow/example_dags/example_dag_decorator.py for tasks to queue
[2022-07-13 08:34:41,710] {logging_mixin.py:115} INFO - [2022-07-13 08:34:41,710] {dagbag.py:508} INFO - Filling up the DagBag from /home/airflow/.local/lib/python3.7/site-packages/airflow/example_dags/example_dag_decorator.py
[2022-07-13 08:34:41,754] {processor.py:651} INFO - DAG(s) dict_keys(['example_dag_decorator']) retrieved from /home/airflow/.local/lib/python3.7/site-packages/airflow/example_dags/example_dag_decorator.py
[2022-07-13 08:34:41,880] {logging_mixin.py:115} INFO - [2022-07-13 08:34:41,880] {dag.py:2420} INFO - Sync 1 DAGs
[2022-07-13 08:34:41,922] {logging_mixin.py:115} INFO - [2022-07-13 08:34:41,921] {dag.py:2972} INFO - Setting next_dagrun for example_dag_decorator to None, run_after=None
[2022-07-13 08:34:41,949] {processor.py:161} INFO - Processing /home/airflow/.local/lib/python3.7/site-packages/airflow/example_dags/example_dag_decorator.py took 0.247 seconds
[2022-07-13 08:35:12,688] {processor.py:153} INFO - Started process (PID=1254) to work on /home/airflow/.local/lib/python3.7/site-packages/airflow/example_dags/example_dag_decorator.py
[2022-07-13 08:35:12,690] {processor.py:641} INFO - Processing file /home/airflow/.local/lib/python3.7/site-packages/airflow/example_dags/example_dag_decorator.py for tasks to queue
[2022-07-13 08:35:12,693] {logging_mixin.py:115} INFO - [2022-07-13 08:35:12,693] {dagbag.py:508} INFO - Filling up the DagBag from /home/airflow/.local/lib/python3.7/site-packages/airflow/example_dags/example_dag_decorator.py
[2022-07-13 08:35:12,748] {processor.py:651} INFO - DAG(s) dict_keys(['example_dag_decorator']) retrieved from /home/airflow/.local/lib/python3.7/site-packages/airflow/example_dags/example_dag_decorator.py
[2022-07-13 08:35:12,818] {logging_mixin.py:115} INFO - [2022-07-13 08:35:12,817] {dag.py:2420} INFO - Sync 1 DAGs
[2022-07-13 08:35:12,869] {logging_mixin.py:115} INFO - [2022-07-13 08:35:12,868] {dag.py:2972} INFO - Setting next_dagrun for example_dag_decorator to None, run_after=None
[2022-07-13 08:35:12,896] {processor.py:161} INFO - Processing /home/airflow/.local/lib/python3.7/site-packages/airflow/example_dags/example_dag_decorator.py took 0.215 seconds
[2022-07-13 08:35:43,105] {processor.py:153} INFO - Started process (PID=1445) to work on /home/airflow/.local/lib/python3.7/site-packages/airflow/example_dags/example_dag_decorator.py
[2022-07-13 08:35:43,108] {processor.py:641} INFO - Processing file /home/airflow/.local/lib/python3.7/site-packages/airflow/example_dags/example_dag_decorator.py for tasks to queue
[2022-07-13 08:35:43,112] {logging_mixin.py:115} INFO - [2022-07-13 08:35:43,112] {dagbag.py:508} INFO - Filling up the DagBag from /home/airflow/.local/lib/python3.7/site-packages/airflow/example_dags/example_dag_decorator.py
[2022-07-13 08:35:43,169] {processor.py:651} INFO - DAG(s) dict_keys(['example_dag_decorator']) retrieved from /home/airflow/.local/lib/python3.7/site-packages/airflow/example_dags/example_dag_decorator.py
[2022-07-13 08:35:43,314] {logging_mixin.py:115} INFO - [2022-07-13 08:35:43,314] {dag.py:2420} INFO - Sync 1 DAGs
[2022-07-13 08:35:43,348] {logging_mixin.py:115} INFO - [2022-07-13 08:35:43,347] {dag.py:2972} INFO - Setting next_dagrun for example_dag_decorator to None, run_after=None
[2022-07-13 08:35:43,376] {processor.py:161} INFO - Processing /home/airflow/.local/lib/python3.7/site-packages/airflow/example_dags/example_dag_decorator.py took 0.278 seconds
[2022-07-13 08:36:13,925] {processor.py:153} INFO - Started process (PID=1641) to work on /home/airflow/.local/lib/python3.7/site-packages/airflow/example_dags/example_dag_decorator.py
[2022-07-13 08:36:13,927] {processor.py:641} INFO - Processing file /home/airflow/.local/lib/python3.7/site-packages/airflow/example_dags/example_dag_decorator.py for tasks to queue
[2022-07-13 08:36:13,928] {logging_mixin.py:115} INFO - [2022-07-13 08:36:13,928] {dagbag.py:508} INFO - Filling up the DagBag from /home/airflow/.local/lib/python3.7/site-packages/airflow/example_dags/example_dag_decorator.py
[2022-07-13 08:36:13,973] {processor.py:651} INFO - DAG(s) dict_keys(['example_dag_decorator']) retrieved from /home/airflow/.local/lib/python3.7/site-packages/airflow/example_dags/example_dag_decorator.py
[2022-07-13 08:36:14,123] {logging_mixin.py:115} INFO - [2022-07-13 08:36:14,123] {dag.py:2420} INFO - Sync 1 DAGs
[2022-07-13 08:36:14,162] {logging_mixin.py:115} INFO - [2022-07-13 08:36:14,161] {dag.py:2972} INFO - Setting next_dagrun for example_dag_decorator to None, run_after=None
[2022-07-13 08:36:14,187] {processor.py:161} INFO - Processing /home/airflow/.local/lib/python3.7/site-packages/airflow/example_dags/example_dag_decorator.py took 0.270 seconds
[2022-07-13 08:36:44,652] {processor.py:153} INFO - Started process (PID=1831) to work on /home/airflow/.local/lib/python3.7/site-packages/airflow/example_dags/example_dag_decorator.py
[2022-07-13 08:36:44,655] {processor.py:641} INFO - Processing file /home/airflow/.local/lib/python3.7/site-packages/airflow/example_dags/example_dag_decorator.py for tasks to queue
[2022-07-13 08:36:44,657] {logging_mixin.py:115} INFO - [2022-07-13 08:36:44,656] {dagbag.py:508} INFO - Filling up the DagBag from /home/airflow/.local/lib/python3.7/site-packages/airflow/example_dags/example_dag_decorator.py
[2022-07-13 08:36:44,695] {processor.py:651} INFO - DAG(s) dict_keys(['example_dag_decorator']) retrieved from /home/airflow/.local/lib/python3.7/site-packages/airflow/example_dags/example_dag_decorator.py
[2022-07-13 08:36:44,803] {logging_mixin.py:115} INFO - [2022-07-13 08:36:44,803] {dag.py:2420} INFO - Sync 1 DAGs
[2022-07-13 08:36:44,841] {logging_mixin.py:115} INFO - [2022-07-13 08:36:44,841] {dag.py:2972} INFO - Setting next_dagrun for example_dag_decorator to None, run_after=None
[2022-07-13 08:36:44,867] {processor.py:161} INFO - Processing /home/airflow/.local/lib/python3.7/site-packages/airflow/example_dags/example_dag_decorator.py took 0.221 seconds
[2022-07-13 08:37:15,382] {processor.py:153} INFO - Started process (PID=2027) to work on /home/airflow/.local/lib/python3.7/site-packages/airflow/example_dags/example_dag_decorator.py
[2022-07-13 08:37:15,384] {processor.py:641} INFO - Processing file /home/airflow/.local/lib/python3.7/site-packages/airflow/example_dags/example_dag_decorator.py for tasks to queue
[2022-07-13 08:37:15,386] {logging_mixin.py:115} INFO - [2022-07-13 08:37:15,386] {dagbag.py:508} INFO - Filling up the DagBag from /home/airflow/.local/lib/python3.7/site-packages/airflow/example_dags/example_dag_decorator.py
[2022-07-13 08:37:15,430] {processor.py:651} INFO - DAG(s) dict_keys(['example_dag_decorator']) retrieved from /home/airflow/.local/lib/python3.7/site-packages/airflow/example_dags/example_dag_decorator.py
[2022-07-13 08:37:15,539] {logging_mixin.py:115} INFO - [2022-07-13 08:37:15,539] {dag.py:2420} INFO - Sync 1 DAGs
[2022-07-13 08:37:15,581] {logging_mixin.py:115} INFO - [2022-07-13 08:37:15,581] {dag.py:2972} INFO - Setting next_dagrun for example_dag_decorator to None, run_after=None
[2022-07-13 08:37:15,610] {processor.py:161} INFO - Processing /home/airflow/.local/lib/python3.7/site-packages/airflow/example_dags/example_dag_decorator.py took 0.238 seconds
[2022-07-13 08:37:46,096] {processor.py:153} INFO - Started process (PID=2215) to work on /home/airflow/.local/lib/python3.7/site-packages/airflow/example_dags/example_dag_decorator.py
[2022-07-13 08:37:46,097] {processor.py:641} INFO - Processing file /home/airflow/.local/lib/python3.7/site-packages/airflow/example_dags/example_dag_decorator.py for tasks to queue
[2022-07-13 08:37:46,099] {logging_mixin.py:115} INFO - [2022-07-13 08:37:46,099] {dagbag.py:508} INFO - Filling up the DagBag from /home/airflow/.local/lib/python3.7/site-packages/airflow/example_dags/example_dag_decorator.py
[2022-07-13 08:37:46,141] {processor.py:651} INFO - DAG(s) dict_keys(['example_dag_decorator']) retrieved from /home/airflow/.local/lib/python3.7/site-packages/airflow/example_dags/example_dag_decorator.py
[2022-07-13 08:37:46,274] {logging_mixin.py:115} INFO - [2022-07-13 08:37:46,274] {dag.py:2420} INFO - Sync 1 DAGs
[2022-07-13 08:37:46,306] {logging_mixin.py:115} INFO - [2022-07-13 08:37:46,306] {dag.py:2972} INFO - Setting next_dagrun for example_dag_decorator to None, run_after=None
[2022-07-13 08:37:46,333] {processor.py:161} INFO - Processing /home/airflow/.local/lib/python3.7/site-packages/airflow/example_dags/example_dag_decorator.py took 0.243 seconds
[2022-07-13 08:38:16,898] {processor.py:153} INFO - Started process (PID=2411) to work on /home/airflow/.local/lib/python3.7/site-packages/airflow/example_dags/example_dag_decorator.py
[2022-07-13 08:38:16,900] {processor.py:641} INFO - Processing file /home/airflow/.local/lib/python3.7/site-packages/airflow/example_dags/example_dag_decorator.py for tasks to queue
[2022-07-13 08:38:16,903] {logging_mixin.py:115} INFO - [2022-07-13 08:38:16,903] {dagbag.py:508} INFO - Filling up the DagBag from /home/airflow/.local/lib/python3.7/site-packages/airflow/example_dags/example_dag_decorator.py
[2022-07-13 08:38:16,947] {processor.py:651} INFO - DAG(s) dict_keys(['example_dag_decorator']) retrieved from /home/airflow/.local/lib/python3.7/site-packages/airflow/example_dags/example_dag_decorator.py
[2022-07-13 08:38:16,999] {logging_mixin.py:115} INFO - [2022-07-13 08:38:16,999] {dag.py:2420} INFO - Sync 1 DAGs
[2022-07-13 08:38:17,043] {logging_mixin.py:115} INFO - [2022-07-13 08:38:17,043] {dag.py:2972} INFO - Setting next_dagrun for example_dag_decorator to None, run_after=None
[2022-07-13 08:38:17,070] {processor.py:161} INFO - Processing /home/airflow/.local/lib/python3.7/site-packages/airflow/example_dags/example_dag_decorator.py took 0.178 seconds
[2022-07-13 08:38:47,533] {processor.py:153} INFO - Started process (PID=2601) to work on /home/airflow/.local/lib/python3.7/site-packages/airflow/example_dags/example_dag_decorator.py
[2022-07-13 08:38:47,537] {processor.py:641} INFO - Processing file /home/airflow/.local/lib/python3.7/site-packages/airflow/example_dags/example_dag_decorator.py for tasks to queue
[2022-07-13 08:38:47,539] {logging_mixin.py:115} INFO - [2022-07-13 08:38:47,539] {dagbag.py:508} INFO - Filling up the DagBag from /home/airflow/.local/lib/python3.7/site-packages/airflow/example_dags/example_dag_decorator.py
[2022-07-13 08:38:47,590] {processor.py:651} INFO - DAG(s) dict_keys(['example_dag_decorator']) retrieved from /home/airflow/.local/lib/python3.7/site-packages/airflow/example_dags/example_dag_decorator.py
[2022-07-13 08:38:47,736] {logging_mixin.py:115} INFO - [2022-07-13 08:38:47,736] {dag.py:2420} INFO - Sync 1 DAGs
[2022-07-13 08:38:47,781] {logging_mixin.py:115} INFO - [2022-07-13 08:38:47,781] {dag.py:2972} INFO - Setting next_dagrun for example_dag_decorator to None, run_after=None
[2022-07-13 08:38:47,815] {processor.py:161} INFO - Processing /home/airflow/.local/lib/python3.7/site-packages/airflow/example_dags/example_dag_decorator.py took 0.293 seconds
[2022-07-13 08:39:18,336] {processor.py:153} INFO - Started process (PID=2799) to work on /home/airflow/.local/lib/python3.7/site-packages/airflow/example_dags/example_dag_decorator.py
[2022-07-13 08:39:18,338] {processor.py:641} INFO - Processing file /home/airflow/.local/lib/python3.7/site-packages/airflow/example_dags/example_dag_decorator.py for tasks to queue
[2022-07-13 08:39:18,341] {logging_mixin.py:115} INFO - [2022-07-13 08:39:18,341] {dagbag.py:508} INFO - Filling up the DagBag from /home/airflow/.local/lib/python3.7/site-packages/airflow/example_dags/example_dag_decorator.py
[2022-07-13 08:39:18,395] {processor.py:651} INFO - DAG(s) dict_keys(['example_dag_decorator']) retrieved from /home/airflow/.local/lib/python3.7/site-packages/airflow/example_dags/example_dag_decorator.py
[2022-07-13 08:39:18,603] {logging_mixin.py:115} INFO - [2022-07-13 08:39:18,602] {dag.py:2420} INFO - Sync 1 DAGs
[2022-07-13 08:39:18,655] {logging_mixin.py:115} INFO - [2022-07-13 08:39:18,655] {dag.py:2972} INFO - Setting next_dagrun for example_dag_decorator to None, run_after=None
[2022-07-13 08:39:18,688] {processor.py:161} INFO - Processing /home/airflow/.local/lib/python3.7/site-packages/airflow/example_dags/example_dag_decorator.py took 0.357 seconds
[2022-07-13 08:39:49,293] {processor.py:153} INFO - Started process (PID=2995) to work on /home/airflow/.local/lib/python3.7/site-packages/airflow/example_dags/example_dag_decorator.py
[2022-07-13 08:39:49,295] {processor.py:641} INFO - Processing file /home/airflow/.local/lib/python3.7/site-packages/airflow/example_dags/example_dag_decorator.py for tasks to queue
[2022-07-13 08:39:49,297] {logging_mixin.py:115} INFO - [2022-07-13 08:39:49,297] {dagbag.py:508} INFO - Filling up the DagBag from /home/airflow/.local/lib/python3.7/site-packages/airflow/example_dags/example_dag_decorator.py
[2022-07-13 08:39:49,342] {processor.py:651} INFO - DAG(s) dict_keys(['example_dag_decorator']) retrieved from /home/airflow/.local/lib/python3.7/site-packages/airflow/example_dags/example_dag_decorator.py
[2022-07-13 08:39:49,475] {logging_mixin.py:115} INFO - [2022-07-13 08:39:49,475] {dag.py:2420} INFO - Sync 1 DAGs
[2022-07-13 08:39:49,515] {logging_mixin.py:115} INFO - [2022-07-13 08:39:49,515] {dag.py:2972} INFO - Setting next_dagrun for example_dag_decorator to None, run_after=None
[2022-07-13 08:39:49,549] {processor.py:161} INFO - Processing /home/airflow/.local/lib/python3.7/site-packages/airflow/example_dags/example_dag_decorator.py took 0.261 seconds
[2022-07-13 08:40:20,280] {processor.py:153} INFO - Started process (PID=3183) to work on /home/airflow/.local/lib/python3.7/site-packages/airflow/example_dags/example_dag_decorator.py
[2022-07-13 08:40:20,282] {processor.py:641} INFO - Processing file /home/airflow/.local/lib/python3.7/site-packages/airflow/example_dags/example_dag_decorator.py for tasks to queue
[2022-07-13 08:40:20,284] {logging_mixin.py:115} INFO - [2022-07-13 08:40:20,284] {dagbag.py:508} INFO - Filling up the DagBag from /home/airflow/.local/lib/python3.7/site-packages/airflow/example_dags/example_dag_decorator.py
[2022-07-13 08:40:20,333] {processor.py:651} INFO - DAG(s) dict_keys(['example_dag_decorator']) retrieved from /home/airflow/.local/lib/python3.7/site-packages/airflow/example_dags/example_dag_decorator.py
[2022-07-13 08:40:20,379] {logging_mixin.py:115} INFO - [2022-07-13 08:40:20,378] {dag.py:2420} INFO - Sync 1 DAGs
[2022-07-13 08:40:20,423] {logging_mixin.py:115} INFO - [2022-07-13 08:40:20,423] {dag.py:2972} INFO - Setting next_dagrun for example_dag_decorator to None, run_after=None
[2022-07-13 08:40:20,444] {processor.py:161} INFO - Processing /home/airflow/.local/lib/python3.7/site-packages/airflow/example_dags/example_dag_decorator.py took 0.169 seconds
[2022-07-13 08:40:51,160] {processor.py:153} INFO - Started process (PID=3381) to work on /home/airflow/.local/lib/python3.7/site-packages/airflow/example_dags/example_dag_decorator.py
[2022-07-13 08:40:51,163] {processor.py:641} INFO - Processing file /home/airflow/.local/lib/python3.7/site-packages/airflow/example_dags/example_dag_decorator.py for tasks to queue
[2022-07-13 08:40:51,165] {logging_mixin.py:115} INFO - [2022-07-13 08:40:51,165] {dagbag.py:508} INFO - Filling up the DagBag from /home/airflow/.local/lib/python3.7/site-packages/airflow/example_dags/example_dag_decorator.py
[2022-07-13 08:40:51,214] {processor.py:651} INFO - DAG(s) dict_keys(['example_dag_decorator']) retrieved from /home/airflow/.local/lib/python3.7/site-packages/airflow/example_dags/example_dag_decorator.py
[2022-07-13 08:40:51,321] {logging_mixin.py:115} INFO - [2022-07-13 08:40:51,321] {dag.py:2420} INFO - Sync 1 DAGs
[2022-07-13 08:40:51,359] {logging_mixin.py:115} INFO - [2022-07-13 08:40:51,359] {dag.py:2972} INFO - Setting next_dagrun for example_dag_decorator to None, run_after=None
[2022-07-13 08:40:51,384] {processor.py:161} INFO - Processing /home/airflow/.local/lib/python3.7/site-packages/airflow/example_dags/example_dag_decorator.py took 0.231 seconds
[2022-07-13 08:41:21,883] {processor.py:153} INFO - Started process (PID=3570) to work on /home/airflow/.local/lib/python3.7/site-packages/airflow/example_dags/example_dag_decorator.py
[2022-07-13 08:41:21,884] {processor.py:641} INFO - Processing file /home/airflow/.local/lib/python3.7/site-packages/airflow/example_dags/example_dag_decorator.py for tasks to queue
[2022-07-13 08:41:21,887] {logging_mixin.py:115} INFO - [2022-07-13 08:41:21,886] {dagbag.py:508} INFO - Filling up the DagBag from /home/airflow/.local/lib/python3.7/site-packages/airflow/example_dags/example_dag_decorator.py
[2022-07-13 08:41:21,925] {processor.py:651} INFO - DAG(s) dict_keys(['example_dag_decorator']) retrieved from /home/airflow/.local/lib/python3.7/site-packages/airflow/example_dags/example_dag_decorator.py
[2022-07-13 08:41:22,050] {logging_mixin.py:115} INFO - [2022-07-13 08:41:22,050] {dag.py:2420} INFO - Sync 1 DAGs
[2022-07-13 08:41:22,086] {logging_mixin.py:115} INFO - [2022-07-13 08:41:22,086] {dag.py:2972} INFO - Setting next_dagrun for example_dag_decorator to None, run_after=None
[2022-07-13 08:41:22,111] {processor.py:161} INFO - Processing /home/airflow/.local/lib/python3.7/site-packages/airflow/example_dags/example_dag_decorator.py took 0.233 seconds
[2022-07-13 08:41:52,390] {processor.py:153} INFO - Started process (PID=3769) to work on /home/airflow/.local/lib/python3.7/site-packages/airflow/example_dags/example_dag_decorator.py
[2022-07-13 08:41:52,392] {processor.py:641} INFO - Processing file /home/airflow/.local/lib/python3.7/site-packages/airflow/example_dags/example_dag_decorator.py for tasks to queue
[2022-07-13 08:41:52,395] {logging_mixin.py:115} INFO - [2022-07-13 08:41:52,395] {dagbag.py:508} INFO - Filling up the DagBag from /home/airflow/.local/lib/python3.7/site-packages/airflow/example_dags/example_dag_decorator.py
[2022-07-13 08:41:52,436] {processor.py:651} INFO - DAG(s) dict_keys(['example_dag_decorator']) retrieved from /home/airflow/.local/lib/python3.7/site-packages/airflow/example_dags/example_dag_decorator.py
[2022-07-13 08:41:52,485] {logging_mixin.py:115} INFO - [2022-07-13 08:41:52,485] {dag.py:2420} INFO - Sync 1 DAGs
[2022-07-13 08:41:52,526] {logging_mixin.py:115} INFO - [2022-07-13 08:41:52,526] {dag.py:2972} INFO - Setting next_dagrun for example_dag_decorator to None, run_after=None
[2022-07-13 08:41:52,550] {processor.py:161} INFO - Processing /home/airflow/.local/lib/python3.7/site-packages/airflow/example_dags/example_dag_decorator.py took 0.165 seconds
[2022-07-13 08:42:23,116] {processor.py:153} INFO - Started process (PID=3958) to work on /home/airflow/.local/lib/python3.7/site-packages/airflow/example_dags/example_dag_decorator.py
[2022-07-13 08:42:23,118] {processor.py:641} INFO - Processing file /home/airflow/.local/lib/python3.7/site-packages/airflow/example_dags/example_dag_decorator.py for tasks to queue
[2022-07-13 08:42:23,120] {logging_mixin.py:115} INFO - [2022-07-13 08:42:23,120] {dagbag.py:508} INFO - Filling up the DagBag from /home/airflow/.local/lib/python3.7/site-packages/airflow/example_dags/example_dag_decorator.py
[2022-07-13 08:42:23,164] {processor.py:651} INFO - DAG(s) dict_keys(['example_dag_decorator']) retrieved from /home/airflow/.local/lib/python3.7/site-packages/airflow/example_dags/example_dag_decorator.py
[2022-07-13 08:42:23,281] {logging_mixin.py:115} INFO - [2022-07-13 08:42:23,281] {dag.py:2420} INFO - Sync 1 DAGs
[2022-07-13 08:42:23,313] {logging_mixin.py:115} INFO - [2022-07-13 08:42:23,313] {dag.py:2972} INFO - Setting next_dagrun for example_dag_decorator to None, run_after=None
[2022-07-13 08:42:23,338] {processor.py:161} INFO - Processing /home/airflow/.local/lib/python3.7/site-packages/airflow/example_dags/example_dag_decorator.py took 0.227 seconds
[2022-07-13 08:42:54,399] {processor.py:153} INFO - Started process (PID=4156) to work on /home/airflow/.local/lib/python3.7/site-packages/airflow/example_dags/example_dag_decorator.py
[2022-07-13 08:42:54,401] {processor.py:641} INFO - Processing file /home/airflow/.local/lib/python3.7/site-packages/airflow/example_dags/example_dag_decorator.py for tasks to queue
[2022-07-13 08:42:54,403] {logging_mixin.py:115} INFO - [2022-07-13 08:42:54,403] {dagbag.py:508} INFO - Filling up the DagBag from /home/airflow/.local/lib/python3.7/site-packages/airflow/example_dags/example_dag_decorator.py
[2022-07-13 08:42:54,448] {processor.py:651} INFO - DAG(s) dict_keys(['example_dag_decorator']) retrieved from /home/airflow/.local/lib/python3.7/site-packages/airflow/example_dags/example_dag_decorator.py
[2022-07-13 08:42:54,607] {logging_mixin.py:115} INFO - [2022-07-13 08:42:54,607] {dag.py:2420} INFO - Sync 1 DAGs
[2022-07-13 08:42:54,649] {logging_mixin.py:115} INFO - [2022-07-13 08:42:54,649] {dag.py:2972} INFO - Setting next_dagrun for example_dag_decorator to None, run_after=None
[2022-07-13 08:42:54,675] {processor.py:161} INFO - Processing /home/airflow/.local/lib/python3.7/site-packages/airflow/example_dags/example_dag_decorator.py took 0.281 seconds
[2022-07-13 08:43:24,921] {processor.py:153} INFO - Started process (PID=4353) to work on /home/airflow/.local/lib/python3.7/site-packages/airflow/example_dags/example_dag_decorator.py
[2022-07-13 08:43:24,923] {processor.py:641} INFO - Processing file /home/airflow/.local/lib/python3.7/site-packages/airflow/example_dags/example_dag_decorator.py for tasks to queue
[2022-07-13 08:43:24,925] {logging_mixin.py:115} INFO - [2022-07-13 08:43:24,925] {dagbag.py:508} INFO - Filling up the DagBag from /home/airflow/.local/lib/python3.7/site-packages/airflow/example_dags/example_dag_decorator.py
[2022-07-13 08:43:24,972] {processor.py:651} INFO - DAG(s) dict_keys(['example_dag_decorator']) retrieved from /home/airflow/.local/lib/python3.7/site-packages/airflow/example_dags/example_dag_decorator.py
[2022-07-13 08:43:25,094] {logging_mixin.py:115} INFO - [2022-07-13 08:43:25,094] {dag.py:2420} INFO - Sync 1 DAGs
[2022-07-13 08:43:25,128] {logging_mixin.py:115} INFO - [2022-07-13 08:43:25,127] {dag.py:2972} INFO - Setting next_dagrun for example_dag_decorator to None, run_after=None
[2022-07-13 08:43:25,161] {processor.py:161} INFO - Processing /home/airflow/.local/lib/python3.7/site-packages/airflow/example_dags/example_dag_decorator.py took 0.246 seconds
[2022-07-13 08:43:55,601] {processor.py:153} INFO - Started process (PID=4544) to work on /home/airflow/.local/lib/python3.7/site-packages/airflow/example_dags/example_dag_decorator.py
[2022-07-13 08:43:55,604] {processor.py:641} INFO - Processing file /home/airflow/.local/lib/python3.7/site-packages/airflow/example_dags/example_dag_decorator.py for tasks to queue
[2022-07-13 08:43:55,607] {logging_mixin.py:115} INFO - [2022-07-13 08:43:55,606] {dagbag.py:508} INFO - Filling up the DagBag from /home/airflow/.local/lib/python3.7/site-packages/airflow/example_dags/example_dag_decorator.py
[2022-07-13 08:43:55,672] {processor.py:651} INFO - DAG(s) dict_keys(['example_dag_decorator']) retrieved from /home/airflow/.local/lib/python3.7/site-packages/airflow/example_dags/example_dag_decorator.py
[2022-07-13 08:43:55,848] {logging_mixin.py:115} INFO - [2022-07-13 08:43:55,847] {dag.py:2420} INFO - Sync 1 DAGs
[2022-07-13 08:43:55,894] {logging_mixin.py:115} INFO - [2022-07-13 08:43:55,893] {dag.py:2972} INFO - Setting next_dagrun for example_dag_decorator to None, run_after=None
[2022-07-13 08:43:55,933] {processor.py:161} INFO - Processing /home/airflow/.local/lib/python3.7/site-packages/airflow/example_dags/example_dag_decorator.py took 0.344 seconds
[2022-07-13 08:44:26,152] {processor.py:153} INFO - Started process (PID=4749) to work on /home/airflow/.local/lib/python3.7/site-packages/airflow/example_dags/example_dag_decorator.py
[2022-07-13 08:44:26,154] {processor.py:641} INFO - Processing file /home/airflow/.local/lib/python3.7/site-packages/airflow/example_dags/example_dag_decorator.py for tasks to queue
[2022-07-13 08:44:26,156] {logging_mixin.py:115} INFO - [2022-07-13 08:44:26,156] {dagbag.py:508} INFO - Filling up the DagBag from /home/airflow/.local/lib/python3.7/site-packages/airflow/example_dags/example_dag_decorator.py
[2022-07-13 08:44:26,208] {processor.py:651} INFO - DAG(s) dict_keys(['example_dag_decorator']) retrieved from /home/airflow/.local/lib/python3.7/site-packages/airflow/example_dags/example_dag_decorator.py
[2022-07-13 08:44:26,335] {logging_mixin.py:115} INFO - [2022-07-13 08:44:26,335] {dag.py:2420} INFO - Sync 1 DAGs
[2022-07-13 08:44:26,376] {logging_mixin.py:115} INFO - [2022-07-13 08:44:26,375] {dag.py:2972} INFO - Setting next_dagrun for example_dag_decorator to None, run_after=None
[2022-07-13 08:44:26,401] {processor.py:161} INFO - Processing /home/airflow/.local/lib/python3.7/site-packages/airflow/example_dags/example_dag_decorator.py took 0.256 seconds
[2022-07-13 08:44:56,601] {processor.py:153} INFO - Started process (PID=4936) to work on /home/airflow/.local/lib/python3.7/site-packages/airflow/example_dags/example_dag_decorator.py
[2022-07-13 08:44:56,604] {processor.py:641} INFO - Processing file /home/airflow/.local/lib/python3.7/site-packages/airflow/example_dags/example_dag_decorator.py for tasks to queue
[2022-07-13 08:44:56,605] {logging_mixin.py:115} INFO - [2022-07-13 08:44:56,605] {dagbag.py:508} INFO - Filling up the DagBag from /home/airflow/.local/lib/python3.7/site-packages/airflow/example_dags/example_dag_decorator.py
[2022-07-13 08:44:56,655] {processor.py:651} INFO - DAG(s) dict_keys(['example_dag_decorator']) retrieved from /home/airflow/.local/lib/python3.7/site-packages/airflow/example_dags/example_dag_decorator.py
[2022-07-13 08:44:56,788] {logging_mixin.py:115} INFO - [2022-07-13 08:44:56,788] {dag.py:2420} INFO - Sync 1 DAGs
[2022-07-13 08:44:56,824] {logging_mixin.py:115} INFO - [2022-07-13 08:44:56,823] {dag.py:2972} INFO - Setting next_dagrun for example_dag_decorator to None, run_after=None
[2022-07-13 08:44:56,852] {processor.py:161} INFO - Processing /home/airflow/.local/lib/python3.7/site-packages/airflow/example_dags/example_dag_decorator.py took 0.256 seconds
[2022-07-13 08:45:26,928] {processor.py:153} INFO - Started process (PID=5133) to work on /home/airflow/.local/lib/python3.7/site-packages/airflow/example_dags/example_dag_decorator.py
[2022-07-13 08:45:26,929] {processor.py:641} INFO - Processing file /home/airflow/.local/lib/python3.7/site-packages/airflow/example_dags/example_dag_decorator.py for tasks to queue
[2022-07-13 08:45:26,931] {logging_mixin.py:115} INFO - [2022-07-13 08:45:26,931] {dagbag.py:508} INFO - Filling up the DagBag from /home/airflow/.local/lib/python3.7/site-packages/airflow/example_dags/example_dag_decorator.py
[2022-07-13 08:45:26,981] {processor.py:651} INFO - DAG(s) dict_keys(['example_dag_decorator']) retrieved from /home/airflow/.local/lib/python3.7/site-packages/airflow/example_dags/example_dag_decorator.py
[2022-07-13 08:45:27,031] {logging_mixin.py:115} INFO - [2022-07-13 08:45:27,031] {dag.py:2420} INFO - Sync 1 DAGs
[2022-07-13 08:45:27,072] {logging_mixin.py:115} INFO - [2022-07-13 08:45:27,072] {dag.py:2972} INFO - Setting next_dagrun for example_dag_decorator to None, run_after=None
[2022-07-13 08:45:27,093] {processor.py:161} INFO - Processing /home/airflow/.local/lib/python3.7/site-packages/airflow/example_dags/example_dag_decorator.py took 0.172 seconds
[2022-07-13 08:45:57,709] {processor.py:153} INFO - Started process (PID=5317) to work on /home/airflow/.local/lib/python3.7/site-packages/airflow/example_dags/example_dag_decorator.py
[2022-07-13 08:45:57,711] {processor.py:641} INFO - Processing file /home/airflow/.local/lib/python3.7/site-packages/airflow/example_dags/example_dag_decorator.py for tasks to queue
[2022-07-13 08:45:57,714] {logging_mixin.py:115} INFO - [2022-07-13 08:45:57,714] {dagbag.py:508} INFO - Filling up the DagBag from /home/airflow/.local/lib/python3.7/site-packages/airflow/example_dags/example_dag_decorator.py
[2022-07-13 08:45:57,773] {processor.py:651} INFO - DAG(s) dict_keys(['example_dag_decorator']) retrieved from /home/airflow/.local/lib/python3.7/site-packages/airflow/example_dags/example_dag_decorator.py
[2022-07-13 08:45:57,939] {logging_mixin.py:115} INFO - [2022-07-13 08:45:57,938] {dag.py:2420} INFO - Sync 1 DAGs
[2022-07-13 08:45:58,008] {logging_mixin.py:115} INFO - [2022-07-13 08:45:58,007] {dag.py:2972} INFO - Setting next_dagrun for example_dag_decorator to None, run_after=None
[2022-07-13 08:45:58,049] {processor.py:161} INFO - Processing /home/airflow/.local/lib/python3.7/site-packages/airflow/example_dags/example_dag_decorator.py took 0.346 seconds
[2022-07-13 08:46:28,167] {processor.py:153} INFO - Started process (PID=5517) to work on /home/airflow/.local/lib/python3.7/site-packages/airflow/example_dags/example_dag_decorator.py
[2022-07-13 08:46:28,169] {processor.py:641} INFO - Processing file /home/airflow/.local/lib/python3.7/site-packages/airflow/example_dags/example_dag_decorator.py for tasks to queue
[2022-07-13 08:46:28,171] {logging_mixin.py:115} INFO - [2022-07-13 08:46:28,171] {dagbag.py:508} INFO - Filling up the DagBag from /home/airflow/.local/lib/python3.7/site-packages/airflow/example_dags/example_dag_decorator.py
[2022-07-13 08:46:28,218] {processor.py:651} INFO - DAG(s) dict_keys(['example_dag_decorator']) retrieved from /home/airflow/.local/lib/python3.7/site-packages/airflow/example_dags/example_dag_decorator.py
[2022-07-13 08:46:28,337] {logging_mixin.py:115} INFO - [2022-07-13 08:46:28,337] {dag.py:2420} INFO - Sync 1 DAGs
[2022-07-13 08:46:28,382] {logging_mixin.py:115} INFO - [2022-07-13 08:46:28,382] {dag.py:2972} INFO - Setting next_dagrun for example_dag_decorator to None, run_after=None
[2022-07-13 08:46:28,412] {processor.py:161} INFO - Processing /home/airflow/.local/lib/python3.7/site-packages/airflow/example_dags/example_dag_decorator.py took 0.252 seconds
[2022-07-13 08:46:58,742] {processor.py:153} INFO - Started process (PID=5703) to work on /home/airflow/.local/lib/python3.7/site-packages/airflow/example_dags/example_dag_decorator.py
[2022-07-13 08:46:58,744] {processor.py:641} INFO - Processing file /home/airflow/.local/lib/python3.7/site-packages/airflow/example_dags/example_dag_decorator.py for tasks to queue
[2022-07-13 08:46:58,747] {logging_mixin.py:115} INFO - [2022-07-13 08:46:58,746] {dagbag.py:508} INFO - Filling up the DagBag from /home/airflow/.local/lib/python3.7/site-packages/airflow/example_dags/example_dag_decorator.py
[2022-07-13 08:46:58,781] {processor.py:651} INFO - DAG(s) dict_keys(['example_dag_decorator']) retrieved from /home/airflow/.local/lib/python3.7/site-packages/airflow/example_dags/example_dag_decorator.py
[2022-07-13 08:46:58,885] {logging_mixin.py:115} INFO - [2022-07-13 08:46:58,885] {dag.py:2420} INFO - Sync 1 DAGs
[2022-07-13 08:46:58,914] {logging_mixin.py:115} INFO - [2022-07-13 08:46:58,914] {dag.py:2972} INFO - Setting next_dagrun for example_dag_decorator to None, run_after=None
[2022-07-13 08:46:58,936] {processor.py:161} INFO - Processing /home/airflow/.local/lib/python3.7/site-packages/airflow/example_dags/example_dag_decorator.py took 0.201 seconds
