[2022-07-13 08:30:14,283] {processor.py:153} INFO - Started process (PID=247) to work on /home/airflow/.local/lib/python3.7/site-packages/airflow/example_dags/example_short_circuit_operator.py
[2022-07-13 08:30:14,284] {processor.py:641} INFO - Processing file /home/airflow/.local/lib/python3.7/site-packages/airflow/example_dags/example_short_circuit_operator.py for tasks to queue
[2022-07-13 08:30:14,286] {logging_mixin.py:115} INFO - [2022-07-13 08:30:14,286] {dagbag.py:508} INFO - Filling up the DagBag from /home/airflow/.local/lib/python3.7/site-packages/airflow/example_dags/example_short_circuit_operator.py
[2022-07-13 08:30:14,304] {processor.py:651} INFO - DAG(s) dict_keys(['example_short_circuit_operator']) retrieved from /home/airflow/.local/lib/python3.7/site-packages/airflow/example_dags/example_short_circuit_operator.py
[2022-07-13 08:30:14,462] {logging_mixin.py:115} INFO - [2022-07-13 08:30:14,462] {manager.py:508} INFO - Created Permission View: can edit on DAG:example_short_circuit_operator
[2022-07-13 08:30:14,482] {logging_mixin.py:115} INFO - [2022-07-13 08:30:14,481] {manager.py:508} INFO - Created Permission View: can read on DAG:example_short_circuit_operator
[2022-07-13 08:30:14,498] {logging_mixin.py:115} INFO - [2022-07-13 08:30:14,498] {manager.py:508} INFO - Created Permission View: can delete on DAG:example_short_circuit_operator
[2022-07-13 08:30:14,500] {logging_mixin.py:115} INFO - [2022-07-13 08:30:14,500] {dag.py:2420} INFO - Sync 1 DAGs
[2022-07-13 08:30:14,513] {logging_mixin.py:115} INFO - [2022-07-13 08:30:14,513] {dag.py:2439} INFO - Creating ORM DAG for example_short_circuit_operator
[2022-07-13 08:30:14,530] {logging_mixin.py:115} INFO - [2022-07-13 08:30:14,530] {dag.py:2972} INFO - Setting next_dagrun for example_short_circuit_operator to 2022-07-12T08:30:14.530112+00:00, run_after=2022-07-13T08:30:14.530112+00:00
[2022-07-13 08:30:14,549] {processor.py:161} INFO - Processing /home/airflow/.local/lib/python3.7/site-packages/airflow/example_dags/example_short_circuit_operator.py took 0.272 seconds
[2022-07-13 08:30:44,942] {processor.py:153} INFO - Started process (PID=445) to work on /home/airflow/.local/lib/python3.7/site-packages/airflow/example_dags/example_short_circuit_operator.py
[2022-07-13 08:30:44,945] {processor.py:641} INFO - Processing file /home/airflow/.local/lib/python3.7/site-packages/airflow/example_dags/example_short_circuit_operator.py for tasks to queue
[2022-07-13 08:30:44,948] {logging_mixin.py:115} INFO - [2022-07-13 08:30:44,947] {dagbag.py:508} INFO - Filling up the DagBag from /home/airflow/.local/lib/python3.7/site-packages/airflow/example_dags/example_short_circuit_operator.py
[2022-07-13 08:30:44,964] {processor.py:651} INFO - DAG(s) dict_keys(['example_short_circuit_operator']) retrieved from /home/airflow/.local/lib/python3.7/site-packages/airflow/example_dags/example_short_circuit_operator.py
[2022-07-13 08:30:45,022] {logging_mixin.py:115} INFO - [2022-07-13 08:30:45,022] {dag.py:2420} INFO - Sync 1 DAGs
[2022-07-13 08:30:45,056] {logging_mixin.py:115} INFO - [2022-07-13 08:30:45,056] {dag.py:2972} INFO - Setting next_dagrun for example_short_circuit_operator to 2022-07-12T08:30:45.056033+00:00, run_after=2022-07-13T08:30:45.056033+00:00
[2022-07-13 08:30:45,078] {processor.py:161} INFO - Processing /home/airflow/.local/lib/python3.7/site-packages/airflow/example_dags/example_short_circuit_operator.py took 0.150 seconds
[2022-07-13 08:31:15,213] {processor.py:153} INFO - Started process (PID=634) to work on /home/airflow/.local/lib/python3.7/site-packages/airflow/example_dags/example_short_circuit_operator.py
[2022-07-13 08:31:15,215] {processor.py:641} INFO - Processing file /home/airflow/.local/lib/python3.7/site-packages/airflow/example_dags/example_short_circuit_operator.py for tasks to queue
[2022-07-13 08:31:15,216] {logging_mixin.py:115} INFO - [2022-07-13 08:31:15,216] {dagbag.py:508} INFO - Filling up the DagBag from /home/airflow/.local/lib/python3.7/site-packages/airflow/example_dags/example_short_circuit_operator.py
[2022-07-13 08:31:15,229] {processor.py:651} INFO - DAG(s) dict_keys(['example_short_circuit_operator']) retrieved from /home/airflow/.local/lib/python3.7/site-packages/airflow/example_dags/example_short_circuit_operator.py
[2022-07-13 08:31:15,271] {logging_mixin.py:115} INFO - [2022-07-13 08:31:15,270] {dag.py:2420} INFO - Sync 1 DAGs
[2022-07-13 08:31:15,301] {logging_mixin.py:115} INFO - [2022-07-13 08:31:15,301] {dag.py:2972} INFO - Setting next_dagrun for example_short_circuit_operator to 2022-07-12T08:31:15.300988+00:00, run_after=2022-07-13T08:31:15.300988+00:00
[2022-07-13 08:31:15,323] {processor.py:161} INFO - Processing /home/airflow/.local/lib/python3.7/site-packages/airflow/example_dags/example_short_circuit_operator.py took 0.114 seconds
[2022-07-13 08:31:45,658] {processor.py:153} INFO - Started process (PID=831) to work on /home/airflow/.local/lib/python3.7/site-packages/airflow/example_dags/example_short_circuit_operator.py
[2022-07-13 08:31:45,660] {processor.py:641} INFO - Processing file /home/airflow/.local/lib/python3.7/site-packages/airflow/example_dags/example_short_circuit_operator.py for tasks to queue
[2022-07-13 08:31:45,661] {logging_mixin.py:115} INFO - [2022-07-13 08:31:45,661] {dagbag.py:508} INFO - Filling up the DagBag from /home/airflow/.local/lib/python3.7/site-packages/airflow/example_dags/example_short_circuit_operator.py
[2022-07-13 08:31:45,674] {processor.py:651} INFO - DAG(s) dict_keys(['example_short_circuit_operator']) retrieved from /home/airflow/.local/lib/python3.7/site-packages/airflow/example_dags/example_short_circuit_operator.py
[2022-07-13 08:31:45,718] {logging_mixin.py:115} INFO - [2022-07-13 08:31:45,717] {dag.py:2420} INFO - Sync 1 DAGs
[2022-07-13 08:31:45,749] {logging_mixin.py:115} INFO - [2022-07-13 08:31:45,749] {dag.py:2972} INFO - Setting next_dagrun for example_short_circuit_operator to 2022-07-12T08:31:45.749108+00:00, run_after=2022-07-13T08:31:45.749108+00:00
[2022-07-13 08:31:45,772] {processor.py:161} INFO - Processing /home/airflow/.local/lib/python3.7/site-packages/airflow/example_dags/example_short_circuit_operator.py took 0.118 seconds
[2022-07-13 08:32:36,615] {processor.py:153} INFO - Started process (PID=240) to work on /home/airflow/.local/lib/python3.7/site-packages/airflow/example_dags/example_short_circuit_operator.py
[2022-07-13 08:32:36,618] {processor.py:641} INFO - Processing file /home/airflow/.local/lib/python3.7/site-packages/airflow/example_dags/example_short_circuit_operator.py for tasks to queue
[2022-07-13 08:32:36,620] {logging_mixin.py:115} INFO - [2022-07-13 08:32:36,619] {dagbag.py:508} INFO - Filling up the DagBag from /home/airflow/.local/lib/python3.7/site-packages/airflow/example_dags/example_short_circuit_operator.py
[2022-07-13 08:32:36,646] {processor.py:651} INFO - DAG(s) dict_keys(['example_short_circuit_operator']) retrieved from /home/airflow/.local/lib/python3.7/site-packages/airflow/example_dags/example_short_circuit_operator.py
[2022-07-13 08:32:36,692] {logging_mixin.py:115} INFO - [2022-07-13 08:32:36,691] {dag.py:2420} INFO - Sync 1 DAGs
[2022-07-13 08:32:36,724] {logging_mixin.py:115} INFO - [2022-07-13 08:32:36,724] {dag.py:2972} INFO - Setting next_dagrun for example_short_circuit_operator to 2022-07-12T08:32:36.724307+00:00, run_after=2022-07-13T08:32:36.724307+00:00
[2022-07-13 08:32:36,745] {processor.py:161} INFO - Processing /home/airflow/.local/lib/python3.7/site-packages/airflow/example_dags/example_short_circuit_operator.py took 0.137 seconds
[2022-07-13 08:33:07,807] {processor.py:153} INFO - Started process (PID=438) to work on /home/airflow/.local/lib/python3.7/site-packages/airflow/example_dags/example_short_circuit_operator.py
[2022-07-13 08:33:07,809] {processor.py:641} INFO - Processing file /home/airflow/.local/lib/python3.7/site-packages/airflow/example_dags/example_short_circuit_operator.py for tasks to queue
[2022-07-13 08:33:07,812] {logging_mixin.py:115} INFO - [2022-07-13 08:33:07,811] {dagbag.py:508} INFO - Filling up the DagBag from /home/airflow/.local/lib/python3.7/site-packages/airflow/example_dags/example_short_circuit_operator.py
[2022-07-13 08:33:07,845] {processor.py:651} INFO - DAG(s) dict_keys(['example_short_circuit_operator']) retrieved from /home/airflow/.local/lib/python3.7/site-packages/airflow/example_dags/example_short_circuit_operator.py
[2022-07-13 08:33:07,904] {logging_mixin.py:115} INFO - [2022-07-13 08:33:07,904] {dag.py:2420} INFO - Sync 1 DAGs
[2022-07-13 08:33:07,945] {logging_mixin.py:115} INFO - [2022-07-13 08:33:07,945] {dag.py:2972} INFO - Setting next_dagrun for example_short_circuit_operator to 2022-07-12T08:33:07.945250+00:00, run_after=2022-07-13T08:33:07.945250+00:00
[2022-07-13 08:33:07,967] {processor.py:161} INFO - Processing /home/airflow/.local/lib/python3.7/site-packages/airflow/example_dags/example_short_circuit_operator.py took 0.166 seconds
[2022-07-13 08:33:39,191] {processor.py:153} INFO - Started process (PID=635) to work on /home/airflow/.local/lib/python3.7/site-packages/airflow/example_dags/example_short_circuit_operator.py
[2022-07-13 08:33:39,193] {processor.py:641} INFO - Processing file /home/airflow/.local/lib/python3.7/site-packages/airflow/example_dags/example_short_circuit_operator.py for tasks to queue
[2022-07-13 08:33:39,196] {logging_mixin.py:115} INFO - [2022-07-13 08:33:39,196] {dagbag.py:508} INFO - Filling up the DagBag from /home/airflow/.local/lib/python3.7/site-packages/airflow/example_dags/example_short_circuit_operator.py
[2022-07-13 08:33:39,222] {processor.py:651} INFO - DAG(s) dict_keys(['example_short_circuit_operator']) retrieved from /home/airflow/.local/lib/python3.7/site-packages/airflow/example_dags/example_short_circuit_operator.py
[2022-07-13 08:33:39,324] {logging_mixin.py:115} INFO - [2022-07-13 08:33:39,321] {dag.py:2420} INFO - Sync 1 DAGs
[2022-07-13 08:33:39,396] {logging_mixin.py:115} INFO - [2022-07-13 08:33:39,395] {dag.py:2972} INFO - Setting next_dagrun for example_short_circuit_operator to 2022-07-12T08:33:39.395288+00:00, run_after=2022-07-13T08:33:39.395288+00:00
[2022-07-13 08:33:39,465] {processor.py:161} INFO - Processing /home/airflow/.local/lib/python3.7/site-packages/airflow/example_dags/example_short_circuit_operator.py took 0.283 seconds
[2022-07-13 08:34:09,722] {processor.py:153} INFO - Started process (PID=823) to work on /home/airflow/.local/lib/python3.7/site-packages/airflow/example_dags/example_short_circuit_operator.py
[2022-07-13 08:34:09,724] {processor.py:641} INFO - Processing file /home/airflow/.local/lib/python3.7/site-packages/airflow/example_dags/example_short_circuit_operator.py for tasks to queue
[2022-07-13 08:34:09,726] {logging_mixin.py:115} INFO - [2022-07-13 08:34:09,726] {dagbag.py:508} INFO - Filling up the DagBag from /home/airflow/.local/lib/python3.7/site-packages/airflow/example_dags/example_short_circuit_operator.py
[2022-07-13 08:34:09,741] {processor.py:651} INFO - DAG(s) dict_keys(['example_short_circuit_operator']) retrieved from /home/airflow/.local/lib/python3.7/site-packages/airflow/example_dags/example_short_circuit_operator.py
[2022-07-13 08:34:09,783] {logging_mixin.py:115} INFO - [2022-07-13 08:34:09,783] {dag.py:2420} INFO - Sync 1 DAGs
[2022-07-13 08:34:09,813] {logging_mixin.py:115} INFO - [2022-07-13 08:34:09,813] {dag.py:2972} INFO - Setting next_dagrun for example_short_circuit_operator to 2022-07-12T08:34:09.813348+00:00, run_after=2022-07-13T08:34:09.813348+00:00
[2022-07-13 08:34:09,839] {processor.py:161} INFO - Processing /home/airflow/.local/lib/python3.7/site-packages/airflow/example_dags/example_short_circuit_operator.py took 0.121 seconds
[2022-07-13 08:34:40,643] {processor.py:153} INFO - Started process (PID=1020) to work on /home/airflow/.local/lib/python3.7/site-packages/airflow/example_dags/example_short_circuit_operator.py
[2022-07-13 08:34:40,645] {processor.py:641} INFO - Processing file /home/airflow/.local/lib/python3.7/site-packages/airflow/example_dags/example_short_circuit_operator.py for tasks to queue
[2022-07-13 08:34:40,648] {logging_mixin.py:115} INFO - [2022-07-13 08:34:40,648] {dagbag.py:508} INFO - Filling up the DagBag from /home/airflow/.local/lib/python3.7/site-packages/airflow/example_dags/example_short_circuit_operator.py
[2022-07-13 08:34:40,682] {processor.py:651} INFO - DAG(s) dict_keys(['example_short_circuit_operator']) retrieved from /home/airflow/.local/lib/python3.7/site-packages/airflow/example_dags/example_short_circuit_operator.py
[2022-07-13 08:34:40,752] {logging_mixin.py:115} INFO - [2022-07-13 08:34:40,752] {dag.py:2420} INFO - Sync 1 DAGs
[2022-07-13 08:34:40,803] {logging_mixin.py:115} INFO - [2022-07-13 08:34:40,803] {dag.py:2972} INFO - Setting next_dagrun for example_short_circuit_operator to 2022-07-12T08:34:40.803424+00:00, run_after=2022-07-13T08:34:40.803424+00:00
[2022-07-13 08:34:40,831] {processor.py:161} INFO - Processing /home/airflow/.local/lib/python3.7/site-packages/airflow/example_dags/example_short_circuit_operator.py took 0.201 seconds
[2022-07-13 08:35:12,323] {processor.py:153} INFO - Started process (PID=1244) to work on /home/airflow/.local/lib/python3.7/site-packages/airflow/example_dags/example_short_circuit_operator.py
[2022-07-13 08:35:12,326] {processor.py:641} INFO - Processing file /home/airflow/.local/lib/python3.7/site-packages/airflow/example_dags/example_short_circuit_operator.py for tasks to queue
[2022-07-13 08:35:12,330] {logging_mixin.py:115} INFO - [2022-07-13 08:35:12,330] {dagbag.py:508} INFO - Filling up the DagBag from /home/airflow/.local/lib/python3.7/site-packages/airflow/example_dags/example_short_circuit_operator.py
[2022-07-13 08:35:12,342] {processor.py:651} INFO - DAG(s) dict_keys(['example_short_circuit_operator']) retrieved from /home/airflow/.local/lib/python3.7/site-packages/airflow/example_dags/example_short_circuit_operator.py
[2022-07-13 08:35:12,513] {logging_mixin.py:115} INFO - [2022-07-13 08:35:12,513] {dag.py:2420} INFO - Sync 1 DAGs
[2022-07-13 08:35:12,576] {logging_mixin.py:115} INFO - [2022-07-13 08:35:12,575] {dag.py:2972} INFO - Setting next_dagrun for example_short_circuit_operator to 2022-07-12T08:35:12.575196+00:00, run_after=2022-07-13T08:35:12.575196+00:00
[2022-07-13 08:35:12,613] {processor.py:161} INFO - Processing /home/airflow/.local/lib/python3.7/site-packages/airflow/example_dags/example_short_circuit_operator.py took 0.320 seconds
[2022-07-13 08:35:42,753] {processor.py:153} INFO - Started process (PID=1435) to work on /home/airflow/.local/lib/python3.7/site-packages/airflow/example_dags/example_short_circuit_operator.py
[2022-07-13 08:35:42,755] {processor.py:641} INFO - Processing file /home/airflow/.local/lib/python3.7/site-packages/airflow/example_dags/example_short_circuit_operator.py for tasks to queue
[2022-07-13 08:35:42,758] {logging_mixin.py:115} INFO - [2022-07-13 08:35:42,757] {dagbag.py:508} INFO - Filling up the DagBag from /home/airflow/.local/lib/python3.7/site-packages/airflow/example_dags/example_short_circuit_operator.py
[2022-07-13 08:35:42,774] {processor.py:651} INFO - DAG(s) dict_keys(['example_short_circuit_operator']) retrieved from /home/airflow/.local/lib/python3.7/site-packages/airflow/example_dags/example_short_circuit_operator.py
[2022-07-13 08:35:42,822] {logging_mixin.py:115} INFO - [2022-07-13 08:35:42,821] {dag.py:2420} INFO - Sync 1 DAGs
[2022-07-13 08:35:42,857] {logging_mixin.py:115} INFO - [2022-07-13 08:35:42,856] {dag.py:2972} INFO - Setting next_dagrun for example_short_circuit_operator to 2022-07-12T08:35:42.856631+00:00, run_after=2022-07-13T08:35:42.856631+00:00
[2022-07-13 08:35:42,878] {processor.py:161} INFO - Processing /home/airflow/.local/lib/python3.7/site-packages/airflow/example_dags/example_short_circuit_operator.py took 0.131 seconds
[2022-07-13 08:36:13,727] {processor.py:153} INFO - Started process (PID=1631) to work on /home/airflow/.local/lib/python3.7/site-packages/airflow/example_dags/example_short_circuit_operator.py
[2022-07-13 08:36:13,728] {processor.py:641} INFO - Processing file /home/airflow/.local/lib/python3.7/site-packages/airflow/example_dags/example_short_circuit_operator.py for tasks to queue
[2022-07-13 08:36:13,731] {logging_mixin.py:115} INFO - [2022-07-13 08:36:13,731] {dagbag.py:508} INFO - Filling up the DagBag from /home/airflow/.local/lib/python3.7/site-packages/airflow/example_dags/example_short_circuit_operator.py
[2022-07-13 08:36:13,749] {processor.py:651} INFO - DAG(s) dict_keys(['example_short_circuit_operator']) retrieved from /home/airflow/.local/lib/python3.7/site-packages/airflow/example_dags/example_short_circuit_operator.py
[2022-07-13 08:36:13,803] {logging_mixin.py:115} INFO - [2022-07-13 08:36:13,803] {dag.py:2420} INFO - Sync 1 DAGs
[2022-07-13 08:36:13,845] {logging_mixin.py:115} INFO - [2022-07-13 08:36:13,845] {dag.py:2972} INFO - Setting next_dagrun for example_short_circuit_operator to 2022-07-12T08:36:13.845069+00:00, run_after=2022-07-13T08:36:13.845069+00:00
[2022-07-13 08:36:13,869] {processor.py:161} INFO - Processing /home/airflow/.local/lib/python3.7/site-packages/airflow/example_dags/example_short_circuit_operator.py took 0.150 seconds
[2022-07-13 08:36:44,459] {processor.py:153} INFO - Started process (PID=1820) to work on /home/airflow/.local/lib/python3.7/site-packages/airflow/example_dags/example_short_circuit_operator.py
[2022-07-13 08:36:44,462] {processor.py:641} INFO - Processing file /home/airflow/.local/lib/python3.7/site-packages/airflow/example_dags/example_short_circuit_operator.py for tasks to queue
[2022-07-13 08:36:44,466] {logging_mixin.py:115} INFO - [2022-07-13 08:36:44,465] {dagbag.py:508} INFO - Filling up the DagBag from /home/airflow/.local/lib/python3.7/site-packages/airflow/example_dags/example_short_circuit_operator.py
[2022-07-13 08:36:44,487] {processor.py:651} INFO - DAG(s) dict_keys(['example_short_circuit_operator']) retrieved from /home/airflow/.local/lib/python3.7/site-packages/airflow/example_dags/example_short_circuit_operator.py
[2022-07-13 08:36:44,541] {logging_mixin.py:115} INFO - [2022-07-13 08:36:44,540] {dag.py:2420} INFO - Sync 1 DAGs
[2022-07-13 08:36:44,579] {logging_mixin.py:115} INFO - [2022-07-13 08:36:44,579] {dag.py:2972} INFO - Setting next_dagrun for example_short_circuit_operator to 2022-07-12T08:36:44.579070+00:00, run_after=2022-07-13T08:36:44.579070+00:00
[2022-07-13 08:36:44,602] {processor.py:161} INFO - Processing /home/airflow/.local/lib/python3.7/site-packages/airflow/example_dags/example_short_circuit_operator.py took 0.152 seconds
[2022-07-13 08:37:15,157] {processor.py:153} INFO - Started process (PID=2017) to work on /home/airflow/.local/lib/python3.7/site-packages/airflow/example_dags/example_short_circuit_operator.py
[2022-07-13 08:37:15,190] {processor.py:641} INFO - Processing file /home/airflow/.local/lib/python3.7/site-packages/airflow/example_dags/example_short_circuit_operator.py for tasks to queue
[2022-07-13 08:37:15,193] {logging_mixin.py:115} INFO - [2022-07-13 08:37:15,192] {dagbag.py:508} INFO - Filling up the DagBag from /home/airflow/.local/lib/python3.7/site-packages/airflow/example_dags/example_short_circuit_operator.py
[2022-07-13 08:37:15,214] {processor.py:651} INFO - DAG(s) dict_keys(['example_short_circuit_operator']) retrieved from /home/airflow/.local/lib/python3.7/site-packages/airflow/example_dags/example_short_circuit_operator.py
[2022-07-13 08:37:15,266] {logging_mixin.py:115} INFO - [2022-07-13 08:37:15,266] {dag.py:2420} INFO - Sync 1 DAGs
[2022-07-13 08:37:15,307] {logging_mixin.py:115} INFO - [2022-07-13 08:37:15,307] {dag.py:2972} INFO - Setting next_dagrun for example_short_circuit_operator to 2022-07-12T08:37:15.307186+00:00, run_after=2022-07-13T08:37:15.307186+00:00
[2022-07-13 08:37:15,331] {processor.py:161} INFO - Processing /home/airflow/.local/lib/python3.7/site-packages/airflow/example_dags/example_short_circuit_operator.py took 0.180 seconds
[2022-07-13 08:37:45,899] {processor.py:153} INFO - Started process (PID=2205) to work on /home/airflow/.local/lib/python3.7/site-packages/airflow/example_dags/example_short_circuit_operator.py
[2022-07-13 08:37:45,901] {processor.py:641} INFO - Processing file /home/airflow/.local/lib/python3.7/site-packages/airflow/example_dags/example_short_circuit_operator.py for tasks to queue
[2022-07-13 08:37:45,903] {logging_mixin.py:115} INFO - [2022-07-13 08:37:45,903] {dagbag.py:508} INFO - Filling up the DagBag from /home/airflow/.local/lib/python3.7/site-packages/airflow/example_dags/example_short_circuit_operator.py
[2022-07-13 08:37:45,922] {processor.py:651} INFO - DAG(s) dict_keys(['example_short_circuit_operator']) retrieved from /home/airflow/.local/lib/python3.7/site-packages/airflow/example_dags/example_short_circuit_operator.py
[2022-07-13 08:37:45,971] {logging_mixin.py:115} INFO - [2022-07-13 08:37:45,971] {dag.py:2420} INFO - Sync 1 DAGs
[2022-07-13 08:37:46,018] {logging_mixin.py:115} INFO - [2022-07-13 08:37:46,017] {dag.py:2972} INFO - Setting next_dagrun for example_short_circuit_operator to 2022-07-12T08:37:46.017177+00:00, run_after=2022-07-13T08:37:46.017177+00:00
[2022-07-13 08:37:46,047] {processor.py:161} INFO - Processing /home/airflow/.local/lib/python3.7/site-packages/airflow/example_dags/example_short_circuit_operator.py took 0.153 seconds
[2022-07-13 08:38:16,691] {processor.py:153} INFO - Started process (PID=2403) to work on /home/airflow/.local/lib/python3.7/site-packages/airflow/example_dags/example_short_circuit_operator.py
[2022-07-13 08:38:16,695] {processor.py:641} INFO - Processing file /home/airflow/.local/lib/python3.7/site-packages/airflow/example_dags/example_short_circuit_operator.py for tasks to queue
[2022-07-13 08:38:16,697] {logging_mixin.py:115} INFO - [2022-07-13 08:38:16,697] {dagbag.py:508} INFO - Filling up the DagBag from /home/airflow/.local/lib/python3.7/site-packages/airflow/example_dags/example_short_circuit_operator.py
[2022-07-13 08:38:16,725] {processor.py:651} INFO - DAG(s) dict_keys(['example_short_circuit_operator']) retrieved from /home/airflow/.local/lib/python3.7/site-packages/airflow/example_dags/example_short_circuit_operator.py
[2022-07-13 08:38:16,782] {logging_mixin.py:115} INFO - [2022-07-13 08:38:16,782] {dag.py:2420} INFO - Sync 1 DAGs
[2022-07-13 08:38:16,827] {logging_mixin.py:115} INFO - [2022-07-13 08:38:16,827] {dag.py:2972} INFO - Setting next_dagrun for example_short_circuit_operator to 2022-07-12T08:38:16.827329+00:00, run_after=2022-07-13T08:38:16.827329+00:00
[2022-07-13 08:38:16,847] {processor.py:161} INFO - Processing /home/airflow/.local/lib/python3.7/site-packages/airflow/example_dags/example_short_circuit_operator.py took 0.161 seconds
[2022-07-13 08:38:47,331] {processor.py:153} INFO - Started process (PID=2591) to work on /home/airflow/.local/lib/python3.7/site-packages/airflow/example_dags/example_short_circuit_operator.py
[2022-07-13 08:38:47,333] {processor.py:641} INFO - Processing file /home/airflow/.local/lib/python3.7/site-packages/airflow/example_dags/example_short_circuit_operator.py for tasks to queue
[2022-07-13 08:38:47,334] {logging_mixin.py:115} INFO - [2022-07-13 08:38:47,334] {dagbag.py:508} INFO - Filling up the DagBag from /home/airflow/.local/lib/python3.7/site-packages/airflow/example_dags/example_short_circuit_operator.py
[2022-07-13 08:38:47,351] {processor.py:651} INFO - DAG(s) dict_keys(['example_short_circuit_operator']) retrieved from /home/airflow/.local/lib/python3.7/site-packages/airflow/example_dags/example_short_circuit_operator.py
[2022-07-13 08:38:47,400] {logging_mixin.py:115} INFO - [2022-07-13 08:38:47,400] {dag.py:2420} INFO - Sync 1 DAGs
[2022-07-13 08:38:47,457] {logging_mixin.py:115} INFO - [2022-07-13 08:38:47,456] {dag.py:2972} INFO - Setting next_dagrun for example_short_circuit_operator to 2022-07-12T08:38:47.456078+00:00, run_after=2022-07-13T08:38:47.456078+00:00
[2022-07-13 08:38:47,481] {processor.py:161} INFO - Processing /home/airflow/.local/lib/python3.7/site-packages/airflow/example_dags/example_short_circuit_operator.py took 0.155 seconds
[2022-07-13 08:39:18,103] {processor.py:153} INFO - Started process (PID=2789) to work on /home/airflow/.local/lib/python3.7/site-packages/airflow/example_dags/example_short_circuit_operator.py
[2022-07-13 08:39:18,105] {processor.py:641} INFO - Processing file /home/airflow/.local/lib/python3.7/site-packages/airflow/example_dags/example_short_circuit_operator.py for tasks to queue
[2022-07-13 08:39:18,109] {logging_mixin.py:115} INFO - [2022-07-13 08:39:18,109] {dagbag.py:508} INFO - Filling up the DagBag from /home/airflow/.local/lib/python3.7/site-packages/airflow/example_dags/example_short_circuit_operator.py
[2022-07-13 08:39:18,130] {processor.py:651} INFO - DAG(s) dict_keys(['example_short_circuit_operator']) retrieved from /home/airflow/.local/lib/python3.7/site-packages/airflow/example_dags/example_short_circuit_operator.py
[2022-07-13 08:39:18,192] {logging_mixin.py:115} INFO - [2022-07-13 08:39:18,192] {dag.py:2420} INFO - Sync 1 DAGs
[2022-07-13 08:39:18,245] {logging_mixin.py:115} INFO - [2022-07-13 08:39:18,245] {dag.py:2972} INFO - Setting next_dagrun for example_short_circuit_operator to 2022-07-12T08:39:18.245114+00:00, run_after=2022-07-13T08:39:18.245114+00:00
[2022-07-13 08:39:18,274] {processor.py:161} INFO - Processing /home/airflow/.local/lib/python3.7/site-packages/airflow/example_dags/example_short_circuit_operator.py took 0.177 seconds
[2022-07-13 08:39:49,077] {processor.py:153} INFO - Started process (PID=2985) to work on /home/airflow/.local/lib/python3.7/site-packages/airflow/example_dags/example_short_circuit_operator.py
[2022-07-13 08:39:49,079] {processor.py:641} INFO - Processing file /home/airflow/.local/lib/python3.7/site-packages/airflow/example_dags/example_short_circuit_operator.py for tasks to queue
[2022-07-13 08:39:49,081] {logging_mixin.py:115} INFO - [2022-07-13 08:39:49,081] {dagbag.py:508} INFO - Filling up the DagBag from /home/airflow/.local/lib/python3.7/site-packages/airflow/example_dags/example_short_circuit_operator.py
[2022-07-13 08:39:49,099] {processor.py:651} INFO - DAG(s) dict_keys(['example_short_circuit_operator']) retrieved from /home/airflow/.local/lib/python3.7/site-packages/airflow/example_dags/example_short_circuit_operator.py
[2022-07-13 08:39:49,158] {logging_mixin.py:115} INFO - [2022-07-13 08:39:49,158] {dag.py:2420} INFO - Sync 1 DAGs
[2022-07-13 08:39:49,199] {logging_mixin.py:115} INFO - [2022-07-13 08:39:49,199] {dag.py:2972} INFO - Setting next_dagrun for example_short_circuit_operator to 2022-07-12T08:39:49.199033+00:00, run_after=2022-07-13T08:39:49.199033+00:00
[2022-07-13 08:39:49,220] {processor.py:161} INFO - Processing /home/airflow/.local/lib/python3.7/site-packages/airflow/example_dags/example_short_circuit_operator.py took 0.148 seconds
[2022-07-13 08:40:20,071] {processor.py:153} INFO - Started process (PID=3173) to work on /home/airflow/.local/lib/python3.7/site-packages/airflow/example_dags/example_short_circuit_operator.py
[2022-07-13 08:40:20,072] {processor.py:641} INFO - Processing file /home/airflow/.local/lib/python3.7/site-packages/airflow/example_dags/example_short_circuit_operator.py for tasks to queue
[2022-07-13 08:40:20,074] {logging_mixin.py:115} INFO - [2022-07-13 08:40:20,074] {dagbag.py:508} INFO - Filling up the DagBag from /home/airflow/.local/lib/python3.7/site-packages/airflow/example_dags/example_short_circuit_operator.py
[2022-07-13 08:40:20,089] {processor.py:651} INFO - DAG(s) dict_keys(['example_short_circuit_operator']) retrieved from /home/airflow/.local/lib/python3.7/site-packages/airflow/example_dags/example_short_circuit_operator.py
[2022-07-13 08:40:20,136] {logging_mixin.py:115} INFO - [2022-07-13 08:40:20,135] {dag.py:2420} INFO - Sync 1 DAGs
[2022-07-13 08:40:20,174] {logging_mixin.py:115} INFO - [2022-07-13 08:40:20,174] {dag.py:2972} INFO - Setting next_dagrun for example_short_circuit_operator to 2022-07-12T08:40:20.173898+00:00, run_after=2022-07-13T08:40:20.173898+00:00
[2022-07-13 08:40:20,194] {processor.py:161} INFO - Processing /home/airflow/.local/lib/python3.7/site-packages/airflow/example_dags/example_short_circuit_operator.py took 0.129 seconds
[2022-07-13 08:40:50,960] {processor.py:153} INFO - Started process (PID=3371) to work on /home/airflow/.local/lib/python3.7/site-packages/airflow/example_dags/example_short_circuit_operator.py
[2022-07-13 08:40:50,963] {processor.py:641} INFO - Processing file /home/airflow/.local/lib/python3.7/site-packages/airflow/example_dags/example_short_circuit_operator.py for tasks to queue
[2022-07-13 08:40:50,966] {logging_mixin.py:115} INFO - [2022-07-13 08:40:50,966] {dagbag.py:508} INFO - Filling up the DagBag from /home/airflow/.local/lib/python3.7/site-packages/airflow/example_dags/example_short_circuit_operator.py
[2022-07-13 08:40:50,984] {processor.py:651} INFO - DAG(s) dict_keys(['example_short_circuit_operator']) retrieved from /home/airflow/.local/lib/python3.7/site-packages/airflow/example_dags/example_short_circuit_operator.py
[2022-07-13 08:40:51,046] {logging_mixin.py:115} INFO - [2022-07-13 08:40:51,046] {dag.py:2420} INFO - Sync 1 DAGs
[2022-07-13 08:40:51,082] {logging_mixin.py:115} INFO - [2022-07-13 08:40:51,082] {dag.py:2972} INFO - Setting next_dagrun for example_short_circuit_operator to 2022-07-12T08:40:51.082226+00:00, run_after=2022-07-13T08:40:51.082226+00:00
[2022-07-13 08:40:51,108] {processor.py:161} INFO - Processing /home/airflow/.local/lib/python3.7/site-packages/airflow/example_dags/example_short_circuit_operator.py took 0.157 seconds
[2022-07-13 08:41:21,699] {processor.py:153} INFO - Started process (PID=3560) to work on /home/airflow/.local/lib/python3.7/site-packages/airflow/example_dags/example_short_circuit_operator.py
[2022-07-13 08:41:21,701] {processor.py:641} INFO - Processing file /home/airflow/.local/lib/python3.7/site-packages/airflow/example_dags/example_short_circuit_operator.py for tasks to queue
[2022-07-13 08:41:21,705] {logging_mixin.py:115} INFO - [2022-07-13 08:41:21,704] {dagbag.py:508} INFO - Filling up the DagBag from /home/airflow/.local/lib/python3.7/site-packages/airflow/example_dags/example_short_circuit_operator.py
[2022-07-13 08:41:21,727] {processor.py:651} INFO - DAG(s) dict_keys(['example_short_circuit_operator']) retrieved from /home/airflow/.local/lib/python3.7/site-packages/airflow/example_dags/example_short_circuit_operator.py
[2022-07-13 08:41:21,776] {logging_mixin.py:115} INFO - [2022-07-13 08:41:21,776] {dag.py:2420} INFO - Sync 1 DAGs
[2022-07-13 08:41:21,818] {logging_mixin.py:115} INFO - [2022-07-13 08:41:21,818] {dag.py:2972} INFO - Setting next_dagrun for example_short_circuit_operator to 2022-07-12T08:41:21.818200+00:00, run_after=2022-07-13T08:41:21.818200+00:00
[2022-07-13 08:41:21,840] {processor.py:161} INFO - Processing /home/airflow/.local/lib/python3.7/site-packages/airflow/example_dags/example_short_circuit_operator.py took 0.151 seconds
[2022-07-13 08:41:52,189] {processor.py:153} INFO - Started process (PID=3759) to work on /home/airflow/.local/lib/python3.7/site-packages/airflow/example_dags/example_short_circuit_operator.py
[2022-07-13 08:41:52,190] {processor.py:641} INFO - Processing file /home/airflow/.local/lib/python3.7/site-packages/airflow/example_dags/example_short_circuit_operator.py for tasks to queue
[2022-07-13 08:41:52,192] {logging_mixin.py:115} INFO - [2022-07-13 08:41:52,192] {dagbag.py:508} INFO - Filling up the DagBag from /home/airflow/.local/lib/python3.7/site-packages/airflow/example_dags/example_short_circuit_operator.py
[2022-07-13 08:41:52,209] {processor.py:651} INFO - DAG(s) dict_keys(['example_short_circuit_operator']) retrieved from /home/airflow/.local/lib/python3.7/site-packages/airflow/example_dags/example_short_circuit_operator.py
[2022-07-13 08:41:52,267] {logging_mixin.py:115} INFO - [2022-07-13 08:41:52,267] {dag.py:2420} INFO - Sync 1 DAGs
[2022-07-13 08:41:52,313] {logging_mixin.py:115} INFO - [2022-07-13 08:41:52,312] {dag.py:2972} INFO - Setting next_dagrun for example_short_circuit_operator to 2022-07-12T08:41:52.311987+00:00, run_after=2022-07-13T08:41:52.311987+00:00
[2022-07-13 08:41:52,334] {processor.py:161} INFO - Processing /home/airflow/.local/lib/python3.7/site-packages/airflow/example_dags/example_short_circuit_operator.py took 0.152 seconds
[2022-07-13 08:42:22,908] {processor.py:153} INFO - Started process (PID=3948) to work on /home/airflow/.local/lib/python3.7/site-packages/airflow/example_dags/example_short_circuit_operator.py
[2022-07-13 08:42:22,909] {processor.py:641} INFO - Processing file /home/airflow/.local/lib/python3.7/site-packages/airflow/example_dags/example_short_circuit_operator.py for tasks to queue
[2022-07-13 08:42:22,912] {logging_mixin.py:115} INFO - [2022-07-13 08:42:22,912] {dagbag.py:508} INFO - Filling up the DagBag from /home/airflow/.local/lib/python3.7/site-packages/airflow/example_dags/example_short_circuit_operator.py
[2022-07-13 08:42:22,930] {processor.py:651} INFO - DAG(s) dict_keys(['example_short_circuit_operator']) retrieved from /home/airflow/.local/lib/python3.7/site-packages/airflow/example_dags/example_short_circuit_operator.py
[2022-07-13 08:42:22,979] {logging_mixin.py:115} INFO - [2022-07-13 08:42:22,979] {dag.py:2420} INFO - Sync 1 DAGs
[2022-07-13 08:42:23,042] {logging_mixin.py:115} INFO - [2022-07-13 08:42:23,042] {dag.py:2972} INFO - Setting next_dagrun for example_short_circuit_operator to 2022-07-12T08:42:23.042057+00:00, run_after=2022-07-13T08:42:23.042057+00:00
[2022-07-13 08:42:23,067] {processor.py:161} INFO - Processing /home/airflow/.local/lib/python3.7/site-packages/airflow/example_dags/example_short_circuit_operator.py took 0.166 seconds
[2022-07-13 08:42:54,194] {processor.py:153} INFO - Started process (PID=4148) to work on /home/airflow/.local/lib/python3.7/site-packages/airflow/example_dags/example_short_circuit_operator.py
[2022-07-13 08:42:54,196] {processor.py:641} INFO - Processing file /home/airflow/.local/lib/python3.7/site-packages/airflow/example_dags/example_short_circuit_operator.py for tasks to queue
[2022-07-13 08:42:54,199] {logging_mixin.py:115} INFO - [2022-07-13 08:42:54,199] {dagbag.py:508} INFO - Filling up the DagBag from /home/airflow/.local/lib/python3.7/site-packages/airflow/example_dags/example_short_circuit_operator.py
[2022-07-13 08:42:54,222] {processor.py:651} INFO - DAG(s) dict_keys(['example_short_circuit_operator']) retrieved from /home/airflow/.local/lib/python3.7/site-packages/airflow/example_dags/example_short_circuit_operator.py
[2022-07-13 08:42:54,273] {logging_mixin.py:115} INFO - [2022-07-13 08:42:54,272] {dag.py:2420} INFO - Sync 1 DAGs
[2022-07-13 08:42:54,311] {logging_mixin.py:115} INFO - [2022-07-13 08:42:54,311] {dag.py:2972} INFO - Setting next_dagrun for example_short_circuit_operator to 2022-07-12T08:42:54.311325+00:00, run_after=2022-07-13T08:42:54.311325+00:00
[2022-07-13 08:42:54,332] {processor.py:161} INFO - Processing /home/airflow/.local/lib/python3.7/site-packages/airflow/example_dags/example_short_circuit_operator.py took 0.145 seconds
[2022-07-13 08:43:24,717] {processor.py:153} INFO - Started process (PID=4345) to work on /home/airflow/.local/lib/python3.7/site-packages/airflow/example_dags/example_short_circuit_operator.py
[2022-07-13 08:43:24,719] {processor.py:641} INFO - Processing file /home/airflow/.local/lib/python3.7/site-packages/airflow/example_dags/example_short_circuit_operator.py for tasks to queue
[2022-07-13 08:43:24,721] {logging_mixin.py:115} INFO - [2022-07-13 08:43:24,721] {dagbag.py:508} INFO - Filling up the DagBag from /home/airflow/.local/lib/python3.7/site-packages/airflow/example_dags/example_short_circuit_operator.py
[2022-07-13 08:43:24,739] {processor.py:651} INFO - DAG(s) dict_keys(['example_short_circuit_operator']) retrieved from /home/airflow/.local/lib/python3.7/site-packages/airflow/example_dags/example_short_circuit_operator.py
[2022-07-13 08:43:24,795] {logging_mixin.py:115} INFO - [2022-07-13 08:43:24,795] {dag.py:2420} INFO - Sync 1 DAGs
[2022-07-13 08:43:24,843] {logging_mixin.py:115} INFO - [2022-07-13 08:43:24,843] {dag.py:2972} INFO - Setting next_dagrun for example_short_circuit_operator to 2022-07-12T08:43:24.842826+00:00, run_after=2022-07-13T08:43:24.842826+00:00
[2022-07-13 08:43:24,867] {processor.py:161} INFO - Processing /home/airflow/.local/lib/python3.7/site-packages/airflow/example_dags/example_short_circuit_operator.py took 0.156 seconds
[2022-07-13 08:43:55,245] {processor.py:153} INFO - Started process (PID=4534) to work on /home/airflow/.local/lib/python3.7/site-packages/airflow/example_dags/example_short_circuit_operator.py
[2022-07-13 08:43:55,249] {processor.py:641} INFO - Processing file /home/airflow/.local/lib/python3.7/site-packages/airflow/example_dags/example_short_circuit_operator.py for tasks to queue
[2022-07-13 08:43:55,255] {logging_mixin.py:115} INFO - [2022-07-13 08:43:55,255] {dagbag.py:508} INFO - Filling up the DagBag from /home/airflow/.local/lib/python3.7/site-packages/airflow/example_dags/example_short_circuit_operator.py
[2022-07-13 08:43:55,295] {processor.py:651} INFO - DAG(s) dict_keys(['example_short_circuit_operator']) retrieved from /home/airflow/.local/lib/python3.7/site-packages/airflow/example_dags/example_short_circuit_operator.py
[2022-07-13 08:43:55,385] {logging_mixin.py:115} INFO - [2022-07-13 08:43:55,384] {dag.py:2420} INFO - Sync 1 DAGs
[2022-07-13 08:43:55,467] {logging_mixin.py:115} INFO - [2022-07-13 08:43:55,467] {dag.py:2972} INFO - Setting next_dagrun for example_short_circuit_operator to 2022-07-12T08:43:55.467209+00:00, run_after=2022-07-13T08:43:55.467209+00:00
[2022-07-13 08:43:55,521] {processor.py:161} INFO - Processing /home/airflow/.local/lib/python3.7/site-packages/airflow/example_dags/example_short_circuit_operator.py took 0.284 seconds
[2022-07-13 08:44:25,608] {processor.py:153} INFO - Started process (PID=4730) to work on /home/airflow/.local/lib/python3.7/site-packages/airflow/example_dags/example_short_circuit_operator.py
[2022-07-13 08:44:25,609] {processor.py:641} INFO - Processing file /home/airflow/.local/lib/python3.7/site-packages/airflow/example_dags/example_short_circuit_operator.py for tasks to queue
[2022-07-13 08:44:25,611] {logging_mixin.py:115} INFO - [2022-07-13 08:44:25,611] {dagbag.py:508} INFO - Filling up the DagBag from /home/airflow/.local/lib/python3.7/site-packages/airflow/example_dags/example_short_circuit_operator.py
[2022-07-13 08:44:25,628] {processor.py:651} INFO - DAG(s) dict_keys(['example_short_circuit_operator']) retrieved from /home/airflow/.local/lib/python3.7/site-packages/airflow/example_dags/example_short_circuit_operator.py
[2022-07-13 08:44:25,679] {logging_mixin.py:115} INFO - [2022-07-13 08:44:25,679] {dag.py:2420} INFO - Sync 1 DAGs
[2022-07-13 08:44:25,717] {logging_mixin.py:115} INFO - [2022-07-13 08:44:25,717] {dag.py:2972} INFO - Setting next_dagrun for example_short_circuit_operator to 2022-07-12T08:44:25.716955+00:00, run_after=2022-07-13T08:44:25.716955+00:00
[2022-07-13 08:44:25,737] {processor.py:161} INFO - Processing /home/airflow/.local/lib/python3.7/site-packages/airflow/example_dags/example_short_circuit_operator.py took 0.135 seconds
[2022-07-13 08:44:56,224] {processor.py:153} INFO - Started process (PID=4923) to work on /home/airflow/.local/lib/python3.7/site-packages/airflow/example_dags/example_short_circuit_operator.py
[2022-07-13 08:44:56,226] {processor.py:641} INFO - Processing file /home/airflow/.local/lib/python3.7/site-packages/airflow/example_dags/example_short_circuit_operator.py for tasks to queue
[2022-07-13 08:44:56,229] {logging_mixin.py:115} INFO - [2022-07-13 08:44:56,228] {dagbag.py:508} INFO - Filling up the DagBag from /home/airflow/.local/lib/python3.7/site-packages/airflow/example_dags/example_short_circuit_operator.py
[2022-07-13 08:44:56,247] {processor.py:651} INFO - DAG(s) dict_keys(['example_short_circuit_operator']) retrieved from /home/airflow/.local/lib/python3.7/site-packages/airflow/example_dags/example_short_circuit_operator.py
[2022-07-13 08:44:56,298] {logging_mixin.py:115} INFO - [2022-07-13 08:44:56,297] {dag.py:2420} INFO - Sync 1 DAGs
[2022-07-13 08:44:56,334] {logging_mixin.py:115} INFO - [2022-07-13 08:44:56,334] {dag.py:2972} INFO - Setting next_dagrun for example_short_circuit_operator to 2022-07-12T08:44:56.334133+00:00, run_after=2022-07-13T08:44:56.334133+00:00
[2022-07-13 08:44:56,358] {processor.py:161} INFO - Processing /home/airflow/.local/lib/python3.7/site-packages/airflow/example_dags/example_short_circuit_operator.py took 0.138 seconds
[2022-07-13 08:45:26,545] {processor.py:153} INFO - Started process (PID=5120) to work on /home/airflow/.local/lib/python3.7/site-packages/airflow/example_dags/example_short_circuit_operator.py
[2022-07-13 08:45:26,548] {processor.py:641} INFO - Processing file /home/airflow/.local/lib/python3.7/site-packages/airflow/example_dags/example_short_circuit_operator.py for tasks to queue
[2022-07-13 08:45:26,550] {logging_mixin.py:115} INFO - [2022-07-13 08:45:26,550] {dagbag.py:508} INFO - Filling up the DagBag from /home/airflow/.local/lib/python3.7/site-packages/airflow/example_dags/example_short_circuit_operator.py
[2022-07-13 08:45:26,565] {processor.py:651} INFO - DAG(s) dict_keys(['example_short_circuit_operator']) retrieved from /home/airflow/.local/lib/python3.7/site-packages/airflow/example_dags/example_short_circuit_operator.py
[2022-07-13 08:45:26,612] {logging_mixin.py:115} INFO - [2022-07-13 08:45:26,612] {dag.py:2420} INFO - Sync 1 DAGs
[2022-07-13 08:45:26,649] {logging_mixin.py:115} INFO - [2022-07-13 08:45:26,649] {dag.py:2972} INFO - Setting next_dagrun for example_short_circuit_operator to 2022-07-12T08:45:26.649355+00:00, run_after=2022-07-13T08:45:26.649355+00:00
[2022-07-13 08:45:26,672] {processor.py:161} INFO - Processing /home/airflow/.local/lib/python3.7/site-packages/airflow/example_dags/example_short_circuit_operator.py took 0.133 seconds
[2022-07-13 08:45:57,394] {processor.py:153} INFO - Started process (PID=5307) to work on /home/airflow/.local/lib/python3.7/site-packages/airflow/example_dags/example_short_circuit_operator.py
[2022-07-13 08:45:57,397] {processor.py:641} INFO - Processing file /home/airflow/.local/lib/python3.7/site-packages/airflow/example_dags/example_short_circuit_operator.py for tasks to queue
[2022-07-13 08:45:57,400] {logging_mixin.py:115} INFO - [2022-07-13 08:45:57,400] {dagbag.py:508} INFO - Filling up the DagBag from /home/airflow/.local/lib/python3.7/site-packages/airflow/example_dags/example_short_circuit_operator.py
[2022-07-13 08:45:57,421] {processor.py:651} INFO - DAG(s) dict_keys(['example_short_circuit_operator']) retrieved from /home/airflow/.local/lib/python3.7/site-packages/airflow/example_dags/example_short_circuit_operator.py
[2022-07-13 08:45:57,509] {logging_mixin.py:115} INFO - [2022-07-13 08:45:57,509] {dag.py:2420} INFO - Sync 1 DAGs
[2022-07-13 08:45:57,605] {logging_mixin.py:115} INFO - [2022-07-13 08:45:57,604] {dag.py:2972} INFO - Setting next_dagrun for example_short_circuit_operator to 2022-07-12T08:45:57.603879+00:00, run_after=2022-07-13T08:45:57.603879+00:00
[2022-07-13 08:45:57,635] {processor.py:161} INFO - Processing /home/airflow/.local/lib/python3.7/site-packages/airflow/example_dags/example_short_circuit_operator.py took 0.248 seconds
[2022-07-13 08:46:27,761] {processor.py:153} INFO - Started process (PID=5505) to work on /home/airflow/.local/lib/python3.7/site-packages/airflow/example_dags/example_short_circuit_operator.py
[2022-07-13 08:46:27,762] {processor.py:641} INFO - Processing file /home/airflow/.local/lib/python3.7/site-packages/airflow/example_dags/example_short_circuit_operator.py for tasks to queue
[2022-07-13 08:46:27,764] {logging_mixin.py:115} INFO - [2022-07-13 08:46:27,764] {dagbag.py:508} INFO - Filling up the DagBag from /home/airflow/.local/lib/python3.7/site-packages/airflow/example_dags/example_short_circuit_operator.py
[2022-07-13 08:46:27,780] {processor.py:651} INFO - DAG(s) dict_keys(['example_short_circuit_operator']) retrieved from /home/airflow/.local/lib/python3.7/site-packages/airflow/example_dags/example_short_circuit_operator.py
[2022-07-13 08:46:27,841] {logging_mixin.py:115} INFO - [2022-07-13 08:46:27,841] {dag.py:2420} INFO - Sync 1 DAGs
[2022-07-13 08:46:27,882] {logging_mixin.py:115} INFO - [2022-07-13 08:46:27,882] {dag.py:2972} INFO - Setting next_dagrun for example_short_circuit_operator to 2022-07-12T08:46:27.881883+00:00, run_after=2022-07-13T08:46:27.881883+00:00
[2022-07-13 08:46:27,929] {processor.py:161} INFO - Processing /home/airflow/.local/lib/python3.7/site-packages/airflow/example_dags/example_short_circuit_operator.py took 0.176 seconds
[2022-07-13 08:46:58,545] {processor.py:153} INFO - Started process (PID=5693) to work on /home/airflow/.local/lib/python3.7/site-packages/airflow/example_dags/example_short_circuit_operator.py
[2022-07-13 08:46:58,548] {processor.py:641} INFO - Processing file /home/airflow/.local/lib/python3.7/site-packages/airflow/example_dags/example_short_circuit_operator.py for tasks to queue
[2022-07-13 08:46:58,552] {logging_mixin.py:115} INFO - [2022-07-13 08:46:58,552] {dagbag.py:508} INFO - Filling up the DagBag from /home/airflow/.local/lib/python3.7/site-packages/airflow/example_dags/example_short_circuit_operator.py
[2022-07-13 08:46:58,573] {processor.py:651} INFO - DAG(s) dict_keys(['example_short_circuit_operator']) retrieved from /home/airflow/.local/lib/python3.7/site-packages/airflow/example_dags/example_short_circuit_operator.py
[2022-07-13 08:46:58,629] {logging_mixin.py:115} INFO - [2022-07-13 08:46:58,628] {dag.py:2420} INFO - Sync 1 DAGs
[2022-07-13 08:46:58,676] {logging_mixin.py:115} INFO - [2022-07-13 08:46:58,675] {dag.py:2972} INFO - Setting next_dagrun for example_short_circuit_operator to 2022-07-12T08:46:58.675647+00:00, run_after=2022-07-13T08:46:58.675647+00:00
[2022-07-13 08:46:58,701] {processor.py:161} INFO - Processing /home/airflow/.local/lib/python3.7/site-packages/airflow/example_dags/example_short_circuit_operator.py took 0.165 seconds
