[2022-07-13 08:30:15,240] {processor.py:153} INFO - Started process (PID=277) to work on /home/airflow/.local/lib/python3.7/site-packages/airflow/example_dags/example_nested_branch_dag.py
[2022-07-13 08:30:15,242] {processor.py:641} INFO - Processing file /home/airflow/.local/lib/python3.7/site-packages/airflow/example_dags/example_nested_branch_dag.py for tasks to queue
[2022-07-13 08:30:15,244] {logging_mixin.py:115} INFO - [2022-07-13 08:30:15,243] {dagbag.py:508} INFO - Filling up the DagBag from /home/airflow/.local/lib/python3.7/site-packages/airflow/example_dags/example_nested_branch_dag.py
[2022-07-13 08:30:15,265] {processor.py:651} INFO - DAG(s) dict_keys(['example_nested_branch_dag']) retrieved from /home/airflow/.local/lib/python3.7/site-packages/airflow/example_dags/example_nested_branch_dag.py
[2022-07-13 08:30:15,407] {logging_mixin.py:115} INFO - [2022-07-13 08:30:15,407] {manager.py:508} INFO - Created Permission View: can edit on DAG:example_nested_branch_dag
[2022-07-13 08:30:15,424] {logging_mixin.py:115} INFO - [2022-07-13 08:30:15,424] {manager.py:508} INFO - Created Permission View: can read on DAG:example_nested_branch_dag
[2022-07-13 08:30:15,438] {logging_mixin.py:115} INFO - [2022-07-13 08:30:15,438] {manager.py:508} INFO - Created Permission View: can delete on DAG:example_nested_branch_dag
[2022-07-13 08:30:15,439] {logging_mixin.py:115} INFO - [2022-07-13 08:30:15,439] {dag.py:2420} INFO - Sync 1 DAGs
[2022-07-13 08:30:15,452] {logging_mixin.py:115} INFO - [2022-07-13 08:30:15,452] {dag.py:2439} INFO - Creating ORM DAG for example_nested_branch_dag
[2022-07-13 08:30:15,472] {logging_mixin.py:115} INFO - [2022-07-13 08:30:15,472] {dag.py:2972} INFO - Setting next_dagrun for example_nested_branch_dag to 2022-07-12T00:00:00+00:00, run_after=2022-07-13T00:00:00+00:00
[2022-07-13 08:30:15,505] {processor.py:161} INFO - Processing /home/airflow/.local/lib/python3.7/site-packages/airflow/example_dags/example_nested_branch_dag.py took 0.272 seconds
[2022-07-13 08:30:45,585] {processor.py:153} INFO - Started process (PID=475) to work on /home/airflow/.local/lib/python3.7/site-packages/airflow/example_dags/example_nested_branch_dag.py
[2022-07-13 08:30:45,587] {processor.py:641} INFO - Processing file /home/airflow/.local/lib/python3.7/site-packages/airflow/example_dags/example_nested_branch_dag.py for tasks to queue
[2022-07-13 08:30:45,588] {logging_mixin.py:115} INFO - [2022-07-13 08:30:45,588] {dagbag.py:508} INFO - Filling up the DagBag from /home/airflow/.local/lib/python3.7/site-packages/airflow/example_dags/example_nested_branch_dag.py
[2022-07-13 08:30:45,607] {processor.py:651} INFO - DAG(s) dict_keys(['example_nested_branch_dag']) retrieved from /home/airflow/.local/lib/python3.7/site-packages/airflow/example_dags/example_nested_branch_dag.py
[2022-07-13 08:30:45,645] {logging_mixin.py:115} INFO - [2022-07-13 08:30:45,645] {dag.py:2420} INFO - Sync 1 DAGs
[2022-07-13 08:30:45,689] {logging_mixin.py:115} INFO - [2022-07-13 08:30:45,689] {dag.py:2972} INFO - Setting next_dagrun for example_nested_branch_dag to 2022-07-12T00:00:00+00:00, run_after=2022-07-13T00:00:00+00:00
[2022-07-13 08:30:45,717] {processor.py:161} INFO - Processing /home/airflow/.local/lib/python3.7/site-packages/airflow/example_dags/example_nested_branch_dag.py took 0.137 seconds
[2022-07-13 08:31:15,901] {processor.py:153} INFO - Started process (PID=664) to work on /home/airflow/.local/lib/python3.7/site-packages/airflow/example_dags/example_nested_branch_dag.py
[2022-07-13 08:31:15,903] {processor.py:641} INFO - Processing file /home/airflow/.local/lib/python3.7/site-packages/airflow/example_dags/example_nested_branch_dag.py for tasks to queue
[2022-07-13 08:31:15,906] {logging_mixin.py:115} INFO - [2022-07-13 08:31:15,906] {dagbag.py:508} INFO - Filling up the DagBag from /home/airflow/.local/lib/python3.7/site-packages/airflow/example_dags/example_nested_branch_dag.py
[2022-07-13 08:31:15,925] {processor.py:651} INFO - DAG(s) dict_keys(['example_nested_branch_dag']) retrieved from /home/airflow/.local/lib/python3.7/site-packages/airflow/example_dags/example_nested_branch_dag.py
[2022-07-13 08:31:15,965] {logging_mixin.py:115} INFO - [2022-07-13 08:31:15,965] {dag.py:2420} INFO - Sync 1 DAGs
[2022-07-13 08:31:15,998] {logging_mixin.py:115} INFO - [2022-07-13 08:31:15,998] {dag.py:2972} INFO - Setting next_dagrun for example_nested_branch_dag to 2022-07-12T00:00:00+00:00, run_after=2022-07-13T00:00:00+00:00
[2022-07-13 08:31:16,023] {processor.py:161} INFO - Processing /home/airflow/.local/lib/python3.7/site-packages/airflow/example_dags/example_nested_branch_dag.py took 0.127 seconds
[2022-07-13 08:31:46,359] {processor.py:153} INFO - Started process (PID=861) to work on /home/airflow/.local/lib/python3.7/site-packages/airflow/example_dags/example_nested_branch_dag.py
[2022-07-13 08:31:46,362] {processor.py:641} INFO - Processing file /home/airflow/.local/lib/python3.7/site-packages/airflow/example_dags/example_nested_branch_dag.py for tasks to queue
[2022-07-13 08:31:46,364] {logging_mixin.py:115} INFO - [2022-07-13 08:31:46,364] {dagbag.py:508} INFO - Filling up the DagBag from /home/airflow/.local/lib/python3.7/site-packages/airflow/example_dags/example_nested_branch_dag.py
[2022-07-13 08:31:46,381] {processor.py:651} INFO - DAG(s) dict_keys(['example_nested_branch_dag']) retrieved from /home/airflow/.local/lib/python3.7/site-packages/airflow/example_dags/example_nested_branch_dag.py
[2022-07-13 08:31:46,437] {logging_mixin.py:115} INFO - [2022-07-13 08:31:46,437] {dag.py:2420} INFO - Sync 1 DAGs
[2022-07-13 08:31:46,478] {logging_mixin.py:115} INFO - [2022-07-13 08:31:46,477] {dag.py:2972} INFO - Setting next_dagrun for example_nested_branch_dag to 2022-07-12T00:00:00+00:00, run_after=2022-07-13T00:00:00+00:00
[2022-07-13 08:31:46,500] {processor.py:161} INFO - Processing /home/airflow/.local/lib/python3.7/site-packages/airflow/example_dags/example_nested_branch_dag.py took 0.150 seconds
[2022-07-13 08:32:37,445] {processor.py:153} INFO - Started process (PID=279) to work on /home/airflow/.local/lib/python3.7/site-packages/airflow/example_dags/example_nested_branch_dag.py
[2022-07-13 08:32:37,456] {processor.py:641} INFO - Processing file /home/airflow/.local/lib/python3.7/site-packages/airflow/example_dags/example_nested_branch_dag.py for tasks to queue
[2022-07-13 08:32:37,459] {logging_mixin.py:115} INFO - [2022-07-13 08:32:37,459] {dagbag.py:508} INFO - Filling up the DagBag from /home/airflow/.local/lib/python3.7/site-packages/airflow/example_dags/example_nested_branch_dag.py
[2022-07-13 08:32:37,493] {processor.py:651} INFO - DAG(s) dict_keys(['example_nested_branch_dag']) retrieved from /home/airflow/.local/lib/python3.7/site-packages/airflow/example_dags/example_nested_branch_dag.py
[2022-07-13 08:32:37,540] {logging_mixin.py:115} INFO - [2022-07-13 08:32:37,540] {dag.py:2420} INFO - Sync 1 DAGs
[2022-07-13 08:32:37,577] {logging_mixin.py:115} INFO - [2022-07-13 08:32:37,577] {dag.py:2972} INFO - Setting next_dagrun for example_nested_branch_dag to 2022-07-12T00:00:00+00:00, run_after=2022-07-13T00:00:00+00:00
[2022-07-13 08:32:37,605] {processor.py:161} INFO - Processing /home/airflow/.local/lib/python3.7/site-packages/airflow/example_dags/example_nested_branch_dag.py took 0.168 seconds
[2022-07-13 08:33:08,649] {processor.py:153} INFO - Started process (PID=469) to work on /home/airflow/.local/lib/python3.7/site-packages/airflow/example_dags/example_nested_branch_dag.py
[2022-07-13 08:33:08,651] {processor.py:641} INFO - Processing file /home/airflow/.local/lib/python3.7/site-packages/airflow/example_dags/example_nested_branch_dag.py for tasks to queue
[2022-07-13 08:33:08,652] {logging_mixin.py:115} INFO - [2022-07-13 08:33:08,652] {dagbag.py:508} INFO - Filling up the DagBag from /home/airflow/.local/lib/python3.7/site-packages/airflow/example_dags/example_nested_branch_dag.py
[2022-07-13 08:33:08,674] {processor.py:651} INFO - DAG(s) dict_keys(['example_nested_branch_dag']) retrieved from /home/airflow/.local/lib/python3.7/site-packages/airflow/example_dags/example_nested_branch_dag.py
[2022-07-13 08:33:08,720] {logging_mixin.py:115} INFO - [2022-07-13 08:33:08,719] {dag.py:2420} INFO - Sync 1 DAGs
[2022-07-13 08:33:08,758] {logging_mixin.py:115} INFO - [2022-07-13 08:33:08,758] {dag.py:2972} INFO - Setting next_dagrun for example_nested_branch_dag to 2022-07-12T00:00:00+00:00, run_after=2022-07-13T00:00:00+00:00
[2022-07-13 08:33:08,781] {processor.py:161} INFO - Processing /home/airflow/.local/lib/python3.7/site-packages/airflow/example_dags/example_nested_branch_dag.py took 0.136 seconds
[2022-07-13 08:33:40,380] {processor.py:153} INFO - Started process (PID=665) to work on /home/airflow/.local/lib/python3.7/site-packages/airflow/example_dags/example_nested_branch_dag.py
[2022-07-13 08:33:40,381] {processor.py:641} INFO - Processing file /home/airflow/.local/lib/python3.7/site-packages/airflow/example_dags/example_nested_branch_dag.py for tasks to queue
[2022-07-13 08:33:40,392] {logging_mixin.py:115} INFO - [2022-07-13 08:33:40,391] {dagbag.py:508} INFO - Filling up the DagBag from /home/airflow/.local/lib/python3.7/site-packages/airflow/example_dags/example_nested_branch_dag.py
[2022-07-13 08:33:40,416] {processor.py:651} INFO - DAG(s) dict_keys(['example_nested_branch_dag']) retrieved from /home/airflow/.local/lib/python3.7/site-packages/airflow/example_dags/example_nested_branch_dag.py
[2022-07-13 08:33:40,467] {logging_mixin.py:115} INFO - [2022-07-13 08:33:40,467] {dag.py:2420} INFO - Sync 1 DAGs
[2022-07-13 08:33:40,516] {logging_mixin.py:115} INFO - [2022-07-13 08:33:40,516] {dag.py:2972} INFO - Setting next_dagrun for example_nested_branch_dag to 2022-07-12T00:00:00+00:00, run_after=2022-07-13T00:00:00+00:00
[2022-07-13 08:33:40,546] {processor.py:161} INFO - Processing /home/airflow/.local/lib/python3.7/site-packages/airflow/example_dags/example_nested_branch_dag.py took 0.171 seconds
[2022-07-13 08:34:11,290] {processor.py:153} INFO - Started process (PID=853) to work on /home/airflow/.local/lib/python3.7/site-packages/airflow/example_dags/example_nested_branch_dag.py
[2022-07-13 08:34:11,291] {processor.py:641} INFO - Processing file /home/airflow/.local/lib/python3.7/site-packages/airflow/example_dags/example_nested_branch_dag.py for tasks to queue
[2022-07-13 08:34:11,293] {logging_mixin.py:115} INFO - [2022-07-13 08:34:11,293] {dagbag.py:508} INFO - Filling up the DagBag from /home/airflow/.local/lib/python3.7/site-packages/airflow/example_dags/example_nested_branch_dag.py
[2022-07-13 08:34:11,308] {processor.py:651} INFO - DAG(s) dict_keys(['example_nested_branch_dag']) retrieved from /home/airflow/.local/lib/python3.7/site-packages/airflow/example_dags/example_nested_branch_dag.py
[2022-07-13 08:34:11,354] {logging_mixin.py:115} INFO - [2022-07-13 08:34:11,354] {dag.py:2420} INFO - Sync 1 DAGs
[2022-07-13 08:34:11,402] {logging_mixin.py:115} INFO - [2022-07-13 08:34:11,402] {dag.py:2972} INFO - Setting next_dagrun for example_nested_branch_dag to 2022-07-12T00:00:00+00:00, run_after=2022-07-13T00:00:00+00:00
[2022-07-13 08:34:11,426] {processor.py:161} INFO - Processing /home/airflow/.local/lib/python3.7/site-packages/airflow/example_dags/example_nested_branch_dag.py took 0.141 seconds
[2022-07-13 08:34:42,188] {processor.py:153} INFO - Started process (PID=1050) to work on /home/airflow/.local/lib/python3.7/site-packages/airflow/example_dags/example_nested_branch_dag.py
[2022-07-13 08:34:42,190] {processor.py:641} INFO - Processing file /home/airflow/.local/lib/python3.7/site-packages/airflow/example_dags/example_nested_branch_dag.py for tasks to queue
[2022-07-13 08:34:42,192] {logging_mixin.py:115} INFO - [2022-07-13 08:34:42,192] {dagbag.py:508} INFO - Filling up the DagBag from /home/airflow/.local/lib/python3.7/site-packages/airflow/example_dags/example_nested_branch_dag.py
[2022-07-13 08:34:42,212] {processor.py:651} INFO - DAG(s) dict_keys(['example_nested_branch_dag']) retrieved from /home/airflow/.local/lib/python3.7/site-packages/airflow/example_dags/example_nested_branch_dag.py
[2022-07-13 08:34:42,300] {logging_mixin.py:115} INFO - [2022-07-13 08:34:42,300] {dag.py:2420} INFO - Sync 1 DAGs
[2022-07-13 08:34:42,351] {logging_mixin.py:115} INFO - [2022-07-13 08:34:42,351] {dag.py:2972} INFO - Setting next_dagrun for example_nested_branch_dag to 2022-07-12T00:00:00+00:00, run_after=2022-07-13T00:00:00+00:00
[2022-07-13 08:34:42,354] {processor.py:161} INFO - Processing /home/airflow/.local/lib/python3.7/site-packages/airflow/example_dags/example_nested_branch_dag.py took 0.192 seconds
[2022-07-13 08:35:13,170] {processor.py:153} INFO - Started process (PID=1274) to work on /home/airflow/.local/lib/python3.7/site-packages/airflow/example_dags/example_nested_branch_dag.py
[2022-07-13 08:35:13,172] {processor.py:641} INFO - Processing file /home/airflow/.local/lib/python3.7/site-packages/airflow/example_dags/example_nested_branch_dag.py for tasks to queue
[2022-07-13 08:35:13,175] {logging_mixin.py:115} INFO - [2022-07-13 08:35:13,175] {dagbag.py:508} INFO - Filling up the DagBag from /home/airflow/.local/lib/python3.7/site-packages/airflow/example_dags/example_nested_branch_dag.py
[2022-07-13 08:35:13,201] {processor.py:651} INFO - DAG(s) dict_keys(['example_nested_branch_dag']) retrieved from /home/airflow/.local/lib/python3.7/site-packages/airflow/example_dags/example_nested_branch_dag.py
[2022-07-13 08:35:13,262] {logging_mixin.py:115} INFO - [2022-07-13 08:35:13,262] {dag.py:2420} INFO - Sync 1 DAGs
[2022-07-13 08:35:13,308] {logging_mixin.py:115} INFO - [2022-07-13 08:35:13,308] {dag.py:2972} INFO - Setting next_dagrun for example_nested_branch_dag to 2022-07-12T00:00:00+00:00, run_after=2022-07-13T00:00:00+00:00
[2022-07-13 08:35:13,331] {processor.py:161} INFO - Processing /home/airflow/.local/lib/python3.7/site-packages/airflow/example_dags/example_nested_branch_dag.py took 0.168 seconds
[2022-07-13 08:35:43,469] {processor.py:153} INFO - Started process (PID=1463) to work on /home/airflow/.local/lib/python3.7/site-packages/airflow/example_dags/example_nested_branch_dag.py
[2022-07-13 08:35:43,471] {processor.py:641} INFO - Processing file /home/airflow/.local/lib/python3.7/site-packages/airflow/example_dags/example_nested_branch_dag.py for tasks to queue
[2022-07-13 08:35:43,474] {logging_mixin.py:115} INFO - [2022-07-13 08:35:43,474] {dagbag.py:508} INFO - Filling up the DagBag from /home/airflow/.local/lib/python3.7/site-packages/airflow/example_dags/example_nested_branch_dag.py
[2022-07-13 08:35:43,496] {processor.py:651} INFO - DAG(s) dict_keys(['example_nested_branch_dag']) retrieved from /home/airflow/.local/lib/python3.7/site-packages/airflow/example_dags/example_nested_branch_dag.py
[2022-07-13 08:35:43,572] {logging_mixin.py:115} INFO - [2022-07-13 08:35:43,572] {dag.py:2420} INFO - Sync 1 DAGs
[2022-07-13 08:35:43,613] {logging_mixin.py:115} INFO - [2022-07-13 08:35:43,612] {dag.py:2972} INFO - Setting next_dagrun for example_nested_branch_dag to 2022-07-12T00:00:00+00:00, run_after=2022-07-13T00:00:00+00:00
[2022-07-13 08:35:43,632] {processor.py:161} INFO - Processing /home/airflow/.local/lib/python3.7/site-packages/airflow/example_dags/example_nested_branch_dag.py took 0.169 seconds
[2022-07-13 08:36:14,425] {processor.py:153} INFO - Started process (PID=1661) to work on /home/airflow/.local/lib/python3.7/site-packages/airflow/example_dags/example_nested_branch_dag.py
[2022-07-13 08:36:14,427] {processor.py:641} INFO - Processing file /home/airflow/.local/lib/python3.7/site-packages/airflow/example_dags/example_nested_branch_dag.py for tasks to queue
[2022-07-13 08:36:14,429] {logging_mixin.py:115} INFO - [2022-07-13 08:36:14,429] {dagbag.py:508} INFO - Filling up the DagBag from /home/airflow/.local/lib/python3.7/site-packages/airflow/example_dags/example_nested_branch_dag.py
[2022-07-13 08:36:14,449] {processor.py:651} INFO - DAG(s) dict_keys(['example_nested_branch_dag']) retrieved from /home/airflow/.local/lib/python3.7/site-packages/airflow/example_dags/example_nested_branch_dag.py
[2022-07-13 08:36:14,491] {logging_mixin.py:115} INFO - [2022-07-13 08:36:14,491] {dag.py:2420} INFO - Sync 1 DAGs
[2022-07-13 08:36:14,528] {logging_mixin.py:115} INFO - [2022-07-13 08:36:14,528] {dag.py:2972} INFO - Setting next_dagrun for example_nested_branch_dag to 2022-07-12T00:00:00+00:00, run_after=2022-07-13T00:00:00+00:00
[2022-07-13 08:36:14,546] {processor.py:161} INFO - Processing /home/airflow/.local/lib/python3.7/site-packages/airflow/example_dags/example_nested_branch_dag.py took 0.126 seconds
[2022-07-13 08:36:45,043] {processor.py:153} INFO - Started process (PID=1850) to work on /home/airflow/.local/lib/python3.7/site-packages/airflow/example_dags/example_nested_branch_dag.py
[2022-07-13 08:36:45,046] {processor.py:641} INFO - Processing file /home/airflow/.local/lib/python3.7/site-packages/airflow/example_dags/example_nested_branch_dag.py for tasks to queue
[2022-07-13 08:36:45,050] {logging_mixin.py:115} INFO - [2022-07-13 08:36:45,049] {dagbag.py:508} INFO - Filling up the DagBag from /home/airflow/.local/lib/python3.7/site-packages/airflow/example_dags/example_nested_branch_dag.py
[2022-07-13 08:36:45,081] {processor.py:651} INFO - DAG(s) dict_keys(['example_nested_branch_dag']) retrieved from /home/airflow/.local/lib/python3.7/site-packages/airflow/example_dags/example_nested_branch_dag.py
[2022-07-13 08:36:45,127] {logging_mixin.py:115} INFO - [2022-07-13 08:36:45,127] {dag.py:2420} INFO - Sync 1 DAGs
[2022-07-13 08:36:45,164] {logging_mixin.py:115} INFO - [2022-07-13 08:36:45,164] {dag.py:2972} INFO - Setting next_dagrun for example_nested_branch_dag to 2022-07-12T00:00:00+00:00, run_after=2022-07-13T00:00:00+00:00
[2022-07-13 08:36:45,184] {processor.py:161} INFO - Processing /home/airflow/.local/lib/python3.7/site-packages/airflow/example_dags/example_nested_branch_dag.py took 0.151 seconds
[2022-07-13 08:37:15,789] {processor.py:153} INFO - Started process (PID=2047) to work on /home/airflow/.local/lib/python3.7/site-packages/airflow/example_dags/example_nested_branch_dag.py
[2022-07-13 08:37:15,791] {processor.py:641} INFO - Processing file /home/airflow/.local/lib/python3.7/site-packages/airflow/example_dags/example_nested_branch_dag.py for tasks to queue
[2022-07-13 08:37:15,793] {logging_mixin.py:115} INFO - [2022-07-13 08:37:15,793] {dagbag.py:508} INFO - Filling up the DagBag from /home/airflow/.local/lib/python3.7/site-packages/airflow/example_dags/example_nested_branch_dag.py
[2022-07-13 08:37:15,815] {processor.py:651} INFO - DAG(s) dict_keys(['example_nested_branch_dag']) retrieved from /home/airflow/.local/lib/python3.7/site-packages/airflow/example_dags/example_nested_branch_dag.py
[2022-07-13 08:37:15,860] {logging_mixin.py:115} INFO - [2022-07-13 08:37:15,860] {dag.py:2420} INFO - Sync 1 DAGs
[2022-07-13 08:37:15,906] {logging_mixin.py:115} INFO - [2022-07-13 08:37:15,906] {dag.py:2972} INFO - Setting next_dagrun for example_nested_branch_dag to 2022-07-12T00:00:00+00:00, run_after=2022-07-13T00:00:00+00:00
[2022-07-13 08:37:15,928] {processor.py:161} INFO - Processing /home/airflow/.local/lib/python3.7/site-packages/airflow/example_dags/example_nested_branch_dag.py took 0.144 seconds
[2022-07-13 08:37:46,551] {processor.py:153} INFO - Started process (PID=2235) to work on /home/airflow/.local/lib/python3.7/site-packages/airflow/example_dags/example_nested_branch_dag.py
[2022-07-13 08:37:46,553] {processor.py:641} INFO - Processing file /home/airflow/.local/lib/python3.7/site-packages/airflow/example_dags/example_nested_branch_dag.py for tasks to queue
[2022-07-13 08:37:46,556] {logging_mixin.py:115} INFO - [2022-07-13 08:37:46,556] {dagbag.py:508} INFO - Filling up the DagBag from /home/airflow/.local/lib/python3.7/site-packages/airflow/example_dags/example_nested_branch_dag.py
[2022-07-13 08:37:46,576] {processor.py:651} INFO - DAG(s) dict_keys(['example_nested_branch_dag']) retrieved from /home/airflow/.local/lib/python3.7/site-packages/airflow/example_dags/example_nested_branch_dag.py
[2022-07-13 08:37:46,623] {logging_mixin.py:115} INFO - [2022-07-13 08:37:46,623] {dag.py:2420} INFO - Sync 1 DAGs
[2022-07-13 08:37:46,660] {logging_mixin.py:115} INFO - [2022-07-13 08:37:46,660] {dag.py:2972} INFO - Setting next_dagrun for example_nested_branch_dag to 2022-07-12T00:00:00+00:00, run_after=2022-07-13T00:00:00+00:00
[2022-07-13 08:37:46,681] {processor.py:161} INFO - Processing /home/airflow/.local/lib/python3.7/site-packages/airflow/example_dags/example_nested_branch_dag.py took 0.135 seconds
[2022-07-13 08:38:17,363] {processor.py:153} INFO - Started process (PID=2433) to work on /home/airflow/.local/lib/python3.7/site-packages/airflow/example_dags/example_nested_branch_dag.py
[2022-07-13 08:38:17,365] {processor.py:641} INFO - Processing file /home/airflow/.local/lib/python3.7/site-packages/airflow/example_dags/example_nested_branch_dag.py for tasks to queue
[2022-07-13 08:38:17,367] {logging_mixin.py:115} INFO - [2022-07-13 08:38:17,367] {dagbag.py:508} INFO - Filling up the DagBag from /home/airflow/.local/lib/python3.7/site-packages/airflow/example_dags/example_nested_branch_dag.py
[2022-07-13 08:38:17,390] {processor.py:651} INFO - DAG(s) dict_keys(['example_nested_branch_dag']) retrieved from /home/airflow/.local/lib/python3.7/site-packages/airflow/example_dags/example_nested_branch_dag.py
[2022-07-13 08:38:17,442] {logging_mixin.py:115} INFO - [2022-07-13 08:38:17,442] {dag.py:2420} INFO - Sync 1 DAGs
[2022-07-13 08:38:17,491] {logging_mixin.py:115} INFO - [2022-07-13 08:38:17,491] {dag.py:2972} INFO - Setting next_dagrun for example_nested_branch_dag to 2022-07-12T00:00:00+00:00, run_after=2022-07-13T00:00:00+00:00
[2022-07-13 08:38:17,513] {processor.py:161} INFO - Processing /home/airflow/.local/lib/python3.7/site-packages/airflow/example_dags/example_nested_branch_dag.py took 0.158 seconds
[2022-07-13 08:38:48,000] {processor.py:153} INFO - Started process (PID=2621) to work on /home/airflow/.local/lib/python3.7/site-packages/airflow/example_dags/example_nested_branch_dag.py
[2022-07-13 08:38:48,002] {processor.py:641} INFO - Processing file /home/airflow/.local/lib/python3.7/site-packages/airflow/example_dags/example_nested_branch_dag.py for tasks to queue
[2022-07-13 08:38:48,005] {logging_mixin.py:115} INFO - [2022-07-13 08:38:48,005] {dagbag.py:508} INFO - Filling up the DagBag from /home/airflow/.local/lib/python3.7/site-packages/airflow/example_dags/example_nested_branch_dag.py
[2022-07-13 08:38:48,037] {processor.py:651} INFO - DAG(s) dict_keys(['example_nested_branch_dag']) retrieved from /home/airflow/.local/lib/python3.7/site-packages/airflow/example_dags/example_nested_branch_dag.py
[2022-07-13 08:38:48,091] {logging_mixin.py:115} INFO - [2022-07-13 08:38:48,091] {dag.py:2420} INFO - Sync 1 DAGs
[2022-07-13 08:38:48,128] {logging_mixin.py:115} INFO - [2022-07-13 08:38:48,128] {dag.py:2972} INFO - Setting next_dagrun for example_nested_branch_dag to 2022-07-12T00:00:00+00:00, run_after=2022-07-13T00:00:00+00:00
[2022-07-13 08:38:48,149] {processor.py:161} INFO - Processing /home/airflow/.local/lib/python3.7/site-packages/airflow/example_dags/example_nested_branch_dag.py took 0.155 seconds
[2022-07-13 08:39:18,922] {processor.py:153} INFO - Started process (PID=2819) to work on /home/airflow/.local/lib/python3.7/site-packages/airflow/example_dags/example_nested_branch_dag.py
[2022-07-13 08:39:18,924] {processor.py:641} INFO - Processing file /home/airflow/.local/lib/python3.7/site-packages/airflow/example_dags/example_nested_branch_dag.py for tasks to queue
[2022-07-13 08:39:18,926] {logging_mixin.py:115} INFO - [2022-07-13 08:39:18,926] {dagbag.py:508} INFO - Filling up the DagBag from /home/airflow/.local/lib/python3.7/site-packages/airflow/example_dags/example_nested_branch_dag.py
[2022-07-13 08:39:18,948] {processor.py:651} INFO - DAG(s) dict_keys(['example_nested_branch_dag']) retrieved from /home/airflow/.local/lib/python3.7/site-packages/airflow/example_dags/example_nested_branch_dag.py
[2022-07-13 08:39:18,994] {logging_mixin.py:115} INFO - [2022-07-13 08:39:18,994] {dag.py:2420} INFO - Sync 1 DAGs
[2022-07-13 08:39:19,039] {logging_mixin.py:115} INFO - [2022-07-13 08:39:19,038] {dag.py:2972} INFO - Setting next_dagrun for example_nested_branch_dag to 2022-07-12T00:00:00+00:00, run_after=2022-07-13T00:00:00+00:00
[2022-07-13 08:39:19,060] {processor.py:161} INFO - Processing /home/airflow/.local/lib/python3.7/site-packages/airflow/example_dags/example_nested_branch_dag.py took 0.144 seconds
[2022-07-13 08:39:49,808] {processor.py:153} INFO - Started process (PID=3015) to work on /home/airflow/.local/lib/python3.7/site-packages/airflow/example_dags/example_nested_branch_dag.py
[2022-07-13 08:39:49,810] {processor.py:641} INFO - Processing file /home/airflow/.local/lib/python3.7/site-packages/airflow/example_dags/example_nested_branch_dag.py for tasks to queue
[2022-07-13 08:39:49,812] {logging_mixin.py:115} INFO - [2022-07-13 08:39:49,812] {dagbag.py:508} INFO - Filling up the DagBag from /home/airflow/.local/lib/python3.7/site-packages/airflow/example_dags/example_nested_branch_dag.py
[2022-07-13 08:39:49,832] {processor.py:651} INFO - DAG(s) dict_keys(['example_nested_branch_dag']) retrieved from /home/airflow/.local/lib/python3.7/site-packages/airflow/example_dags/example_nested_branch_dag.py
[2022-07-13 08:39:49,888] {logging_mixin.py:115} INFO - [2022-07-13 08:39:49,888] {dag.py:2420} INFO - Sync 1 DAGs
[2022-07-13 08:39:49,927] {logging_mixin.py:115} INFO - [2022-07-13 08:39:49,927] {dag.py:2972} INFO - Setting next_dagrun for example_nested_branch_dag to 2022-07-12T00:00:00+00:00, run_after=2022-07-13T00:00:00+00:00
[2022-07-13 08:39:49,951] {processor.py:161} INFO - Processing /home/airflow/.local/lib/python3.7/site-packages/airflow/example_dags/example_nested_branch_dag.py took 0.150 seconds
[2022-07-13 08:40:20,679] {processor.py:153} INFO - Started process (PID=3203) to work on /home/airflow/.local/lib/python3.7/site-packages/airflow/example_dags/example_nested_branch_dag.py
[2022-07-13 08:40:20,681] {processor.py:641} INFO - Processing file /home/airflow/.local/lib/python3.7/site-packages/airflow/example_dags/example_nested_branch_dag.py for tasks to queue
[2022-07-13 08:40:20,683] {logging_mixin.py:115} INFO - [2022-07-13 08:40:20,682] {dagbag.py:508} INFO - Filling up the DagBag from /home/airflow/.local/lib/python3.7/site-packages/airflow/example_dags/example_nested_branch_dag.py
[2022-07-13 08:40:20,701] {processor.py:651} INFO - DAG(s) dict_keys(['example_nested_branch_dag']) retrieved from /home/airflow/.local/lib/python3.7/site-packages/airflow/example_dags/example_nested_branch_dag.py
[2022-07-13 08:40:20,750] {logging_mixin.py:115} INFO - [2022-07-13 08:40:20,750] {dag.py:2420} INFO - Sync 1 DAGs
[2022-07-13 08:40:20,798] {logging_mixin.py:115} INFO - [2022-07-13 08:40:20,798] {dag.py:2972} INFO - Setting next_dagrun for example_nested_branch_dag to 2022-07-12T00:00:00+00:00, run_after=2022-07-13T00:00:00+00:00
[2022-07-13 08:40:20,820] {processor.py:161} INFO - Processing /home/airflow/.local/lib/python3.7/site-packages/airflow/example_dags/example_nested_branch_dag.py took 0.146 seconds
[2022-07-13 08:40:51,663] {processor.py:153} INFO - Started process (PID=3403) to work on /home/airflow/.local/lib/python3.7/site-packages/airflow/example_dags/example_nested_branch_dag.py
[2022-07-13 08:40:51,666] {processor.py:641} INFO - Processing file /home/airflow/.local/lib/python3.7/site-packages/airflow/example_dags/example_nested_branch_dag.py for tasks to queue
[2022-07-13 08:40:51,668] {logging_mixin.py:115} INFO - [2022-07-13 08:40:51,668] {dagbag.py:508} INFO - Filling up the DagBag from /home/airflow/.local/lib/python3.7/site-packages/airflow/example_dags/example_nested_branch_dag.py
[2022-07-13 08:40:51,687] {processor.py:651} INFO - DAG(s) dict_keys(['example_nested_branch_dag']) retrieved from /home/airflow/.local/lib/python3.7/site-packages/airflow/example_dags/example_nested_branch_dag.py
[2022-07-13 08:40:51,730] {logging_mixin.py:115} INFO - [2022-07-13 08:40:51,730] {dag.py:2420} INFO - Sync 1 DAGs
[2022-07-13 08:40:51,768] {logging_mixin.py:115} INFO - [2022-07-13 08:40:51,768] {dag.py:2972} INFO - Setting next_dagrun for example_nested_branch_dag to 2022-07-12T00:00:00+00:00, run_after=2022-07-13T00:00:00+00:00
[2022-07-13 08:40:51,787] {processor.py:161} INFO - Processing /home/airflow/.local/lib/python3.7/site-packages/airflow/example_dags/example_nested_branch_dag.py took 0.133 seconds
[2022-07-13 08:41:22,339] {processor.py:153} INFO - Started process (PID=3590) to work on /home/airflow/.local/lib/python3.7/site-packages/airflow/example_dags/example_nested_branch_dag.py
[2022-07-13 08:41:22,341] {processor.py:641} INFO - Processing file /home/airflow/.local/lib/python3.7/site-packages/airflow/example_dags/example_nested_branch_dag.py for tasks to queue
[2022-07-13 08:41:22,342] {logging_mixin.py:115} INFO - [2022-07-13 08:41:22,342] {dagbag.py:508} INFO - Filling up the DagBag from /home/airflow/.local/lib/python3.7/site-packages/airflow/example_dags/example_nested_branch_dag.py
[2022-07-13 08:41:22,371] {processor.py:651} INFO - DAG(s) dict_keys(['example_nested_branch_dag']) retrieved from /home/airflow/.local/lib/python3.7/site-packages/airflow/example_dags/example_nested_branch_dag.py
[2022-07-13 08:41:22,415] {logging_mixin.py:115} INFO - [2022-07-13 08:41:22,415] {dag.py:2420} INFO - Sync 1 DAGs
[2022-07-13 08:41:22,455] {logging_mixin.py:115} INFO - [2022-07-13 08:41:22,455] {dag.py:2972} INFO - Setting next_dagrun for example_nested_branch_dag to 2022-07-12T00:00:00+00:00, run_after=2022-07-13T00:00:00+00:00
[2022-07-13 08:41:22,474] {processor.py:161} INFO - Processing /home/airflow/.local/lib/python3.7/site-packages/airflow/example_dags/example_nested_branch_dag.py took 0.142 seconds
[2022-07-13 08:41:52,790] {processor.py:153} INFO - Started process (PID=3789) to work on /home/airflow/.local/lib/python3.7/site-packages/airflow/example_dags/example_nested_branch_dag.py
[2022-07-13 08:41:52,791] {processor.py:641} INFO - Processing file /home/airflow/.local/lib/python3.7/site-packages/airflow/example_dags/example_nested_branch_dag.py for tasks to queue
[2022-07-13 08:41:52,793] {logging_mixin.py:115} INFO - [2022-07-13 08:41:52,793] {dagbag.py:508} INFO - Filling up the DagBag from /home/airflow/.local/lib/python3.7/site-packages/airflow/example_dags/example_nested_branch_dag.py
[2022-07-13 08:41:52,814] {processor.py:651} INFO - DAG(s) dict_keys(['example_nested_branch_dag']) retrieved from /home/airflow/.local/lib/python3.7/site-packages/airflow/example_dags/example_nested_branch_dag.py
[2022-07-13 08:41:52,864] {logging_mixin.py:115} INFO - [2022-07-13 08:41:52,864] {dag.py:2420} INFO - Sync 1 DAGs
[2022-07-13 08:41:52,909] {logging_mixin.py:115} INFO - [2022-07-13 08:41:52,909] {dag.py:2972} INFO - Setting next_dagrun for example_nested_branch_dag to 2022-07-12T00:00:00+00:00, run_after=2022-07-13T00:00:00+00:00
[2022-07-13 08:41:52,935] {processor.py:161} INFO - Processing /home/airflow/.local/lib/python3.7/site-packages/airflow/example_dags/example_nested_branch_dag.py took 0.151 seconds
[2022-07-13 08:42:23,623] {processor.py:153} INFO - Started process (PID=3977) to work on /home/airflow/.local/lib/python3.7/site-packages/airflow/example_dags/example_nested_branch_dag.py
[2022-07-13 08:42:23,626] {processor.py:641} INFO - Processing file /home/airflow/.local/lib/python3.7/site-packages/airflow/example_dags/example_nested_branch_dag.py for tasks to queue
[2022-07-13 08:42:23,629] {logging_mixin.py:115} INFO - [2022-07-13 08:42:23,628] {dagbag.py:508} INFO - Filling up the DagBag from /home/airflow/.local/lib/python3.7/site-packages/airflow/example_dags/example_nested_branch_dag.py
[2022-07-13 08:42:23,655] {processor.py:651} INFO - DAG(s) dict_keys(['example_nested_branch_dag']) retrieved from /home/airflow/.local/lib/python3.7/site-packages/airflow/example_dags/example_nested_branch_dag.py
[2022-07-13 08:42:23,707] {logging_mixin.py:115} INFO - [2022-07-13 08:42:23,707] {dag.py:2420} INFO - Sync 1 DAGs
[2022-07-13 08:42:23,761] {logging_mixin.py:115} INFO - [2022-07-13 08:42:23,760] {dag.py:2972} INFO - Setting next_dagrun for example_nested_branch_dag to 2022-07-12T00:00:00+00:00, run_after=2022-07-13T00:00:00+00:00
[2022-07-13 08:42:23,779] {processor.py:161} INFO - Processing /home/airflow/.local/lib/python3.7/site-packages/airflow/example_dags/example_nested_branch_dag.py took 0.170 seconds
[2022-07-13 08:42:54,919] {processor.py:153} INFO - Started process (PID=4176) to work on /home/airflow/.local/lib/python3.7/site-packages/airflow/example_dags/example_nested_branch_dag.py
[2022-07-13 08:42:54,922] {processor.py:641} INFO - Processing file /home/airflow/.local/lib/python3.7/site-packages/airflow/example_dags/example_nested_branch_dag.py for tasks to queue
[2022-07-13 08:42:54,924] {logging_mixin.py:115} INFO - [2022-07-13 08:42:54,924] {dagbag.py:508} INFO - Filling up the DagBag from /home/airflow/.local/lib/python3.7/site-packages/airflow/example_dags/example_nested_branch_dag.py
[2022-07-13 08:42:54,947] {processor.py:651} INFO - DAG(s) dict_keys(['example_nested_branch_dag']) retrieved from /home/airflow/.local/lib/python3.7/site-packages/airflow/example_dags/example_nested_branch_dag.py
[2022-07-13 08:42:55,011] {logging_mixin.py:115} INFO - [2022-07-13 08:42:55,011] {dag.py:2420} INFO - Sync 1 DAGs
[2022-07-13 08:42:55,053] {logging_mixin.py:115} INFO - [2022-07-13 08:42:55,053] {dag.py:2972} INFO - Setting next_dagrun for example_nested_branch_dag to 2022-07-12T00:00:00+00:00, run_after=2022-07-13T00:00:00+00:00
[2022-07-13 08:42:55,074] {processor.py:161} INFO - Processing /home/airflow/.local/lib/python3.7/site-packages/airflow/example_dags/example_nested_branch_dag.py took 0.162 seconds
[2022-07-13 08:43:25,413] {processor.py:153} INFO - Started process (PID=4377) to work on /home/airflow/.local/lib/python3.7/site-packages/airflow/example_dags/example_nested_branch_dag.py
[2022-07-13 08:43:25,416] {processor.py:641} INFO - Processing file /home/airflow/.local/lib/python3.7/site-packages/airflow/example_dags/example_nested_branch_dag.py for tasks to queue
[2022-07-13 08:43:25,419] {logging_mixin.py:115} INFO - [2022-07-13 08:43:25,419] {dagbag.py:508} INFO - Filling up the DagBag from /home/airflow/.local/lib/python3.7/site-packages/airflow/example_dags/example_nested_branch_dag.py
[2022-07-13 08:43:25,451] {processor.py:651} INFO - DAG(s) dict_keys(['example_nested_branch_dag']) retrieved from /home/airflow/.local/lib/python3.7/site-packages/airflow/example_dags/example_nested_branch_dag.py
[2022-07-13 08:43:25,509] {logging_mixin.py:115} INFO - [2022-07-13 08:43:25,508] {dag.py:2420} INFO - Sync 1 DAGs
[2022-07-13 08:43:25,574] {logging_mixin.py:115} INFO - [2022-07-13 08:43:25,573] {dag.py:2972} INFO - Setting next_dagrun for example_nested_branch_dag to 2022-07-12T00:00:00+00:00, run_after=2022-07-13T00:00:00+00:00
[2022-07-13 08:43:25,600] {processor.py:161} INFO - Processing /home/airflow/.local/lib/python3.7/site-packages/airflow/example_dags/example_nested_branch_dag.py took 0.199 seconds
[2022-07-13 08:43:56,237] {processor.py:153} INFO - Started process (PID=4564) to work on /home/airflow/.local/lib/python3.7/site-packages/airflow/example_dags/example_nested_branch_dag.py
[2022-07-13 08:43:56,241] {processor.py:641} INFO - Processing file /home/airflow/.local/lib/python3.7/site-packages/airflow/example_dags/example_nested_branch_dag.py for tasks to queue
[2022-07-13 08:43:56,245] {logging_mixin.py:115} INFO - [2022-07-13 08:43:56,245] {dagbag.py:508} INFO - Filling up the DagBag from /home/airflow/.local/lib/python3.7/site-packages/airflow/example_dags/example_nested_branch_dag.py
[2022-07-13 08:43:56,295] {processor.py:651} INFO - DAG(s) dict_keys(['example_nested_branch_dag']) retrieved from /home/airflow/.local/lib/python3.7/site-packages/airflow/example_dags/example_nested_branch_dag.py
[2022-07-13 08:43:56,375] {logging_mixin.py:115} INFO - [2022-07-13 08:43:56,374] {dag.py:2420} INFO - Sync 1 DAGs
[2022-07-13 08:43:56,430] {logging_mixin.py:115} INFO - [2022-07-13 08:43:56,430] {dag.py:2972} INFO - Setting next_dagrun for example_nested_branch_dag to 2022-07-12T00:00:00+00:00, run_after=2022-07-13T00:00:00+00:00
[2022-07-13 08:43:56,462] {processor.py:161} INFO - Processing /home/airflow/.local/lib/python3.7/site-packages/airflow/example_dags/example_nested_branch_dag.py took 0.235 seconds
[2022-07-13 08:44:26,640] {processor.py:153} INFO - Started process (PID=4762) to work on /home/airflow/.local/lib/python3.7/site-packages/airflow/example_dags/example_nested_branch_dag.py
[2022-07-13 08:44:26,643] {processor.py:641} INFO - Processing file /home/airflow/.local/lib/python3.7/site-packages/airflow/example_dags/example_nested_branch_dag.py for tasks to queue
[2022-07-13 08:44:26,645] {logging_mixin.py:115} INFO - [2022-07-13 08:44:26,644] {dagbag.py:508} INFO - Filling up the DagBag from /home/airflow/.local/lib/python3.7/site-packages/airflow/example_dags/example_nested_branch_dag.py
[2022-07-13 08:44:26,665] {processor.py:651} INFO - DAG(s) dict_keys(['example_nested_branch_dag']) retrieved from /home/airflow/.local/lib/python3.7/site-packages/airflow/example_dags/example_nested_branch_dag.py
[2022-07-13 08:44:26,710] {logging_mixin.py:115} INFO - [2022-07-13 08:44:26,710] {dag.py:2420} INFO - Sync 1 DAGs
[2022-07-13 08:44:26,749] {logging_mixin.py:115} INFO - [2022-07-13 08:44:26,749] {dag.py:2972} INFO - Setting next_dagrun for example_nested_branch_dag to 2022-07-12T00:00:00+00:00, run_after=2022-07-13T00:00:00+00:00
[2022-07-13 08:44:26,769] {processor.py:161} INFO - Processing /home/airflow/.local/lib/python3.7/site-packages/airflow/example_dags/example_nested_branch_dag.py took 0.138 seconds
[2022-07-13 08:44:56,909] {processor.py:153} INFO - Started process (PID=4951) to work on /home/airflow/.local/lib/python3.7/site-packages/airflow/example_dags/example_nested_branch_dag.py
[2022-07-13 08:44:56,912] {processor.py:641} INFO - Processing file /home/airflow/.local/lib/python3.7/site-packages/airflow/example_dags/example_nested_branch_dag.py for tasks to queue
[2022-07-13 08:44:56,913] {logging_mixin.py:115} INFO - [2022-07-13 08:44:56,913] {dagbag.py:508} INFO - Filling up the DagBag from /home/airflow/.local/lib/python3.7/site-packages/airflow/example_dags/example_nested_branch_dag.py
[2022-07-13 08:44:56,932] {processor.py:651} INFO - DAG(s) dict_keys(['example_nested_branch_dag']) retrieved from /home/airflow/.local/lib/python3.7/site-packages/airflow/example_dags/example_nested_branch_dag.py
[2022-07-13 08:44:56,984] {logging_mixin.py:115} INFO - [2022-07-13 08:44:56,983] {dag.py:2420} INFO - Sync 1 DAGs
[2022-07-13 08:44:57,029] {logging_mixin.py:115} INFO - [2022-07-13 08:44:57,029] {dag.py:2972} INFO - Setting next_dagrun for example_nested_branch_dag to 2022-07-12T00:00:00+00:00, run_after=2022-07-13T00:00:00+00:00
[2022-07-13 08:44:57,052] {processor.py:161} INFO - Processing /home/airflow/.local/lib/python3.7/site-packages/airflow/example_dags/example_nested_branch_dag.py took 0.147 seconds
[2022-07-13 08:45:27,229] {processor.py:153} INFO - Started process (PID=5148) to work on /home/airflow/.local/lib/python3.7/site-packages/airflow/example_dags/example_nested_branch_dag.py
[2022-07-13 08:45:27,232] {processor.py:641} INFO - Processing file /home/airflow/.local/lib/python3.7/site-packages/airflow/example_dags/example_nested_branch_dag.py for tasks to queue
[2022-07-13 08:45:27,236] {logging_mixin.py:115} INFO - [2022-07-13 08:45:27,236] {dagbag.py:508} INFO - Filling up the DagBag from /home/airflow/.local/lib/python3.7/site-packages/airflow/example_dags/example_nested_branch_dag.py
[2022-07-13 08:45:27,257] {processor.py:651} INFO - DAG(s) dict_keys(['example_nested_branch_dag']) retrieved from /home/airflow/.local/lib/python3.7/site-packages/airflow/example_dags/example_nested_branch_dag.py
[2022-07-13 08:45:27,307] {logging_mixin.py:115} INFO - [2022-07-13 08:45:27,307] {dag.py:2420} INFO - Sync 1 DAGs
[2022-07-13 08:45:27,351] {logging_mixin.py:115} INFO - [2022-07-13 08:45:27,351] {dag.py:2972} INFO - Setting next_dagrun for example_nested_branch_dag to 2022-07-12T00:00:00+00:00, run_after=2022-07-13T00:00:00+00:00
[2022-07-13 08:45:27,371] {processor.py:161} INFO - Processing /home/airflow/.local/lib/python3.7/site-packages/airflow/example_dags/example_nested_branch_dag.py took 0.153 seconds
[2022-07-13 08:45:58,291] {processor.py:153} INFO - Started process (PID=5337) to work on /home/airflow/.local/lib/python3.7/site-packages/airflow/example_dags/example_nested_branch_dag.py
[2022-07-13 08:45:58,293] {processor.py:641} INFO - Processing file /home/airflow/.local/lib/python3.7/site-packages/airflow/example_dags/example_nested_branch_dag.py for tasks to queue
[2022-07-13 08:45:58,297] {logging_mixin.py:115} INFO - [2022-07-13 08:45:58,297] {dagbag.py:508} INFO - Filling up the DagBag from /home/airflow/.local/lib/python3.7/site-packages/airflow/example_dags/example_nested_branch_dag.py
[2022-07-13 08:45:58,322] {processor.py:651} INFO - DAG(s) dict_keys(['example_nested_branch_dag']) retrieved from /home/airflow/.local/lib/python3.7/site-packages/airflow/example_dags/example_nested_branch_dag.py
[2022-07-13 08:45:58,378] {logging_mixin.py:115} INFO - [2022-07-13 08:45:58,378] {dag.py:2420} INFO - Sync 1 DAGs
[2022-07-13 08:45:58,428] {logging_mixin.py:115} INFO - [2022-07-13 08:45:58,427] {dag.py:2972} INFO - Setting next_dagrun for example_nested_branch_dag to 2022-07-12T00:00:00+00:00, run_after=2022-07-13T00:00:00+00:00
[2022-07-13 08:45:58,462] {processor.py:161} INFO - Processing /home/airflow/.local/lib/python3.7/site-packages/airflow/example_dags/example_nested_branch_dag.py took 0.178 seconds
[2022-07-13 08:46:28,605] {processor.py:153} INFO - Started process (PID=5535) to work on /home/airflow/.local/lib/python3.7/site-packages/airflow/example_dags/example_nested_branch_dag.py
[2022-07-13 08:46:28,609] {processor.py:641} INFO - Processing file /home/airflow/.local/lib/python3.7/site-packages/airflow/example_dags/example_nested_branch_dag.py for tasks to queue
[2022-07-13 08:46:28,615] {logging_mixin.py:115} INFO - [2022-07-13 08:46:28,615] {dagbag.py:508} INFO - Filling up the DagBag from /home/airflow/.local/lib/python3.7/site-packages/airflow/example_dags/example_nested_branch_dag.py
[2022-07-13 08:46:28,639] {processor.py:651} INFO - DAG(s) dict_keys(['example_nested_branch_dag']) retrieved from /home/airflow/.local/lib/python3.7/site-packages/airflow/example_dags/example_nested_branch_dag.py
[2022-07-13 08:46:28,698] {logging_mixin.py:115} INFO - [2022-07-13 08:46:28,698] {dag.py:2420} INFO - Sync 1 DAGs
[2022-07-13 08:46:28,754] {logging_mixin.py:115} INFO - [2022-07-13 08:46:28,754] {dag.py:2972} INFO - Setting next_dagrun for example_nested_branch_dag to 2022-07-12T00:00:00+00:00, run_after=2022-07-13T00:00:00+00:00
[2022-07-13 08:46:28,775] {processor.py:161} INFO - Processing /home/airflow/.local/lib/python3.7/site-packages/airflow/example_dags/example_nested_branch_dag.py took 0.182 seconds
[2022-07-13 08:46:59,131] {processor.py:153} INFO - Started process (PID=5723) to work on /home/airflow/.local/lib/python3.7/site-packages/airflow/example_dags/example_nested_branch_dag.py
[2022-07-13 08:46:59,133] {processor.py:641} INFO - Processing file /home/airflow/.local/lib/python3.7/site-packages/airflow/example_dags/example_nested_branch_dag.py for tasks to queue
[2022-07-13 08:46:59,134] {logging_mixin.py:115} INFO - [2022-07-13 08:46:59,134] {dagbag.py:508} INFO - Filling up the DagBag from /home/airflow/.local/lib/python3.7/site-packages/airflow/example_dags/example_nested_branch_dag.py
[2022-07-13 08:46:59,152] {processor.py:651} INFO - DAG(s) dict_keys(['example_nested_branch_dag']) retrieved from /home/airflow/.local/lib/python3.7/site-packages/airflow/example_dags/example_nested_branch_dag.py
[2022-07-13 08:46:59,193] {logging_mixin.py:115} INFO - [2022-07-13 08:46:59,193] {dag.py:2420} INFO - Sync 1 DAGs
[2022-07-13 08:46:59,227] {logging_mixin.py:115} INFO - [2022-07-13 08:46:59,226] {dag.py:2972} INFO - Setting next_dagrun for example_nested_branch_dag to 2022-07-12T00:00:00+00:00, run_after=2022-07-13T00:00:00+00:00
[2022-07-13 08:46:59,245] {processor.py:161} INFO - Processing /home/airflow/.local/lib/python3.7/site-packages/airflow/example_dags/example_nested_branch_dag.py took 0.119 seconds
