[2022-07-13 08:30:16,553] {processor.py:153} INFO - Started process (PID=317) to work on /home/airflow/.local/lib/python3.7/site-packages/airflow/example_dags/example_trigger_controller_dag.py
[2022-07-13 08:30:16,556] {processor.py:641} INFO - Processing file /home/airflow/.local/lib/python3.7/site-packages/airflow/example_dags/example_trigger_controller_dag.py for tasks to queue
[2022-07-13 08:30:16,558] {logging_mixin.py:115} INFO - [2022-07-13 08:30:16,558] {dagbag.py:508} INFO - Filling up the DagBag from /home/airflow/.local/lib/python3.7/site-packages/airflow/example_dags/example_trigger_controller_dag.py
[2022-07-13 08:30:16,568] {processor.py:651} INFO - DAG(s) dict_keys(['example_trigger_controller_dag']) retrieved from /home/airflow/.local/lib/python3.7/site-packages/airflow/example_dags/example_trigger_controller_dag.py
[2022-07-13 08:30:16,719] {logging_mixin.py:115} INFO - [2022-07-13 08:30:16,719] {manager.py:508} INFO - Created Permission View: can edit on DAG:example_trigger_controller_dag
[2022-07-13 08:30:16,736] {logging_mixin.py:115} INFO - [2022-07-13 08:30:16,736] {manager.py:508} INFO - Created Permission View: can read on DAG:example_trigger_controller_dag
[2022-07-13 08:30:16,751] {logging_mixin.py:115} INFO - [2022-07-13 08:30:16,751] {manager.py:508} INFO - Created Permission View: can delete on DAG:example_trigger_controller_dag
[2022-07-13 08:30:16,754] {logging_mixin.py:115} INFO - [2022-07-13 08:30:16,754] {dag.py:2420} INFO - Sync 1 DAGs
[2022-07-13 08:30:16,769] {logging_mixin.py:115} INFO - [2022-07-13 08:30:16,769] {dag.py:2439} INFO - Creating ORM DAG for example_trigger_controller_dag
[2022-07-13 08:30:16,790] {logging_mixin.py:115} INFO - [2022-07-13 08:30:16,790] {dag.py:2972} INFO - Setting next_dagrun for example_trigger_controller_dag to 2021-01-01T00:00:00+00:00, run_after=2021-01-01T00:00:00+00:00
[2022-07-13 08:30:16,816] {processor.py:161} INFO - Processing /home/airflow/.local/lib/python3.7/site-packages/airflow/example_dags/example_trigger_controller_dag.py took 0.272 seconds
[2022-07-13 08:30:46,983] {processor.py:153} INFO - Started process (PID=517) to work on /home/airflow/.local/lib/python3.7/site-packages/airflow/example_dags/example_trigger_controller_dag.py
[2022-07-13 08:30:46,984] {processor.py:641} INFO - Processing file /home/airflow/.local/lib/python3.7/site-packages/airflow/example_dags/example_trigger_controller_dag.py for tasks to queue
[2022-07-13 08:30:46,986] {logging_mixin.py:115} INFO - [2022-07-13 08:30:46,986] {dagbag.py:508} INFO - Filling up the DagBag from /home/airflow/.local/lib/python3.7/site-packages/airflow/example_dags/example_trigger_controller_dag.py
[2022-07-13 08:30:46,991] {processor.py:651} INFO - DAG(s) dict_keys(['example_trigger_controller_dag']) retrieved from /home/airflow/.local/lib/python3.7/site-packages/airflow/example_dags/example_trigger_controller_dag.py
[2022-07-13 08:30:47,030] {logging_mixin.py:115} INFO - [2022-07-13 08:30:47,030] {dag.py:2420} INFO - Sync 1 DAGs
[2022-07-13 08:30:47,060] {logging_mixin.py:115} INFO - [2022-07-13 08:30:47,060] {dag.py:2972} INFO - Setting next_dagrun for example_trigger_controller_dag to 2021-01-01T00:00:00+00:00, run_after=2021-01-01T00:00:00+00:00
[2022-07-13 08:30:47,076] {processor.py:161} INFO - Processing /home/airflow/.local/lib/python3.7/site-packages/airflow/example_dags/example_trigger_controller_dag.py took 0.098 seconds
[2022-07-13 08:31:17,259] {processor.py:153} INFO - Started process (PID=706) to work on /home/airflow/.local/lib/python3.7/site-packages/airflow/example_dags/example_trigger_controller_dag.py
[2022-07-13 08:31:17,261] {processor.py:641} INFO - Processing file /home/airflow/.local/lib/python3.7/site-packages/airflow/example_dags/example_trigger_controller_dag.py for tasks to queue
[2022-07-13 08:31:17,262] {logging_mixin.py:115} INFO - [2022-07-13 08:31:17,262] {dagbag.py:508} INFO - Filling up the DagBag from /home/airflow/.local/lib/python3.7/site-packages/airflow/example_dags/example_trigger_controller_dag.py
[2022-07-13 08:31:17,268] {processor.py:651} INFO - DAG(s) dict_keys(['example_trigger_controller_dag']) retrieved from /home/airflow/.local/lib/python3.7/site-packages/airflow/example_dags/example_trigger_controller_dag.py
[2022-07-13 08:31:17,307] {logging_mixin.py:115} INFO - [2022-07-13 08:31:17,307] {dag.py:2420} INFO - Sync 1 DAGs
[2022-07-13 08:31:17,338] {logging_mixin.py:115} INFO - [2022-07-13 08:31:17,338] {dag.py:2972} INFO - Setting next_dagrun for example_trigger_controller_dag to 2021-01-01T00:00:00+00:00, run_after=2021-01-01T00:00:00+00:00
[2022-07-13 08:31:17,355] {processor.py:161} INFO - Processing /home/airflow/.local/lib/python3.7/site-packages/airflow/example_dags/example_trigger_controller_dag.py took 0.101 seconds
[2022-07-13 08:31:47,603] {processor.py:153} INFO - Started process (PID=901) to work on /home/airflow/.local/lib/python3.7/site-packages/airflow/example_dags/example_trigger_controller_dag.py
[2022-07-13 08:31:47,605] {processor.py:641} INFO - Processing file /home/airflow/.local/lib/python3.7/site-packages/airflow/example_dags/example_trigger_controller_dag.py for tasks to queue
[2022-07-13 08:31:47,608] {logging_mixin.py:115} INFO - [2022-07-13 08:31:47,607] {dagbag.py:508} INFO - Filling up the DagBag from /home/airflow/.local/lib/python3.7/site-packages/airflow/example_dags/example_trigger_controller_dag.py
[2022-07-13 08:31:47,614] {processor.py:651} INFO - DAG(s) dict_keys(['example_trigger_controller_dag']) retrieved from /home/airflow/.local/lib/python3.7/site-packages/airflow/example_dags/example_trigger_controller_dag.py
[2022-07-13 08:31:47,677] {logging_mixin.py:115} INFO - [2022-07-13 08:31:47,677] {dag.py:2420} INFO - Sync 1 DAGs
[2022-07-13 08:31:47,762] {logging_mixin.py:115} INFO - [2022-07-13 08:31:47,762] {dag.py:2972} INFO - Setting next_dagrun for example_trigger_controller_dag to 2021-01-01T00:00:00+00:00, run_after=2021-01-01T00:00:00+00:00
[2022-07-13 08:31:47,804] {processor.py:161} INFO - Processing /home/airflow/.local/lib/python3.7/site-packages/airflow/example_dags/example_trigger_controller_dag.py took 0.213 seconds
[2022-07-13 08:32:38,986] {processor.py:153} INFO - Started process (PID=319) to work on /home/airflow/.local/lib/python3.7/site-packages/airflow/example_dags/example_trigger_controller_dag.py
[2022-07-13 08:32:38,992] {processor.py:641} INFO - Processing file /home/airflow/.local/lib/python3.7/site-packages/airflow/example_dags/example_trigger_controller_dag.py for tasks to queue
[2022-07-13 08:32:38,994] {logging_mixin.py:115} INFO - [2022-07-13 08:32:38,994] {dagbag.py:508} INFO - Filling up the DagBag from /home/airflow/.local/lib/python3.7/site-packages/airflow/example_dags/example_trigger_controller_dag.py
[2022-07-13 08:32:39,005] {processor.py:651} INFO - DAG(s) dict_keys(['example_trigger_controller_dag']) retrieved from /home/airflow/.local/lib/python3.7/site-packages/airflow/example_dags/example_trigger_controller_dag.py
[2022-07-13 08:32:39,143] {logging_mixin.py:115} INFO - [2022-07-13 08:32:39,143] {dag.py:2420} INFO - Sync 1 DAGs
[2022-07-13 08:32:39,266] {logging_mixin.py:115} INFO - [2022-07-13 08:32:39,266] {dag.py:2972} INFO - Setting next_dagrun for example_trigger_controller_dag to 2021-01-01T00:00:00+00:00, run_after=2021-01-01T00:00:00+00:00
[2022-07-13 08:32:39,322] {processor.py:161} INFO - Processing /home/airflow/.local/lib/python3.7/site-packages/airflow/example_dags/example_trigger_controller_dag.py took 0.347 seconds
[2022-07-13 08:33:09,631] {processor.py:153} INFO - Started process (PID=508) to work on /home/airflow/.local/lib/python3.7/site-packages/airflow/example_dags/example_trigger_controller_dag.py
[2022-07-13 08:33:09,633] {processor.py:641} INFO - Processing file /home/airflow/.local/lib/python3.7/site-packages/airflow/example_dags/example_trigger_controller_dag.py for tasks to queue
[2022-07-13 08:33:09,635] {logging_mixin.py:115} INFO - [2022-07-13 08:33:09,635] {dagbag.py:508} INFO - Filling up the DagBag from /home/airflow/.local/lib/python3.7/site-packages/airflow/example_dags/example_trigger_controller_dag.py
[2022-07-13 08:33:09,641] {processor.py:651} INFO - DAG(s) dict_keys(['example_trigger_controller_dag']) retrieved from /home/airflow/.local/lib/python3.7/site-packages/airflow/example_dags/example_trigger_controller_dag.py
[2022-07-13 08:33:09,695] {logging_mixin.py:115} INFO - [2022-07-13 08:33:09,694] {dag.py:2420} INFO - Sync 1 DAGs
[2022-07-13 08:33:09,736] {logging_mixin.py:115} INFO - [2022-07-13 08:33:09,736] {dag.py:2972} INFO - Setting next_dagrun for example_trigger_controller_dag to 2021-01-01T00:00:00+00:00, run_after=2021-01-01T00:00:00+00:00
[2022-07-13 08:33:09,763] {processor.py:161} INFO - Processing /home/airflow/.local/lib/python3.7/site-packages/airflow/example_dags/example_trigger_controller_dag.py took 0.139 seconds
[2022-07-13 08:33:41,444] {processor.py:153} INFO - Started process (PID=705) to work on /home/airflow/.local/lib/python3.7/site-packages/airflow/example_dags/example_trigger_controller_dag.py
[2022-07-13 08:33:41,445] {processor.py:641} INFO - Processing file /home/airflow/.local/lib/python3.7/site-packages/airflow/example_dags/example_trigger_controller_dag.py for tasks to queue
[2022-07-13 08:33:41,447] {logging_mixin.py:115} INFO - [2022-07-13 08:33:41,447] {dagbag.py:508} INFO - Filling up the DagBag from /home/airflow/.local/lib/python3.7/site-packages/airflow/example_dags/example_trigger_controller_dag.py
[2022-07-13 08:33:41,452] {processor.py:651} INFO - DAG(s) dict_keys(['example_trigger_controller_dag']) retrieved from /home/airflow/.local/lib/python3.7/site-packages/airflow/example_dags/example_trigger_controller_dag.py
[2022-07-13 08:33:41,492] {logging_mixin.py:115} INFO - [2022-07-13 08:33:41,491] {dag.py:2420} INFO - Sync 1 DAGs
[2022-07-13 08:33:41,523] {logging_mixin.py:115} INFO - [2022-07-13 08:33:41,523] {dag.py:2972} INFO - Setting next_dagrun for example_trigger_controller_dag to 2021-01-01T00:00:00+00:00, run_after=2021-01-01T00:00:00+00:00
[2022-07-13 08:33:41,542] {processor.py:161} INFO - Processing /home/airflow/.local/lib/python3.7/site-packages/airflow/example_dags/example_trigger_controller_dag.py took 0.103 seconds
[2022-07-13 08:34:12,068] {processor.py:153} INFO - Started process (PID=893) to work on /home/airflow/.local/lib/python3.7/site-packages/airflow/example_dags/example_trigger_controller_dag.py
[2022-07-13 08:34:12,071] {processor.py:641} INFO - Processing file /home/airflow/.local/lib/python3.7/site-packages/airflow/example_dags/example_trigger_controller_dag.py for tasks to queue
[2022-07-13 08:34:12,073] {logging_mixin.py:115} INFO - [2022-07-13 08:34:12,073] {dagbag.py:508} INFO - Filling up the DagBag from /home/airflow/.local/lib/python3.7/site-packages/airflow/example_dags/example_trigger_controller_dag.py
[2022-07-13 08:34:12,081] {processor.py:651} INFO - DAG(s) dict_keys(['example_trigger_controller_dag']) retrieved from /home/airflow/.local/lib/python3.7/site-packages/airflow/example_dags/example_trigger_controller_dag.py
[2022-07-13 08:34:12,125] {logging_mixin.py:115} INFO - [2022-07-13 08:34:12,125] {dag.py:2420} INFO - Sync 1 DAGs
[2022-07-13 08:34:12,158] {logging_mixin.py:115} INFO - [2022-07-13 08:34:12,158] {dag.py:2972} INFO - Setting next_dagrun for example_trigger_controller_dag to 2021-01-01T00:00:00+00:00, run_after=2021-01-01T00:00:00+00:00
[2022-07-13 08:34:12,178] {processor.py:161} INFO - Processing /home/airflow/.local/lib/python3.7/site-packages/airflow/example_dags/example_trigger_controller_dag.py took 0.117 seconds
[2022-07-13 08:34:43,087] {processor.py:153} INFO - Started process (PID=1090) to work on /home/airflow/.local/lib/python3.7/site-packages/airflow/example_dags/example_trigger_controller_dag.py
[2022-07-13 08:34:43,089] {processor.py:641} INFO - Processing file /home/airflow/.local/lib/python3.7/site-packages/airflow/example_dags/example_trigger_controller_dag.py for tasks to queue
[2022-07-13 08:34:43,090] {logging_mixin.py:115} INFO - [2022-07-13 08:34:43,090] {dagbag.py:508} INFO - Filling up the DagBag from /home/airflow/.local/lib/python3.7/site-packages/airflow/example_dags/example_trigger_controller_dag.py
[2022-07-13 08:34:43,098] {processor.py:651} INFO - DAG(s) dict_keys(['example_trigger_controller_dag']) retrieved from /home/airflow/.local/lib/python3.7/site-packages/airflow/example_dags/example_trigger_controller_dag.py
[2022-07-13 08:34:43,166] {logging_mixin.py:115} INFO - [2022-07-13 08:34:43,166] {dag.py:2420} INFO - Sync 1 DAGs
[2022-07-13 08:34:43,217] {logging_mixin.py:115} INFO - [2022-07-13 08:34:43,216] {dag.py:2972} INFO - Setting next_dagrun for example_trigger_controller_dag to 2021-01-01T00:00:00+00:00, run_after=2021-01-01T00:00:00+00:00
[2022-07-13 08:34:43,240] {processor.py:161} INFO - Processing /home/airflow/.local/lib/python3.7/site-packages/airflow/example_dags/example_trigger_controller_dag.py took 0.159 seconds
[2022-07-13 08:35:14,289] {processor.py:153} INFO - Started process (PID=1314) to work on /home/airflow/.local/lib/python3.7/site-packages/airflow/example_dags/example_trigger_controller_dag.py
[2022-07-13 08:35:14,292] {processor.py:641} INFO - Processing file /home/airflow/.local/lib/python3.7/site-packages/airflow/example_dags/example_trigger_controller_dag.py for tasks to queue
[2022-07-13 08:35:14,298] {logging_mixin.py:115} INFO - [2022-07-13 08:35:14,297] {dagbag.py:508} INFO - Filling up the DagBag from /home/airflow/.local/lib/python3.7/site-packages/airflow/example_dags/example_trigger_controller_dag.py
[2022-07-13 08:35:14,315] {processor.py:651} INFO - DAG(s) dict_keys(['example_trigger_controller_dag']) retrieved from /home/airflow/.local/lib/python3.7/site-packages/airflow/example_dags/example_trigger_controller_dag.py
[2022-07-13 08:35:14,379] {logging_mixin.py:115} INFO - [2022-07-13 08:35:14,379] {dag.py:2420} INFO - Sync 1 DAGs
[2022-07-13 08:35:14,421] {logging_mixin.py:115} INFO - [2022-07-13 08:35:14,421] {dag.py:2972} INFO - Setting next_dagrun for example_trigger_controller_dag to 2021-01-01T00:00:00+00:00, run_after=2021-01-01T00:00:00+00:00
[2022-07-13 08:35:14,443] {processor.py:161} INFO - Processing /home/airflow/.local/lib/python3.7/site-packages/airflow/example_dags/example_trigger_controller_dag.py took 0.161 seconds
[2022-07-13 08:35:45,377] {processor.py:153} INFO - Started process (PID=1503) to work on /home/airflow/.local/lib/python3.7/site-packages/airflow/example_dags/example_trigger_controller_dag.py
[2022-07-13 08:35:45,393] {processor.py:641} INFO - Processing file /home/airflow/.local/lib/python3.7/site-packages/airflow/example_dags/example_trigger_controller_dag.py for tasks to queue
[2022-07-13 08:35:45,395] {logging_mixin.py:115} INFO - [2022-07-13 08:35:45,395] {dagbag.py:508} INFO - Filling up the DagBag from /home/airflow/.local/lib/python3.7/site-packages/airflow/example_dags/example_trigger_controller_dag.py
[2022-07-13 08:35:45,404] {processor.py:651} INFO - DAG(s) dict_keys(['example_trigger_controller_dag']) retrieved from /home/airflow/.local/lib/python3.7/site-packages/airflow/example_dags/example_trigger_controller_dag.py
[2022-07-13 08:35:45,453] {logging_mixin.py:115} INFO - [2022-07-13 08:35:45,453] {dag.py:2420} INFO - Sync 1 DAGs
[2022-07-13 08:35:45,491] {logging_mixin.py:115} INFO - [2022-07-13 08:35:45,490] {dag.py:2972} INFO - Setting next_dagrun for example_trigger_controller_dag to 2021-01-01T00:00:00+00:00, run_after=2021-01-01T00:00:00+00:00
[2022-07-13 08:35:45,511] {processor.py:161} INFO - Processing /home/airflow/.local/lib/python3.7/site-packages/airflow/example_dags/example_trigger_controller_dag.py took 0.141 seconds
[2022-07-13 08:36:16,125] {processor.py:153} INFO - Started process (PID=1701) to work on /home/airflow/.local/lib/python3.7/site-packages/airflow/example_dags/example_trigger_controller_dag.py
[2022-07-13 08:36:16,127] {processor.py:641} INFO - Processing file /home/airflow/.local/lib/python3.7/site-packages/airflow/example_dags/example_trigger_controller_dag.py for tasks to queue
[2022-07-13 08:36:16,129] {logging_mixin.py:115} INFO - [2022-07-13 08:36:16,129] {dagbag.py:508} INFO - Filling up the DagBag from /home/airflow/.local/lib/python3.7/site-packages/airflow/example_dags/example_trigger_controller_dag.py
[2022-07-13 08:36:16,137] {processor.py:651} INFO - DAG(s) dict_keys(['example_trigger_controller_dag']) retrieved from /home/airflow/.local/lib/python3.7/site-packages/airflow/example_dags/example_trigger_controller_dag.py
[2022-07-13 08:36:16,205] {logging_mixin.py:115} INFO - [2022-07-13 08:36:16,205] {dag.py:2420} INFO - Sync 1 DAGs
[2022-07-13 08:36:16,242] {logging_mixin.py:115} INFO - [2022-07-13 08:36:16,242] {dag.py:2972} INFO - Setting next_dagrun for example_trigger_controller_dag to 2021-01-01T00:00:00+00:00, run_after=2021-01-01T00:00:00+00:00
[2022-07-13 08:36:16,267] {processor.py:161} INFO - Processing /home/airflow/.local/lib/python3.7/site-packages/airflow/example_dags/example_trigger_controller_dag.py took 0.147 seconds
[2022-07-13 08:36:46,825] {processor.py:153} INFO - Started process (PID=1890) to work on /home/airflow/.local/lib/python3.7/site-packages/airflow/example_dags/example_trigger_controller_dag.py
[2022-07-13 08:36:46,827] {processor.py:641} INFO - Processing file /home/airflow/.local/lib/python3.7/site-packages/airflow/example_dags/example_trigger_controller_dag.py for tasks to queue
[2022-07-13 08:36:46,828] {logging_mixin.py:115} INFO - [2022-07-13 08:36:46,828] {dagbag.py:508} INFO - Filling up the DagBag from /home/airflow/.local/lib/python3.7/site-packages/airflow/example_dags/example_trigger_controller_dag.py
[2022-07-13 08:36:46,835] {processor.py:651} INFO - DAG(s) dict_keys(['example_trigger_controller_dag']) retrieved from /home/airflow/.local/lib/python3.7/site-packages/airflow/example_dags/example_trigger_controller_dag.py
[2022-07-13 08:36:46,891] {logging_mixin.py:115} INFO - [2022-07-13 08:36:46,890] {dag.py:2420} INFO - Sync 1 DAGs
[2022-07-13 08:36:46,927] {logging_mixin.py:115} INFO - [2022-07-13 08:36:46,927] {dag.py:2972} INFO - Setting next_dagrun for example_trigger_controller_dag to 2021-01-01T00:00:00+00:00, run_after=2021-01-01T00:00:00+00:00
[2022-07-13 08:36:46,949] {processor.py:161} INFO - Processing /home/airflow/.local/lib/python3.7/site-packages/airflow/example_dags/example_trigger_controller_dag.py took 0.130 seconds
[2022-07-13 08:37:17,608] {processor.py:153} INFO - Started process (PID=2087) to work on /home/airflow/.local/lib/python3.7/site-packages/airflow/example_dags/example_trigger_controller_dag.py
[2022-07-13 08:37:17,611] {processor.py:641} INFO - Processing file /home/airflow/.local/lib/python3.7/site-packages/airflow/example_dags/example_trigger_controller_dag.py for tasks to queue
[2022-07-13 08:37:17,613] {logging_mixin.py:115} INFO - [2022-07-13 08:37:17,613] {dagbag.py:508} INFO - Filling up the DagBag from /home/airflow/.local/lib/python3.7/site-packages/airflow/example_dags/example_trigger_controller_dag.py
[2022-07-13 08:37:17,621] {processor.py:651} INFO - DAG(s) dict_keys(['example_trigger_controller_dag']) retrieved from /home/airflow/.local/lib/python3.7/site-packages/airflow/example_dags/example_trigger_controller_dag.py
[2022-07-13 08:37:17,675] {logging_mixin.py:115} INFO - [2022-07-13 08:37:17,675] {dag.py:2420} INFO - Sync 1 DAGs
[2022-07-13 08:37:17,713] {logging_mixin.py:115} INFO - [2022-07-13 08:37:17,713] {dag.py:2972} INFO - Setting next_dagrun for example_trigger_controller_dag to 2021-01-01T00:00:00+00:00, run_after=2021-01-01T00:00:00+00:00
[2022-07-13 08:37:17,741] {processor.py:161} INFO - Processing /home/airflow/.local/lib/python3.7/site-packages/airflow/example_dags/example_trigger_controller_dag.py took 0.145 seconds
[2022-07-13 08:37:48,402] {processor.py:153} INFO - Started process (PID=2282) to work on /home/airflow/.local/lib/python3.7/site-packages/airflow/example_dags/example_trigger_controller_dag.py
[2022-07-13 08:37:48,405] {processor.py:641} INFO - Processing file /home/airflow/.local/lib/python3.7/site-packages/airflow/example_dags/example_trigger_controller_dag.py for tasks to queue
[2022-07-13 08:37:48,409] {logging_mixin.py:115} INFO - [2022-07-13 08:37:48,408] {dagbag.py:508} INFO - Filling up the DagBag from /home/airflow/.local/lib/python3.7/site-packages/airflow/example_dags/example_trigger_controller_dag.py
[2022-07-13 08:37:48,423] {processor.py:651} INFO - DAG(s) dict_keys(['example_trigger_controller_dag']) retrieved from /home/airflow/.local/lib/python3.7/site-packages/airflow/example_dags/example_trigger_controller_dag.py
[2022-07-13 08:37:48,488] {logging_mixin.py:115} INFO - [2022-07-13 08:37:48,487] {dag.py:2420} INFO - Sync 1 DAGs
[2022-07-13 08:37:48,573] {logging_mixin.py:115} INFO - [2022-07-13 08:37:48,572] {dag.py:2972} INFO - Setting next_dagrun for example_trigger_controller_dag to 2021-01-01T00:00:00+00:00, run_after=2021-01-01T00:00:00+00:00
[2022-07-13 08:37:48,610] {processor.py:161} INFO - Processing /home/airflow/.local/lib/python3.7/site-packages/airflow/example_dags/example_trigger_controller_dag.py took 0.219 seconds
[2022-07-13 08:38:19,238] {processor.py:153} INFO - Started process (PID=2473) to work on /home/airflow/.local/lib/python3.7/site-packages/airflow/example_dags/example_trigger_controller_dag.py
[2022-07-13 08:38:19,240] {processor.py:641} INFO - Processing file /home/airflow/.local/lib/python3.7/site-packages/airflow/example_dags/example_trigger_controller_dag.py for tasks to queue
[2022-07-13 08:38:19,242] {logging_mixin.py:115} INFO - [2022-07-13 08:38:19,241] {dagbag.py:508} INFO - Filling up the DagBag from /home/airflow/.local/lib/python3.7/site-packages/airflow/example_dags/example_trigger_controller_dag.py
[2022-07-13 08:38:19,247] {processor.py:651} INFO - DAG(s) dict_keys(['example_trigger_controller_dag']) retrieved from /home/airflow/.local/lib/python3.7/site-packages/airflow/example_dags/example_trigger_controller_dag.py
[2022-07-13 08:38:19,296] {logging_mixin.py:115} INFO - [2022-07-13 08:38:19,296] {dag.py:2420} INFO - Sync 1 DAGs
[2022-07-13 08:38:19,337] {logging_mixin.py:115} INFO - [2022-07-13 08:38:19,337] {dag.py:2972} INFO - Setting next_dagrun for example_trigger_controller_dag to 2021-01-01T00:00:00+00:00, run_after=2021-01-01T00:00:00+00:00
[2022-07-13 08:38:19,365] {processor.py:161} INFO - Processing /home/airflow/.local/lib/python3.7/site-packages/airflow/example_dags/example_trigger_controller_dag.py took 0.133 seconds
[2022-07-13 08:38:49,727] {processor.py:153} INFO - Started process (PID=2670) to work on /home/airflow/.local/lib/python3.7/site-packages/airflow/example_dags/example_trigger_controller_dag.py
[2022-07-13 08:38:49,728] {processor.py:641} INFO - Processing file /home/airflow/.local/lib/python3.7/site-packages/airflow/example_dags/example_trigger_controller_dag.py for tasks to queue
[2022-07-13 08:38:49,730] {logging_mixin.py:115} INFO - [2022-07-13 08:38:49,730] {dagbag.py:508} INFO - Filling up the DagBag from /home/airflow/.local/lib/python3.7/site-packages/airflow/example_dags/example_trigger_controller_dag.py
[2022-07-13 08:38:49,738] {processor.py:651} INFO - DAG(s) dict_keys(['example_trigger_controller_dag']) retrieved from /home/airflow/.local/lib/python3.7/site-packages/airflow/example_dags/example_trigger_controller_dag.py
[2022-07-13 08:38:49,788] {logging_mixin.py:115} INFO - [2022-07-13 08:38:49,788] {dag.py:2420} INFO - Sync 1 DAGs
[2022-07-13 08:38:49,826] {logging_mixin.py:115} INFO - [2022-07-13 08:38:49,825] {dag.py:2972} INFO - Setting next_dagrun for example_trigger_controller_dag to 2021-01-01T00:00:00+00:00, run_after=2021-01-01T00:00:00+00:00
[2022-07-13 08:38:49,846] {processor.py:161} INFO - Processing /home/airflow/.local/lib/python3.7/site-packages/airflow/example_dags/example_trigger_controller_dag.py took 0.125 seconds
[2022-07-13 08:39:20,820] {processor.py:153} INFO - Started process (PID=2861) to work on /home/airflow/.local/lib/python3.7/site-packages/airflow/example_dags/example_trigger_controller_dag.py
[2022-07-13 08:39:20,822] {processor.py:641} INFO - Processing file /home/airflow/.local/lib/python3.7/site-packages/airflow/example_dags/example_trigger_controller_dag.py for tasks to queue
[2022-07-13 08:39:20,824] {logging_mixin.py:115} INFO - [2022-07-13 08:39:20,824] {dagbag.py:508} INFO - Filling up the DagBag from /home/airflow/.local/lib/python3.7/site-packages/airflow/example_dags/example_trigger_controller_dag.py
[2022-07-13 08:39:20,832] {processor.py:651} INFO - DAG(s) dict_keys(['example_trigger_controller_dag']) retrieved from /home/airflow/.local/lib/python3.7/site-packages/airflow/example_dags/example_trigger_controller_dag.py
[2022-07-13 08:39:20,876] {logging_mixin.py:115} INFO - [2022-07-13 08:39:20,876] {dag.py:2420} INFO - Sync 1 DAGs
[2022-07-13 08:39:20,910] {logging_mixin.py:115} INFO - [2022-07-13 08:39:20,910] {dag.py:2972} INFO - Setting next_dagrun for example_trigger_controller_dag to 2021-01-01T00:00:00+00:00, run_after=2021-01-01T00:00:00+00:00
[2022-07-13 08:39:20,934] {processor.py:161} INFO - Processing /home/airflow/.local/lib/python3.7/site-packages/airflow/example_dags/example_trigger_controller_dag.py took 0.120 seconds
[2022-07-13 08:39:51,595] {processor.py:153} INFO - Started process (PID=3055) to work on /home/airflow/.local/lib/python3.7/site-packages/airflow/example_dags/example_trigger_controller_dag.py
[2022-07-13 08:39:51,597] {processor.py:641} INFO - Processing file /home/airflow/.local/lib/python3.7/site-packages/airflow/example_dags/example_trigger_controller_dag.py for tasks to queue
[2022-07-13 08:39:51,599] {logging_mixin.py:115} INFO - [2022-07-13 08:39:51,599] {dagbag.py:508} INFO - Filling up the DagBag from /home/airflow/.local/lib/python3.7/site-packages/airflow/example_dags/example_trigger_controller_dag.py
[2022-07-13 08:39:51,607] {processor.py:651} INFO - DAG(s) dict_keys(['example_trigger_controller_dag']) retrieved from /home/airflow/.local/lib/python3.7/site-packages/airflow/example_dags/example_trigger_controller_dag.py
[2022-07-13 08:39:51,660] {logging_mixin.py:115} INFO - [2022-07-13 08:39:51,660] {dag.py:2420} INFO - Sync 1 DAGs
[2022-07-13 08:39:51,702] {logging_mixin.py:115} INFO - [2022-07-13 08:39:51,701] {dag.py:2972} INFO - Setting next_dagrun for example_trigger_controller_dag to 2021-01-01T00:00:00+00:00, run_after=2021-01-01T00:00:00+00:00
[2022-07-13 08:39:51,729] {processor.py:161} INFO - Processing /home/airflow/.local/lib/python3.7/site-packages/airflow/example_dags/example_trigger_controller_dag.py took 0.139 seconds
[2022-07-13 08:40:22,544] {processor.py:153} INFO - Started process (PID=3243) to work on /home/airflow/.local/lib/python3.7/site-packages/airflow/example_dags/example_trigger_controller_dag.py
[2022-07-13 08:40:22,546] {processor.py:641} INFO - Processing file /home/airflow/.local/lib/python3.7/site-packages/airflow/example_dags/example_trigger_controller_dag.py for tasks to queue
[2022-07-13 08:40:22,548] {logging_mixin.py:115} INFO - [2022-07-13 08:40:22,548] {dagbag.py:508} INFO - Filling up the DagBag from /home/airflow/.local/lib/python3.7/site-packages/airflow/example_dags/example_trigger_controller_dag.py
[2022-07-13 08:40:22,559] {processor.py:651} INFO - DAG(s) dict_keys(['example_trigger_controller_dag']) retrieved from /home/airflow/.local/lib/python3.7/site-packages/airflow/example_dags/example_trigger_controller_dag.py
[2022-07-13 08:40:22,619] {logging_mixin.py:115} INFO - [2022-07-13 08:40:22,619] {dag.py:2420} INFO - Sync 1 DAGs
[2022-07-13 08:40:22,671] {logging_mixin.py:115} INFO - [2022-07-13 08:40:22,671] {dag.py:2972} INFO - Setting next_dagrun for example_trigger_controller_dag to 2021-01-01T00:00:00+00:00, run_after=2021-01-01T00:00:00+00:00
[2022-07-13 08:40:22,691] {processor.py:161} INFO - Processing /home/airflow/.local/lib/python3.7/site-packages/airflow/example_dags/example_trigger_controller_dag.py took 0.154 seconds
[2022-07-13 08:40:53,320] {processor.py:153} INFO - Started process (PID=3441) to work on /home/airflow/.local/lib/python3.7/site-packages/airflow/example_dags/example_trigger_controller_dag.py
[2022-07-13 08:40:53,322] {processor.py:641} INFO - Processing file /home/airflow/.local/lib/python3.7/site-packages/airflow/example_dags/example_trigger_controller_dag.py for tasks to queue
[2022-07-13 08:40:53,325] {logging_mixin.py:115} INFO - [2022-07-13 08:40:53,325] {dagbag.py:508} INFO - Filling up the DagBag from /home/airflow/.local/lib/python3.7/site-packages/airflow/example_dags/example_trigger_controller_dag.py
[2022-07-13 08:40:53,332] {processor.py:651} INFO - DAG(s) dict_keys(['example_trigger_controller_dag']) retrieved from /home/airflow/.local/lib/python3.7/site-packages/airflow/example_dags/example_trigger_controller_dag.py
[2022-07-13 08:40:53,382] {logging_mixin.py:115} INFO - [2022-07-13 08:40:53,382] {dag.py:2420} INFO - Sync 1 DAGs
[2022-07-13 08:40:53,429] {logging_mixin.py:115} INFO - [2022-07-13 08:40:53,428] {dag.py:2972} INFO - Setting next_dagrun for example_trigger_controller_dag to 2021-01-01T00:00:00+00:00, run_after=2021-01-01T00:00:00+00:00
[2022-07-13 08:40:53,464] {processor.py:161} INFO - Processing /home/airflow/.local/lib/python3.7/site-packages/airflow/example_dags/example_trigger_controller_dag.py took 0.152 seconds
[2022-07-13 08:41:24,154] {processor.py:153} INFO - Started process (PID=3630) to work on /home/airflow/.local/lib/python3.7/site-packages/airflow/example_dags/example_trigger_controller_dag.py
[2022-07-13 08:41:24,156] {processor.py:641} INFO - Processing file /home/airflow/.local/lib/python3.7/site-packages/airflow/example_dags/example_trigger_controller_dag.py for tasks to queue
[2022-07-13 08:41:24,159] {logging_mixin.py:115} INFO - [2022-07-13 08:41:24,158] {dagbag.py:508} INFO - Filling up the DagBag from /home/airflow/.local/lib/python3.7/site-packages/airflow/example_dags/example_trigger_controller_dag.py
[2022-07-13 08:41:24,165] {processor.py:651} INFO - DAG(s) dict_keys(['example_trigger_controller_dag']) retrieved from /home/airflow/.local/lib/python3.7/site-packages/airflow/example_dags/example_trigger_controller_dag.py
[2022-07-13 08:41:24,223] {logging_mixin.py:115} INFO - [2022-07-13 08:41:24,223] {dag.py:2420} INFO - Sync 1 DAGs
[2022-07-13 08:41:24,266] {logging_mixin.py:115} INFO - [2022-07-13 08:41:24,266] {dag.py:2972} INFO - Setting next_dagrun for example_trigger_controller_dag to 2021-01-01T00:00:00+00:00, run_after=2021-01-01T00:00:00+00:00
[2022-07-13 08:41:24,292] {processor.py:161} INFO - Processing /home/airflow/.local/lib/python3.7/site-packages/airflow/example_dags/example_trigger_controller_dag.py took 0.144 seconds
[2022-07-13 08:41:54,641] {processor.py:153} INFO - Started process (PID=3829) to work on /home/airflow/.local/lib/python3.7/site-packages/airflow/example_dags/example_trigger_controller_dag.py
[2022-07-13 08:41:54,643] {processor.py:641} INFO - Processing file /home/airflow/.local/lib/python3.7/site-packages/airflow/example_dags/example_trigger_controller_dag.py for tasks to queue
[2022-07-13 08:41:54,646] {logging_mixin.py:115} INFO - [2022-07-13 08:41:54,646] {dagbag.py:508} INFO - Filling up the DagBag from /home/airflow/.local/lib/python3.7/site-packages/airflow/example_dags/example_trigger_controller_dag.py
[2022-07-13 08:41:54,653] {processor.py:651} INFO - DAG(s) dict_keys(['example_trigger_controller_dag']) retrieved from /home/airflow/.local/lib/python3.7/site-packages/airflow/example_dags/example_trigger_controller_dag.py
[2022-07-13 08:41:54,712] {logging_mixin.py:115} INFO - [2022-07-13 08:41:54,712] {dag.py:2420} INFO - Sync 1 DAGs
[2022-07-13 08:41:54,757] {logging_mixin.py:115} INFO - [2022-07-13 08:41:54,757] {dag.py:2972} INFO - Setting next_dagrun for example_trigger_controller_dag to 2021-01-01T00:00:00+00:00, run_after=2021-01-01T00:00:00+00:00
[2022-07-13 08:41:54,788] {processor.py:161} INFO - Processing /home/airflow/.local/lib/python3.7/site-packages/airflow/example_dags/example_trigger_controller_dag.py took 0.154 seconds
[2022-07-13 08:42:25,504] {processor.py:153} INFO - Started process (PID=4028) to work on /home/airflow/.local/lib/python3.7/site-packages/airflow/example_dags/example_trigger_controller_dag.py
[2022-07-13 08:42:25,506] {processor.py:641} INFO - Processing file /home/airflow/.local/lib/python3.7/site-packages/airflow/example_dags/example_trigger_controller_dag.py for tasks to queue
[2022-07-13 08:42:25,509] {logging_mixin.py:115} INFO - [2022-07-13 08:42:25,508] {dagbag.py:508} INFO - Filling up the DagBag from /home/airflow/.local/lib/python3.7/site-packages/airflow/example_dags/example_trigger_controller_dag.py
[2022-07-13 08:42:25,517] {processor.py:651} INFO - DAG(s) dict_keys(['example_trigger_controller_dag']) retrieved from /home/airflow/.local/lib/python3.7/site-packages/airflow/example_dags/example_trigger_controller_dag.py
[2022-07-13 08:42:25,572] {logging_mixin.py:115} INFO - [2022-07-13 08:42:25,572] {dag.py:2420} INFO - Sync 1 DAGs
[2022-07-13 08:42:25,611] {logging_mixin.py:115} INFO - [2022-07-13 08:42:25,611] {dag.py:2972} INFO - Setting next_dagrun for example_trigger_controller_dag to 2021-01-01T00:00:00+00:00, run_after=2021-01-01T00:00:00+00:00
[2022-07-13 08:42:25,634] {processor.py:161} INFO - Processing /home/airflow/.local/lib/python3.7/site-packages/airflow/example_dags/example_trigger_controller_dag.py took 0.137 seconds
[2022-07-13 08:42:56,093] {processor.py:153} INFO - Started process (PID=4218) to work on /home/airflow/.local/lib/python3.7/site-packages/airflow/example_dags/example_trigger_controller_dag.py
[2022-07-13 08:42:56,095] {processor.py:641} INFO - Processing file /home/airflow/.local/lib/python3.7/site-packages/airflow/example_dags/example_trigger_controller_dag.py for tasks to queue
[2022-07-13 08:42:56,098] {logging_mixin.py:115} INFO - [2022-07-13 08:42:56,098] {dagbag.py:508} INFO - Filling up the DagBag from /home/airflow/.local/lib/python3.7/site-packages/airflow/example_dags/example_trigger_controller_dag.py
[2022-07-13 08:42:56,106] {processor.py:651} INFO - DAG(s) dict_keys(['example_trigger_controller_dag']) retrieved from /home/airflow/.local/lib/python3.7/site-packages/airflow/example_dags/example_trigger_controller_dag.py
[2022-07-13 08:42:56,154] {logging_mixin.py:115} INFO - [2022-07-13 08:42:56,153] {dag.py:2420} INFO - Sync 1 DAGs
[2022-07-13 08:42:56,193] {logging_mixin.py:115} INFO - [2022-07-13 08:42:56,192] {dag.py:2972} INFO - Setting next_dagrun for example_trigger_controller_dag to 2021-01-01T00:00:00+00:00, run_after=2021-01-01T00:00:00+00:00
[2022-07-13 08:42:56,216] {processor.py:161} INFO - Processing /home/airflow/.local/lib/python3.7/site-packages/airflow/example_dags/example_trigger_controller_dag.py took 0.133 seconds
[2022-07-13 08:43:26,383] {processor.py:153} INFO - Started process (PID=4415) to work on /home/airflow/.local/lib/python3.7/site-packages/airflow/example_dags/example_trigger_controller_dag.py
[2022-07-13 08:43:26,386] {processor.py:641} INFO - Processing file /home/airflow/.local/lib/python3.7/site-packages/airflow/example_dags/example_trigger_controller_dag.py for tasks to queue
[2022-07-13 08:43:26,390] {logging_mixin.py:115} INFO - [2022-07-13 08:43:26,390] {dagbag.py:508} INFO - Filling up the DagBag from /home/airflow/.local/lib/python3.7/site-packages/airflow/example_dags/example_trigger_controller_dag.py
[2022-07-13 08:43:26,402] {processor.py:651} INFO - DAG(s) dict_keys(['example_trigger_controller_dag']) retrieved from /home/airflow/.local/lib/python3.7/site-packages/airflow/example_dags/example_trigger_controller_dag.py
[2022-07-13 08:43:26,462] {logging_mixin.py:115} INFO - [2022-07-13 08:43:26,462] {dag.py:2420} INFO - Sync 1 DAGs
[2022-07-13 08:43:26,518] {logging_mixin.py:115} INFO - [2022-07-13 08:43:26,518] {dag.py:2972} INFO - Setting next_dagrun for example_trigger_controller_dag to 2021-01-01T00:00:00+00:00, run_after=2021-01-01T00:00:00+00:00
[2022-07-13 08:43:26,544] {processor.py:161} INFO - Processing /home/airflow/.local/lib/python3.7/site-packages/airflow/example_dags/example_trigger_controller_dag.py took 0.172 seconds
[2022-07-13 08:43:57,450] {processor.py:153} INFO - Started process (PID=4606) to work on /home/airflow/.local/lib/python3.7/site-packages/airflow/example_dags/example_trigger_controller_dag.py
[2022-07-13 08:43:57,452] {processor.py:641} INFO - Processing file /home/airflow/.local/lib/python3.7/site-packages/airflow/example_dags/example_trigger_controller_dag.py for tasks to queue
[2022-07-13 08:43:57,454] {logging_mixin.py:115} INFO - [2022-07-13 08:43:57,454] {dagbag.py:508} INFO - Filling up the DagBag from /home/airflow/.local/lib/python3.7/site-packages/airflow/example_dags/example_trigger_controller_dag.py
[2022-07-13 08:43:57,462] {processor.py:651} INFO - DAG(s) dict_keys(['example_trigger_controller_dag']) retrieved from /home/airflow/.local/lib/python3.7/site-packages/airflow/example_dags/example_trigger_controller_dag.py
[2022-07-13 08:43:57,510] {logging_mixin.py:115} INFO - [2022-07-13 08:43:57,509] {dag.py:2420} INFO - Sync 1 DAGs
[2022-07-13 08:43:57,548] {logging_mixin.py:115} INFO - [2022-07-13 08:43:57,548] {dag.py:2972} INFO - Setting next_dagrun for example_trigger_controller_dag to 2021-01-01T00:00:00+00:00, run_after=2021-01-01T00:00:00+00:00
[2022-07-13 08:43:57,570] {processor.py:161} INFO - Processing /home/airflow/.local/lib/python3.7/site-packages/airflow/example_dags/example_trigger_controller_dag.py took 0.128 seconds
[2022-07-13 08:44:27,713] {processor.py:153} INFO - Started process (PID=4802) to work on /home/airflow/.local/lib/python3.7/site-packages/airflow/example_dags/example_trigger_controller_dag.py
[2022-07-13 08:44:27,715] {processor.py:641} INFO - Processing file /home/airflow/.local/lib/python3.7/site-packages/airflow/example_dags/example_trigger_controller_dag.py for tasks to queue
[2022-07-13 08:44:27,718] {logging_mixin.py:115} INFO - [2022-07-13 08:44:27,718] {dagbag.py:508} INFO - Filling up the DagBag from /home/airflow/.local/lib/python3.7/site-packages/airflow/example_dags/example_trigger_controller_dag.py
[2022-07-13 08:44:27,727] {processor.py:651} INFO - DAG(s) dict_keys(['example_trigger_controller_dag']) retrieved from /home/airflow/.local/lib/python3.7/site-packages/airflow/example_dags/example_trigger_controller_dag.py
[2022-07-13 08:44:27,785] {logging_mixin.py:115} INFO - [2022-07-13 08:44:27,785] {dag.py:2420} INFO - Sync 1 DAGs
[2022-07-13 08:44:27,830] {logging_mixin.py:115} INFO - [2022-07-13 08:44:27,830] {dag.py:2972} INFO - Setting next_dagrun for example_trigger_controller_dag to 2021-01-01T00:00:00+00:00, run_after=2021-01-01T00:00:00+00:00
[2022-07-13 08:44:27,853] {processor.py:161} INFO - Processing /home/airflow/.local/lib/python3.7/site-packages/airflow/example_dags/example_trigger_controller_dag.py took 0.146 seconds
[2022-07-13 08:44:57,989] {processor.py:153} INFO - Started process (PID=4991) to work on /home/airflow/.local/lib/python3.7/site-packages/airflow/example_dags/example_trigger_controller_dag.py
[2022-07-13 08:44:57,991] {processor.py:641} INFO - Processing file /home/airflow/.local/lib/python3.7/site-packages/airflow/example_dags/example_trigger_controller_dag.py for tasks to queue
[2022-07-13 08:44:57,993] {logging_mixin.py:115} INFO - [2022-07-13 08:44:57,993] {dagbag.py:508} INFO - Filling up the DagBag from /home/airflow/.local/lib/python3.7/site-packages/airflow/example_dags/example_trigger_controller_dag.py
[2022-07-13 08:44:58,000] {processor.py:651} INFO - DAG(s) dict_keys(['example_trigger_controller_dag']) retrieved from /home/airflow/.local/lib/python3.7/site-packages/airflow/example_dags/example_trigger_controller_dag.py
[2022-07-13 08:44:58,052] {logging_mixin.py:115} INFO - [2022-07-13 08:44:58,052] {dag.py:2420} INFO - Sync 1 DAGs
[2022-07-13 08:44:58,090] {logging_mixin.py:115} INFO - [2022-07-13 08:44:58,089] {dag.py:2972} INFO - Setting next_dagrun for example_trigger_controller_dag to 2021-01-01T00:00:00+00:00, run_after=2021-01-01T00:00:00+00:00
[2022-07-13 08:44:58,114] {processor.py:161} INFO - Processing /home/airflow/.local/lib/python3.7/site-packages/airflow/example_dags/example_trigger_controller_dag.py took 0.131 seconds
[2022-07-13 08:45:28,333] {processor.py:153} INFO - Started process (PID=5188) to work on /home/airflow/.local/lib/python3.7/site-packages/airflow/example_dags/example_trigger_controller_dag.py
[2022-07-13 08:45:28,335] {processor.py:641} INFO - Processing file /home/airflow/.local/lib/python3.7/site-packages/airflow/example_dags/example_trigger_controller_dag.py for tasks to queue
[2022-07-13 08:45:28,337] {logging_mixin.py:115} INFO - [2022-07-13 08:45:28,337] {dagbag.py:508} INFO - Filling up the DagBag from /home/airflow/.local/lib/python3.7/site-packages/airflow/example_dags/example_trigger_controller_dag.py
[2022-07-13 08:45:28,346] {processor.py:651} INFO - DAG(s) dict_keys(['example_trigger_controller_dag']) retrieved from /home/airflow/.local/lib/python3.7/site-packages/airflow/example_dags/example_trigger_controller_dag.py
[2022-07-13 08:45:28,399] {logging_mixin.py:115} INFO - [2022-07-13 08:45:28,399] {dag.py:2420} INFO - Sync 1 DAGs
[2022-07-13 08:45:28,438] {logging_mixin.py:115} INFO - [2022-07-13 08:45:28,438] {dag.py:2972} INFO - Setting next_dagrun for example_trigger_controller_dag to 2021-01-01T00:00:00+00:00, run_after=2021-01-01T00:00:00+00:00
[2022-07-13 08:45:28,478] {processor.py:161} INFO - Processing /home/airflow/.local/lib/python3.7/site-packages/airflow/example_dags/example_trigger_controller_dag.py took 0.150 seconds
[2022-07-13 08:45:59,469] {processor.py:153} INFO - Started process (PID=5377) to work on /home/airflow/.local/lib/python3.7/site-packages/airflow/example_dags/example_trigger_controller_dag.py
[2022-07-13 08:45:59,472] {processor.py:641} INFO - Processing file /home/airflow/.local/lib/python3.7/site-packages/airflow/example_dags/example_trigger_controller_dag.py for tasks to queue
[2022-07-13 08:45:59,475] {logging_mixin.py:115} INFO - [2022-07-13 08:45:59,474] {dagbag.py:508} INFO - Filling up the DagBag from /home/airflow/.local/lib/python3.7/site-packages/airflow/example_dags/example_trigger_controller_dag.py
[2022-07-13 08:45:59,485] {processor.py:651} INFO - DAG(s) dict_keys(['example_trigger_controller_dag']) retrieved from /home/airflow/.local/lib/python3.7/site-packages/airflow/example_dags/example_trigger_controller_dag.py
[2022-07-13 08:45:59,551] {logging_mixin.py:115} INFO - [2022-07-13 08:45:59,551] {dag.py:2420} INFO - Sync 1 DAGs
[2022-07-13 08:45:59,599] {logging_mixin.py:115} INFO - [2022-07-13 08:45:59,598] {dag.py:2972} INFO - Setting next_dagrun for example_trigger_controller_dag to 2021-01-01T00:00:00+00:00, run_after=2021-01-01T00:00:00+00:00
[2022-07-13 08:45:59,619] {processor.py:161} INFO - Processing /home/airflow/.local/lib/python3.7/site-packages/airflow/example_dags/example_trigger_controller_dag.py took 0.159 seconds
[2022-07-13 08:46:30,463] {processor.py:153} INFO - Started process (PID=5575) to work on /home/airflow/.local/lib/python3.7/site-packages/airflow/example_dags/example_trigger_controller_dag.py
[2022-07-13 08:46:30,465] {processor.py:641} INFO - Processing file /home/airflow/.local/lib/python3.7/site-packages/airflow/example_dags/example_trigger_controller_dag.py for tasks to queue
[2022-07-13 08:46:30,467] {logging_mixin.py:115} INFO - [2022-07-13 08:46:30,467] {dagbag.py:508} INFO - Filling up the DagBag from /home/airflow/.local/lib/python3.7/site-packages/airflow/example_dags/example_trigger_controller_dag.py
[2022-07-13 08:46:30,473] {processor.py:651} INFO - DAG(s) dict_keys(['example_trigger_controller_dag']) retrieved from /home/airflow/.local/lib/python3.7/site-packages/airflow/example_dags/example_trigger_controller_dag.py
[2022-07-13 08:46:30,536] {logging_mixin.py:115} INFO - [2022-07-13 08:46:30,536] {dag.py:2420} INFO - Sync 1 DAGs
[2022-07-13 08:46:30,579] {logging_mixin.py:115} INFO - [2022-07-13 08:46:30,579] {dag.py:2972} INFO - Setting next_dagrun for example_trigger_controller_dag to 2021-01-01T00:00:00+00:00, run_after=2021-01-01T00:00:00+00:00
[2022-07-13 08:46:30,605] {processor.py:161} INFO - Processing /home/airflow/.local/lib/python3.7/site-packages/airflow/example_dags/example_trigger_controller_dag.py took 0.147 seconds
[2022-07-13 08:47:01,123] {processor.py:153} INFO - Started process (PID=5738) to work on /home/airflow/.local/lib/python3.7/site-packages/airflow/example_dags/example_trigger_controller_dag.py
[2022-07-13 08:47:01,126] {processor.py:641} INFO - Processing file /home/airflow/.local/lib/python3.7/site-packages/airflow/example_dags/example_trigger_controller_dag.py for tasks to queue
[2022-07-13 08:47:01,130] {logging_mixin.py:115} INFO - [2022-07-13 08:47:01,130] {dagbag.py:508} INFO - Filling up the DagBag from /home/airflow/.local/lib/python3.7/site-packages/airflow/example_dags/example_trigger_controller_dag.py
[2022-07-13 08:47:01,145] {processor.py:651} INFO - DAG(s) dict_keys(['example_trigger_controller_dag']) retrieved from /home/airflow/.local/lib/python3.7/site-packages/airflow/example_dags/example_trigger_controller_dag.py
[2022-07-13 08:47:01,254] {logging_mixin.py:115} INFO - [2022-07-13 08:47:01,252] {dag.py:2420} INFO - Sync 1 DAGs
[2022-07-13 08:47:01,356] {logging_mixin.py:115} INFO - [2022-07-13 08:47:01,356] {dag.py:2972} INFO - Setting next_dagrun for example_trigger_controller_dag to 2021-01-01T00:00:00+00:00, run_after=2021-01-01T00:00:00+00:00
[2022-07-13 08:47:01,396] {processor.py:161} INFO - Processing /home/airflow/.local/lib/python3.7/site-packages/airflow/example_dags/example_trigger_controller_dag.py took 0.282 seconds
