[2022-07-13 08:30:14,044] {processor.py:153} INFO - Started process (PID=242) to work on /home/airflow/.local/lib/python3.7/site-packages/airflow/example_dags/example_branch_operator_decorator.py
[2022-07-13 08:30:14,046] {processor.py:641} INFO - Processing file /home/airflow/.local/lib/python3.7/site-packages/airflow/example_dags/example_branch_operator_decorator.py for tasks to queue
[2022-07-13 08:30:14,049] {logging_mixin.py:115} INFO - [2022-07-13 08:30:14,049] {dagbag.py:508} INFO - Filling up the DagBag from /home/airflow/.local/lib/python3.7/site-packages/airflow/example_dags/example_branch_operator_decorator.py
[2022-07-13 08:30:14,082] {processor.py:651} INFO - DAG(s) dict_keys(['example_branch_python_operator_decorator']) retrieved from /home/airflow/.local/lib/python3.7/site-packages/airflow/example_dags/example_branch_operator_decorator.py
[2022-07-13 08:30:14,217] {logging_mixin.py:115} INFO - [2022-07-13 08:30:14,217] {manager.py:508} INFO - Created Permission View: can edit on DAG:example_branch_python_operator_decorator
[2022-07-13 08:30:14,233] {logging_mixin.py:115} INFO - [2022-07-13 08:30:14,233] {manager.py:508} INFO - Created Permission View: can read on DAG:example_branch_python_operator_decorator
[2022-07-13 08:30:14,248] {logging_mixin.py:115} INFO - [2022-07-13 08:30:14,248] {manager.py:508} INFO - Created Permission View: can delete on DAG:example_branch_python_operator_decorator
[2022-07-13 08:30:14,250] {logging_mixin.py:115} INFO - [2022-07-13 08:30:14,250] {dag.py:2420} INFO - Sync 1 DAGs
[2022-07-13 08:30:14,271] {logging_mixin.py:115} INFO - [2022-07-13 08:30:14,271] {dag.py:2439} INFO - Creating ORM DAG for example_branch_python_operator_decorator
[2022-07-13 08:30:14,299] {logging_mixin.py:115} INFO - [2022-07-13 08:30:14,298] {dag.py:2972} INFO - Setting next_dagrun for example_branch_python_operator_decorator to 2022-07-12T00:00:00+00:00, run_after=2022-07-13T00:00:00+00:00
[2022-07-13 08:30:14,327] {processor.py:161} INFO - Processing /home/airflow/.local/lib/python3.7/site-packages/airflow/example_dags/example_branch_operator_decorator.py took 0.288 seconds
[2022-07-13 08:30:44,881] {processor.py:153} INFO - Started process (PID=440) to work on /home/airflow/.local/lib/python3.7/site-packages/airflow/example_dags/example_branch_operator_decorator.py
[2022-07-13 08:30:44,882] {processor.py:641} INFO - Processing file /home/airflow/.local/lib/python3.7/site-packages/airflow/example_dags/example_branch_operator_decorator.py for tasks to queue
[2022-07-13 08:30:44,884] {logging_mixin.py:115} INFO - [2022-07-13 08:30:44,884] {dagbag.py:508} INFO - Filling up the DagBag from /home/airflow/.local/lib/python3.7/site-packages/airflow/example_dags/example_branch_operator_decorator.py
[2022-07-13 08:30:44,924] {processor.py:651} INFO - DAG(s) dict_keys(['example_branch_python_operator_decorator']) retrieved from /home/airflow/.local/lib/python3.7/site-packages/airflow/example_dags/example_branch_operator_decorator.py
[2022-07-13 08:30:44,985] {logging_mixin.py:115} INFO - [2022-07-13 08:30:44,985] {dag.py:2420} INFO - Sync 1 DAGs
[2022-07-13 08:30:45,039] {logging_mixin.py:115} INFO - [2022-07-13 08:30:45,039] {dag.py:2972} INFO - Setting next_dagrun for example_branch_python_operator_decorator to 2022-07-12T00:00:00+00:00, run_after=2022-07-13T00:00:00+00:00
[2022-07-13 08:30:45,062] {processor.py:161} INFO - Processing /home/airflow/.local/lib/python3.7/site-packages/airflow/example_dags/example_branch_operator_decorator.py took 0.187 seconds
[2022-07-13 08:31:15,196] {processor.py:153} INFO - Started process (PID=629) to work on /home/airflow/.local/lib/python3.7/site-packages/airflow/example_dags/example_branch_operator_decorator.py
[2022-07-13 08:31:15,197] {processor.py:641} INFO - Processing file /home/airflow/.local/lib/python3.7/site-packages/airflow/example_dags/example_branch_operator_decorator.py for tasks to queue
[2022-07-13 08:31:15,199] {logging_mixin.py:115} INFO - [2022-07-13 08:31:15,199] {dagbag.py:508} INFO - Filling up the DagBag from /home/airflow/.local/lib/python3.7/site-packages/airflow/example_dags/example_branch_operator_decorator.py
[2022-07-13 08:31:15,232] {processor.py:651} INFO - DAG(s) dict_keys(['example_branch_python_operator_decorator']) retrieved from /home/airflow/.local/lib/python3.7/site-packages/airflow/example_dags/example_branch_operator_decorator.py
[2022-07-13 08:31:15,269] {logging_mixin.py:115} INFO - [2022-07-13 08:31:15,269] {dag.py:2420} INFO - Sync 1 DAGs
[2022-07-13 08:31:15,306] {logging_mixin.py:115} INFO - [2022-07-13 08:31:15,306] {dag.py:2972} INFO - Setting next_dagrun for example_branch_python_operator_decorator to 2022-07-12T00:00:00+00:00, run_after=2022-07-13T00:00:00+00:00
[2022-07-13 08:31:15,323] {processor.py:161} INFO - Processing /home/airflow/.local/lib/python3.7/site-packages/airflow/example_dags/example_branch_operator_decorator.py took 0.135 seconds
[2022-07-13 08:31:45,643] {processor.py:153} INFO - Started process (PID=828) to work on /home/airflow/.local/lib/python3.7/site-packages/airflow/example_dags/example_branch_operator_decorator.py
[2022-07-13 08:31:45,645] {processor.py:641} INFO - Processing file /home/airflow/.local/lib/python3.7/site-packages/airflow/example_dags/example_branch_operator_decorator.py for tasks to queue
[2022-07-13 08:31:45,646] {logging_mixin.py:115} INFO - [2022-07-13 08:31:45,646] {dagbag.py:508} INFO - Filling up the DagBag from /home/airflow/.local/lib/python3.7/site-packages/airflow/example_dags/example_branch_operator_decorator.py
[2022-07-13 08:31:45,675] {processor.py:651} INFO - DAG(s) dict_keys(['example_branch_python_operator_decorator']) retrieved from /home/airflow/.local/lib/python3.7/site-packages/airflow/example_dags/example_branch_operator_decorator.py
[2022-07-13 08:31:45,712] {logging_mixin.py:115} INFO - [2022-07-13 08:31:45,712] {dag.py:2420} INFO - Sync 1 DAGs
[2022-07-13 08:31:45,762] {logging_mixin.py:115} INFO - [2022-07-13 08:31:45,762] {dag.py:2972} INFO - Setting next_dagrun for example_branch_python_operator_decorator to 2022-07-12T00:00:00+00:00, run_after=2022-07-13T00:00:00+00:00
[2022-07-13 08:31:45,785] {processor.py:161} INFO - Processing /home/airflow/.local/lib/python3.7/site-packages/airflow/example_dags/example_branch_operator_decorator.py took 0.146 seconds
[2022-07-13 08:32:36,560] {processor.py:153} INFO - Started process (PID=235) to work on /home/airflow/.local/lib/python3.7/site-packages/airflow/example_dags/example_branch_operator_decorator.py
[2022-07-13 08:32:36,562] {processor.py:641} INFO - Processing file /home/airflow/.local/lib/python3.7/site-packages/airflow/example_dags/example_branch_operator_decorator.py for tasks to queue
[2022-07-13 08:32:36,564] {logging_mixin.py:115} INFO - [2022-07-13 08:32:36,564] {dagbag.py:508} INFO - Filling up the DagBag from /home/airflow/.local/lib/python3.7/site-packages/airflow/example_dags/example_branch_operator_decorator.py
[2022-07-13 08:32:36,639] {processor.py:651} INFO - DAG(s) dict_keys(['example_branch_python_operator_decorator']) retrieved from /home/airflow/.local/lib/python3.7/site-packages/airflow/example_dags/example_branch_operator_decorator.py
[2022-07-13 08:32:36,685] {logging_mixin.py:115} INFO - [2022-07-13 08:32:36,685] {dag.py:2420} INFO - Sync 1 DAGs
[2022-07-13 08:32:36,718] {logging_mixin.py:115} INFO - [2022-07-13 08:32:36,718] {dag.py:2972} INFO - Setting next_dagrun for example_branch_python_operator_decorator to 2022-07-12T00:00:00+00:00, run_after=2022-07-13T00:00:00+00:00
[2022-07-13 08:32:36,737] {processor.py:161} INFO - Processing /home/airflow/.local/lib/python3.7/site-packages/airflow/example_dags/example_branch_operator_decorator.py took 0.186 seconds
[2022-07-13 08:33:07,593] {processor.py:153} INFO - Started process (PID=432) to work on /home/airflow/.local/lib/python3.7/site-packages/airflow/example_dags/example_branch_operator_decorator.py
[2022-07-13 08:33:07,595] {processor.py:641} INFO - Processing file /home/airflow/.local/lib/python3.7/site-packages/airflow/example_dags/example_branch_operator_decorator.py for tasks to queue
[2022-07-13 08:33:07,600] {logging_mixin.py:115} INFO - [2022-07-13 08:33:07,598] {dagbag.py:508} INFO - Filling up the DagBag from /home/airflow/.local/lib/python3.7/site-packages/airflow/example_dags/example_branch_operator_decorator.py
[2022-07-13 08:33:07,652] {processor.py:651} INFO - DAG(s) dict_keys(['example_branch_python_operator_decorator']) retrieved from /home/airflow/.local/lib/python3.7/site-packages/airflow/example_dags/example_branch_operator_decorator.py
[2022-07-13 08:33:07,714] {logging_mixin.py:115} INFO - [2022-07-13 08:33:07,714] {dag.py:2420} INFO - Sync 1 DAGs
[2022-07-13 08:33:07,811] {logging_mixin.py:115} INFO - [2022-07-13 08:33:07,810] {dag.py:2972} INFO - Setting next_dagrun for example_branch_python_operator_decorator to 2022-07-12T00:00:00+00:00, run_after=2022-07-13T00:00:00+00:00
[2022-07-13 08:33:07,840] {processor.py:161} INFO - Processing /home/airflow/.local/lib/python3.7/site-packages/airflow/example_dags/example_branch_operator_decorator.py took 0.258 seconds
[2022-07-13 08:33:39,097] {processor.py:153} INFO - Started process (PID=630) to work on /home/airflow/.local/lib/python3.7/site-packages/airflow/example_dags/example_branch_operator_decorator.py
[2022-07-13 08:33:39,099] {processor.py:641} INFO - Processing file /home/airflow/.local/lib/python3.7/site-packages/airflow/example_dags/example_branch_operator_decorator.py for tasks to queue
[2022-07-13 08:33:39,101] {logging_mixin.py:115} INFO - [2022-07-13 08:33:39,101] {dagbag.py:508} INFO - Filling up the DagBag from /home/airflow/.local/lib/python3.7/site-packages/airflow/example_dags/example_branch_operator_decorator.py
[2022-07-13 08:33:39,158] {processor.py:651} INFO - DAG(s) dict_keys(['example_branch_python_operator_decorator']) retrieved from /home/airflow/.local/lib/python3.7/site-packages/airflow/example_dags/example_branch_operator_decorator.py
[2022-07-13 08:33:39,244] {logging_mixin.py:115} INFO - [2022-07-13 08:33:39,244] {dag.py:2420} INFO - Sync 1 DAGs
[2022-07-13 08:33:39,354] {logging_mixin.py:115} INFO - [2022-07-13 08:33:39,353] {dag.py:2972} INFO - Setting next_dagrun for example_branch_python_operator_decorator to 2022-07-12T00:00:00+00:00, run_after=2022-07-13T00:00:00+00:00
[2022-07-13 08:33:39,447] {processor.py:161} INFO - Processing /home/airflow/.local/lib/python3.7/site-packages/airflow/example_dags/example_branch_operator_decorator.py took 0.358 seconds
[2022-07-13 08:34:09,649] {processor.py:153} INFO - Started process (PID=818) to work on /home/airflow/.local/lib/python3.7/site-packages/airflow/example_dags/example_branch_operator_decorator.py
[2022-07-13 08:34:09,651] {processor.py:641} INFO - Processing file /home/airflow/.local/lib/python3.7/site-packages/airflow/example_dags/example_branch_operator_decorator.py for tasks to queue
[2022-07-13 08:34:09,652] {logging_mixin.py:115} INFO - [2022-07-13 08:34:09,652] {dagbag.py:508} INFO - Filling up the DagBag from /home/airflow/.local/lib/python3.7/site-packages/airflow/example_dags/example_branch_operator_decorator.py
[2022-07-13 08:34:09,688] {processor.py:651} INFO - DAG(s) dict_keys(['example_branch_python_operator_decorator']) retrieved from /home/airflow/.local/lib/python3.7/site-packages/airflow/example_dags/example_branch_operator_decorator.py
[2022-07-13 08:34:09,738] {logging_mixin.py:115} INFO - [2022-07-13 08:34:09,738] {dag.py:2420} INFO - Sync 1 DAGs
[2022-07-13 08:34:09,777] {logging_mixin.py:115} INFO - [2022-07-13 08:34:09,777] {dag.py:2972} INFO - Setting next_dagrun for example_branch_python_operator_decorator to 2022-07-12T00:00:00+00:00, run_after=2022-07-13T00:00:00+00:00
[2022-07-13 08:34:09,803] {processor.py:161} INFO - Processing /home/airflow/.local/lib/python3.7/site-packages/airflow/example_dags/example_branch_operator_decorator.py took 0.160 seconds
[2022-07-13 08:34:40,457] {processor.py:153} INFO - Started process (PID=1015) to work on /home/airflow/.local/lib/python3.7/site-packages/airflow/example_dags/example_branch_operator_decorator.py
[2022-07-13 08:34:40,463] {processor.py:641} INFO - Processing file /home/airflow/.local/lib/python3.7/site-packages/airflow/example_dags/example_branch_operator_decorator.py for tasks to queue
[2022-07-13 08:34:40,469] {logging_mixin.py:115} INFO - [2022-07-13 08:34:40,468] {dagbag.py:508} INFO - Filling up the DagBag from /home/airflow/.local/lib/python3.7/site-packages/airflow/example_dags/example_branch_operator_decorator.py
[2022-07-13 08:34:40,517] {processor.py:651} INFO - DAG(s) dict_keys(['example_branch_python_operator_decorator']) retrieved from /home/airflow/.local/lib/python3.7/site-packages/airflow/example_dags/example_branch_operator_decorator.py
[2022-07-13 08:34:40,566] {logging_mixin.py:115} INFO - [2022-07-13 08:34:40,566] {dag.py:2420} INFO - Sync 1 DAGs
[2022-07-13 08:34:40,609] {logging_mixin.py:115} INFO - [2022-07-13 08:34:40,609] {dag.py:2972} INFO - Setting next_dagrun for example_branch_python_operator_decorator to 2022-07-12T00:00:00+00:00, run_after=2022-07-13T00:00:00+00:00
[2022-07-13 08:34:40,635] {processor.py:161} INFO - Processing /home/airflow/.local/lib/python3.7/site-packages/airflow/example_dags/example_branch_operator_decorator.py took 0.189 seconds
[2022-07-13 08:35:12,124] {processor.py:153} INFO - Started process (PID=1239) to work on /home/airflow/.local/lib/python3.7/site-packages/airflow/example_dags/example_branch_operator_decorator.py
[2022-07-13 08:35:12,128] {processor.py:641} INFO - Processing file /home/airflow/.local/lib/python3.7/site-packages/airflow/example_dags/example_branch_operator_decorator.py for tasks to queue
[2022-07-13 08:35:12,131] {logging_mixin.py:115} INFO - [2022-07-13 08:35:12,131] {dagbag.py:508} INFO - Filling up the DagBag from /home/airflow/.local/lib/python3.7/site-packages/airflow/example_dags/example_branch_operator_decorator.py
[2022-07-13 08:35:12,212] {processor.py:651} INFO - DAG(s) dict_keys(['example_branch_python_operator_decorator']) retrieved from /home/airflow/.local/lib/python3.7/site-packages/airflow/example_dags/example_branch_operator_decorator.py
[2022-07-13 08:35:12,323] {logging_mixin.py:115} INFO - [2022-07-13 08:35:12,323] {dag.py:2420} INFO - Sync 1 DAGs
[2022-07-13 08:35:12,382] {logging_mixin.py:115} INFO - [2022-07-13 08:35:12,381] {dag.py:2972} INFO - Setting next_dagrun for example_branch_python_operator_decorator to 2022-07-12T00:00:00+00:00, run_after=2022-07-13T00:00:00+00:00
[2022-07-13 08:35:12,481] {processor.py:161} INFO - Processing /home/airflow/.local/lib/python3.7/site-packages/airflow/example_dags/example_branch_operator_decorator.py took 0.387 seconds
[2022-07-13 08:35:42,568] {processor.py:153} INFO - Started process (PID=1430) to work on /home/airflow/.local/lib/python3.7/site-packages/airflow/example_dags/example_branch_operator_decorator.py
[2022-07-13 08:35:42,570] {processor.py:641} INFO - Processing file /home/airflow/.local/lib/python3.7/site-packages/airflow/example_dags/example_branch_operator_decorator.py for tasks to queue
[2022-07-13 08:35:42,575] {logging_mixin.py:115} INFO - [2022-07-13 08:35:42,575] {dagbag.py:508} INFO - Filling up the DagBag from /home/airflow/.local/lib/python3.7/site-packages/airflow/example_dags/example_branch_operator_decorator.py
[2022-07-13 08:35:42,613] {processor.py:651} INFO - DAG(s) dict_keys(['example_branch_python_operator_decorator']) retrieved from /home/airflow/.local/lib/python3.7/site-packages/airflow/example_dags/example_branch_operator_decorator.py
[2022-07-13 08:35:42,657] {logging_mixin.py:115} INFO - [2022-07-13 08:35:42,657] {dag.py:2420} INFO - Sync 1 DAGs
[2022-07-13 08:35:42,693] {logging_mixin.py:115} INFO - [2022-07-13 08:35:42,693] {dag.py:2972} INFO - Setting next_dagrun for example_branch_python_operator_decorator to 2022-07-12T00:00:00+00:00, run_after=2022-07-13T00:00:00+00:00
[2022-07-13 08:35:42,713] {processor.py:161} INFO - Processing /home/airflow/.local/lib/python3.7/site-packages/airflow/example_dags/example_branch_operator_decorator.py took 0.149 seconds
[2022-07-13 08:36:13,670] {processor.py:153} INFO - Started process (PID=1626) to work on /home/airflow/.local/lib/python3.7/site-packages/airflow/example_dags/example_branch_operator_decorator.py
[2022-07-13 08:36:13,671] {processor.py:641} INFO - Processing file /home/airflow/.local/lib/python3.7/site-packages/airflow/example_dags/example_branch_operator_decorator.py for tasks to queue
[2022-07-13 08:36:13,674] {logging_mixin.py:115} INFO - [2022-07-13 08:36:13,674] {dagbag.py:508} INFO - Filling up the DagBag from /home/airflow/.local/lib/python3.7/site-packages/airflow/example_dags/example_branch_operator_decorator.py
[2022-07-13 08:36:13,710] {processor.py:651} INFO - DAG(s) dict_keys(['example_branch_python_operator_decorator']) retrieved from /home/airflow/.local/lib/python3.7/site-packages/airflow/example_dags/example_branch_operator_decorator.py
[2022-07-13 08:36:13,769] {logging_mixin.py:115} INFO - [2022-07-13 08:36:13,768] {dag.py:2420} INFO - Sync 1 DAGs
[2022-07-13 08:36:13,808] {logging_mixin.py:115} INFO - [2022-07-13 08:36:13,808] {dag.py:2972} INFO - Setting next_dagrun for example_branch_python_operator_decorator to 2022-07-12T00:00:00+00:00, run_after=2022-07-13T00:00:00+00:00
[2022-07-13 08:36:13,833] {processor.py:161} INFO - Processing /home/airflow/.local/lib/python3.7/site-packages/airflow/example_dags/example_branch_operator_decorator.py took 0.169 seconds
[2022-07-13 08:36:44,290] {processor.py:153} INFO - Started process (PID=1815) to work on /home/airflow/.local/lib/python3.7/site-packages/airflow/example_dags/example_branch_operator_decorator.py
[2022-07-13 08:36:44,292] {processor.py:641} INFO - Processing file /home/airflow/.local/lib/python3.7/site-packages/airflow/example_dags/example_branch_operator_decorator.py for tasks to queue
[2022-07-13 08:36:44,293] {logging_mixin.py:115} INFO - [2022-07-13 08:36:44,293] {dagbag.py:508} INFO - Filling up the DagBag from /home/airflow/.local/lib/python3.7/site-packages/airflow/example_dags/example_branch_operator_decorator.py
[2022-07-13 08:36:44,326] {processor.py:651} INFO - DAG(s) dict_keys(['example_branch_python_operator_decorator']) retrieved from /home/airflow/.local/lib/python3.7/site-packages/airflow/example_dags/example_branch_operator_decorator.py
[2022-07-13 08:36:44,372] {logging_mixin.py:115} INFO - [2022-07-13 08:36:44,372] {dag.py:2420} INFO - Sync 1 DAGs
[2022-07-13 08:36:44,413] {logging_mixin.py:115} INFO - [2022-07-13 08:36:44,413] {dag.py:2972} INFO - Setting next_dagrun for example_branch_python_operator_decorator to 2022-07-12T00:00:00+00:00, run_after=2022-07-13T00:00:00+00:00
[2022-07-13 08:36:44,436] {processor.py:161} INFO - Processing /home/airflow/.local/lib/python3.7/site-packages/airflow/example_dags/example_branch_operator_decorator.py took 0.152 seconds
[2022-07-13 08:37:15,010] {processor.py:153} INFO - Started process (PID=2012) to work on /home/airflow/.local/lib/python3.7/site-packages/airflow/example_dags/example_branch_operator_decorator.py
[2022-07-13 08:37:15,013] {processor.py:641} INFO - Processing file /home/airflow/.local/lib/python3.7/site-packages/airflow/example_dags/example_branch_operator_decorator.py for tasks to queue
[2022-07-13 08:37:15,015] {logging_mixin.py:115} INFO - [2022-07-13 08:37:15,015] {dagbag.py:508} INFO - Filling up the DagBag from /home/airflow/.local/lib/python3.7/site-packages/airflow/example_dags/example_branch_operator_decorator.py
[2022-07-13 08:37:15,048] {processor.py:651} INFO - DAG(s) dict_keys(['example_branch_python_operator_decorator']) retrieved from /home/airflow/.local/lib/python3.7/site-packages/airflow/example_dags/example_branch_operator_decorator.py
[2022-07-13 08:37:15,097] {logging_mixin.py:115} INFO - [2022-07-13 08:37:15,097] {dag.py:2420} INFO - Sync 1 DAGs
[2022-07-13 08:37:15,138] {logging_mixin.py:115} INFO - [2022-07-13 08:37:15,137] {dag.py:2972} INFO - Setting next_dagrun for example_branch_python_operator_decorator to 2022-07-12T00:00:00+00:00, run_after=2022-07-13T00:00:00+00:00
[2022-07-13 08:37:15,200] {processor.py:161} INFO - Processing /home/airflow/.local/lib/python3.7/site-packages/airflow/example_dags/example_branch_operator_decorator.py took 0.199 seconds
[2022-07-13 08:37:45,887] {processor.py:153} INFO - Started process (PID=2202) to work on /home/airflow/.local/lib/python3.7/site-packages/airflow/example_dags/example_branch_operator_decorator.py
[2022-07-13 08:37:45,889] {processor.py:641} INFO - Processing file /home/airflow/.local/lib/python3.7/site-packages/airflow/example_dags/example_branch_operator_decorator.py for tasks to queue
[2022-07-13 08:37:45,891] {logging_mixin.py:115} INFO - [2022-07-13 08:37:45,891] {dagbag.py:508} INFO - Filling up the DagBag from /home/airflow/.local/lib/python3.7/site-packages/airflow/example_dags/example_branch_operator_decorator.py
[2022-07-13 08:37:45,927] {processor.py:651} INFO - DAG(s) dict_keys(['example_branch_python_operator_decorator']) retrieved from /home/airflow/.local/lib/python3.7/site-packages/airflow/example_dags/example_branch_operator_decorator.py
[2022-07-13 08:37:45,974] {logging_mixin.py:115} INFO - [2022-07-13 08:37:45,974] {dag.py:2420} INFO - Sync 1 DAGs
[2022-07-13 08:37:46,014] {logging_mixin.py:115} INFO - [2022-07-13 08:37:46,014] {dag.py:2972} INFO - Setting next_dagrun for example_branch_python_operator_decorator to 2022-07-12T00:00:00+00:00, run_after=2022-07-13T00:00:00+00:00
[2022-07-13 08:37:46,035] {processor.py:161} INFO - Processing /home/airflow/.local/lib/python3.7/site-packages/airflow/example_dags/example_branch_operator_decorator.py took 0.154 seconds
[2022-07-13 08:38:16,646] {processor.py:153} INFO - Started process (PID=2400) to work on /home/airflow/.local/lib/python3.7/site-packages/airflow/example_dags/example_branch_operator_decorator.py
[2022-07-13 08:38:16,648] {processor.py:641} INFO - Processing file /home/airflow/.local/lib/python3.7/site-packages/airflow/example_dags/example_branch_operator_decorator.py for tasks to queue
[2022-07-13 08:38:16,662] {logging_mixin.py:115} INFO - [2022-07-13 08:38:16,662] {dagbag.py:508} INFO - Filling up the DagBag from /home/airflow/.local/lib/python3.7/site-packages/airflow/example_dags/example_branch_operator_decorator.py
[2022-07-13 08:38:16,712] {processor.py:651} INFO - DAG(s) dict_keys(['example_branch_python_operator_decorator']) retrieved from /home/airflow/.local/lib/python3.7/site-packages/airflow/example_dags/example_branch_operator_decorator.py
[2022-07-13 08:38:16,764] {logging_mixin.py:115} INFO - [2022-07-13 08:38:16,764] {dag.py:2420} INFO - Sync 1 DAGs
[2022-07-13 08:38:16,804] {logging_mixin.py:115} INFO - [2022-07-13 08:38:16,803] {dag.py:2972} INFO - Setting next_dagrun for example_branch_python_operator_decorator to 2022-07-12T00:00:00+00:00, run_after=2022-07-13T00:00:00+00:00
[2022-07-13 08:38:16,839] {processor.py:161} INFO - Processing /home/airflow/.local/lib/python3.7/site-packages/airflow/example_dags/example_branch_operator_decorator.py took 0.198 seconds
[2022-07-13 08:38:47,249] {processor.py:153} INFO - Started process (PID=2586) to work on /home/airflow/.local/lib/python3.7/site-packages/airflow/example_dags/example_branch_operator_decorator.py
[2022-07-13 08:38:47,251] {processor.py:641} INFO - Processing file /home/airflow/.local/lib/python3.7/site-packages/airflow/example_dags/example_branch_operator_decorator.py for tasks to queue
[2022-07-13 08:38:47,253] {logging_mixin.py:115} INFO - [2022-07-13 08:38:47,253] {dagbag.py:508} INFO - Filling up the DagBag from /home/airflow/.local/lib/python3.7/site-packages/airflow/example_dags/example_branch_operator_decorator.py
[2022-07-13 08:38:47,288] {processor.py:651} INFO - DAG(s) dict_keys(['example_branch_python_operator_decorator']) retrieved from /home/airflow/.local/lib/python3.7/site-packages/airflow/example_dags/example_branch_operator_decorator.py
[2022-07-13 08:38:47,337] {logging_mixin.py:115} INFO - [2022-07-13 08:38:47,337] {dag.py:2420} INFO - Sync 1 DAGs
[2022-07-13 08:38:47,379] {logging_mixin.py:115} INFO - [2022-07-13 08:38:47,379] {dag.py:2972} INFO - Setting next_dagrun for example_branch_python_operator_decorator to 2022-07-12T00:00:00+00:00, run_after=2022-07-13T00:00:00+00:00
[2022-07-13 08:38:47,400] {processor.py:161} INFO - Processing /home/airflow/.local/lib/python3.7/site-packages/airflow/example_dags/example_branch_operator_decorator.py took 0.157 seconds
[2022-07-13 08:39:17,998] {processor.py:153} INFO - Started process (PID=2784) to work on /home/airflow/.local/lib/python3.7/site-packages/airflow/example_dags/example_branch_operator_decorator.py
[2022-07-13 08:39:18,000] {processor.py:641} INFO - Processing file /home/airflow/.local/lib/python3.7/site-packages/airflow/example_dags/example_branch_operator_decorator.py for tasks to queue
[2022-07-13 08:39:18,002] {logging_mixin.py:115} INFO - [2022-07-13 08:39:18,002] {dagbag.py:508} INFO - Filling up the DagBag from /home/airflow/.local/lib/python3.7/site-packages/airflow/example_dags/example_branch_operator_decorator.py
[2022-07-13 08:39:18,039] {processor.py:651} INFO - DAG(s) dict_keys(['example_branch_python_operator_decorator']) retrieved from /home/airflow/.local/lib/python3.7/site-packages/airflow/example_dags/example_branch_operator_decorator.py
[2022-07-13 08:39:18,106] {logging_mixin.py:115} INFO - [2022-07-13 08:39:18,106] {dag.py:2420} INFO - Sync 1 DAGs
[2022-07-13 08:39:18,153] {logging_mixin.py:115} INFO - [2022-07-13 08:39:18,153] {dag.py:2972} INFO - Setting next_dagrun for example_branch_python_operator_decorator to 2022-07-12T00:00:00+00:00, run_after=2022-07-13T00:00:00+00:00
[2022-07-13 08:39:18,178] {processor.py:161} INFO - Processing /home/airflow/.local/lib/python3.7/site-packages/airflow/example_dags/example_branch_operator_decorator.py took 0.186 seconds
[2022-07-13 08:39:49,034] {processor.py:153} INFO - Started process (PID=2980) to work on /home/airflow/.local/lib/python3.7/site-packages/airflow/example_dags/example_branch_operator_decorator.py
[2022-07-13 08:39:49,037] {processor.py:641} INFO - Processing file /home/airflow/.local/lib/python3.7/site-packages/airflow/example_dags/example_branch_operator_decorator.py for tasks to queue
[2022-07-13 08:39:49,040] {logging_mixin.py:115} INFO - [2022-07-13 08:39:49,040] {dagbag.py:508} INFO - Filling up the DagBag from /home/airflow/.local/lib/python3.7/site-packages/airflow/example_dags/example_branch_operator_decorator.py
[2022-07-13 08:39:49,101] {processor.py:651} INFO - DAG(s) dict_keys(['example_branch_python_operator_decorator']) retrieved from /home/airflow/.local/lib/python3.7/site-packages/airflow/example_dags/example_branch_operator_decorator.py
[2022-07-13 08:39:49,156] {logging_mixin.py:115} INFO - [2022-07-13 08:39:49,156] {dag.py:2420} INFO - Sync 1 DAGs
[2022-07-13 08:39:49,204] {logging_mixin.py:115} INFO - [2022-07-13 08:39:49,203] {dag.py:2972} INFO - Setting next_dagrun for example_branch_python_operator_decorator to 2022-07-12T00:00:00+00:00, run_after=2022-07-13T00:00:00+00:00
[2022-07-13 08:39:49,234] {processor.py:161} INFO - Processing /home/airflow/.local/lib/python3.7/site-packages/airflow/example_dags/example_branch_operator_decorator.py took 0.210 seconds
[2022-07-13 08:40:20,049] {processor.py:153} INFO - Started process (PID=3170) to work on /home/airflow/.local/lib/python3.7/site-packages/airflow/example_dags/example_branch_operator_decorator.py
[2022-07-13 08:40:20,051] {processor.py:641} INFO - Processing file /home/airflow/.local/lib/python3.7/site-packages/airflow/example_dags/example_branch_operator_decorator.py for tasks to queue
[2022-07-13 08:40:20,071] {logging_mixin.py:115} INFO - [2022-07-13 08:40:20,071] {dagbag.py:508} INFO - Filling up the DagBag from /home/airflow/.local/lib/python3.7/site-packages/airflow/example_dags/example_branch_operator_decorator.py
[2022-07-13 08:40:20,108] {processor.py:651} INFO - DAG(s) dict_keys(['example_branch_python_operator_decorator']) retrieved from /home/airflow/.local/lib/python3.7/site-packages/airflow/example_dags/example_branch_operator_decorator.py
[2022-07-13 08:40:20,152] {logging_mixin.py:115} INFO - [2022-07-13 08:40:20,152] {dag.py:2420} INFO - Sync 1 DAGs
[2022-07-13 08:40:20,209] {logging_mixin.py:115} INFO - [2022-07-13 08:40:20,208] {dag.py:2972} INFO - Setting next_dagrun for example_branch_python_operator_decorator to 2022-07-12T00:00:00+00:00, run_after=2022-07-13T00:00:00+00:00
[2022-07-13 08:40:20,237] {processor.py:161} INFO - Processing /home/airflow/.local/lib/python3.7/site-packages/airflow/example_dags/example_branch_operator_decorator.py took 0.193 seconds
[2022-07-13 08:40:50,802] {processor.py:153} INFO - Started process (PID=3366) to work on /home/airflow/.local/lib/python3.7/site-packages/airflow/example_dags/example_branch_operator_decorator.py
[2022-07-13 08:40:50,804] {processor.py:641} INFO - Processing file /home/airflow/.local/lib/python3.7/site-packages/airflow/example_dags/example_branch_operator_decorator.py for tasks to queue
[2022-07-13 08:40:50,806] {logging_mixin.py:115} INFO - [2022-07-13 08:40:50,806] {dagbag.py:508} INFO - Filling up the DagBag from /home/airflow/.local/lib/python3.7/site-packages/airflow/example_dags/example_branch_operator_decorator.py
[2022-07-13 08:40:50,839] {processor.py:651} INFO - DAG(s) dict_keys(['example_branch_python_operator_decorator']) retrieved from /home/airflow/.local/lib/python3.7/site-packages/airflow/example_dags/example_branch_operator_decorator.py
[2022-07-13 08:40:50,890] {logging_mixin.py:115} INFO - [2022-07-13 08:40:50,889] {dag.py:2420} INFO - Sync 1 DAGs
[2022-07-13 08:40:50,938] {logging_mixin.py:115} INFO - [2022-07-13 08:40:50,938] {dag.py:2972} INFO - Setting next_dagrun for example_branch_python_operator_decorator to 2022-07-12T00:00:00+00:00, run_after=2022-07-13T00:00:00+00:00
[2022-07-13 08:40:50,963] {processor.py:161} INFO - Processing /home/airflow/.local/lib/python3.7/site-packages/airflow/example_dags/example_branch_operator_decorator.py took 0.166 seconds
[2022-07-13 08:41:21,609] {processor.py:153} INFO - Started process (PID=3555) to work on /home/airflow/.local/lib/python3.7/site-packages/airflow/example_dags/example_branch_operator_decorator.py
[2022-07-13 08:41:21,611] {processor.py:641} INFO - Processing file /home/airflow/.local/lib/python3.7/site-packages/airflow/example_dags/example_branch_operator_decorator.py for tasks to queue
[2022-07-13 08:41:21,613] {logging_mixin.py:115} INFO - [2022-07-13 08:41:21,613] {dagbag.py:508} INFO - Filling up the DagBag from /home/airflow/.local/lib/python3.7/site-packages/airflow/example_dags/example_branch_operator_decorator.py
[2022-07-13 08:41:21,647] {processor.py:651} INFO - DAG(s) dict_keys(['example_branch_python_operator_decorator']) retrieved from /home/airflow/.local/lib/python3.7/site-packages/airflow/example_dags/example_branch_operator_decorator.py
[2022-07-13 08:41:21,699] {logging_mixin.py:115} INFO - [2022-07-13 08:41:21,699] {dag.py:2420} INFO - Sync 1 DAGs
[2022-07-13 08:41:21,740] {logging_mixin.py:115} INFO - [2022-07-13 08:41:21,740] {dag.py:2972} INFO - Setting next_dagrun for example_branch_python_operator_decorator to 2022-07-12T00:00:00+00:00, run_after=2022-07-13T00:00:00+00:00
[2022-07-13 08:41:21,760] {processor.py:161} INFO - Processing /home/airflow/.local/lib/python3.7/site-packages/airflow/example_dags/example_branch_operator_decorator.py took 0.157 seconds
[2022-07-13 08:41:52,160] {processor.py:153} INFO - Started process (PID=3754) to work on /home/airflow/.local/lib/python3.7/site-packages/airflow/example_dags/example_branch_operator_decorator.py
[2022-07-13 08:41:52,163] {processor.py:641} INFO - Processing file /home/airflow/.local/lib/python3.7/site-packages/airflow/example_dags/example_branch_operator_decorator.py for tasks to queue
[2022-07-13 08:41:52,165] {logging_mixin.py:115} INFO - [2022-07-13 08:41:52,165] {dagbag.py:508} INFO - Filling up the DagBag from /home/airflow/.local/lib/python3.7/site-packages/airflow/example_dags/example_branch_operator_decorator.py
[2022-07-13 08:41:52,202] {processor.py:651} INFO - DAG(s) dict_keys(['example_branch_python_operator_decorator']) retrieved from /home/airflow/.local/lib/python3.7/site-packages/airflow/example_dags/example_branch_operator_decorator.py
[2022-07-13 08:41:52,249] {logging_mixin.py:115} INFO - [2022-07-13 08:41:52,249] {dag.py:2420} INFO - Sync 1 DAGs
[2022-07-13 08:41:52,290] {logging_mixin.py:115} INFO - [2022-07-13 08:41:52,290] {dag.py:2972} INFO - Setting next_dagrun for example_branch_python_operator_decorator to 2022-07-12T00:00:00+00:00, run_after=2022-07-13T00:00:00+00:00
[2022-07-13 08:41:52,311] {processor.py:161} INFO - Processing /home/airflow/.local/lib/python3.7/site-packages/airflow/example_dags/example_branch_operator_decorator.py took 0.158 seconds
[2022-07-13 08:42:22,827] {processor.py:153} INFO - Started process (PID=3943) to work on /home/airflow/.local/lib/python3.7/site-packages/airflow/example_dags/example_branch_operator_decorator.py
[2022-07-13 08:42:22,829] {processor.py:641} INFO - Processing file /home/airflow/.local/lib/python3.7/site-packages/airflow/example_dags/example_branch_operator_decorator.py for tasks to queue
[2022-07-13 08:42:22,832] {logging_mixin.py:115} INFO - [2022-07-13 08:42:22,832] {dagbag.py:508} INFO - Filling up the DagBag from /home/airflow/.local/lib/python3.7/site-packages/airflow/example_dags/example_branch_operator_decorator.py
[2022-07-13 08:42:22,872] {processor.py:651} INFO - DAG(s) dict_keys(['example_branch_python_operator_decorator']) retrieved from /home/airflow/.local/lib/python3.7/site-packages/airflow/example_dags/example_branch_operator_decorator.py
[2022-07-13 08:42:22,919] {logging_mixin.py:115} INFO - [2022-07-13 08:42:22,919] {dag.py:2420} INFO - Sync 1 DAGs
[2022-07-13 08:42:22,958] {logging_mixin.py:115} INFO - [2022-07-13 08:42:22,958] {dag.py:2972} INFO - Setting next_dagrun for example_branch_python_operator_decorator to 2022-07-12T00:00:00+00:00, run_after=2022-07-13T00:00:00+00:00
[2022-07-13 08:42:22,979] {processor.py:161} INFO - Processing /home/airflow/.local/lib/python3.7/site-packages/airflow/example_dags/example_branch_operator_decorator.py took 0.159 seconds
[2022-07-13 08:42:53,969] {processor.py:153} INFO - Started process (PID=4143) to work on /home/airflow/.local/lib/python3.7/site-packages/airflow/example_dags/example_branch_operator_decorator.py
[2022-07-13 08:42:53,971] {processor.py:641} INFO - Processing file /home/airflow/.local/lib/python3.7/site-packages/airflow/example_dags/example_branch_operator_decorator.py for tasks to queue
[2022-07-13 08:42:53,974] {logging_mixin.py:115} INFO - [2022-07-13 08:42:53,974] {dagbag.py:508} INFO - Filling up the DagBag from /home/airflow/.local/lib/python3.7/site-packages/airflow/example_dags/example_branch_operator_decorator.py
[2022-07-13 08:42:54,019] {processor.py:651} INFO - DAG(s) dict_keys(['example_branch_python_operator_decorator']) retrieved from /home/airflow/.local/lib/python3.7/site-packages/airflow/example_dags/example_branch_operator_decorator.py
[2022-07-13 08:42:54,077] {logging_mixin.py:115} INFO - [2022-07-13 08:42:54,077] {dag.py:2420} INFO - Sync 1 DAGs
[2022-07-13 08:42:54,123] {logging_mixin.py:115} INFO - [2022-07-13 08:42:54,122] {dag.py:2972} INFO - Setting next_dagrun for example_branch_python_operator_decorator to 2022-07-12T00:00:00+00:00, run_after=2022-07-13T00:00:00+00:00
[2022-07-13 08:42:54,147] {processor.py:161} INFO - Processing /home/airflow/.local/lib/python3.7/site-packages/airflow/example_dags/example_branch_operator_decorator.py took 0.184 seconds
[2022-07-13 08:43:24,522] {processor.py:153} INFO - Started process (PID=4332) to work on /home/airflow/.local/lib/python3.7/site-packages/airflow/example_dags/example_branch_operator_decorator.py
[2022-07-13 08:43:24,524] {processor.py:641} INFO - Processing file /home/airflow/.local/lib/python3.7/site-packages/airflow/example_dags/example_branch_operator_decorator.py for tasks to queue
[2022-07-13 08:43:24,525] {logging_mixin.py:115} INFO - [2022-07-13 08:43:24,525] {dagbag.py:508} INFO - Filling up the DagBag from /home/airflow/.local/lib/python3.7/site-packages/airflow/example_dags/example_branch_operator_decorator.py
[2022-07-13 08:43:24,564] {processor.py:651} INFO - DAG(s) dict_keys(['example_branch_python_operator_decorator']) retrieved from /home/airflow/.local/lib/python3.7/site-packages/airflow/example_dags/example_branch_operator_decorator.py
[2022-07-13 08:43:24,612] {logging_mixin.py:115} INFO - [2022-07-13 08:43:24,612] {dag.py:2420} INFO - Sync 1 DAGs
[2022-07-13 08:43:24,652] {logging_mixin.py:115} INFO - [2022-07-13 08:43:24,651] {dag.py:2972} INFO - Setting next_dagrun for example_branch_python_operator_decorator to 2022-07-12T00:00:00+00:00, run_after=2022-07-13T00:00:00+00:00
[2022-07-13 08:43:24,674] {processor.py:161} INFO - Processing /home/airflow/.local/lib/python3.7/site-packages/airflow/example_dags/example_branch_operator_decorator.py took 0.157 seconds
[2022-07-13 08:43:55,048] {processor.py:153} INFO - Started process (PID=4529) to work on /home/airflow/.local/lib/python3.7/site-packages/airflow/example_dags/example_branch_operator_decorator.py
[2022-07-13 08:43:55,051] {processor.py:641} INFO - Processing file /home/airflow/.local/lib/python3.7/site-packages/airflow/example_dags/example_branch_operator_decorator.py for tasks to queue
[2022-07-13 08:43:55,053] {logging_mixin.py:115} INFO - [2022-07-13 08:43:55,053] {dagbag.py:508} INFO - Filling up the DagBag from /home/airflow/.local/lib/python3.7/site-packages/airflow/example_dags/example_branch_operator_decorator.py
[2022-07-13 08:43:55,091] {processor.py:651} INFO - DAG(s) dict_keys(['example_branch_python_operator_decorator']) retrieved from /home/airflow/.local/lib/python3.7/site-packages/airflow/example_dags/example_branch_operator_decorator.py
[2022-07-13 08:43:55,145] {logging_mixin.py:115} INFO - [2022-07-13 08:43:55,145] {dag.py:2420} INFO - Sync 1 DAGs
[2022-07-13 08:43:55,204] {logging_mixin.py:115} INFO - [2022-07-13 08:43:55,204] {dag.py:2972} INFO - Setting next_dagrun for example_branch_python_operator_decorator to 2022-07-12T00:00:00+00:00, run_after=2022-07-13T00:00:00+00:00
[2022-07-13 08:43:55,253] {processor.py:161} INFO - Processing /home/airflow/.local/lib/python3.7/site-packages/airflow/example_dags/example_branch_operator_decorator.py took 0.218 seconds
[2022-07-13 08:44:25,430] {processor.py:153} INFO - Started process (PID=4725) to work on /home/airflow/.local/lib/python3.7/site-packages/airflow/example_dags/example_branch_operator_decorator.py
[2022-07-13 08:44:25,432] {processor.py:641} INFO - Processing file /home/airflow/.local/lib/python3.7/site-packages/airflow/example_dags/example_branch_operator_decorator.py for tasks to queue
[2022-07-13 08:44:25,434] {logging_mixin.py:115} INFO - [2022-07-13 08:44:25,434] {dagbag.py:508} INFO - Filling up the DagBag from /home/airflow/.local/lib/python3.7/site-packages/airflow/example_dags/example_branch_operator_decorator.py
[2022-07-13 08:44:25,473] {processor.py:651} INFO - DAG(s) dict_keys(['example_branch_python_operator_decorator']) retrieved from /home/airflow/.local/lib/python3.7/site-packages/airflow/example_dags/example_branch_operator_decorator.py
[2022-07-13 08:44:25,524] {logging_mixin.py:115} INFO - [2022-07-13 08:44:25,524] {dag.py:2420} INFO - Sync 1 DAGs
[2022-07-13 08:44:25,572] {logging_mixin.py:115} INFO - [2022-07-13 08:44:25,572] {dag.py:2972} INFO - Setting next_dagrun for example_branch_python_operator_decorator to 2022-07-12T00:00:00+00:00, run_after=2022-07-13T00:00:00+00:00
[2022-07-13 08:44:25,609] {processor.py:161} INFO - Processing /home/airflow/.local/lib/python3.7/site-packages/airflow/example_dags/example_branch_operator_decorator.py took 0.184 seconds
[2022-07-13 08:44:56,034] {processor.py:153} INFO - Started process (PID=4918) to work on /home/airflow/.local/lib/python3.7/site-packages/airflow/example_dags/example_branch_operator_decorator.py
[2022-07-13 08:44:56,037] {processor.py:641} INFO - Processing file /home/airflow/.local/lib/python3.7/site-packages/airflow/example_dags/example_branch_operator_decorator.py for tasks to queue
[2022-07-13 08:44:56,039] {logging_mixin.py:115} INFO - [2022-07-13 08:44:56,039] {dagbag.py:508} INFO - Filling up the DagBag from /home/airflow/.local/lib/python3.7/site-packages/airflow/example_dags/example_branch_operator_decorator.py
[2022-07-13 08:44:56,071] {processor.py:651} INFO - DAG(s) dict_keys(['example_branch_python_operator_decorator']) retrieved from /home/airflow/.local/lib/python3.7/site-packages/airflow/example_dags/example_branch_operator_decorator.py
[2022-07-13 08:44:56,118] {logging_mixin.py:115} INFO - [2022-07-13 08:44:56,118] {dag.py:2420} INFO - Sync 1 DAGs
[2022-07-13 08:44:56,157] {logging_mixin.py:115} INFO - [2022-07-13 08:44:56,157] {dag.py:2972} INFO - Setting next_dagrun for example_branch_python_operator_decorator to 2022-07-12T00:00:00+00:00, run_after=2022-07-13T00:00:00+00:00
[2022-07-13 08:44:56,182] {processor.py:161} INFO - Processing /home/airflow/.local/lib/python3.7/site-packages/airflow/example_dags/example_branch_operator_decorator.py took 0.153 seconds
[2022-07-13 08:45:26,351] {processor.py:153} INFO - Started process (PID=5114) to work on /home/airflow/.local/lib/python3.7/site-packages/airflow/example_dags/example_branch_operator_decorator.py
[2022-07-13 08:45:26,353] {processor.py:641} INFO - Processing file /home/airflow/.local/lib/python3.7/site-packages/airflow/example_dags/example_branch_operator_decorator.py for tasks to queue
[2022-07-13 08:45:26,356] {logging_mixin.py:115} INFO - [2022-07-13 08:45:26,356] {dagbag.py:508} INFO - Filling up the DagBag from /home/airflow/.local/lib/python3.7/site-packages/airflow/example_dags/example_branch_operator_decorator.py
[2022-07-13 08:45:26,392] {processor.py:651} INFO - DAG(s) dict_keys(['example_branch_python_operator_decorator']) retrieved from /home/airflow/.local/lib/python3.7/site-packages/airflow/example_dags/example_branch_operator_decorator.py
[2022-07-13 08:45:26,437] {logging_mixin.py:115} INFO - [2022-07-13 08:45:26,437] {dag.py:2420} INFO - Sync 1 DAGs
[2022-07-13 08:45:26,474] {logging_mixin.py:115} INFO - [2022-07-13 08:45:26,473] {dag.py:2972} INFO - Setting next_dagrun for example_branch_python_operator_decorator to 2022-07-12T00:00:00+00:00, run_after=2022-07-13T00:00:00+00:00
[2022-07-13 08:45:26,499] {processor.py:161} INFO - Processing /home/airflow/.local/lib/python3.7/site-packages/airflow/example_dags/example_branch_operator_decorator.py took 0.159 seconds
[2022-07-13 08:45:57,207] {processor.py:153} INFO - Started process (PID=5302) to work on /home/airflow/.local/lib/python3.7/site-packages/airflow/example_dags/example_branch_operator_decorator.py
[2022-07-13 08:45:57,210] {processor.py:641} INFO - Processing file /home/airflow/.local/lib/python3.7/site-packages/airflow/example_dags/example_branch_operator_decorator.py for tasks to queue
[2022-07-13 08:45:57,212] {logging_mixin.py:115} INFO - [2022-07-13 08:45:57,212] {dagbag.py:508} INFO - Filling up the DagBag from /home/airflow/.local/lib/python3.7/site-packages/airflow/example_dags/example_branch_operator_decorator.py
[2022-07-13 08:45:57,286] {processor.py:651} INFO - DAG(s) dict_keys(['example_branch_python_operator_decorator']) retrieved from /home/airflow/.local/lib/python3.7/site-packages/airflow/example_dags/example_branch_operator_decorator.py
[2022-07-13 08:45:57,361] {logging_mixin.py:115} INFO - [2022-07-13 08:45:57,361] {dag.py:2420} INFO - Sync 1 DAGs
[2022-07-13 08:45:57,440] {logging_mixin.py:115} INFO - [2022-07-13 08:45:57,440] {dag.py:2972} INFO - Setting next_dagrun for example_branch_python_operator_decorator to 2022-07-12T00:00:00+00:00, run_after=2022-07-13T00:00:00+00:00
[2022-07-13 08:45:57,470] {processor.py:161} INFO - Processing /home/airflow/.local/lib/python3.7/site-packages/airflow/example_dags/example_branch_operator_decorator.py took 0.271 seconds
[2022-07-13 08:46:27,679] {processor.py:153} INFO - Started process (PID=5500) to work on /home/airflow/.local/lib/python3.7/site-packages/airflow/example_dags/example_branch_operator_decorator.py
[2022-07-13 08:46:27,681] {processor.py:641} INFO - Processing file /home/airflow/.local/lib/python3.7/site-packages/airflow/example_dags/example_branch_operator_decorator.py for tasks to queue
[2022-07-13 08:46:27,682] {logging_mixin.py:115} INFO - [2022-07-13 08:46:27,682] {dagbag.py:508} INFO - Filling up the DagBag from /home/airflow/.local/lib/python3.7/site-packages/airflow/example_dags/example_branch_operator_decorator.py
[2022-07-13 08:46:27,744] {processor.py:651} INFO - DAG(s) dict_keys(['example_branch_python_operator_decorator']) retrieved from /home/airflow/.local/lib/python3.7/site-packages/airflow/example_dags/example_branch_operator_decorator.py
[2022-07-13 08:46:27,812] {logging_mixin.py:115} INFO - [2022-07-13 08:46:27,812] {dag.py:2420} INFO - Sync 1 DAGs
[2022-07-13 08:46:27,861] {logging_mixin.py:115} INFO - [2022-07-13 08:46:27,861] {dag.py:2972} INFO - Setting next_dagrun for example_branch_python_operator_decorator to 2022-07-12T00:00:00+00:00, run_after=2022-07-13T00:00:00+00:00
[2022-07-13 08:46:27,883] {processor.py:161} INFO - Processing /home/airflow/.local/lib/python3.7/site-packages/airflow/example_dags/example_branch_operator_decorator.py took 0.211 seconds
[2022-07-13 08:46:58,477] {processor.py:153} INFO - Started process (PID=5688) to work on /home/airflow/.local/lib/python3.7/site-packages/airflow/example_dags/example_branch_operator_decorator.py
[2022-07-13 08:46:58,479] {processor.py:641} INFO - Processing file /home/airflow/.local/lib/python3.7/site-packages/airflow/example_dags/example_branch_operator_decorator.py for tasks to queue
[2022-07-13 08:46:58,502] {logging_mixin.py:115} INFO - [2022-07-13 08:46:58,502] {dagbag.py:508} INFO - Filling up the DagBag from /home/airflow/.local/lib/python3.7/site-packages/airflow/example_dags/example_branch_operator_decorator.py
[2022-07-13 08:46:58,545] {processor.py:651} INFO - DAG(s) dict_keys(['example_branch_python_operator_decorator']) retrieved from /home/airflow/.local/lib/python3.7/site-packages/airflow/example_dags/example_branch_operator_decorator.py
[2022-07-13 08:46:58,590] {logging_mixin.py:115} INFO - [2022-07-13 08:46:58,590] {dag.py:2420} INFO - Sync 1 DAGs
[2022-07-13 08:46:58,635] {logging_mixin.py:115} INFO - [2022-07-13 08:46:58,635] {dag.py:2972} INFO - Setting next_dagrun for example_branch_python_operator_decorator to 2022-07-12T00:00:00+00:00, run_after=2022-07-13T00:00:00+00:00
[2022-07-13 08:46:58,656] {processor.py:161} INFO - Processing /home/airflow/.local/lib/python3.7/site-packages/airflow/example_dags/example_branch_operator_decorator.py took 0.185 seconds
