[2022-07-13 08:30:13,392] {processor.py:153} INFO - Started process (PID=227) to work on /home/airflow/.local/lib/python3.7/site-packages/airflow/example_dags/example_sla_dag.py
[2022-07-13 08:30:13,394] {processor.py:641} INFO - Processing file /home/airflow/.local/lib/python3.7/site-packages/airflow/example_dags/example_sla_dag.py for tasks to queue
[2022-07-13 08:30:13,395] {logging_mixin.py:115} INFO - [2022-07-13 08:30:13,395] {dagbag.py:508} INFO - Filling up the DagBag from /home/airflow/.local/lib/python3.7/site-packages/airflow/example_dags/example_sla_dag.py
[2022-07-13 08:30:13,426] {processor.py:651} INFO - DAG(s) dict_keys(['example_sla_dag']) retrieved from /home/airflow/.local/lib/python3.7/site-packages/airflow/example_dags/example_sla_dag.py
[2022-07-13 08:30:13,637] {logging_mixin.py:115} INFO - [2022-07-13 08:30:13,637] {manager.py:508} INFO - Created Permission View: can edit on DAG:example_sla_dag
[2022-07-13 08:30:13,651] {logging_mixin.py:115} INFO - [2022-07-13 08:30:13,651] {manager.py:508} INFO - Created Permission View: can read on DAG:example_sla_dag
[2022-07-13 08:30:13,663] {logging_mixin.py:115} INFO - [2022-07-13 08:30:13,663] {manager.py:508} INFO - Created Permission View: can delete on DAG:example_sla_dag
[2022-07-13 08:30:13,665] {logging_mixin.py:115} INFO - [2022-07-13 08:30:13,664] {dag.py:2420} INFO - Sync 1 DAGs
[2022-07-13 08:30:13,679] {logging_mixin.py:115} INFO - [2022-07-13 08:30:13,679] {dag.py:2439} INFO - Creating ORM DAG for example_sla_dag
[2022-07-13 08:30:13,700] {logging_mixin.py:115} INFO - [2022-07-13 08:30:13,700] {dag.py:2972} INFO - Setting next_dagrun for example_sla_dag to 2022-07-13T08:28:00+00:00, run_after=2022-07-13T08:30:00+00:00
[2022-07-13 08:30:13,717] {processor.py:161} INFO - Processing /home/airflow/.local/lib/python3.7/site-packages/airflow/example_dags/example_sla_dag.py took 0.331 seconds
[2022-07-13 08:30:44,475] {processor.py:153} INFO - Started process (PID=423) to work on /home/airflow/.local/lib/python3.7/site-packages/airflow/example_dags/example_sla_dag.py
[2022-07-13 08:30:44,477] {processor.py:641} INFO - Processing file /home/airflow/.local/lib/python3.7/site-packages/airflow/example_dags/example_sla_dag.py for tasks to queue
[2022-07-13 08:30:44,479] {logging_mixin.py:115} INFO - [2022-07-13 08:30:44,479] {dagbag.py:508} INFO - Filling up the DagBag from /home/airflow/.local/lib/python3.7/site-packages/airflow/example_dags/example_sla_dag.py
[2022-07-13 08:30:44,513] {processor.py:651} INFO - DAG(s) dict_keys(['example_sla_dag']) retrieved from /home/airflow/.local/lib/python3.7/site-packages/airflow/example_dags/example_sla_dag.py
[2022-07-13 08:30:44,559] {logging_mixin.py:115} INFO - [2022-07-13 08:30:44,559] {dag.py:2420} INFO - Sync 1 DAGs
[2022-07-13 08:30:44,617] {logging_mixin.py:115} INFO - [2022-07-13 08:30:44,617] {dag.py:2972} INFO - Setting next_dagrun for example_sla_dag to 2022-07-13T08:28:00+00:00, run_after=2022-07-13T08:30:00+00:00
[2022-07-13 08:30:44,646] {processor.py:161} INFO - Processing /home/airflow/.local/lib/python3.7/site-packages/airflow/example_dags/example_sla_dag.py took 0.177 seconds
[2022-07-13 08:31:14,835] {processor.py:153} INFO - Started process (PID=613) to work on /home/airflow/.local/lib/python3.7/site-packages/airflow/example_dags/example_sla_dag.py
[2022-07-13 08:31:14,837] {processor.py:641} INFO - Processing file /home/airflow/.local/lib/python3.7/site-packages/airflow/example_dags/example_sla_dag.py for tasks to queue
[2022-07-13 08:31:14,838] {logging_mixin.py:115} INFO - [2022-07-13 08:31:14,838] {dagbag.py:508} INFO - Filling up the DagBag from /home/airflow/.local/lib/python3.7/site-packages/airflow/example_dags/example_sla_dag.py
[2022-07-13 08:31:14,867] {processor.py:651} INFO - DAG(s) dict_keys(['example_sla_dag']) retrieved from /home/airflow/.local/lib/python3.7/site-packages/airflow/example_dags/example_sla_dag.py
[2022-07-13 08:31:14,904] {logging_mixin.py:115} INFO - [2022-07-13 08:31:14,904] {dag.py:2420} INFO - Sync 1 DAGs
[2022-07-13 08:31:14,941] {logging_mixin.py:115} INFO - [2022-07-13 08:31:14,941] {dag.py:2972} INFO - Setting next_dagrun for example_sla_dag to 2022-07-13T08:28:00+00:00, run_after=2022-07-13T08:30:00+00:00
[2022-07-13 08:31:14,959] {processor.py:161} INFO - Processing /home/airflow/.local/lib/python3.7/site-packages/airflow/example_dags/example_sla_dag.py took 0.133 seconds
[2022-07-13 08:31:45,280] {processor.py:153} INFO - Started process (PID=810) to work on /home/airflow/.local/lib/python3.7/site-packages/airflow/example_dags/example_sla_dag.py
[2022-07-13 08:31:45,282] {processor.py:641} INFO - Processing file /home/airflow/.local/lib/python3.7/site-packages/airflow/example_dags/example_sla_dag.py for tasks to queue
[2022-07-13 08:31:45,287] {logging_mixin.py:115} INFO - [2022-07-13 08:31:45,286] {dagbag.py:508} INFO - Filling up the DagBag from /home/airflow/.local/lib/python3.7/site-packages/airflow/example_dags/example_sla_dag.py
[2022-07-13 08:31:45,323] {processor.py:651} INFO - DAG(s) dict_keys(['example_sla_dag']) retrieved from /home/airflow/.local/lib/python3.7/site-packages/airflow/example_dags/example_sla_dag.py
[2022-07-13 08:31:45,369] {logging_mixin.py:115} INFO - [2022-07-13 08:31:45,369] {dag.py:2420} INFO - Sync 1 DAGs
[2022-07-13 08:31:45,413] {logging_mixin.py:115} INFO - [2022-07-13 08:31:45,412] {dag.py:2972} INFO - Setting next_dagrun for example_sla_dag to 2022-07-13T08:28:00+00:00, run_after=2022-07-13T08:30:00+00:00
[2022-07-13 08:31:45,432] {processor.py:161} INFO - Processing /home/airflow/.local/lib/python3.7/site-packages/airflow/example_dags/example_sla_dag.py took 0.156 seconds
[2022-07-13 08:32:36,189] {processor.py:153} INFO - Started process (PID=220) to work on /home/airflow/.local/lib/python3.7/site-packages/airflow/example_dags/example_sla_dag.py
[2022-07-13 08:32:36,191] {processor.py:641} INFO - Processing file /home/airflow/.local/lib/python3.7/site-packages/airflow/example_dags/example_sla_dag.py for tasks to queue
[2022-07-13 08:32:36,194] {logging_mixin.py:115} INFO - [2022-07-13 08:32:36,193] {dagbag.py:508} INFO - Filling up the DagBag from /home/airflow/.local/lib/python3.7/site-packages/airflow/example_dags/example_sla_dag.py
[2022-07-13 08:32:36,244] {processor.py:651} INFO - DAG(s) dict_keys(['example_sla_dag']) retrieved from /home/airflow/.local/lib/python3.7/site-packages/airflow/example_dags/example_sla_dag.py
[2022-07-13 08:32:36,289] {logging_mixin.py:115} INFO - [2022-07-13 08:32:36,289] {dag.py:2420} INFO - Sync 1 DAGs
[2022-07-13 08:32:36,345] {logging_mixin.py:115} INFO - [2022-07-13 08:32:36,344] {dag.py:2972} INFO - Setting next_dagrun for example_sla_dag to 2022-07-13T08:30:00+00:00, run_after=2022-07-13T08:32:00+00:00
[2022-07-13 08:32:36,372] {processor.py:161} INFO - Processing /home/airflow/.local/lib/python3.7/site-packages/airflow/example_dags/example_sla_dag.py took 0.192 seconds
[2022-07-13 08:33:07,218] {processor.py:153} INFO - Started process (PID=418) to work on /home/airflow/.local/lib/python3.7/site-packages/airflow/example_dags/example_sla_dag.py
[2022-07-13 08:33:07,220] {processor.py:641} INFO - Processing file /home/airflow/.local/lib/python3.7/site-packages/airflow/example_dags/example_sla_dag.py for tasks to queue
[2022-07-13 08:33:07,221] {logging_mixin.py:115} INFO - [2022-07-13 08:33:07,221] {dagbag.py:508} INFO - Filling up the DagBag from /home/airflow/.local/lib/python3.7/site-packages/airflow/example_dags/example_sla_dag.py
[2022-07-13 08:33:07,247] {processor.py:651} INFO - DAG(s) dict_keys(['example_sla_dag']) retrieved from /home/airflow/.local/lib/python3.7/site-packages/airflow/example_dags/example_sla_dag.py
[2022-07-13 08:33:07,293] {logging_mixin.py:115} INFO - [2022-07-13 08:33:07,293] {dag.py:2420} INFO - Sync 1 DAGs
[2022-07-13 08:33:07,338] {logging_mixin.py:115} INFO - [2022-07-13 08:33:07,337] {dag.py:2972} INFO - Setting next_dagrun for example_sla_dag to 2022-07-13T08:30:00+00:00, run_after=2022-07-13T08:32:00+00:00
[2022-07-13 08:33:07,365] {processor.py:161} INFO - Processing /home/airflow/.local/lib/python3.7/site-packages/airflow/example_dags/example_sla_dag.py took 0.152 seconds
[2022-07-13 08:33:38,830] {processor.py:153} INFO - Started process (PID=615) to work on /home/airflow/.local/lib/python3.7/site-packages/airflow/example_dags/example_sla_dag.py
[2022-07-13 08:33:38,832] {processor.py:641} INFO - Processing file /home/airflow/.local/lib/python3.7/site-packages/airflow/example_dags/example_sla_dag.py for tasks to queue
[2022-07-13 08:33:38,835] {logging_mixin.py:115} INFO - [2022-07-13 08:33:38,835] {dagbag.py:508} INFO - Filling up the DagBag from /home/airflow/.local/lib/python3.7/site-packages/airflow/example_dags/example_sla_dag.py
[2022-07-13 08:33:38,885] {processor.py:651} INFO - DAG(s) dict_keys(['example_sla_dag']) retrieved from /home/airflow/.local/lib/python3.7/site-packages/airflow/example_dags/example_sla_dag.py
[2022-07-13 08:33:38,933] {logging_mixin.py:115} INFO - [2022-07-13 08:33:38,933] {dag.py:2420} INFO - Sync 1 DAGs
[2022-07-13 08:33:39,013] {logging_mixin.py:115} INFO - [2022-07-13 08:33:39,013] {dag.py:2972} INFO - Setting next_dagrun for example_sla_dag to 2022-07-13T08:30:00+00:00, run_after=2022-07-13T08:32:00+00:00
[2022-07-13 08:33:39,039] {processor.py:161} INFO - Processing /home/airflow/.local/lib/python3.7/site-packages/airflow/example_dags/example_sla_dag.py took 0.220 seconds
[2022-07-13 08:34:09,387] {processor.py:153} INFO - Started process (PID=803) to work on /home/airflow/.local/lib/python3.7/site-packages/airflow/example_dags/example_sla_dag.py
[2022-07-13 08:34:09,389] {processor.py:641} INFO - Processing file /home/airflow/.local/lib/python3.7/site-packages/airflow/example_dags/example_sla_dag.py for tasks to queue
[2022-07-13 08:34:09,391] {logging_mixin.py:115} INFO - [2022-07-13 08:34:09,391] {dagbag.py:508} INFO - Filling up the DagBag from /home/airflow/.local/lib/python3.7/site-packages/airflow/example_dags/example_sla_dag.py
[2022-07-13 08:34:09,420] {processor.py:651} INFO - DAG(s) dict_keys(['example_sla_dag']) retrieved from /home/airflow/.local/lib/python3.7/site-packages/airflow/example_dags/example_sla_dag.py
[2022-07-13 08:34:09,466] {logging_mixin.py:115} INFO - [2022-07-13 08:34:09,466] {dag.py:2420} INFO - Sync 1 DAGs
[2022-07-13 08:34:09,506] {logging_mixin.py:115} INFO - [2022-07-13 08:34:09,506] {dag.py:2972} INFO - Setting next_dagrun for example_sla_dag to 2022-07-13T08:32:00+00:00, run_after=2022-07-13T08:34:00+00:00
[2022-07-13 08:34:09,527] {processor.py:161} INFO - Processing /home/airflow/.local/lib/python3.7/site-packages/airflow/example_dags/example_sla_dag.py took 0.147 seconds
[2022-07-13 08:34:39,952] {processor.py:153} INFO - Started process (PID=998) to work on /home/airflow/.local/lib/python3.7/site-packages/airflow/example_dags/example_sla_dag.py
[2022-07-13 08:34:39,954] {processor.py:641} INFO - Processing file /home/airflow/.local/lib/python3.7/site-packages/airflow/example_dags/example_sla_dag.py for tasks to queue
[2022-07-13 08:34:39,959] {logging_mixin.py:115} INFO - [2022-07-13 08:34:39,959] {dagbag.py:508} INFO - Filling up the DagBag from /home/airflow/.local/lib/python3.7/site-packages/airflow/example_dags/example_sla_dag.py
[2022-07-13 08:34:40,009] {processor.py:651} INFO - DAG(s) dict_keys(['example_sla_dag']) retrieved from /home/airflow/.local/lib/python3.7/site-packages/airflow/example_dags/example_sla_dag.py
[2022-07-13 08:34:40,078] {logging_mixin.py:115} INFO - [2022-07-13 08:34:40,077] {dag.py:2420} INFO - Sync 1 DAGs
[2022-07-13 08:34:40,135] {logging_mixin.py:115} INFO - [2022-07-13 08:34:40,134] {dag.py:2972} INFO - Setting next_dagrun for example_sla_dag to 2022-07-13T08:32:00+00:00, run_after=2022-07-13T08:34:00+00:00
[2022-07-13 08:34:40,184] {processor.py:161} INFO - Processing /home/airflow/.local/lib/python3.7/site-packages/airflow/example_dags/example_sla_dag.py took 0.237 seconds
[2022-07-13 08:35:11,431] {processor.py:153} INFO - Started process (PID=1224) to work on /home/airflow/.local/lib/python3.7/site-packages/airflow/example_dags/example_sla_dag.py
[2022-07-13 08:35:11,434] {processor.py:641} INFO - Processing file /home/airflow/.local/lib/python3.7/site-packages/airflow/example_dags/example_sla_dag.py for tasks to queue
[2022-07-13 08:35:11,440] {logging_mixin.py:115} INFO - [2022-07-13 08:35:11,440] {dagbag.py:508} INFO - Filling up the DagBag from /home/airflow/.local/lib/python3.7/site-packages/airflow/example_dags/example_sla_dag.py
[2022-07-13 08:35:11,596] {processor.py:651} INFO - DAG(s) dict_keys(['example_sla_dag']) retrieved from /home/airflow/.local/lib/python3.7/site-packages/airflow/example_dags/example_sla_dag.py
[2022-07-13 08:35:11,713] {logging_mixin.py:115} INFO - [2022-07-13 08:35:11,713] {dag.py:2420} INFO - Sync 1 DAGs
[2022-07-13 08:35:11,863] {logging_mixin.py:115} INFO - [2022-07-13 08:35:11,863] {dag.py:2972} INFO - Setting next_dagrun for example_sla_dag to 2022-07-13T08:32:00+00:00, run_after=2022-07-13T08:34:00+00:00
[2022-07-13 08:35:11,904] {processor.py:161} INFO - Processing /home/airflow/.local/lib/python3.7/site-packages/airflow/example_dags/example_sla_dag.py took 0.484 seconds
[2022-07-13 08:35:42,123] {processor.py:153} INFO - Started process (PID=1413) to work on /home/airflow/.local/lib/python3.7/site-packages/airflow/example_dags/example_sla_dag.py
[2022-07-13 08:35:42,125] {processor.py:641} INFO - Processing file /home/airflow/.local/lib/python3.7/site-packages/airflow/example_dags/example_sla_dag.py for tasks to queue
[2022-07-13 08:35:42,128] {logging_mixin.py:115} INFO - [2022-07-13 08:35:42,128] {dagbag.py:508} INFO - Filling up the DagBag from /home/airflow/.local/lib/python3.7/site-packages/airflow/example_dags/example_sla_dag.py
[2022-07-13 08:35:42,162] {processor.py:651} INFO - DAG(s) dict_keys(['example_sla_dag']) retrieved from /home/airflow/.local/lib/python3.7/site-packages/airflow/example_dags/example_sla_dag.py
[2022-07-13 08:35:42,213] {logging_mixin.py:115} INFO - [2022-07-13 08:35:42,213] {dag.py:2420} INFO - Sync 1 DAGs
[2022-07-13 08:35:42,259] {logging_mixin.py:115} INFO - [2022-07-13 08:35:42,258] {dag.py:2972} INFO - Setting next_dagrun for example_sla_dag to 2022-07-13T08:32:00+00:00, run_after=2022-07-13T08:34:00+00:00
[2022-07-13 08:35:42,289] {processor.py:161} INFO - Processing /home/airflow/.local/lib/python3.7/site-packages/airflow/example_dags/example_sla_dag.py took 0.171 seconds
[2022-07-13 08:36:13,266] {processor.py:153} INFO - Started process (PID=1611) to work on /home/airflow/.local/lib/python3.7/site-packages/airflow/example_dags/example_sla_dag.py
[2022-07-13 08:36:13,269] {processor.py:641} INFO - Processing file /home/airflow/.local/lib/python3.7/site-packages/airflow/example_dags/example_sla_dag.py for tasks to queue
[2022-07-13 08:36:13,271] {logging_mixin.py:115} INFO - [2022-07-13 08:36:13,271] {dagbag.py:508} INFO - Filling up the DagBag from /home/airflow/.local/lib/python3.7/site-packages/airflow/example_dags/example_sla_dag.py
[2022-07-13 08:36:13,305] {processor.py:651} INFO - DAG(s) dict_keys(['example_sla_dag']) retrieved from /home/airflow/.local/lib/python3.7/site-packages/airflow/example_dags/example_sla_dag.py
[2022-07-13 08:36:13,357] {logging_mixin.py:115} INFO - [2022-07-13 08:36:13,357] {dag.py:2420} INFO - Sync 1 DAGs
[2022-07-13 08:36:13,416] {logging_mixin.py:115} INFO - [2022-07-13 08:36:13,416] {dag.py:2972} INFO - Setting next_dagrun for example_sla_dag to 2022-07-13T08:34:00+00:00, run_after=2022-07-13T08:36:00+00:00
[2022-07-13 08:36:13,438] {processor.py:161} INFO - Processing /home/airflow/.local/lib/python3.7/site-packages/airflow/example_dags/example_sla_dag.py took 0.179 seconds
[2022-07-13 08:36:43,926] {processor.py:153} INFO - Started process (PID=1800) to work on /home/airflow/.local/lib/python3.7/site-packages/airflow/example_dags/example_sla_dag.py
[2022-07-13 08:36:43,927] {processor.py:641} INFO - Processing file /home/airflow/.local/lib/python3.7/site-packages/airflow/example_dags/example_sla_dag.py for tasks to queue
[2022-07-13 08:36:43,928] {logging_mixin.py:115} INFO - [2022-07-13 08:36:43,928] {dagbag.py:508} INFO - Filling up the DagBag from /home/airflow/.local/lib/python3.7/site-packages/airflow/example_dags/example_sla_dag.py
[2022-07-13 08:36:43,961] {processor.py:651} INFO - DAG(s) dict_keys(['example_sla_dag']) retrieved from /home/airflow/.local/lib/python3.7/site-packages/airflow/example_dags/example_sla_dag.py
[2022-07-13 08:36:44,010] {logging_mixin.py:115} INFO - [2022-07-13 08:36:44,010] {dag.py:2420} INFO - Sync 1 DAGs
[2022-07-13 08:36:44,055] {logging_mixin.py:115} INFO - [2022-07-13 08:36:44,054] {dag.py:2972} INFO - Setting next_dagrun for example_sla_dag to 2022-07-13T08:34:00+00:00, run_after=2022-07-13T08:36:00+00:00
[2022-07-13 08:36:44,075] {processor.py:161} INFO - Processing /home/airflow/.local/lib/python3.7/site-packages/airflow/example_dags/example_sla_dag.py took 0.155 seconds
[2022-07-13 08:37:14,725] {processor.py:153} INFO - Started process (PID=1997) to work on /home/airflow/.local/lib/python3.7/site-packages/airflow/example_dags/example_sla_dag.py
[2022-07-13 08:37:14,727] {processor.py:641} INFO - Processing file /home/airflow/.local/lib/python3.7/site-packages/airflow/example_dags/example_sla_dag.py for tasks to queue
[2022-07-13 08:37:14,730] {logging_mixin.py:115} INFO - [2022-07-13 08:37:14,730] {dagbag.py:508} INFO - Filling up the DagBag from /home/airflow/.local/lib/python3.7/site-packages/airflow/example_dags/example_sla_dag.py
[2022-07-13 08:37:14,780] {processor.py:651} INFO - DAG(s) dict_keys(['example_sla_dag']) retrieved from /home/airflow/.local/lib/python3.7/site-packages/airflow/example_dags/example_sla_dag.py
[2022-07-13 08:37:14,832] {logging_mixin.py:115} INFO - [2022-07-13 08:37:14,832] {dag.py:2420} INFO - Sync 1 DAGs
[2022-07-13 08:37:14,883] {logging_mixin.py:115} INFO - [2022-07-13 08:37:14,883] {dag.py:2972} INFO - Setting next_dagrun for example_sla_dag to 2022-07-13T08:34:00+00:00, run_after=2022-07-13T08:36:00+00:00
[2022-07-13 08:37:14,907] {processor.py:161} INFO - Processing /home/airflow/.local/lib/python3.7/site-packages/airflow/example_dags/example_sla_dag.py took 0.188 seconds
[2022-07-13 08:37:45,497] {processor.py:153} INFO - Started process (PID=2185) to work on /home/airflow/.local/lib/python3.7/site-packages/airflow/example_dags/example_sla_dag.py
[2022-07-13 08:37:45,499] {processor.py:641} INFO - Processing file /home/airflow/.local/lib/python3.7/site-packages/airflow/example_dags/example_sla_dag.py for tasks to queue
[2022-07-13 08:37:45,502] {logging_mixin.py:115} INFO - [2022-07-13 08:37:45,501] {dagbag.py:508} INFO - Filling up the DagBag from /home/airflow/.local/lib/python3.7/site-packages/airflow/example_dags/example_sla_dag.py
[2022-07-13 08:37:45,534] {processor.py:651} INFO - DAG(s) dict_keys(['example_sla_dag']) retrieved from /home/airflow/.local/lib/python3.7/site-packages/airflow/example_dags/example_sla_dag.py
[2022-07-13 08:37:45,579] {logging_mixin.py:115} INFO - [2022-07-13 08:37:45,579] {dag.py:2420} INFO - Sync 1 DAGs
[2022-07-13 08:37:45,623] {logging_mixin.py:115} INFO - [2022-07-13 08:37:45,623] {dag.py:2972} INFO - Setting next_dagrun for example_sla_dag to 2022-07-13T08:34:00+00:00, run_after=2022-07-13T08:36:00+00:00
[2022-07-13 08:37:45,640] {processor.py:161} INFO - Processing /home/airflow/.local/lib/python3.7/site-packages/airflow/example_dags/example_sla_dag.py took 0.148 seconds
[2022-07-13 08:38:16,273] {processor.py:153} INFO - Started process (PID=2383) to work on /home/airflow/.local/lib/python3.7/site-packages/airflow/example_dags/example_sla_dag.py
[2022-07-13 08:38:16,274] {processor.py:641} INFO - Processing file /home/airflow/.local/lib/python3.7/site-packages/airflow/example_dags/example_sla_dag.py for tasks to queue
[2022-07-13 08:38:16,276] {logging_mixin.py:115} INFO - [2022-07-13 08:38:16,276] {dagbag.py:508} INFO - Filling up the DagBag from /home/airflow/.local/lib/python3.7/site-packages/airflow/example_dags/example_sla_dag.py
[2022-07-13 08:38:16,306] {processor.py:651} INFO - DAG(s) dict_keys(['example_sla_dag']) retrieved from /home/airflow/.local/lib/python3.7/site-packages/airflow/example_dags/example_sla_dag.py
[2022-07-13 08:38:16,349] {logging_mixin.py:115} INFO - [2022-07-13 08:38:16,349] {dag.py:2420} INFO - Sync 1 DAGs
[2022-07-13 08:38:16,392] {logging_mixin.py:115} INFO - [2022-07-13 08:38:16,392] {dag.py:2972} INFO - Setting next_dagrun for example_sla_dag to 2022-07-13T08:36:00+00:00, run_after=2022-07-13T08:38:00+00:00
[2022-07-13 08:38:16,412] {processor.py:161} INFO - Processing /home/airflow/.local/lib/python3.7/site-packages/airflow/example_dags/example_sla_dag.py took 0.144 seconds
[2022-07-13 08:38:46,869] {processor.py:153} INFO - Started process (PID=2571) to work on /home/airflow/.local/lib/python3.7/site-packages/airflow/example_dags/example_sla_dag.py
[2022-07-13 08:38:46,871] {processor.py:641} INFO - Processing file /home/airflow/.local/lib/python3.7/site-packages/airflow/example_dags/example_sla_dag.py for tasks to queue
[2022-07-13 08:38:46,873] {logging_mixin.py:115} INFO - [2022-07-13 08:38:46,872] {dagbag.py:508} INFO - Filling up the DagBag from /home/airflow/.local/lib/python3.7/site-packages/airflow/example_dags/example_sla_dag.py
[2022-07-13 08:38:46,903] {processor.py:651} INFO - DAG(s) dict_keys(['example_sla_dag']) retrieved from /home/airflow/.local/lib/python3.7/site-packages/airflow/example_dags/example_sla_dag.py
[2022-07-13 08:38:46,949] {logging_mixin.py:115} INFO - [2022-07-13 08:38:46,948] {dag.py:2420} INFO - Sync 1 DAGs
[2022-07-13 08:38:47,004] {logging_mixin.py:115} INFO - [2022-07-13 08:38:47,003] {dag.py:2972} INFO - Setting next_dagrun for example_sla_dag to 2022-07-13T08:36:00+00:00, run_after=2022-07-13T08:38:00+00:00
[2022-07-13 08:38:47,027] {processor.py:161} INFO - Processing /home/airflow/.local/lib/python3.7/site-packages/airflow/example_dags/example_sla_dag.py took 0.164 seconds
[2022-07-13 08:39:17,611] {processor.py:153} INFO - Started process (PID=2769) to work on /home/airflow/.local/lib/python3.7/site-packages/airflow/example_dags/example_sla_dag.py
[2022-07-13 08:39:17,614] {processor.py:641} INFO - Processing file /home/airflow/.local/lib/python3.7/site-packages/airflow/example_dags/example_sla_dag.py for tasks to queue
[2022-07-13 08:39:17,618] {logging_mixin.py:115} INFO - [2022-07-13 08:39:17,618] {dagbag.py:508} INFO - Filling up the DagBag from /home/airflow/.local/lib/python3.7/site-packages/airflow/example_dags/example_sla_dag.py
[2022-07-13 08:39:17,666] {processor.py:651} INFO - DAG(s) dict_keys(['example_sla_dag']) retrieved from /home/airflow/.local/lib/python3.7/site-packages/airflow/example_dags/example_sla_dag.py
[2022-07-13 08:39:17,749] {logging_mixin.py:115} INFO - [2022-07-13 08:39:17,749] {dag.py:2420} INFO - Sync 1 DAGs
[2022-07-13 08:39:17,809] {logging_mixin.py:115} INFO - [2022-07-13 08:39:17,809] {dag.py:2972} INFO - Setting next_dagrun for example_sla_dag to 2022-07-13T08:36:00+00:00, run_after=2022-07-13T08:38:00+00:00
[2022-07-13 08:39:17,833] {processor.py:161} INFO - Processing /home/airflow/.local/lib/python3.7/site-packages/airflow/example_dags/example_sla_dag.py took 0.229 seconds
[2022-07-13 08:39:48,643] {processor.py:153} INFO - Started process (PID=2963) to work on /home/airflow/.local/lib/python3.7/site-packages/airflow/example_dags/example_sla_dag.py
[2022-07-13 08:39:48,644] {processor.py:641} INFO - Processing file /home/airflow/.local/lib/python3.7/site-packages/airflow/example_dags/example_sla_dag.py for tasks to queue
[2022-07-13 08:39:48,647] {logging_mixin.py:115} INFO - [2022-07-13 08:39:48,647] {dagbag.py:508} INFO - Filling up the DagBag from /home/airflow/.local/lib/python3.7/site-packages/airflow/example_dags/example_sla_dag.py
[2022-07-13 08:39:48,687] {processor.py:651} INFO - DAG(s) dict_keys(['example_sla_dag']) retrieved from /home/airflow/.local/lib/python3.7/site-packages/airflow/example_dags/example_sla_dag.py
[2022-07-13 08:39:48,738] {logging_mixin.py:115} INFO - [2022-07-13 08:39:48,737] {dag.py:2420} INFO - Sync 1 DAGs
[2022-07-13 08:39:48,786] {logging_mixin.py:115} INFO - [2022-07-13 08:39:48,786] {dag.py:2972} INFO - Setting next_dagrun for example_sla_dag to 2022-07-13T08:36:00+00:00, run_after=2022-07-13T08:38:00+00:00
[2022-07-13 08:39:48,821] {processor.py:161} INFO - Processing /home/airflow/.local/lib/python3.7/site-packages/airflow/example_dags/example_sla_dag.py took 0.184 seconds
[2022-07-13 08:40:19,682] {processor.py:153} INFO - Started process (PID=3153) to work on /home/airflow/.local/lib/python3.7/site-packages/airflow/example_dags/example_sla_dag.py
[2022-07-13 08:40:19,684] {processor.py:641} INFO - Processing file /home/airflow/.local/lib/python3.7/site-packages/airflow/example_dags/example_sla_dag.py for tasks to queue
[2022-07-13 08:40:19,686] {logging_mixin.py:115} INFO - [2022-07-13 08:40:19,686] {dagbag.py:508} INFO - Filling up the DagBag from /home/airflow/.local/lib/python3.7/site-packages/airflow/example_dags/example_sla_dag.py
[2022-07-13 08:40:19,720] {processor.py:651} INFO - DAG(s) dict_keys(['example_sla_dag']) retrieved from /home/airflow/.local/lib/python3.7/site-packages/airflow/example_dags/example_sla_dag.py
[2022-07-13 08:40:19,762] {logging_mixin.py:115} INFO - [2022-07-13 08:40:19,762] {dag.py:2420} INFO - Sync 1 DAGs
[2022-07-13 08:40:19,805] {logging_mixin.py:115} INFO - [2022-07-13 08:40:19,805] {dag.py:2972} INFO - Setting next_dagrun for example_sla_dag to 2022-07-13T08:38:00+00:00, run_after=2022-07-13T08:40:00+00:00
[2022-07-13 08:40:19,826] {processor.py:161} INFO - Processing /home/airflow/.local/lib/python3.7/site-packages/airflow/example_dags/example_sla_dag.py took 0.149 seconds
[2022-07-13 08:40:50,396] {processor.py:153} INFO - Started process (PID=3351) to work on /home/airflow/.local/lib/python3.7/site-packages/airflow/example_dags/example_sla_dag.py
[2022-07-13 08:40:50,398] {processor.py:641} INFO - Processing file /home/airflow/.local/lib/python3.7/site-packages/airflow/example_dags/example_sla_dag.py for tasks to queue
[2022-07-13 08:40:50,401] {logging_mixin.py:115} INFO - [2022-07-13 08:40:50,400] {dagbag.py:508} INFO - Filling up the DagBag from /home/airflow/.local/lib/python3.7/site-packages/airflow/example_dags/example_sla_dag.py
[2022-07-13 08:40:50,449] {processor.py:651} INFO - DAG(s) dict_keys(['example_sla_dag']) retrieved from /home/airflow/.local/lib/python3.7/site-packages/airflow/example_dags/example_sla_dag.py
[2022-07-13 08:40:50,503] {logging_mixin.py:115} INFO - [2022-07-13 08:40:50,503] {dag.py:2420} INFO - Sync 1 DAGs
[2022-07-13 08:40:50,559] {logging_mixin.py:115} INFO - [2022-07-13 08:40:50,559] {dag.py:2972} INFO - Setting next_dagrun for example_sla_dag to 2022-07-13T08:38:00+00:00, run_after=2022-07-13T08:40:00+00:00
[2022-07-13 08:40:50,583] {processor.py:161} INFO - Processing /home/airflow/.local/lib/python3.7/site-packages/airflow/example_dags/example_sla_dag.py took 0.194 seconds
[2022-07-13 08:41:21,266] {processor.py:153} INFO - Started process (PID=3540) to work on /home/airflow/.local/lib/python3.7/site-packages/airflow/example_dags/example_sla_dag.py
[2022-07-13 08:41:21,269] {processor.py:641} INFO - Processing file /home/airflow/.local/lib/python3.7/site-packages/airflow/example_dags/example_sla_dag.py for tasks to queue
[2022-07-13 08:41:21,273] {logging_mixin.py:115} INFO - [2022-07-13 08:41:21,273] {dagbag.py:508} INFO - Filling up the DagBag from /home/airflow/.local/lib/python3.7/site-packages/airflow/example_dags/example_sla_dag.py
[2022-07-13 08:41:21,319] {processor.py:651} INFO - DAG(s) dict_keys(['example_sla_dag']) retrieved from /home/airflow/.local/lib/python3.7/site-packages/airflow/example_dags/example_sla_dag.py
[2022-07-13 08:41:21,375] {logging_mixin.py:115} INFO - [2022-07-13 08:41:21,375] {dag.py:2420} INFO - Sync 1 DAGs
[2022-07-13 08:41:21,432] {logging_mixin.py:115} INFO - [2022-07-13 08:41:21,431] {dag.py:2972} INFO - Setting next_dagrun for example_sla_dag to 2022-07-13T08:38:00+00:00, run_after=2022-07-13T08:40:00+00:00
[2022-07-13 08:41:21,457] {processor.py:161} INFO - Processing /home/airflow/.local/lib/python3.7/site-packages/airflow/example_dags/example_sla_dag.py took 0.203 seconds
[2022-07-13 08:41:51,761] {processor.py:153} INFO - Started process (PID=3739) to work on /home/airflow/.local/lib/python3.7/site-packages/airflow/example_dags/example_sla_dag.py
[2022-07-13 08:41:51,763] {processor.py:641} INFO - Processing file /home/airflow/.local/lib/python3.7/site-packages/airflow/example_dags/example_sla_dag.py for tasks to queue
[2022-07-13 08:41:51,766] {logging_mixin.py:115} INFO - [2022-07-13 08:41:51,766] {dagbag.py:508} INFO - Filling up the DagBag from /home/airflow/.local/lib/python3.7/site-packages/airflow/example_dags/example_sla_dag.py
[2022-07-13 08:41:51,803] {processor.py:651} INFO - DAG(s) dict_keys(['example_sla_dag']) retrieved from /home/airflow/.local/lib/python3.7/site-packages/airflow/example_dags/example_sla_dag.py
[2022-07-13 08:41:51,851] {logging_mixin.py:115} INFO - [2022-07-13 08:41:51,851] {dag.py:2420} INFO - Sync 1 DAGs
[2022-07-13 08:41:51,906] {logging_mixin.py:115} INFO - [2022-07-13 08:41:51,906] {dag.py:2972} INFO - Setting next_dagrun for example_sla_dag to 2022-07-13T08:38:00+00:00, run_after=2022-07-13T08:40:00+00:00
[2022-07-13 08:41:51,925] {processor.py:161} INFO - Processing /home/airflow/.local/lib/python3.7/site-packages/airflow/example_dags/example_sla_dag.py took 0.170 seconds
[2022-07-13 08:42:22,478] {processor.py:153} INFO - Started process (PID=3928) to work on /home/airflow/.local/lib/python3.7/site-packages/airflow/example_dags/example_sla_dag.py
[2022-07-13 08:42:22,480] {processor.py:641} INFO - Processing file /home/airflow/.local/lib/python3.7/site-packages/airflow/example_dags/example_sla_dag.py for tasks to queue
[2022-07-13 08:42:22,481] {logging_mixin.py:115} INFO - [2022-07-13 08:42:22,481] {dagbag.py:508} INFO - Filling up the DagBag from /home/airflow/.local/lib/python3.7/site-packages/airflow/example_dags/example_sla_dag.py
[2022-07-13 08:42:22,514] {processor.py:651} INFO - DAG(s) dict_keys(['example_sla_dag']) retrieved from /home/airflow/.local/lib/python3.7/site-packages/airflow/example_dags/example_sla_dag.py
[2022-07-13 08:42:22,561] {logging_mixin.py:115} INFO - [2022-07-13 08:42:22,560] {dag.py:2420} INFO - Sync 1 DAGs
[2022-07-13 08:42:22,608] {logging_mixin.py:115} INFO - [2022-07-13 08:42:22,608] {dag.py:2972} INFO - Setting next_dagrun for example_sla_dag to 2022-07-13T08:40:00+00:00, run_after=2022-07-13T08:42:00+00:00
[2022-07-13 08:42:22,636] {processor.py:161} INFO - Processing /home/airflow/.local/lib/python3.7/site-packages/airflow/example_dags/example_sla_dag.py took 0.162 seconds
[2022-07-13 08:42:53,414] {processor.py:153} INFO - Started process (PID=4126) to work on /home/airflow/.local/lib/python3.7/site-packages/airflow/example_dags/example_sla_dag.py
[2022-07-13 08:42:53,416] {processor.py:641} INFO - Processing file /home/airflow/.local/lib/python3.7/site-packages/airflow/example_dags/example_sla_dag.py for tasks to queue
[2022-07-13 08:42:53,419] {logging_mixin.py:115} INFO - [2022-07-13 08:42:53,419] {dagbag.py:508} INFO - Filling up the DagBag from /home/airflow/.local/lib/python3.7/site-packages/airflow/example_dags/example_sla_dag.py
[2022-07-13 08:42:53,455] {processor.py:651} INFO - DAG(s) dict_keys(['example_sla_dag']) retrieved from /home/airflow/.local/lib/python3.7/site-packages/airflow/example_dags/example_sla_dag.py
[2022-07-13 08:42:53,543] {logging_mixin.py:115} INFO - [2022-07-13 08:42:53,542] {dag.py:2420} INFO - Sync 1 DAGs
[2022-07-13 08:42:53,637] {logging_mixin.py:115} INFO - [2022-07-13 08:42:53,636] {dag.py:2972} INFO - Setting next_dagrun for example_sla_dag to 2022-07-13T08:40:00+00:00, run_after=2022-07-13T08:42:00+00:00
[2022-07-13 08:42:53,674] {processor.py:161} INFO - Processing /home/airflow/.local/lib/python3.7/site-packages/airflow/example_dags/example_sla_dag.py took 0.266 seconds
[2022-07-13 08:43:24,096] {processor.py:153} INFO - Started process (PID=4317) to work on /home/airflow/.local/lib/python3.7/site-packages/airflow/example_dags/example_sla_dag.py
[2022-07-13 08:43:24,098] {processor.py:641} INFO - Processing file /home/airflow/.local/lib/python3.7/site-packages/airflow/example_dags/example_sla_dag.py for tasks to queue
[2022-07-13 08:43:24,099] {logging_mixin.py:115} INFO - [2022-07-13 08:43:24,099] {dagbag.py:508} INFO - Filling up the DagBag from /home/airflow/.local/lib/python3.7/site-packages/airflow/example_dags/example_sla_dag.py
[2022-07-13 08:43:24,128] {processor.py:651} INFO - DAG(s) dict_keys(['example_sla_dag']) retrieved from /home/airflow/.local/lib/python3.7/site-packages/airflow/example_dags/example_sla_dag.py
[2022-07-13 08:43:24,171] {logging_mixin.py:115} INFO - [2022-07-13 08:43:24,171] {dag.py:2420} INFO - Sync 1 DAGs
[2022-07-13 08:43:24,209] {logging_mixin.py:115} INFO - [2022-07-13 08:43:24,209] {dag.py:2972} INFO - Setting next_dagrun for example_sla_dag to 2022-07-13T08:40:00+00:00, run_after=2022-07-13T08:42:00+00:00
[2022-07-13 08:43:24,235] {processor.py:161} INFO - Processing /home/airflow/.local/lib/python3.7/site-packages/airflow/example_dags/example_sla_dag.py took 0.144 seconds
[2022-07-13 08:43:54,785] {processor.py:153} INFO - Started process (PID=4516) to work on /home/airflow/.local/lib/python3.7/site-packages/airflow/example_dags/example_sla_dag.py
[2022-07-13 08:43:54,788] {processor.py:641} INFO - Processing file /home/airflow/.local/lib/python3.7/site-packages/airflow/example_dags/example_sla_dag.py for tasks to queue
[2022-07-13 08:43:54,790] {logging_mixin.py:115} INFO - [2022-07-13 08:43:54,790] {dagbag.py:508} INFO - Filling up the DagBag from /home/airflow/.local/lib/python3.7/site-packages/airflow/example_dags/example_sla_dag.py
[2022-07-13 08:43:54,826] {processor.py:651} INFO - DAG(s) dict_keys(['example_sla_dag']) retrieved from /home/airflow/.local/lib/python3.7/site-packages/airflow/example_dags/example_sla_dag.py
[2022-07-13 08:43:54,875] {logging_mixin.py:115} INFO - [2022-07-13 08:43:54,875] {dag.py:2420} INFO - Sync 1 DAGs
[2022-07-13 08:43:54,943] {logging_mixin.py:115} INFO - [2022-07-13 08:43:54,943] {dag.py:2972} INFO - Setting next_dagrun for example_sla_dag to 2022-07-13T08:40:00+00:00, run_after=2022-07-13T08:42:00+00:00
[2022-07-13 08:43:54,972] {processor.py:161} INFO - Processing /home/airflow/.local/lib/python3.7/site-packages/airflow/example_dags/example_sla_dag.py took 0.194 seconds
[2022-07-13 08:44:25,202] {processor.py:153} INFO - Started process (PID=4710) to work on /home/airflow/.local/lib/python3.7/site-packages/airflow/example_dags/example_sla_dag.py
[2022-07-13 08:44:25,204] {processor.py:641} INFO - Processing file /home/airflow/.local/lib/python3.7/site-packages/airflow/example_dags/example_sla_dag.py for tasks to queue
[2022-07-13 08:44:25,206] {logging_mixin.py:115} INFO - [2022-07-13 08:44:25,206] {dagbag.py:508} INFO - Filling up the DagBag from /home/airflow/.local/lib/python3.7/site-packages/airflow/example_dags/example_sla_dag.py
[2022-07-13 08:44:25,235] {processor.py:651} INFO - DAG(s) dict_keys(['example_sla_dag']) retrieved from /home/airflow/.local/lib/python3.7/site-packages/airflow/example_dags/example_sla_dag.py
[2022-07-13 08:44:25,287] {logging_mixin.py:115} INFO - [2022-07-13 08:44:25,287] {dag.py:2420} INFO - Sync 1 DAGs
[2022-07-13 08:44:25,332] {logging_mixin.py:115} INFO - [2022-07-13 08:44:25,331] {dag.py:2972} INFO - Setting next_dagrun for example_sla_dag to 2022-07-13T08:42:00+00:00, run_after=2022-07-13T08:44:00+00:00
[2022-07-13 08:44:25,370] {processor.py:161} INFO - Processing /home/airflow/.local/lib/python3.7/site-packages/airflow/example_dags/example_sla_dag.py took 0.174 seconds
[2022-07-13 08:44:55,609] {processor.py:153} INFO - Started process (PID=4901) to work on /home/airflow/.local/lib/python3.7/site-packages/airflow/example_dags/example_sla_dag.py
[2022-07-13 08:44:55,612] {processor.py:641} INFO - Processing file /home/airflow/.local/lib/python3.7/site-packages/airflow/example_dags/example_sla_dag.py for tasks to queue
[2022-07-13 08:44:55,614] {logging_mixin.py:115} INFO - [2022-07-13 08:44:55,614] {dagbag.py:508} INFO - Filling up the DagBag from /home/airflow/.local/lib/python3.7/site-packages/airflow/example_dags/example_sla_dag.py
[2022-07-13 08:44:55,653] {processor.py:651} INFO - DAG(s) dict_keys(['example_sla_dag']) retrieved from /home/airflow/.local/lib/python3.7/site-packages/airflow/example_dags/example_sla_dag.py
[2022-07-13 08:44:55,711] {logging_mixin.py:115} INFO - [2022-07-13 08:44:55,711] {dag.py:2420} INFO - Sync 1 DAGs
[2022-07-13 08:44:55,777] {logging_mixin.py:115} INFO - [2022-07-13 08:44:55,776] {dag.py:2972} INFO - Setting next_dagrun for example_sla_dag to 2022-07-13T08:42:00+00:00, run_after=2022-07-13T08:44:00+00:00
[2022-07-13 08:44:55,801] {processor.py:161} INFO - Processing /home/airflow/.local/lib/python3.7/site-packages/airflow/example_dags/example_sla_dag.py took 0.197 seconds
[2022-07-13 08:45:25,937] {processor.py:153} INFO - Started process (PID=5096) to work on /home/airflow/.local/lib/python3.7/site-packages/airflow/example_dags/example_sla_dag.py
[2022-07-13 08:45:25,939] {processor.py:641} INFO - Processing file /home/airflow/.local/lib/python3.7/site-packages/airflow/example_dags/example_sla_dag.py for tasks to queue
[2022-07-13 08:45:25,941] {logging_mixin.py:115} INFO - [2022-07-13 08:45:25,941] {dagbag.py:508} INFO - Filling up the DagBag from /home/airflow/.local/lib/python3.7/site-packages/airflow/example_dags/example_sla_dag.py
[2022-07-13 08:45:25,974] {processor.py:651} INFO - DAG(s) dict_keys(['example_sla_dag']) retrieved from /home/airflow/.local/lib/python3.7/site-packages/airflow/example_dags/example_sla_dag.py
[2022-07-13 08:45:26,034] {logging_mixin.py:115} INFO - [2022-07-13 08:45:26,034] {dag.py:2420} INFO - Sync 1 DAGs
[2022-07-13 08:45:26,082] {logging_mixin.py:115} INFO - [2022-07-13 08:45:26,082] {dag.py:2972} INFO - Setting next_dagrun for example_sla_dag to 2022-07-13T08:42:00+00:00, run_after=2022-07-13T08:44:00+00:00
[2022-07-13 08:45:26,107] {processor.py:161} INFO - Processing /home/airflow/.local/lib/python3.7/site-packages/airflow/example_dags/example_sla_dag.py took 0.177 seconds
[2022-07-13 08:45:56,812] {processor.py:153} INFO - Started process (PID=5287) to work on /home/airflow/.local/lib/python3.7/site-packages/airflow/example_dags/example_sla_dag.py
[2022-07-13 08:45:56,815] {processor.py:641} INFO - Processing file /home/airflow/.local/lib/python3.7/site-packages/airflow/example_dags/example_sla_dag.py for tasks to queue
[2022-07-13 08:45:56,820] {logging_mixin.py:115} INFO - [2022-07-13 08:45:56,820] {dagbag.py:508} INFO - Filling up the DagBag from /home/airflow/.local/lib/python3.7/site-packages/airflow/example_dags/example_sla_dag.py
[2022-07-13 08:45:56,890] {processor.py:651} INFO - DAG(s) dict_keys(['example_sla_dag']) retrieved from /home/airflow/.local/lib/python3.7/site-packages/airflow/example_dags/example_sla_dag.py
[2022-07-13 08:45:56,959] {logging_mixin.py:115} INFO - [2022-07-13 08:45:56,959] {dag.py:2420} INFO - Sync 1 DAGs
[2022-07-13 08:45:57,044] {logging_mixin.py:115} INFO - [2022-07-13 08:45:57,043] {dag.py:2972} INFO - Setting next_dagrun for example_sla_dag to 2022-07-13T08:42:00+00:00, run_after=2022-07-13T08:44:00+00:00
[2022-07-13 08:45:57,143] {processor.py:161} INFO - Processing /home/airflow/.local/lib/python3.7/site-packages/airflow/example_dags/example_sla_dag.py took 0.346 seconds
[2022-07-13 08:46:27,429] {processor.py:153} INFO - Started process (PID=5488) to work on /home/airflow/.local/lib/python3.7/site-packages/airflow/example_dags/example_sla_dag.py
[2022-07-13 08:46:27,432] {processor.py:641} INFO - Processing file /home/airflow/.local/lib/python3.7/site-packages/airflow/example_dags/example_sla_dag.py for tasks to queue
[2022-07-13 08:46:27,436] {logging_mixin.py:115} INFO - [2022-07-13 08:46:27,436] {dagbag.py:508} INFO - Filling up the DagBag from /home/airflow/.local/lib/python3.7/site-packages/airflow/example_dags/example_sla_dag.py
[2022-07-13 08:46:27,478] {processor.py:651} INFO - DAG(s) dict_keys(['example_sla_dag']) retrieved from /home/airflow/.local/lib/python3.7/site-packages/airflow/example_dags/example_sla_dag.py
[2022-07-13 08:46:27,539] {logging_mixin.py:115} INFO - [2022-07-13 08:46:27,539] {dag.py:2420} INFO - Sync 1 DAGs
[2022-07-13 08:46:27,591] {logging_mixin.py:115} INFO - [2022-07-13 08:46:27,590] {dag.py:2972} INFO - Setting next_dagrun for example_sla_dag to 2022-07-13T08:44:00+00:00, run_after=2022-07-13T08:46:00+00:00
[2022-07-13 08:46:27,614] {processor.py:161} INFO - Processing /home/airflow/.local/lib/python3.7/site-packages/airflow/example_dags/example_sla_dag.py took 0.192 seconds
[2022-07-13 08:46:58,164] {processor.py:153} INFO - Started process (PID=5673) to work on /home/airflow/.local/lib/python3.7/site-packages/airflow/example_dags/example_sla_dag.py
[2022-07-13 08:46:58,166] {processor.py:641} INFO - Processing file /home/airflow/.local/lib/python3.7/site-packages/airflow/example_dags/example_sla_dag.py for tasks to queue
[2022-07-13 08:46:58,168] {logging_mixin.py:115} INFO - [2022-07-13 08:46:58,167] {dagbag.py:508} INFO - Filling up the DagBag from /home/airflow/.local/lib/python3.7/site-packages/airflow/example_dags/example_sla_dag.py
[2022-07-13 08:46:58,197] {processor.py:651} INFO - DAG(s) dict_keys(['example_sla_dag']) retrieved from /home/airflow/.local/lib/python3.7/site-packages/airflow/example_dags/example_sla_dag.py
[2022-07-13 08:46:58,239] {logging_mixin.py:115} INFO - [2022-07-13 08:46:58,239] {dag.py:2420} INFO - Sync 1 DAGs
[2022-07-13 08:46:58,292] {logging_mixin.py:115} INFO - [2022-07-13 08:46:58,292] {dag.py:2972} INFO - Setting next_dagrun for example_sla_dag to 2022-07-13T08:44:00+00:00, run_after=2022-07-13T08:46:00+00:00
[2022-07-13 08:46:58,311] {processor.py:161} INFO - Processing /home/airflow/.local/lib/python3.7/site-packages/airflow/example_dags/example_sla_dag.py took 0.155 seconds
