[2022-07-13 08:30:12,917] {processor.py:153} INFO - Started process (PID=212) to work on /home/airflow/.local/lib/python3.7/site-packages/airflow/example_dags/example_branch_python_dop_operator_3.py
[2022-07-13 08:30:12,919] {processor.py:641} INFO - Processing file /home/airflow/.local/lib/python3.7/site-packages/airflow/example_dags/example_branch_python_dop_operator_3.py for tasks to queue
[2022-07-13 08:30:12,921] {logging_mixin.py:115} INFO - [2022-07-13 08:30:12,921] {dagbag.py:508} INFO - Filling up the DagBag from /home/airflow/.local/lib/python3.7/site-packages/airflow/example_dags/example_branch_python_dop_operator_3.py
[2022-07-13 08:30:12,938] {processor.py:651} INFO - DAG(s) dict_keys(['example_branch_dop_operator_v3']) retrieved from /home/airflow/.local/lib/python3.7/site-packages/airflow/example_dags/example_branch_python_dop_operator_3.py
[2022-07-13 08:30:13,101] {logging_mixin.py:115} INFO - [2022-07-13 08:30:13,101] {manager.py:508} INFO - Created Permission View: can edit on DAG:example_branch_dop_operator_v3
[2022-07-13 08:30:13,115] {logging_mixin.py:115} INFO - [2022-07-13 08:30:13,114] {manager.py:508} INFO - Created Permission View: can read on DAG:example_branch_dop_operator_v3
[2022-07-13 08:30:13,128] {logging_mixin.py:115} INFO - [2022-07-13 08:30:13,127] {manager.py:508} INFO - Created Permission View: can delete on DAG:example_branch_dop_operator_v3
[2022-07-13 08:30:13,129] {logging_mixin.py:115} INFO - [2022-07-13 08:30:13,129] {dag.py:2420} INFO - Sync 1 DAGs
[2022-07-13 08:30:13,141] {logging_mixin.py:115} INFO - [2022-07-13 08:30:13,141] {dag.py:2439} INFO - Creating ORM DAG for example_branch_dop_operator_v3
[2022-07-13 08:30:13,164] {logging_mixin.py:115} INFO - [2022-07-13 08:30:13,164] {dag.py:2972} INFO - Setting next_dagrun for example_branch_dop_operator_v3 to 2022-07-13T08:29:00+00:00, run_after=2022-07-13T08:30:00+00:00
[2022-07-13 08:30:13,183] {processor.py:161} INFO - Processing /home/airflow/.local/lib/python3.7/site-packages/airflow/example_dags/example_branch_python_dop_operator_3.py took 0.273 seconds
[2022-07-13 08:30:43,305] {processor.py:153} INFO - Started process (PID=403) to work on /home/airflow/.local/lib/python3.7/site-packages/airflow/example_dags/example_branch_python_dop_operator_3.py
[2022-07-13 08:30:43,307] {processor.py:641} INFO - Processing file /home/airflow/.local/lib/python3.7/site-packages/airflow/example_dags/example_branch_python_dop_operator_3.py for tasks to queue
[2022-07-13 08:30:43,309] {logging_mixin.py:115} INFO - [2022-07-13 08:30:43,308] {dagbag.py:508} INFO - Filling up the DagBag from /home/airflow/.local/lib/python3.7/site-packages/airflow/example_dags/example_branch_python_dop_operator_3.py
[2022-07-13 08:30:43,323] {processor.py:651} INFO - DAG(s) dict_keys(['example_branch_dop_operator_v3']) retrieved from /home/airflow/.local/lib/python3.7/site-packages/airflow/example_dags/example_branch_python_dop_operator_3.py
[2022-07-13 08:30:43,360] {logging_mixin.py:115} INFO - [2022-07-13 08:30:43,360] {dag.py:2420} INFO - Sync 1 DAGs
[2022-07-13 08:30:43,397] {logging_mixin.py:115} INFO - [2022-07-13 08:30:43,397] {dag.py:2972} INFO - Setting next_dagrun for example_branch_dop_operator_v3 to 2022-07-13T08:29:00+00:00, run_after=2022-07-13T08:30:00+00:00
[2022-07-13 08:30:43,418] {processor.py:161} INFO - Processing /home/airflow/.local/lib/python3.7/site-packages/airflow/example_dags/example_branch_python_dop_operator_3.py took 0.118 seconds
[2022-07-13 08:31:13,472] {processor.py:153} INFO - Started process (PID=599) to work on /home/airflow/.local/lib/python3.7/site-packages/airflow/example_dags/example_branch_python_dop_operator_3.py
[2022-07-13 08:31:13,474] {processor.py:641} INFO - Processing file /home/airflow/.local/lib/python3.7/site-packages/airflow/example_dags/example_branch_python_dop_operator_3.py for tasks to queue
[2022-07-13 08:31:13,477] {logging_mixin.py:115} INFO - [2022-07-13 08:31:13,477] {dagbag.py:508} INFO - Filling up the DagBag from /home/airflow/.local/lib/python3.7/site-packages/airflow/example_dags/example_branch_python_dop_operator_3.py
[2022-07-13 08:31:13,507] {processor.py:651} INFO - DAG(s) dict_keys(['example_branch_dop_operator_v3']) retrieved from /home/airflow/.local/lib/python3.7/site-packages/airflow/example_dags/example_branch_python_dop_operator_3.py
[2022-07-13 08:31:13,559] {logging_mixin.py:115} INFO - [2022-07-13 08:31:13,559] {dag.py:2420} INFO - Sync 1 DAGs
[2022-07-13 08:31:13,596] {logging_mixin.py:115} INFO - [2022-07-13 08:31:13,596] {dag.py:2972} INFO - Setting next_dagrun for example_branch_dop_operator_v3 to 2022-07-13T08:30:00+00:00, run_after=2022-07-13T08:31:00+00:00
[2022-07-13 08:31:13,619] {processor.py:161} INFO - Processing /home/airflow/.local/lib/python3.7/site-packages/airflow/example_dags/example_branch_python_dop_operator_3.py took 0.153 seconds
[2022-07-13 08:31:44,015] {processor.py:153} INFO - Started process (PID=796) to work on /home/airflow/.local/lib/python3.7/site-packages/airflow/example_dags/example_branch_python_dop_operator_3.py
[2022-07-13 08:31:44,017] {processor.py:641} INFO - Processing file /home/airflow/.local/lib/python3.7/site-packages/airflow/example_dags/example_branch_python_dop_operator_3.py for tasks to queue
[2022-07-13 08:31:44,020] {logging_mixin.py:115} INFO - [2022-07-13 08:31:44,019] {dagbag.py:508} INFO - Filling up the DagBag from /home/airflow/.local/lib/python3.7/site-packages/airflow/example_dags/example_branch_python_dop_operator_3.py
[2022-07-13 08:31:44,055] {processor.py:651} INFO - DAG(s) dict_keys(['example_branch_dop_operator_v3']) retrieved from /home/airflow/.local/lib/python3.7/site-packages/airflow/example_dags/example_branch_python_dop_operator_3.py
[2022-07-13 08:31:44,118] {logging_mixin.py:115} INFO - [2022-07-13 08:31:44,118] {dag.py:2420} INFO - Sync 1 DAGs
[2022-07-13 08:31:44,176] {logging_mixin.py:115} INFO - [2022-07-13 08:31:44,176] {dag.py:2972} INFO - Setting next_dagrun for example_branch_dop_operator_v3 to 2022-07-13T08:30:00+00:00, run_after=2022-07-13T08:31:00+00:00
[2022-07-13 08:31:44,204] {processor.py:161} INFO - Processing /home/airflow/.local/lib/python3.7/site-packages/airflow/example_dags/example_branch_python_dop_operator_3.py took 0.209 seconds
[2022-07-13 08:32:35,937] {processor.py:153} INFO - Started process (PID=205) to work on /home/airflow/.local/lib/python3.7/site-packages/airflow/example_dags/example_branch_python_dop_operator_3.py
[2022-07-13 08:32:35,940] {processor.py:641} INFO - Processing file /home/airflow/.local/lib/python3.7/site-packages/airflow/example_dags/example_branch_python_dop_operator_3.py for tasks to queue
[2022-07-13 08:32:35,942] {logging_mixin.py:115} INFO - [2022-07-13 08:32:35,942] {dagbag.py:508} INFO - Filling up the DagBag from /home/airflow/.local/lib/python3.7/site-packages/airflow/example_dags/example_branch_python_dop_operator_3.py
[2022-07-13 08:32:35,961] {processor.py:651} INFO - DAG(s) dict_keys(['example_branch_dop_operator_v3']) retrieved from /home/airflow/.local/lib/python3.7/site-packages/airflow/example_dags/example_branch_python_dop_operator_3.py
[2022-07-13 08:32:36,001] {logging_mixin.py:115} INFO - [2022-07-13 08:32:36,001] {dag.py:2420} INFO - Sync 1 DAGs
[2022-07-13 08:32:36,046] {logging_mixin.py:115} INFO - [2022-07-13 08:32:36,046] {dag.py:2972} INFO - Setting next_dagrun for example_branch_dop_operator_v3 to 2022-07-13T08:31:00+00:00, run_after=2022-07-13T08:32:00+00:00
[2022-07-13 08:32:36,072] {processor.py:161} INFO - Processing /home/airflow/.local/lib/python3.7/site-packages/airflow/example_dags/example_branch_python_dop_operator_3.py took 0.148 seconds
[2022-07-13 08:33:06,983] {processor.py:153} INFO - Started process (PID=403) to work on /home/airflow/.local/lib/python3.7/site-packages/airflow/example_dags/example_branch_python_dop_operator_3.py
[2022-07-13 08:33:06,988] {processor.py:641} INFO - Processing file /home/airflow/.local/lib/python3.7/site-packages/airflow/example_dags/example_branch_python_dop_operator_3.py for tasks to queue
[2022-07-13 08:33:06,991] {logging_mixin.py:115} INFO - [2022-07-13 08:33:06,991] {dagbag.py:508} INFO - Filling up the DagBag from /home/airflow/.local/lib/python3.7/site-packages/airflow/example_dags/example_branch_python_dop_operator_3.py
[2022-07-13 08:33:07,024] {processor.py:651} INFO - DAG(s) dict_keys(['example_branch_dop_operator_v3']) retrieved from /home/airflow/.local/lib/python3.7/site-packages/airflow/example_dags/example_branch_python_dop_operator_3.py
[2022-07-13 08:33:07,075] {logging_mixin.py:115} INFO - [2022-07-13 08:33:07,075] {dag.py:2420} INFO - Sync 1 DAGs
[2022-07-13 08:33:07,118] {logging_mixin.py:115} INFO - [2022-07-13 08:33:07,118] {dag.py:2972} INFO - Setting next_dagrun for example_branch_dop_operator_v3 to 2022-07-13T08:32:00+00:00, run_after=2022-07-13T08:33:00+00:00
[2022-07-13 08:33:07,137] {processor.py:161} INFO - Processing /home/airflow/.local/lib/python3.7/site-packages/airflow/example_dags/example_branch_python_dop_operator_3.py took 0.159 seconds
[2022-07-13 08:33:38,325] {processor.py:153} INFO - Started process (PID=598) to work on /home/airflow/.local/lib/python3.7/site-packages/airflow/example_dags/example_branch_python_dop_operator_3.py
[2022-07-13 08:33:38,327] {processor.py:641} INFO - Processing file /home/airflow/.local/lib/python3.7/site-packages/airflow/example_dags/example_branch_python_dop_operator_3.py for tasks to queue
[2022-07-13 08:33:38,329] {logging_mixin.py:115} INFO - [2022-07-13 08:33:38,329] {dagbag.py:508} INFO - Filling up the DagBag from /home/airflow/.local/lib/python3.7/site-packages/airflow/example_dags/example_branch_python_dop_operator_3.py
[2022-07-13 08:33:38,344] {processor.py:651} INFO - DAG(s) dict_keys(['example_branch_dop_operator_v3']) retrieved from /home/airflow/.local/lib/python3.7/site-packages/airflow/example_dags/example_branch_python_dop_operator_3.py
[2022-07-13 08:33:38,394] {logging_mixin.py:115} INFO - [2022-07-13 08:33:38,394] {dag.py:2420} INFO - Sync 1 DAGs
[2022-07-13 08:33:38,445] {logging_mixin.py:115} INFO - [2022-07-13 08:33:38,444] {dag.py:2972} INFO - Setting next_dagrun for example_branch_dop_operator_v3 to 2022-07-13T08:32:00+00:00, run_after=2022-07-13T08:33:00+00:00
[2022-07-13 08:33:38,463] {processor.py:161} INFO - Processing /home/airflow/.local/lib/python3.7/site-packages/airflow/example_dags/example_branch_python_dop_operator_3.py took 0.143 seconds
[2022-07-13 08:34:08,997] {processor.py:153} INFO - Started process (PID=787) to work on /home/airflow/.local/lib/python3.7/site-packages/airflow/example_dags/example_branch_python_dop_operator_3.py
[2022-07-13 08:34:08,999] {processor.py:641} INFO - Processing file /home/airflow/.local/lib/python3.7/site-packages/airflow/example_dags/example_branch_python_dop_operator_3.py for tasks to queue
[2022-07-13 08:34:09,000] {logging_mixin.py:115} INFO - [2022-07-13 08:34:09,000] {dagbag.py:508} INFO - Filling up the DagBag from /home/airflow/.local/lib/python3.7/site-packages/airflow/example_dags/example_branch_python_dop_operator_3.py
[2022-07-13 08:34:09,021] {processor.py:651} INFO - DAG(s) dict_keys(['example_branch_dop_operator_v3']) retrieved from /home/airflow/.local/lib/python3.7/site-packages/airflow/example_dags/example_branch_python_dop_operator_3.py
[2022-07-13 08:34:09,070] {logging_mixin.py:115} INFO - [2022-07-13 08:34:09,070] {dag.py:2420} INFO - Sync 1 DAGs
[2022-07-13 08:34:09,113] {logging_mixin.py:115} INFO - [2022-07-13 08:34:09,113] {dag.py:2972} INFO - Setting next_dagrun for example_branch_dop_operator_v3 to 2022-07-13T08:33:00+00:00, run_after=2022-07-13T08:34:00+00:00
[2022-07-13 08:34:09,138] {processor.py:161} INFO - Processing /home/airflow/.local/lib/python3.7/site-packages/airflow/example_dags/example_branch_python_dop_operator_3.py took 0.148 seconds
[2022-07-13 08:34:39,644] {processor.py:153} INFO - Started process (PID=977) to work on /home/airflow/.local/lib/python3.7/site-packages/airflow/example_dags/example_branch_python_dop_operator_3.py
[2022-07-13 08:34:39,645] {processor.py:641} INFO - Processing file /home/airflow/.local/lib/python3.7/site-packages/airflow/example_dags/example_branch_python_dop_operator_3.py for tasks to queue
[2022-07-13 08:34:39,647] {logging_mixin.py:115} INFO - [2022-07-13 08:34:39,647] {dagbag.py:508} INFO - Filling up the DagBag from /home/airflow/.local/lib/python3.7/site-packages/airflow/example_dags/example_branch_python_dop_operator_3.py
[2022-07-13 08:34:39,676] {processor.py:651} INFO - DAG(s) dict_keys(['example_branch_dop_operator_v3']) retrieved from /home/airflow/.local/lib/python3.7/site-packages/airflow/example_dags/example_branch_python_dop_operator_3.py
[2022-07-13 08:34:39,747] {logging_mixin.py:115} INFO - [2022-07-13 08:34:39,747] {dag.py:2420} INFO - Sync 1 DAGs
[2022-07-13 08:34:39,794] {logging_mixin.py:115} INFO - [2022-07-13 08:34:39,794] {dag.py:2972} INFO - Setting next_dagrun for example_branch_dop_operator_v3 to 2022-07-13T08:33:00+00:00, run_after=2022-07-13T08:34:00+00:00
[2022-07-13 08:34:39,814] {processor.py:161} INFO - Processing /home/airflow/.local/lib/python3.7/site-packages/airflow/example_dags/example_branch_python_dop_operator_3.py took 0.177 seconds
[2022-07-13 08:35:10,932] {processor.py:153} INFO - Started process (PID=1209) to work on /home/airflow/.local/lib/python3.7/site-packages/airflow/example_dags/example_branch_python_dop_operator_3.py
[2022-07-13 08:35:10,937] {processor.py:641} INFO - Processing file /home/airflow/.local/lib/python3.7/site-packages/airflow/example_dags/example_branch_python_dop_operator_3.py for tasks to queue
[2022-07-13 08:35:10,941] {logging_mixin.py:115} INFO - [2022-07-13 08:35:10,941] {dagbag.py:508} INFO - Filling up the DagBag from /home/airflow/.local/lib/python3.7/site-packages/airflow/example_dags/example_branch_python_dop_operator_3.py
[2022-07-13 08:35:10,970] {processor.py:651} INFO - DAG(s) dict_keys(['example_branch_dop_operator_v3']) retrieved from /home/airflow/.local/lib/python3.7/site-packages/airflow/example_dags/example_branch_python_dop_operator_3.py
[2022-07-13 08:35:11,025] {logging_mixin.py:115} INFO - [2022-07-13 08:35:11,025] {dag.py:2420} INFO - Sync 1 DAGs
[2022-07-13 08:35:11,090] {logging_mixin.py:115} INFO - [2022-07-13 08:35:11,089] {dag.py:2972} INFO - Setting next_dagrun for example_branch_dop_operator_v3 to 2022-07-13T08:34:00+00:00, run_after=2022-07-13T08:35:00+00:00
[2022-07-13 08:35:11,126] {processor.py:161} INFO - Processing /home/airflow/.local/lib/python3.7/site-packages/airflow/example_dags/example_branch_python_dop_operator_3.py took 0.207 seconds
[2022-07-13 08:35:41,855] {processor.py:153} INFO - Started process (PID=1399) to work on /home/airflow/.local/lib/python3.7/site-packages/airflow/example_dags/example_branch_python_dop_operator_3.py
[2022-07-13 08:35:41,856] {processor.py:641} INFO - Processing file /home/airflow/.local/lib/python3.7/site-packages/airflow/example_dags/example_branch_python_dop_operator_3.py for tasks to queue
[2022-07-13 08:35:41,859] {logging_mixin.py:115} INFO - [2022-07-13 08:35:41,859] {dagbag.py:508} INFO - Filling up the DagBag from /home/airflow/.local/lib/python3.7/site-packages/airflow/example_dags/example_branch_python_dop_operator_3.py
[2022-07-13 08:35:41,896] {processor.py:651} INFO - DAG(s) dict_keys(['example_branch_dop_operator_v3']) retrieved from /home/airflow/.local/lib/python3.7/site-packages/airflow/example_dags/example_branch_python_dop_operator_3.py
[2022-07-13 08:35:41,965] {logging_mixin.py:115} INFO - [2022-07-13 08:35:41,965] {dag.py:2420} INFO - Sync 1 DAGs
[2022-07-13 08:35:42,021] {logging_mixin.py:115} INFO - [2022-07-13 08:35:42,021] {dag.py:2972} INFO - Setting next_dagrun for example_branch_dop_operator_v3 to 2022-07-13T08:34:00+00:00, run_after=2022-07-13T08:35:00+00:00
[2022-07-13 08:35:42,051] {processor.py:161} INFO - Processing /home/airflow/.local/lib/python3.7/site-packages/airflow/example_dags/example_branch_python_dop_operator_3.py took 0.204 seconds
[2022-07-13 08:36:12,852] {processor.py:153} INFO - Started process (PID=1598) to work on /home/airflow/.local/lib/python3.7/site-packages/airflow/example_dags/example_branch_python_dop_operator_3.py
[2022-07-13 08:36:12,854] {processor.py:641} INFO - Processing file /home/airflow/.local/lib/python3.7/site-packages/airflow/example_dags/example_branch_python_dop_operator_3.py for tasks to queue
[2022-07-13 08:36:12,858] {logging_mixin.py:115} INFO - [2022-07-13 08:36:12,858] {dagbag.py:508} INFO - Filling up the DagBag from /home/airflow/.local/lib/python3.7/site-packages/airflow/example_dags/example_branch_python_dop_operator_3.py
[2022-07-13 08:36:12,876] {processor.py:651} INFO - DAG(s) dict_keys(['example_branch_dop_operator_v3']) retrieved from /home/airflow/.local/lib/python3.7/site-packages/airflow/example_dags/example_branch_python_dop_operator_3.py
[2022-07-13 08:36:12,922] {logging_mixin.py:115} INFO - [2022-07-13 08:36:12,921] {dag.py:2420} INFO - Sync 1 DAGs
[2022-07-13 08:36:12,965] {logging_mixin.py:115} INFO - [2022-07-13 08:36:12,965] {dag.py:2972} INFO - Setting next_dagrun for example_branch_dop_operator_v3 to 2022-07-13T08:35:00+00:00, run_after=2022-07-13T08:36:00+00:00
[2022-07-13 08:36:12,987] {processor.py:161} INFO - Processing /home/airflow/.local/lib/python3.7/site-packages/airflow/example_dags/example_branch_python_dop_operator_3.py took 0.142 seconds
[2022-07-13 08:36:43,680] {processor.py:153} INFO - Started process (PID=1785) to work on /home/airflow/.local/lib/python3.7/site-packages/airflow/example_dags/example_branch_python_dop_operator_3.py
[2022-07-13 08:36:43,682] {processor.py:641} INFO - Processing file /home/airflow/.local/lib/python3.7/site-packages/airflow/example_dags/example_branch_python_dop_operator_3.py for tasks to queue
[2022-07-13 08:36:43,686] {logging_mixin.py:115} INFO - [2022-07-13 08:36:43,685] {dagbag.py:508} INFO - Filling up the DagBag from /home/airflow/.local/lib/python3.7/site-packages/airflow/example_dags/example_branch_python_dop_operator_3.py
[2022-07-13 08:36:43,709] {processor.py:651} INFO - DAG(s) dict_keys(['example_branch_dop_operator_v3']) retrieved from /home/airflow/.local/lib/python3.7/site-packages/airflow/example_dags/example_branch_python_dop_operator_3.py
[2022-07-13 08:36:43,759] {logging_mixin.py:115} INFO - [2022-07-13 08:36:43,759] {dag.py:2420} INFO - Sync 1 DAGs
[2022-07-13 08:36:43,803] {logging_mixin.py:115} INFO - [2022-07-13 08:36:43,802] {dag.py:2972} INFO - Setting next_dagrun for example_branch_dop_operator_v3 to 2022-07-13T08:35:00+00:00, run_after=2022-07-13T08:36:00+00:00
[2022-07-13 08:36:43,828] {processor.py:161} INFO - Processing /home/airflow/.local/lib/python3.7/site-packages/airflow/example_dags/example_branch_python_dop_operator_3.py took 0.157 seconds
[2022-07-13 08:37:14,352] {processor.py:153} INFO - Started process (PID=1981) to work on /home/airflow/.local/lib/python3.7/site-packages/airflow/example_dags/example_branch_python_dop_operator_3.py
[2022-07-13 08:37:14,354] {processor.py:641} INFO - Processing file /home/airflow/.local/lib/python3.7/site-packages/airflow/example_dags/example_branch_python_dop_operator_3.py for tasks to queue
[2022-07-13 08:37:14,356] {logging_mixin.py:115} INFO - [2022-07-13 08:37:14,356] {dagbag.py:508} INFO - Filling up the DagBag from /home/airflow/.local/lib/python3.7/site-packages/airflow/example_dags/example_branch_python_dop_operator_3.py
[2022-07-13 08:37:14,377] {processor.py:651} INFO - DAG(s) dict_keys(['example_branch_dop_operator_v3']) retrieved from /home/airflow/.local/lib/python3.7/site-packages/airflow/example_dags/example_branch_python_dop_operator_3.py
[2022-07-13 08:37:14,439] {logging_mixin.py:115} INFO - [2022-07-13 08:37:14,439] {dag.py:2420} INFO - Sync 1 DAGs
[2022-07-13 08:37:14,483] {logging_mixin.py:115} INFO - [2022-07-13 08:37:14,482] {dag.py:2972} INFO - Setting next_dagrun for example_branch_dop_operator_v3 to 2022-07-13T08:36:00+00:00, run_after=2022-07-13T08:37:00+00:00
[2022-07-13 08:37:14,505] {processor.py:161} INFO - Processing /home/airflow/.local/lib/python3.7/site-packages/airflow/example_dags/example_branch_python_dop_operator_3.py took 0.164 seconds
[2022-07-13 08:37:45,286] {processor.py:153} INFO - Started process (PID=2172) to work on /home/airflow/.local/lib/python3.7/site-packages/airflow/example_dags/example_branch_python_dop_operator_3.py
[2022-07-13 08:37:45,289] {processor.py:641} INFO - Processing file /home/airflow/.local/lib/python3.7/site-packages/airflow/example_dags/example_branch_python_dop_operator_3.py for tasks to queue
[2022-07-13 08:37:45,291] {logging_mixin.py:115} INFO - [2022-07-13 08:37:45,290] {dagbag.py:508} INFO - Filling up the DagBag from /home/airflow/.local/lib/python3.7/site-packages/airflow/example_dags/example_branch_python_dop_operator_3.py
[2022-07-13 08:37:45,313] {processor.py:651} INFO - DAG(s) dict_keys(['example_branch_dop_operator_v3']) retrieved from /home/airflow/.local/lib/python3.7/site-packages/airflow/example_dags/example_branch_python_dop_operator_3.py
[2022-07-13 08:37:45,361] {logging_mixin.py:115} INFO - [2022-07-13 08:37:45,361] {dag.py:2420} INFO - Sync 1 DAGs
[2022-07-13 08:37:45,405] {logging_mixin.py:115} INFO - [2022-07-13 08:37:45,404] {dag.py:2972} INFO - Setting next_dagrun for example_branch_dop_operator_v3 to 2022-07-13T08:36:00+00:00, run_after=2022-07-13T08:37:00+00:00
[2022-07-13 08:37:45,424] {processor.py:161} INFO - Processing /home/airflow/.local/lib/python3.7/site-packages/airflow/example_dags/example_branch_python_dop_operator_3.py took 0.144 seconds
[2022-07-13 08:38:16,026] {processor.py:153} INFO - Started process (PID=2368) to work on /home/airflow/.local/lib/python3.7/site-packages/airflow/example_dags/example_branch_python_dop_operator_3.py
[2022-07-13 08:38:16,029] {processor.py:641} INFO - Processing file /home/airflow/.local/lib/python3.7/site-packages/airflow/example_dags/example_branch_python_dop_operator_3.py for tasks to queue
[2022-07-13 08:38:16,032] {logging_mixin.py:115} INFO - [2022-07-13 08:38:16,032] {dagbag.py:508} INFO - Filling up the DagBag from /home/airflow/.local/lib/python3.7/site-packages/airflow/example_dags/example_branch_python_dop_operator_3.py
[2022-07-13 08:38:16,070] {processor.py:651} INFO - DAG(s) dict_keys(['example_branch_dop_operator_v3']) retrieved from /home/airflow/.local/lib/python3.7/site-packages/airflow/example_dags/example_branch_python_dop_operator_3.py
[2022-07-13 08:38:16,113] {logging_mixin.py:115} INFO - [2022-07-13 08:38:16,113] {dag.py:2420} INFO - Sync 1 DAGs
[2022-07-13 08:38:16,159] {logging_mixin.py:115} INFO - [2022-07-13 08:38:16,159] {dag.py:2972} INFO - Setting next_dagrun for example_branch_dop_operator_v3 to 2022-07-13T08:37:00+00:00, run_after=2022-07-13T08:38:00+00:00
[2022-07-13 08:38:16,186] {processor.py:161} INFO - Processing /home/airflow/.local/lib/python3.7/site-packages/airflow/example_dags/example_branch_python_dop_operator_3.py took 0.171 seconds
[2022-07-13 08:38:46,621] {processor.py:153} INFO - Started process (PID=2558) to work on /home/airflow/.local/lib/python3.7/site-packages/airflow/example_dags/example_branch_python_dop_operator_3.py
[2022-07-13 08:38:46,622] {processor.py:641} INFO - Processing file /home/airflow/.local/lib/python3.7/site-packages/airflow/example_dags/example_branch_python_dop_operator_3.py for tasks to queue
[2022-07-13 08:38:46,624] {logging_mixin.py:115} INFO - [2022-07-13 08:38:46,624] {dagbag.py:508} INFO - Filling up the DagBag from /home/airflow/.local/lib/python3.7/site-packages/airflow/example_dags/example_branch_python_dop_operator_3.py
[2022-07-13 08:38:46,642] {processor.py:651} INFO - DAG(s) dict_keys(['example_branch_dop_operator_v3']) retrieved from /home/airflow/.local/lib/python3.7/site-packages/airflow/example_dags/example_branch_python_dop_operator_3.py
[2022-07-13 08:38:46,693] {logging_mixin.py:115} INFO - [2022-07-13 08:38:46,693] {dag.py:2420} INFO - Sync 1 DAGs
[2022-07-13 08:38:46,750] {logging_mixin.py:115} INFO - [2022-07-13 08:38:46,750] {dag.py:2972} INFO - Setting next_dagrun for example_branch_dop_operator_v3 to 2022-07-13T08:37:00+00:00, run_after=2022-07-13T08:38:00+00:00
[2022-07-13 08:38:46,771] {processor.py:161} INFO - Processing /home/airflow/.local/lib/python3.7/site-packages/airflow/example_dags/example_branch_python_dop_operator_3.py took 0.157 seconds
[2022-07-13 08:39:17,233] {processor.py:153} INFO - Started process (PID=2754) to work on /home/airflow/.local/lib/python3.7/site-packages/airflow/example_dags/example_branch_python_dop_operator_3.py
[2022-07-13 08:39:17,236] {processor.py:641} INFO - Processing file /home/airflow/.local/lib/python3.7/site-packages/airflow/example_dags/example_branch_python_dop_operator_3.py for tasks to queue
[2022-07-13 08:39:17,238] {logging_mixin.py:115} INFO - [2022-07-13 08:39:17,237] {dagbag.py:508} INFO - Filling up the DagBag from /home/airflow/.local/lib/python3.7/site-packages/airflow/example_dags/example_branch_python_dop_operator_3.py
[2022-07-13 08:39:17,261] {processor.py:651} INFO - DAG(s) dict_keys(['example_branch_dop_operator_v3']) retrieved from /home/airflow/.local/lib/python3.7/site-packages/airflow/example_dags/example_branch_python_dop_operator_3.py
[2022-07-13 08:39:17,316] {logging_mixin.py:115} INFO - [2022-07-13 08:39:17,316] {dag.py:2420} INFO - Sync 1 DAGs
[2022-07-13 08:39:17,369] {logging_mixin.py:115} INFO - [2022-07-13 08:39:17,369] {dag.py:2972} INFO - Setting next_dagrun for example_branch_dop_operator_v3 to 2022-07-13T08:38:00+00:00, run_after=2022-07-13T08:39:00+00:00
[2022-07-13 08:39:17,393] {processor.py:161} INFO - Processing /home/airflow/.local/lib/python3.7/site-packages/airflow/example_dags/example_branch_python_dop_operator_3.py took 0.165 seconds
[2022-07-13 08:39:48,228] {processor.py:153} INFO - Started process (PID=2947) to work on /home/airflow/.local/lib/python3.7/site-packages/airflow/example_dags/example_branch_python_dop_operator_3.py
[2022-07-13 08:39:48,230] {processor.py:641} INFO - Processing file /home/airflow/.local/lib/python3.7/site-packages/airflow/example_dags/example_branch_python_dop_operator_3.py for tasks to queue
[2022-07-13 08:39:48,232] {logging_mixin.py:115} INFO - [2022-07-13 08:39:48,232] {dagbag.py:508} INFO - Filling up the DagBag from /home/airflow/.local/lib/python3.7/site-packages/airflow/example_dags/example_branch_python_dop_operator_3.py
[2022-07-13 08:39:48,251] {processor.py:651} INFO - DAG(s) dict_keys(['example_branch_dop_operator_v3']) retrieved from /home/airflow/.local/lib/python3.7/site-packages/airflow/example_dags/example_branch_python_dop_operator_3.py
[2022-07-13 08:39:48,308] {logging_mixin.py:115} INFO - [2022-07-13 08:39:48,308] {dag.py:2420} INFO - Sync 1 DAGs
[2022-07-13 08:39:48,373] {logging_mixin.py:115} INFO - [2022-07-13 08:39:48,373] {dag.py:2972} INFO - Setting next_dagrun for example_branch_dop_operator_v3 to 2022-07-13T08:38:00+00:00, run_after=2022-07-13T08:39:00+00:00
[2022-07-13 08:39:48,418] {processor.py:161} INFO - Processing /home/airflow/.local/lib/python3.7/site-packages/airflow/example_dags/example_branch_python_dop_operator_3.py took 0.197 seconds
[2022-07-13 08:40:19,425] {processor.py:153} INFO - Started process (PID=3140) to work on /home/airflow/.local/lib/python3.7/site-packages/airflow/example_dags/example_branch_python_dop_operator_3.py
[2022-07-13 08:40:19,427] {processor.py:641} INFO - Processing file /home/airflow/.local/lib/python3.7/site-packages/airflow/example_dags/example_branch_python_dop_operator_3.py for tasks to queue
[2022-07-13 08:40:19,429] {logging_mixin.py:115} INFO - [2022-07-13 08:40:19,429] {dagbag.py:508} INFO - Filling up the DagBag from /home/airflow/.local/lib/python3.7/site-packages/airflow/example_dags/example_branch_python_dop_operator_3.py
[2022-07-13 08:40:19,450] {processor.py:651} INFO - DAG(s) dict_keys(['example_branch_dop_operator_v3']) retrieved from /home/airflow/.local/lib/python3.7/site-packages/airflow/example_dags/example_branch_python_dop_operator_3.py
[2022-07-13 08:40:19,505] {logging_mixin.py:115} INFO - [2022-07-13 08:40:19,505] {dag.py:2420} INFO - Sync 1 DAGs
[2022-07-13 08:40:19,557] {logging_mixin.py:115} INFO - [2022-07-13 08:40:19,557] {dag.py:2972} INFO - Setting next_dagrun for example_branch_dop_operator_v3 to 2022-07-13T08:39:00+00:00, run_after=2022-07-13T08:40:00+00:00
[2022-07-13 08:40:19,579] {processor.py:161} INFO - Processing /home/airflow/.local/lib/python3.7/site-packages/airflow/example_dags/example_branch_python_dop_operator_3.py took 0.161 seconds
[2022-07-13 08:40:49,952] {processor.py:153} INFO - Started process (PID=3338) to work on /home/airflow/.local/lib/python3.7/site-packages/airflow/example_dags/example_branch_python_dop_operator_3.py
[2022-07-13 08:40:49,955] {processor.py:641} INFO - Processing file /home/airflow/.local/lib/python3.7/site-packages/airflow/example_dags/example_branch_python_dop_operator_3.py for tasks to queue
[2022-07-13 08:40:49,957] {logging_mixin.py:115} INFO - [2022-07-13 08:40:49,957] {dagbag.py:508} INFO - Filling up the DagBag from /home/airflow/.local/lib/python3.7/site-packages/airflow/example_dags/example_branch_python_dop_operator_3.py
[2022-07-13 08:40:49,976] {processor.py:651} INFO - DAG(s) dict_keys(['example_branch_dop_operator_v3']) retrieved from /home/airflow/.local/lib/python3.7/site-packages/airflow/example_dags/example_branch_python_dop_operator_3.py
[2022-07-13 08:40:50,023] {logging_mixin.py:115} INFO - [2022-07-13 08:40:50,023] {dag.py:2420} INFO - Sync 1 DAGs
[2022-07-13 08:40:50,078] {logging_mixin.py:115} INFO - [2022-07-13 08:40:50,078] {dag.py:2972} INFO - Setting next_dagrun for example_branch_dop_operator_v3 to 2022-07-13T08:39:00+00:00, run_after=2022-07-13T08:40:00+00:00
[2022-07-13 08:40:50,120] {processor.py:161} INFO - Processing /home/airflow/.local/lib/python3.7/site-packages/airflow/example_dags/example_branch_python_dop_operator_3.py took 0.173 seconds
[2022-07-13 08:41:20,937] {processor.py:153} INFO - Started process (PID=3525) to work on /home/airflow/.local/lib/python3.7/site-packages/airflow/example_dags/example_branch_python_dop_operator_3.py
[2022-07-13 08:41:20,940] {processor.py:641} INFO - Processing file /home/airflow/.local/lib/python3.7/site-packages/airflow/example_dags/example_branch_python_dop_operator_3.py for tasks to queue
[2022-07-13 08:41:20,942] {logging_mixin.py:115} INFO - [2022-07-13 08:41:20,942] {dagbag.py:508} INFO - Filling up the DagBag from /home/airflow/.local/lib/python3.7/site-packages/airflow/example_dags/example_branch_python_dop_operator_3.py
[2022-07-13 08:41:20,964] {processor.py:651} INFO - DAG(s) dict_keys(['example_branch_dop_operator_v3']) retrieved from /home/airflow/.local/lib/python3.7/site-packages/airflow/example_dags/example_branch_python_dop_operator_3.py
[2022-07-13 08:41:21,034] {logging_mixin.py:115} INFO - [2022-07-13 08:41:21,034] {dag.py:2420} INFO - Sync 1 DAGs
[2022-07-13 08:41:21,096] {logging_mixin.py:115} INFO - [2022-07-13 08:41:21,096] {dag.py:2972} INFO - Setting next_dagrun for example_branch_dop_operator_v3 to 2022-07-13T08:40:00+00:00, run_after=2022-07-13T08:41:00+00:00
[2022-07-13 08:41:21,131] {processor.py:161} INFO - Processing /home/airflow/.local/lib/python3.7/site-packages/airflow/example_dags/example_branch_python_dop_operator_3.py took 0.201 seconds
[2022-07-13 08:41:51,511] {processor.py:153} INFO - Started process (PID=3724) to work on /home/airflow/.local/lib/python3.7/site-packages/airflow/example_dags/example_branch_python_dop_operator_3.py
[2022-07-13 08:41:51,513] {processor.py:641} INFO - Processing file /home/airflow/.local/lib/python3.7/site-packages/airflow/example_dags/example_branch_python_dop_operator_3.py for tasks to queue
[2022-07-13 08:41:51,515] {logging_mixin.py:115} INFO - [2022-07-13 08:41:51,515] {dagbag.py:508} INFO - Filling up the DagBag from /home/airflow/.local/lib/python3.7/site-packages/airflow/example_dags/example_branch_python_dop_operator_3.py
[2022-07-13 08:41:51,540] {processor.py:651} INFO - DAG(s) dict_keys(['example_branch_dop_operator_v3']) retrieved from /home/airflow/.local/lib/python3.7/site-packages/airflow/example_dags/example_branch_python_dop_operator_3.py
[2022-07-13 08:41:51,595] {logging_mixin.py:115} INFO - [2022-07-13 08:41:51,595] {dag.py:2420} INFO - Sync 1 DAGs
[2022-07-13 08:41:51,642] {logging_mixin.py:115} INFO - [2022-07-13 08:41:51,642] {dag.py:2972} INFO - Setting next_dagrun for example_branch_dop_operator_v3 to 2022-07-13T08:40:00+00:00, run_after=2022-07-13T08:41:00+00:00
[2022-07-13 08:41:51,666] {processor.py:161} INFO - Processing /home/airflow/.local/lib/python3.7/site-packages/airflow/example_dags/example_branch_python_dop_operator_3.py took 0.162 seconds
[2022-07-13 08:42:22,172] {processor.py:153} INFO - Started process (PID=3913) to work on /home/airflow/.local/lib/python3.7/site-packages/airflow/example_dags/example_branch_python_dop_operator_3.py
[2022-07-13 08:42:22,174] {processor.py:641} INFO - Processing file /home/airflow/.local/lib/python3.7/site-packages/airflow/example_dags/example_branch_python_dop_operator_3.py for tasks to queue
[2022-07-13 08:42:22,175] {logging_mixin.py:115} INFO - [2022-07-13 08:42:22,175] {dagbag.py:508} INFO - Filling up the DagBag from /home/airflow/.local/lib/python3.7/site-packages/airflow/example_dags/example_branch_python_dop_operator_3.py
[2022-07-13 08:42:22,192] {processor.py:651} INFO - DAG(s) dict_keys(['example_branch_dop_operator_v3']) retrieved from /home/airflow/.local/lib/python3.7/site-packages/airflow/example_dags/example_branch_python_dop_operator_3.py
[2022-07-13 08:42:22,241] {logging_mixin.py:115} INFO - [2022-07-13 08:42:22,241] {dag.py:2420} INFO - Sync 1 DAGs
[2022-07-13 08:42:22,292] {logging_mixin.py:115} INFO - [2022-07-13 08:42:22,292] {dag.py:2972} INFO - Setting next_dagrun for example_branch_dop_operator_v3 to 2022-07-13T08:41:00+00:00, run_after=2022-07-13T08:42:00+00:00
[2022-07-13 08:42:22,316] {processor.py:161} INFO - Processing /home/airflow/.local/lib/python3.7/site-packages/airflow/example_dags/example_branch_python_dop_operator_3.py took 0.149 seconds
[2022-07-13 08:42:53,202] {processor.py:153} INFO - Started process (PID=4113) to work on /home/airflow/.local/lib/python3.7/site-packages/airflow/example_dags/example_branch_python_dop_operator_3.py
[2022-07-13 08:42:53,204] {processor.py:641} INFO - Processing file /home/airflow/.local/lib/python3.7/site-packages/airflow/example_dags/example_branch_python_dop_operator_3.py for tasks to queue
[2022-07-13 08:42:53,206] {logging_mixin.py:115} INFO - [2022-07-13 08:42:53,205] {dagbag.py:508} INFO - Filling up the DagBag from /home/airflow/.local/lib/python3.7/site-packages/airflow/example_dags/example_branch_python_dop_operator_3.py
[2022-07-13 08:42:53,223] {processor.py:651} INFO - DAG(s) dict_keys(['example_branch_dop_operator_v3']) retrieved from /home/airflow/.local/lib/python3.7/site-packages/airflow/example_dags/example_branch_python_dop_operator_3.py
[2022-07-13 08:42:53,271] {logging_mixin.py:115} INFO - [2022-07-13 08:42:53,271] {dag.py:2420} INFO - Sync 1 DAGs
[2022-07-13 08:42:53,315] {logging_mixin.py:115} INFO - [2022-07-13 08:42:53,315] {dag.py:2972} INFO - Setting next_dagrun for example_branch_dop_operator_v3 to 2022-07-13T08:41:00+00:00, run_after=2022-07-13T08:42:00+00:00
[2022-07-13 08:42:53,338] {processor.py:161} INFO - Processing /home/airflow/.local/lib/python3.7/site-packages/airflow/example_dags/example_branch_python_dop_operator_3.py took 0.142 seconds
[2022-07-13 08:43:23,695] {processor.py:153} INFO - Started process (PID=4302) to work on /home/airflow/.local/lib/python3.7/site-packages/airflow/example_dags/example_branch_python_dop_operator_3.py
[2022-07-13 08:43:23,698] {processor.py:641} INFO - Processing file /home/airflow/.local/lib/python3.7/site-packages/airflow/example_dags/example_branch_python_dop_operator_3.py for tasks to queue
[2022-07-13 08:43:23,700] {logging_mixin.py:115} INFO - [2022-07-13 08:43:23,700] {dagbag.py:508} INFO - Filling up the DagBag from /home/airflow/.local/lib/python3.7/site-packages/airflow/example_dags/example_branch_python_dop_operator_3.py
[2022-07-13 08:43:23,719] {processor.py:651} INFO - DAG(s) dict_keys(['example_branch_dop_operator_v3']) retrieved from /home/airflow/.local/lib/python3.7/site-packages/airflow/example_dags/example_branch_python_dop_operator_3.py
[2022-07-13 08:43:23,769] {logging_mixin.py:115} INFO - [2022-07-13 08:43:23,769] {dag.py:2420} INFO - Sync 1 DAGs
[2022-07-13 08:43:23,810] {logging_mixin.py:115} INFO - [2022-07-13 08:43:23,810] {dag.py:2972} INFO - Setting next_dagrun for example_branch_dop_operator_v3 to 2022-07-13T08:42:00+00:00, run_after=2022-07-13T08:43:00+00:00
[2022-07-13 08:43:23,834] {processor.py:161} INFO - Processing /home/airflow/.local/lib/python3.7/site-packages/airflow/example_dags/example_branch_python_dop_operator_3.py took 0.147 seconds
[2022-07-13 08:43:54,233] {processor.py:153} INFO - Started process (PID=4501) to work on /home/airflow/.local/lib/python3.7/site-packages/airflow/example_dags/example_branch_python_dop_operator_3.py
[2022-07-13 08:43:54,235] {processor.py:641} INFO - Processing file /home/airflow/.local/lib/python3.7/site-packages/airflow/example_dags/example_branch_python_dop_operator_3.py for tasks to queue
[2022-07-13 08:43:54,239] {logging_mixin.py:115} INFO - [2022-07-13 08:43:54,238] {dagbag.py:508} INFO - Filling up the DagBag from /home/airflow/.local/lib/python3.7/site-packages/airflow/example_dags/example_branch_python_dop_operator_3.py
[2022-07-13 08:43:54,261] {processor.py:651} INFO - DAG(s) dict_keys(['example_branch_dop_operator_v3']) retrieved from /home/airflow/.local/lib/python3.7/site-packages/airflow/example_dags/example_branch_python_dop_operator_3.py
[2022-07-13 08:43:54,329] {logging_mixin.py:115} INFO - [2022-07-13 08:43:54,329] {dag.py:2420} INFO - Sync 1 DAGs
[2022-07-13 08:43:54,410] {logging_mixin.py:115} INFO - [2022-07-13 08:43:54,410] {dag.py:2972} INFO - Setting next_dagrun for example_branch_dop_operator_v3 to 2022-07-13T08:42:00+00:00, run_after=2022-07-13T08:43:00+00:00
[2022-07-13 08:43:54,449] {processor.py:161} INFO - Processing /home/airflow/.local/lib/python3.7/site-packages/airflow/example_dags/example_branch_python_dop_operator_3.py took 0.222 seconds
[2022-07-13 08:44:24,721] {processor.py:153} INFO - Started process (PID=4688) to work on /home/airflow/.local/lib/python3.7/site-packages/airflow/example_dags/example_branch_python_dop_operator_3.py
[2022-07-13 08:44:24,723] {processor.py:641} INFO - Processing file /home/airflow/.local/lib/python3.7/site-packages/airflow/example_dags/example_branch_python_dop_operator_3.py for tasks to queue
[2022-07-13 08:44:24,724] {logging_mixin.py:115} INFO - [2022-07-13 08:44:24,724] {dagbag.py:508} INFO - Filling up the DagBag from /home/airflow/.local/lib/python3.7/site-packages/airflow/example_dags/example_branch_python_dop_operator_3.py
[2022-07-13 08:44:24,745] {processor.py:651} INFO - DAG(s) dict_keys(['example_branch_dop_operator_v3']) retrieved from /home/airflow/.local/lib/python3.7/site-packages/airflow/example_dags/example_branch_python_dop_operator_3.py
[2022-07-13 08:44:24,796] {logging_mixin.py:115} INFO - [2022-07-13 08:44:24,795] {dag.py:2420} INFO - Sync 1 DAGs
[2022-07-13 08:44:24,842] {logging_mixin.py:115} INFO - [2022-07-13 08:44:24,842] {dag.py:2972} INFO - Setting next_dagrun for example_branch_dop_operator_v3 to 2022-07-13T08:43:00+00:00, run_after=2022-07-13T08:44:00+00:00
[2022-07-13 08:44:24,864] {processor.py:161} INFO - Processing /home/airflow/.local/lib/python3.7/site-packages/airflow/example_dags/example_branch_python_dop_operator_3.py took 0.147 seconds
[2022-07-13 08:44:55,284] {processor.py:153} INFO - Started process (PID=4886) to work on /home/airflow/.local/lib/python3.7/site-packages/airflow/example_dags/example_branch_python_dop_operator_3.py
[2022-07-13 08:44:55,286] {processor.py:641} INFO - Processing file /home/airflow/.local/lib/python3.7/site-packages/airflow/example_dags/example_branch_python_dop_operator_3.py for tasks to queue
[2022-07-13 08:44:55,288] {logging_mixin.py:115} INFO - [2022-07-13 08:44:55,288] {dagbag.py:508} INFO - Filling up the DagBag from /home/airflow/.local/lib/python3.7/site-packages/airflow/example_dags/example_branch_python_dop_operator_3.py
[2022-07-13 08:44:55,315] {processor.py:651} INFO - DAG(s) dict_keys(['example_branch_dop_operator_v3']) retrieved from /home/airflow/.local/lib/python3.7/site-packages/airflow/example_dags/example_branch_python_dop_operator_3.py
[2022-07-13 08:44:55,382] {logging_mixin.py:115} INFO - [2022-07-13 08:44:55,381] {dag.py:2420} INFO - Sync 1 DAGs
[2022-07-13 08:44:55,429] {logging_mixin.py:115} INFO - [2022-07-13 08:44:55,429] {dag.py:2972} INFO - Setting next_dagrun for example_branch_dop_operator_v3 to 2022-07-13T08:43:00+00:00, run_after=2022-07-13T08:44:00+00:00
[2022-07-13 08:44:55,453] {processor.py:161} INFO - Processing /home/airflow/.local/lib/python3.7/site-packages/airflow/example_dags/example_branch_python_dop_operator_3.py took 0.175 seconds
[2022-07-13 08:45:25,612] {processor.py:153} INFO - Started process (PID=5081) to work on /home/airflow/.local/lib/python3.7/site-packages/airflow/example_dags/example_branch_python_dop_operator_3.py
[2022-07-13 08:45:25,616] {processor.py:641} INFO - Processing file /home/airflow/.local/lib/python3.7/site-packages/airflow/example_dags/example_branch_python_dop_operator_3.py for tasks to queue
[2022-07-13 08:45:25,619] {logging_mixin.py:115} INFO - [2022-07-13 08:45:25,618] {dagbag.py:508} INFO - Filling up the DagBag from /home/airflow/.local/lib/python3.7/site-packages/airflow/example_dags/example_branch_python_dop_operator_3.py
[2022-07-13 08:45:25,638] {processor.py:651} INFO - DAG(s) dict_keys(['example_branch_dop_operator_v3']) retrieved from /home/airflow/.local/lib/python3.7/site-packages/airflow/example_dags/example_branch_python_dop_operator_3.py
[2022-07-13 08:45:25,702] {logging_mixin.py:115} INFO - [2022-07-13 08:45:25,702] {dag.py:2420} INFO - Sync 1 DAGs
[2022-07-13 08:45:25,755] {logging_mixin.py:115} INFO - [2022-07-13 08:45:25,755] {dag.py:2972} INFO - Setting next_dagrun for example_branch_dop_operator_v3 to 2022-07-13T08:44:00+00:00, run_after=2022-07-13T08:45:00+00:00
[2022-07-13 08:45:25,777] {processor.py:161} INFO - Processing /home/airflow/.local/lib/python3.7/site-packages/airflow/example_dags/example_branch_python_dop_operator_3.py took 0.171 seconds
[2022-07-13 08:45:56,233] {processor.py:153} INFO - Started process (PID=5274) to work on /home/airflow/.local/lib/python3.7/site-packages/airflow/example_dags/example_branch_python_dop_operator_3.py
[2022-07-13 08:45:56,235] {processor.py:641} INFO - Processing file /home/airflow/.local/lib/python3.7/site-packages/airflow/example_dags/example_branch_python_dop_operator_3.py for tasks to queue
[2022-07-13 08:45:56,238] {logging_mixin.py:115} INFO - [2022-07-13 08:45:56,238] {dagbag.py:508} INFO - Filling up the DagBag from /home/airflow/.local/lib/python3.7/site-packages/airflow/example_dags/example_branch_python_dop_operator_3.py
[2022-07-13 08:45:56,258] {processor.py:651} INFO - DAG(s) dict_keys(['example_branch_dop_operator_v3']) retrieved from /home/airflow/.local/lib/python3.7/site-packages/airflow/example_dags/example_branch_python_dop_operator_3.py
[2022-07-13 08:45:56,311] {logging_mixin.py:115} INFO - [2022-07-13 08:45:56,311] {dag.py:2420} INFO - Sync 1 DAGs
[2022-07-13 08:45:56,394] {logging_mixin.py:115} INFO - [2022-07-13 08:45:56,394] {dag.py:2972} INFO - Setting next_dagrun for example_branch_dop_operator_v3 to 2022-07-13T08:44:00+00:00, run_after=2022-07-13T08:45:00+00:00
[2022-07-13 08:45:56,425] {processor.py:161} INFO - Processing /home/airflow/.local/lib/python3.7/site-packages/airflow/example_dags/example_branch_python_dop_operator_3.py took 0.200 seconds
[2022-07-13 08:46:26,831] {processor.py:153} INFO - Started process (PID=5459) to work on /home/airflow/.local/lib/python3.7/site-packages/airflow/example_dags/example_branch_python_dop_operator_3.py
[2022-07-13 08:46:26,832] {processor.py:641} INFO - Processing file /home/airflow/.local/lib/python3.7/site-packages/airflow/example_dags/example_branch_python_dop_operator_3.py for tasks to queue
[2022-07-13 08:46:26,835] {logging_mixin.py:115} INFO - [2022-07-13 08:46:26,835] {dagbag.py:508} INFO - Filling up the DagBag from /home/airflow/.local/lib/python3.7/site-packages/airflow/example_dags/example_branch_python_dop_operator_3.py
[2022-07-13 08:46:26,852] {processor.py:651} INFO - DAG(s) dict_keys(['example_branch_dop_operator_v3']) retrieved from /home/airflow/.local/lib/python3.7/site-packages/airflow/example_dags/example_branch_python_dop_operator_3.py
[2022-07-13 08:46:26,913] {logging_mixin.py:115} INFO - [2022-07-13 08:46:26,913] {dag.py:2420} INFO - Sync 1 DAGs
[2022-07-13 08:46:26,969] {logging_mixin.py:115} INFO - [2022-07-13 08:46:26,968] {dag.py:2972} INFO - Setting next_dagrun for example_branch_dop_operator_v3 to 2022-07-13T08:45:00+00:00, run_after=2022-07-13T08:46:00+00:00
[2022-07-13 08:46:27,000] {processor.py:161} INFO - Processing /home/airflow/.local/lib/python3.7/site-packages/airflow/example_dags/example_branch_python_dop_operator_3.py took 0.175 seconds
[2022-07-13 08:46:57,922] {processor.py:153} INFO - Started process (PID=5658) to work on /home/airflow/.local/lib/python3.7/site-packages/airflow/example_dags/example_branch_python_dop_operator_3.py
[2022-07-13 08:46:57,923] {processor.py:641} INFO - Processing file /home/airflow/.local/lib/python3.7/site-packages/airflow/example_dags/example_branch_python_dop_operator_3.py for tasks to queue
[2022-07-13 08:46:57,925] {logging_mixin.py:115} INFO - [2022-07-13 08:46:57,925] {dagbag.py:508} INFO - Filling up the DagBag from /home/airflow/.local/lib/python3.7/site-packages/airflow/example_dags/example_branch_python_dop_operator_3.py
[2022-07-13 08:46:57,942] {processor.py:651} INFO - DAG(s) dict_keys(['example_branch_dop_operator_v3']) retrieved from /home/airflow/.local/lib/python3.7/site-packages/airflow/example_dags/example_branch_python_dop_operator_3.py
[2022-07-13 08:46:57,990] {logging_mixin.py:115} INFO - [2022-07-13 08:46:57,990] {dag.py:2420} INFO - Sync 1 DAGs
[2022-07-13 08:46:58,033] {logging_mixin.py:115} INFO - [2022-07-13 08:46:58,033] {dag.py:2972} INFO - Setting next_dagrun for example_branch_dop_operator_v3 to 2022-07-13T08:45:00+00:00, run_after=2022-07-13T08:46:00+00:00
[2022-07-13 08:46:58,061] {processor.py:161} INFO - Processing /home/airflow/.local/lib/python3.7/site-packages/airflow/example_dags/example_branch_python_dop_operator_3.py took 0.144 seconds
