[2022-07-13 08:30:15,693] {processor.py:153} INFO - Started process (PID=292) to work on /home/airflow/.local/lib/python3.7/site-packages/airflow/example_dags/example_complex.py
[2022-07-13 08:30:15,695] {processor.py:641} INFO - Processing file /home/airflow/.local/lib/python3.7/site-packages/airflow/example_dags/example_complex.py for tasks to queue
[2022-07-13 08:30:15,697] {logging_mixin.py:115} INFO - [2022-07-13 08:30:15,697] {dagbag.py:508} INFO - Filling up the DagBag from /home/airflow/.local/lib/python3.7/site-packages/airflow/example_dags/example_complex.py
[2022-07-13 08:30:15,717] {processor.py:651} INFO - DAG(s) dict_keys(['example_complex']) retrieved from /home/airflow/.local/lib/python3.7/site-packages/airflow/example_dags/example_complex.py
[2022-07-13 08:30:15,873] {logging_mixin.py:115} INFO - [2022-07-13 08:30:15,873] {manager.py:508} INFO - Created Permission View: can edit on DAG:example_complex
[2022-07-13 08:30:15,890] {logging_mixin.py:115} INFO - [2022-07-13 08:30:15,890] {manager.py:508} INFO - Created Permission View: can read on DAG:example_complex
[2022-07-13 08:30:15,907] {logging_mixin.py:115} INFO - [2022-07-13 08:30:15,906] {manager.py:508} INFO - Created Permission View: can delete on DAG:example_complex
[2022-07-13 08:30:15,916] {logging_mixin.py:115} INFO - [2022-07-13 08:30:15,916] {dag.py:2420} INFO - Sync 1 DAGs
[2022-07-13 08:30:15,931] {logging_mixin.py:115} INFO - [2022-07-13 08:30:15,931] {dag.py:2439} INFO - Creating ORM DAG for example_complex
[2022-07-13 08:30:15,952] {logging_mixin.py:115} INFO - [2022-07-13 08:30:15,952] {dag.py:2972} INFO - Setting next_dagrun for example_complex to None, run_after=None
[2022-07-13 08:30:15,977] {processor.py:161} INFO - Processing /home/airflow/.local/lib/python3.7/site-packages/airflow/example_dags/example_complex.py took 0.291 seconds
[2022-07-13 08:30:46,096] {processor.py:153} INFO - Started process (PID=492) to work on /home/airflow/.local/lib/python3.7/site-packages/airflow/example_dags/example_complex.py
[2022-07-13 08:30:46,098] {processor.py:641} INFO - Processing file /home/airflow/.local/lib/python3.7/site-packages/airflow/example_dags/example_complex.py for tasks to queue
[2022-07-13 08:30:46,100] {logging_mixin.py:115} INFO - [2022-07-13 08:30:46,100] {dagbag.py:508} INFO - Filling up the DagBag from /home/airflow/.local/lib/python3.7/site-packages/airflow/example_dags/example_complex.py
[2022-07-13 08:30:46,123] {processor.py:651} INFO - DAG(s) dict_keys(['example_complex']) retrieved from /home/airflow/.local/lib/python3.7/site-packages/airflow/example_dags/example_complex.py
[2022-07-13 08:30:46,175] {logging_mixin.py:115} INFO - [2022-07-13 08:30:46,175] {dag.py:2420} INFO - Sync 1 DAGs
[2022-07-13 08:30:46,208] {logging_mixin.py:115} INFO - [2022-07-13 08:30:46,207] {dag.py:2972} INFO - Setting next_dagrun for example_complex to None, run_after=None
[2022-07-13 08:30:46,239] {processor.py:161} INFO - Processing /home/airflow/.local/lib/python3.7/site-packages/airflow/example_dags/example_complex.py took 0.149 seconds
[2022-07-13 08:31:16,424] {processor.py:153} INFO - Started process (PID=681) to work on /home/airflow/.local/lib/python3.7/site-packages/airflow/example_dags/example_complex.py
[2022-07-13 08:31:16,426] {processor.py:641} INFO - Processing file /home/airflow/.local/lib/python3.7/site-packages/airflow/example_dags/example_complex.py for tasks to queue
[2022-07-13 08:31:16,427] {logging_mixin.py:115} INFO - [2022-07-13 08:31:16,427] {dagbag.py:508} INFO - Filling up the DagBag from /home/airflow/.local/lib/python3.7/site-packages/airflow/example_dags/example_complex.py
[2022-07-13 08:31:16,445] {processor.py:651} INFO - DAG(s) dict_keys(['example_complex']) retrieved from /home/airflow/.local/lib/python3.7/site-packages/airflow/example_dags/example_complex.py
[2022-07-13 08:31:16,489] {logging_mixin.py:115} INFO - [2022-07-13 08:31:16,489] {dag.py:2420} INFO - Sync 1 DAGs
[2022-07-13 08:31:16,521] {logging_mixin.py:115} INFO - [2022-07-13 08:31:16,521] {dag.py:2972} INFO - Setting next_dagrun for example_complex to None, run_after=None
[2022-07-13 08:31:16,542] {processor.py:161} INFO - Processing /home/airflow/.local/lib/python3.7/site-packages/airflow/example_dags/example_complex.py took 0.122 seconds
[2022-07-13 08:31:46,694] {processor.py:153} INFO - Started process (PID=878) to work on /home/airflow/.local/lib/python3.7/site-packages/airflow/example_dags/example_complex.py
[2022-07-13 08:31:46,696] {processor.py:641} INFO - Processing file /home/airflow/.local/lib/python3.7/site-packages/airflow/example_dags/example_complex.py for tasks to queue
[2022-07-13 08:31:46,697] {logging_mixin.py:115} INFO - [2022-07-13 08:31:46,697] {dagbag.py:508} INFO - Filling up the DagBag from /home/airflow/.local/lib/python3.7/site-packages/airflow/example_dags/example_complex.py
[2022-07-13 08:31:46,716] {processor.py:651} INFO - DAG(s) dict_keys(['example_complex']) retrieved from /home/airflow/.local/lib/python3.7/site-packages/airflow/example_dags/example_complex.py
[2022-07-13 08:31:46,761] {logging_mixin.py:115} INFO - [2022-07-13 08:31:46,760] {dag.py:2420} INFO - Sync 1 DAGs
[2022-07-13 08:31:46,793] {logging_mixin.py:115} INFO - [2022-07-13 08:31:46,793] {dag.py:2972} INFO - Setting next_dagrun for example_complex to None, run_after=None
[2022-07-13 08:31:46,814] {processor.py:161} INFO - Processing /home/airflow/.local/lib/python3.7/site-packages/airflow/example_dags/example_complex.py took 0.124 seconds
[2022-07-13 08:32:37,912] {processor.py:153} INFO - Started process (PID=296) to work on /home/airflow/.local/lib/python3.7/site-packages/airflow/example_dags/example_complex.py
[2022-07-13 08:32:37,914] {processor.py:641} INFO - Processing file /home/airflow/.local/lib/python3.7/site-packages/airflow/example_dags/example_complex.py for tasks to queue
[2022-07-13 08:32:37,917] {logging_mixin.py:115} INFO - [2022-07-13 08:32:37,917] {dagbag.py:508} INFO - Filling up the DagBag from /home/airflow/.local/lib/python3.7/site-packages/airflow/example_dags/example_complex.py
[2022-07-13 08:32:37,944] {processor.py:651} INFO - DAG(s) dict_keys(['example_complex']) retrieved from /home/airflow/.local/lib/python3.7/site-packages/airflow/example_dags/example_complex.py
[2022-07-13 08:32:38,066] {logging_mixin.py:115} INFO - [2022-07-13 08:32:38,066] {dag.py:2420} INFO - Sync 1 DAGs
[2022-07-13 08:32:38,152] {logging_mixin.py:115} INFO - [2022-07-13 08:32:38,152] {dag.py:2972} INFO - Setting next_dagrun for example_complex to None, run_after=None
[2022-07-13 08:32:38,202] {processor.py:161} INFO - Processing /home/airflow/.local/lib/python3.7/site-packages/airflow/example_dags/example_complex.py took 0.307 seconds
[2022-07-13 08:33:09,044] {processor.py:153} INFO - Started process (PID=483) to work on /home/airflow/.local/lib/python3.7/site-packages/airflow/example_dags/example_complex.py
[2022-07-13 08:33:09,046] {processor.py:641} INFO - Processing file /home/airflow/.local/lib/python3.7/site-packages/airflow/example_dags/example_complex.py for tasks to queue
[2022-07-13 08:33:09,048] {logging_mixin.py:115} INFO - [2022-07-13 08:33:09,048] {dagbag.py:508} INFO - Filling up the DagBag from /home/airflow/.local/lib/python3.7/site-packages/airflow/example_dags/example_complex.py
[2022-07-13 08:33:09,079] {processor.py:651} INFO - DAG(s) dict_keys(['example_complex']) retrieved from /home/airflow/.local/lib/python3.7/site-packages/airflow/example_dags/example_complex.py
[2022-07-13 08:33:09,140] {logging_mixin.py:115} INFO - [2022-07-13 08:33:09,140] {dag.py:2420} INFO - Sync 1 DAGs
[2022-07-13 08:33:09,185] {logging_mixin.py:115} INFO - [2022-07-13 08:33:09,185] {dag.py:2972} INFO - Setting next_dagrun for example_complex to None, run_after=None
[2022-07-13 08:33:09,208] {processor.py:161} INFO - Processing /home/airflow/.local/lib/python3.7/site-packages/airflow/example_dags/example_complex.py took 0.172 seconds
[2022-07-13 08:33:40,849] {processor.py:153} INFO - Started process (PID=680) to work on /home/airflow/.local/lib/python3.7/site-packages/airflow/example_dags/example_complex.py
[2022-07-13 08:33:40,855] {processor.py:641} INFO - Processing file /home/airflow/.local/lib/python3.7/site-packages/airflow/example_dags/example_complex.py for tasks to queue
[2022-07-13 08:33:40,861] {logging_mixin.py:115} INFO - [2022-07-13 08:33:40,861] {dagbag.py:508} INFO - Filling up the DagBag from /home/airflow/.local/lib/python3.7/site-packages/airflow/example_dags/example_complex.py
[2022-07-13 08:33:40,914] {processor.py:651} INFO - DAG(s) dict_keys(['example_complex']) retrieved from /home/airflow/.local/lib/python3.7/site-packages/airflow/example_dags/example_complex.py
[2022-07-13 08:33:41,018] {logging_mixin.py:115} INFO - [2022-07-13 08:33:41,018] {dag.py:2420} INFO - Sync 1 DAGs
[2022-07-13 08:33:41,095] {logging_mixin.py:115} INFO - [2022-07-13 08:33:41,095] {dag.py:2972} INFO - Setting next_dagrun for example_complex to None, run_after=None
[2022-07-13 08:33:41,127] {processor.py:161} INFO - Processing /home/airflow/.local/lib/python3.7/site-packages/airflow/example_dags/example_complex.py took 0.288 seconds
[2022-07-13 08:34:11,628] {processor.py:153} INFO - Started process (PID=868) to work on /home/airflow/.local/lib/python3.7/site-packages/airflow/example_dags/example_complex.py
[2022-07-13 08:34:11,631] {processor.py:641} INFO - Processing file /home/airflow/.local/lib/python3.7/site-packages/airflow/example_dags/example_complex.py for tasks to queue
[2022-07-13 08:34:11,634] {logging_mixin.py:115} INFO - [2022-07-13 08:34:11,634] {dagbag.py:508} INFO - Filling up the DagBag from /home/airflow/.local/lib/python3.7/site-packages/airflow/example_dags/example_complex.py
[2022-07-13 08:34:11,657] {processor.py:651} INFO - DAG(s) dict_keys(['example_complex']) retrieved from /home/airflow/.local/lib/python3.7/site-packages/airflow/example_dags/example_complex.py
[2022-07-13 08:34:11,709] {logging_mixin.py:115} INFO - [2022-07-13 08:34:11,708] {dag.py:2420} INFO - Sync 1 DAGs
[2022-07-13 08:34:11,744] {logging_mixin.py:115} INFO - [2022-07-13 08:34:11,744] {dag.py:2972} INFO - Setting next_dagrun for example_complex to None, run_after=None
[2022-07-13 08:34:11,762] {processor.py:161} INFO - Processing /home/airflow/.local/lib/python3.7/site-packages/airflow/example_dags/example_complex.py took 0.144 seconds
[2022-07-13 08:34:42,467] {processor.py:153} INFO - Started process (PID=1065) to work on /home/airflow/.local/lib/python3.7/site-packages/airflow/example_dags/example_complex.py
[2022-07-13 08:34:42,471] {processor.py:641} INFO - Processing file /home/airflow/.local/lib/python3.7/site-packages/airflow/example_dags/example_complex.py for tasks to queue
[2022-07-13 08:34:42,473] {logging_mixin.py:115} INFO - [2022-07-13 08:34:42,472] {dagbag.py:508} INFO - Filling up the DagBag from /home/airflow/.local/lib/python3.7/site-packages/airflow/example_dags/example_complex.py
[2022-07-13 08:34:42,499] {processor.py:651} INFO - DAG(s) dict_keys(['example_complex']) retrieved from /home/airflow/.local/lib/python3.7/site-packages/airflow/example_dags/example_complex.py
[2022-07-13 08:34:42,572] {logging_mixin.py:115} INFO - [2022-07-13 08:34:42,572] {dag.py:2420} INFO - Sync 1 DAGs
[2022-07-13 08:34:42,629] {logging_mixin.py:115} INFO - [2022-07-13 08:34:42,629] {dag.py:2972} INFO - Setting next_dagrun for example_complex to None, run_after=None
[2022-07-13 08:34:42,661] {processor.py:161} INFO - Processing /home/airflow/.local/lib/python3.7/site-packages/airflow/example_dags/example_complex.py took 0.200 seconds
[2022-07-13 08:35:13,689] {processor.py:153} INFO - Started process (PID=1289) to work on /home/airflow/.local/lib/python3.7/site-packages/airflow/example_dags/example_complex.py
[2022-07-13 08:35:13,691] {processor.py:641} INFO - Processing file /home/airflow/.local/lib/python3.7/site-packages/airflow/example_dags/example_complex.py for tasks to queue
[2022-07-13 08:35:13,694] {logging_mixin.py:115} INFO - [2022-07-13 08:35:13,694] {dagbag.py:508} INFO - Filling up the DagBag from /home/airflow/.local/lib/python3.7/site-packages/airflow/example_dags/example_complex.py
[2022-07-13 08:35:13,736] {processor.py:651} INFO - DAG(s) dict_keys(['example_complex']) retrieved from /home/airflow/.local/lib/python3.7/site-packages/airflow/example_dags/example_complex.py
[2022-07-13 08:35:13,816] {logging_mixin.py:115} INFO - [2022-07-13 08:35:13,815] {dag.py:2420} INFO - Sync 1 DAGs
[2022-07-13 08:35:13,865] {logging_mixin.py:115} INFO - [2022-07-13 08:35:13,865] {dag.py:2972} INFO - Setting next_dagrun for example_complex to None, run_after=None
[2022-07-13 08:35:13,902] {processor.py:161} INFO - Processing /home/airflow/.local/lib/python3.7/site-packages/airflow/example_dags/example_complex.py took 0.220 seconds
[2022-07-13 08:35:44,833] {processor.py:153} INFO - Started process (PID=1478) to work on /home/airflow/.local/lib/python3.7/site-packages/airflow/example_dags/example_complex.py
[2022-07-13 08:35:44,835] {processor.py:641} INFO - Processing file /home/airflow/.local/lib/python3.7/site-packages/airflow/example_dags/example_complex.py for tasks to queue
[2022-07-13 08:35:44,837] {logging_mixin.py:115} INFO - [2022-07-13 08:35:44,837] {dagbag.py:508} INFO - Filling up the DagBag from /home/airflow/.local/lib/python3.7/site-packages/airflow/example_dags/example_complex.py
[2022-07-13 08:35:44,860] {processor.py:651} INFO - DAG(s) dict_keys(['example_complex']) retrieved from /home/airflow/.local/lib/python3.7/site-packages/airflow/example_dags/example_complex.py
[2022-07-13 08:35:44,917] {logging_mixin.py:115} INFO - [2022-07-13 08:35:44,917] {dag.py:2420} INFO - Sync 1 DAGs
[2022-07-13 08:35:44,952] {logging_mixin.py:115} INFO - [2022-07-13 08:35:44,952] {dag.py:2972} INFO - Setting next_dagrun for example_complex to None, run_after=None
[2022-07-13 08:35:44,973] {processor.py:161} INFO - Processing /home/airflow/.local/lib/python3.7/site-packages/airflow/example_dags/example_complex.py took 0.145 seconds
[2022-07-13 08:36:15,662] {processor.py:153} INFO - Started process (PID=1676) to work on /home/airflow/.local/lib/python3.7/site-packages/airflow/example_dags/example_complex.py
[2022-07-13 08:36:15,664] {processor.py:641} INFO - Processing file /home/airflow/.local/lib/python3.7/site-packages/airflow/example_dags/example_complex.py for tasks to queue
[2022-07-13 08:36:15,666] {logging_mixin.py:115} INFO - [2022-07-13 08:36:15,666] {dagbag.py:508} INFO - Filling up the DagBag from /home/airflow/.local/lib/python3.7/site-packages/airflow/example_dags/example_complex.py
[2022-07-13 08:36:15,688] {processor.py:651} INFO - DAG(s) dict_keys(['example_complex']) retrieved from /home/airflow/.local/lib/python3.7/site-packages/airflow/example_dags/example_complex.py
[2022-07-13 08:36:15,752] {logging_mixin.py:115} INFO - [2022-07-13 08:36:15,752] {dag.py:2420} INFO - Sync 1 DAGs
[2022-07-13 08:36:15,796] {logging_mixin.py:115} INFO - [2022-07-13 08:36:15,796] {dag.py:2972} INFO - Setting next_dagrun for example_complex to None, run_after=None
[2022-07-13 08:36:15,824] {processor.py:161} INFO - Processing /home/airflow/.local/lib/python3.7/site-packages/airflow/example_dags/example_complex.py took 0.167 seconds
[2022-07-13 08:36:46,283] {processor.py:153} INFO - Started process (PID=1865) to work on /home/airflow/.local/lib/python3.7/site-packages/airflow/example_dags/example_complex.py
[2022-07-13 08:36:46,285] {processor.py:641} INFO - Processing file /home/airflow/.local/lib/python3.7/site-packages/airflow/example_dags/example_complex.py for tasks to queue
[2022-07-13 08:36:46,286] {logging_mixin.py:115} INFO - [2022-07-13 08:36:46,286] {dagbag.py:508} INFO - Filling up the DagBag from /home/airflow/.local/lib/python3.7/site-packages/airflow/example_dags/example_complex.py
[2022-07-13 08:36:46,314] {processor.py:651} INFO - DAG(s) dict_keys(['example_complex']) retrieved from /home/airflow/.local/lib/python3.7/site-packages/airflow/example_dags/example_complex.py
[2022-07-13 08:36:46,392] {logging_mixin.py:115} INFO - [2022-07-13 08:36:46,392] {dag.py:2420} INFO - Sync 1 DAGs
[2022-07-13 08:36:46,428] {logging_mixin.py:115} INFO - [2022-07-13 08:36:46,428] {dag.py:2972} INFO - Setting next_dagrun for example_complex to None, run_after=None
[2022-07-13 08:36:46,449] {processor.py:161} INFO - Processing /home/airflow/.local/lib/python3.7/site-packages/airflow/example_dags/example_complex.py took 0.171 seconds
[2022-07-13 08:37:17,076] {processor.py:153} INFO - Started process (PID=2062) to work on /home/airflow/.local/lib/python3.7/site-packages/airflow/example_dags/example_complex.py
[2022-07-13 08:37:17,078] {processor.py:641} INFO - Processing file /home/airflow/.local/lib/python3.7/site-packages/airflow/example_dags/example_complex.py for tasks to queue
[2022-07-13 08:37:17,081] {logging_mixin.py:115} INFO - [2022-07-13 08:37:17,081] {dagbag.py:508} INFO - Filling up the DagBag from /home/airflow/.local/lib/python3.7/site-packages/airflow/example_dags/example_complex.py
[2022-07-13 08:37:17,122] {processor.py:651} INFO - DAG(s) dict_keys(['example_complex']) retrieved from /home/airflow/.local/lib/python3.7/site-packages/airflow/example_dags/example_complex.py
[2022-07-13 08:37:17,197] {logging_mixin.py:115} INFO - [2022-07-13 08:37:17,197] {dag.py:2420} INFO - Sync 1 DAGs
[2022-07-13 08:37:17,243] {logging_mixin.py:115} INFO - [2022-07-13 08:37:17,243] {dag.py:2972} INFO - Setting next_dagrun for example_complex to None, run_after=None
[2022-07-13 08:37:17,268] {processor.py:161} INFO - Processing /home/airflow/.local/lib/python3.7/site-packages/airflow/example_dags/example_complex.py took 0.202 seconds
[2022-07-13 08:37:47,825] {processor.py:153} INFO - Started process (PID=2250) to work on /home/airflow/.local/lib/python3.7/site-packages/airflow/example_dags/example_complex.py
[2022-07-13 08:37:47,827] {processor.py:641} INFO - Processing file /home/airflow/.local/lib/python3.7/site-packages/airflow/example_dags/example_complex.py for tasks to queue
[2022-07-13 08:37:47,830] {logging_mixin.py:115} INFO - [2022-07-13 08:37:47,830] {dagbag.py:508} INFO - Filling up the DagBag from /home/airflow/.local/lib/python3.7/site-packages/airflow/example_dags/example_complex.py
[2022-07-13 08:37:47,856] {processor.py:651} INFO - DAG(s) dict_keys(['example_complex']) retrieved from /home/airflow/.local/lib/python3.7/site-packages/airflow/example_dags/example_complex.py
[2022-07-13 08:37:47,919] {logging_mixin.py:115} INFO - [2022-07-13 08:37:47,919] {dag.py:2420} INFO - Sync 1 DAGs
[2022-07-13 08:37:47,966] {logging_mixin.py:115} INFO - [2022-07-13 08:37:47,966] {dag.py:2972} INFO - Setting next_dagrun for example_complex to None, run_after=None
[2022-07-13 08:37:47,989] {processor.py:161} INFO - Processing /home/airflow/.local/lib/python3.7/site-packages/airflow/example_dags/example_complex.py took 0.177 seconds
[2022-07-13 08:38:18,762] {processor.py:153} INFO - Started process (PID=2448) to work on /home/airflow/.local/lib/python3.7/site-packages/airflow/example_dags/example_complex.py
[2022-07-13 08:38:18,763] {processor.py:641} INFO - Processing file /home/airflow/.local/lib/python3.7/site-packages/airflow/example_dags/example_complex.py for tasks to queue
[2022-07-13 08:38:18,766] {logging_mixin.py:115} INFO - [2022-07-13 08:38:18,766] {dagbag.py:508} INFO - Filling up the DagBag from /home/airflow/.local/lib/python3.7/site-packages/airflow/example_dags/example_complex.py
[2022-07-13 08:38:18,795] {processor.py:651} INFO - DAG(s) dict_keys(['example_complex']) retrieved from /home/airflow/.local/lib/python3.7/site-packages/airflow/example_dags/example_complex.py
[2022-07-13 08:38:18,858] {logging_mixin.py:115} INFO - [2022-07-13 08:38:18,857] {dag.py:2420} INFO - Sync 1 DAGs
[2022-07-13 08:38:18,906] {logging_mixin.py:115} INFO - [2022-07-13 08:38:18,906] {dag.py:2972} INFO - Setting next_dagrun for example_complex to None, run_after=None
[2022-07-13 08:38:18,929] {processor.py:161} INFO - Processing /home/airflow/.local/lib/python3.7/site-packages/airflow/example_dags/example_complex.py took 0.175 seconds
[2022-07-13 08:38:49,260] {processor.py:153} INFO - Started process (PID=2647) to work on /home/airflow/.local/lib/python3.7/site-packages/airflow/example_dags/example_complex.py
[2022-07-13 08:38:49,262] {processor.py:641} INFO - Processing file /home/airflow/.local/lib/python3.7/site-packages/airflow/example_dags/example_complex.py for tasks to queue
[2022-07-13 08:38:49,265] {logging_mixin.py:115} INFO - [2022-07-13 08:38:49,264] {dagbag.py:508} INFO - Filling up the DagBag from /home/airflow/.local/lib/python3.7/site-packages/airflow/example_dags/example_complex.py
[2022-07-13 08:38:49,291] {processor.py:651} INFO - DAG(s) dict_keys(['example_complex']) retrieved from /home/airflow/.local/lib/python3.7/site-packages/airflow/example_dags/example_complex.py
[2022-07-13 08:38:49,347] {logging_mixin.py:115} INFO - [2022-07-13 08:38:49,347] {dag.py:2420} INFO - Sync 1 DAGs
[2022-07-13 08:38:49,386] {logging_mixin.py:115} INFO - [2022-07-13 08:38:49,386] {dag.py:2972} INFO - Setting next_dagrun for example_complex to None, run_after=None
[2022-07-13 08:38:49,409] {processor.py:161} INFO - Processing /home/airflow/.local/lib/python3.7/site-packages/airflow/example_dags/example_complex.py took 0.155 seconds
[2022-07-13 08:39:20,157] {processor.py:153} INFO - Started process (PID=2834) to work on /home/airflow/.local/lib/python3.7/site-packages/airflow/example_dags/example_complex.py
[2022-07-13 08:39:20,159] {processor.py:641} INFO - Processing file /home/airflow/.local/lib/python3.7/site-packages/airflow/example_dags/example_complex.py for tasks to queue
[2022-07-13 08:39:20,162] {logging_mixin.py:115} INFO - [2022-07-13 08:39:20,161] {dagbag.py:508} INFO - Filling up the DagBag from /home/airflow/.local/lib/python3.7/site-packages/airflow/example_dags/example_complex.py
[2022-07-13 08:39:20,184] {processor.py:651} INFO - DAG(s) dict_keys(['example_complex']) retrieved from /home/airflow/.local/lib/python3.7/site-packages/airflow/example_dags/example_complex.py
[2022-07-13 08:39:20,238] {logging_mixin.py:115} INFO - [2022-07-13 08:39:20,238] {dag.py:2420} INFO - Sync 1 DAGs
[2022-07-13 08:39:20,279] {logging_mixin.py:115} INFO - [2022-07-13 08:39:20,279] {dag.py:2972} INFO - Setting next_dagrun for example_complex to None, run_after=None
[2022-07-13 08:39:20,298] {processor.py:161} INFO - Processing /home/airflow/.local/lib/python3.7/site-packages/airflow/example_dags/example_complex.py took 0.148 seconds
[2022-07-13 08:39:51,113] {processor.py:153} INFO - Started process (PID=3030) to work on /home/airflow/.local/lib/python3.7/site-packages/airflow/example_dags/example_complex.py
[2022-07-13 08:39:51,116] {processor.py:641} INFO - Processing file /home/airflow/.local/lib/python3.7/site-packages/airflow/example_dags/example_complex.py for tasks to queue
[2022-07-13 08:39:51,118] {logging_mixin.py:115} INFO - [2022-07-13 08:39:51,118] {dagbag.py:508} INFO - Filling up the DagBag from /home/airflow/.local/lib/python3.7/site-packages/airflow/example_dags/example_complex.py
[2022-07-13 08:39:51,142] {processor.py:651} INFO - DAG(s) dict_keys(['example_complex']) retrieved from /home/airflow/.local/lib/python3.7/site-packages/airflow/example_dags/example_complex.py
[2022-07-13 08:39:51,208] {logging_mixin.py:115} INFO - [2022-07-13 08:39:51,208] {dag.py:2420} INFO - Sync 1 DAGs
[2022-07-13 08:39:51,245] {logging_mixin.py:115} INFO - [2022-07-13 08:39:51,245] {dag.py:2972} INFO - Setting next_dagrun for example_complex to None, run_after=None
[2022-07-13 08:39:51,265] {processor.py:161} INFO - Processing /home/airflow/.local/lib/python3.7/site-packages/airflow/example_dags/example_complex.py took 0.162 seconds
[2022-07-13 08:40:22,001] {processor.py:153} INFO - Started process (PID=3219) to work on /home/airflow/.local/lib/python3.7/site-packages/airflow/example_dags/example_complex.py
[2022-07-13 08:40:22,002] {processor.py:641} INFO - Processing file /home/airflow/.local/lib/python3.7/site-packages/airflow/example_dags/example_complex.py for tasks to queue
[2022-07-13 08:40:22,004] {logging_mixin.py:115} INFO - [2022-07-13 08:40:22,004] {dagbag.py:508} INFO - Filling up the DagBag from /home/airflow/.local/lib/python3.7/site-packages/airflow/example_dags/example_complex.py
[2022-07-13 08:40:22,033] {processor.py:651} INFO - DAG(s) dict_keys(['example_complex']) retrieved from /home/airflow/.local/lib/python3.7/site-packages/airflow/example_dags/example_complex.py
[2022-07-13 08:40:22,106] {logging_mixin.py:115} INFO - [2022-07-13 08:40:22,106] {dag.py:2420} INFO - Sync 1 DAGs
[2022-07-13 08:40:22,155] {logging_mixin.py:115} INFO - [2022-07-13 08:40:22,155] {dag.py:2972} INFO - Setting next_dagrun for example_complex to None, run_after=None
[2022-07-13 08:40:22,187] {processor.py:161} INFO - Processing /home/airflow/.local/lib/python3.7/site-packages/airflow/example_dags/example_complex.py took 0.196 seconds
[2022-07-13 08:40:52,860] {processor.py:153} INFO - Started process (PID=3416) to work on /home/airflow/.local/lib/python3.7/site-packages/airflow/example_dags/example_complex.py
[2022-07-13 08:40:52,862] {processor.py:641} INFO - Processing file /home/airflow/.local/lib/python3.7/site-packages/airflow/example_dags/example_complex.py for tasks to queue
[2022-07-13 08:40:52,865] {logging_mixin.py:115} INFO - [2022-07-13 08:40:52,864] {dagbag.py:508} INFO - Filling up the DagBag from /home/airflow/.local/lib/python3.7/site-packages/airflow/example_dags/example_complex.py
[2022-07-13 08:40:52,888] {processor.py:651} INFO - DAG(s) dict_keys(['example_complex']) retrieved from /home/airflow/.local/lib/python3.7/site-packages/airflow/example_dags/example_complex.py
[2022-07-13 08:40:52,950] {logging_mixin.py:115} INFO - [2022-07-13 08:40:52,949] {dag.py:2420} INFO - Sync 1 DAGs
[2022-07-13 08:40:52,987] {logging_mixin.py:115} INFO - [2022-07-13 08:40:52,987] {dag.py:2972} INFO - Setting next_dagrun for example_complex to None, run_after=None
[2022-07-13 08:40:53,013] {processor.py:161} INFO - Processing /home/airflow/.local/lib/python3.7/site-packages/airflow/example_dags/example_complex.py took 0.161 seconds
[2022-07-13 08:41:23,633] {processor.py:153} INFO - Started process (PID=3605) to work on /home/airflow/.local/lib/python3.7/site-packages/airflow/example_dags/example_complex.py
[2022-07-13 08:41:23,635] {processor.py:641} INFO - Processing file /home/airflow/.local/lib/python3.7/site-packages/airflow/example_dags/example_complex.py for tasks to queue
[2022-07-13 08:41:23,637] {logging_mixin.py:115} INFO - [2022-07-13 08:41:23,637] {dagbag.py:508} INFO - Filling up the DagBag from /home/airflow/.local/lib/python3.7/site-packages/airflow/example_dags/example_complex.py
[2022-07-13 08:41:23,658] {processor.py:651} INFO - DAG(s) dict_keys(['example_complex']) retrieved from /home/airflow/.local/lib/python3.7/site-packages/airflow/example_dags/example_complex.py
[2022-07-13 08:41:23,723] {logging_mixin.py:115} INFO - [2022-07-13 08:41:23,723] {dag.py:2420} INFO - Sync 1 DAGs
[2022-07-13 08:41:23,764] {logging_mixin.py:115} INFO - [2022-07-13 08:41:23,764] {dag.py:2972} INFO - Setting next_dagrun for example_complex to None, run_after=None
[2022-07-13 08:41:23,787] {processor.py:161} INFO - Processing /home/airflow/.local/lib/python3.7/site-packages/airflow/example_dags/example_complex.py took 0.159 seconds
[2022-07-13 08:41:54,156] {processor.py:153} INFO - Started process (PID=3804) to work on /home/airflow/.local/lib/python3.7/site-packages/airflow/example_dags/example_complex.py
[2022-07-13 08:41:54,159] {processor.py:641} INFO - Processing file /home/airflow/.local/lib/python3.7/site-packages/airflow/example_dags/example_complex.py for tasks to queue
[2022-07-13 08:41:54,162] {logging_mixin.py:115} INFO - [2022-07-13 08:41:54,161] {dagbag.py:508} INFO - Filling up the DagBag from /home/airflow/.local/lib/python3.7/site-packages/airflow/example_dags/example_complex.py
[2022-07-13 08:41:54,192] {processor.py:651} INFO - DAG(s) dict_keys(['example_complex']) retrieved from /home/airflow/.local/lib/python3.7/site-packages/airflow/example_dags/example_complex.py
[2022-07-13 08:41:54,255] {logging_mixin.py:115} INFO - [2022-07-13 08:41:54,255] {dag.py:2420} INFO - Sync 1 DAGs
[2022-07-13 08:41:54,296] {logging_mixin.py:115} INFO - [2022-07-13 08:41:54,296] {dag.py:2972} INFO - Setting next_dagrun for example_complex to None, run_after=None
[2022-07-13 08:41:54,324] {processor.py:161} INFO - Processing /home/airflow/.local/lib/python3.7/site-packages/airflow/example_dags/example_complex.py took 0.176 seconds
[2022-07-13 08:42:25,017] {processor.py:153} INFO - Started process (PID=4003) to work on /home/airflow/.local/lib/python3.7/site-packages/airflow/example_dags/example_complex.py
[2022-07-13 08:42:25,020] {processor.py:641} INFO - Processing file /home/airflow/.local/lib/python3.7/site-packages/airflow/example_dags/example_complex.py for tasks to queue
[2022-07-13 08:42:25,023] {logging_mixin.py:115} INFO - [2022-07-13 08:42:25,023] {dagbag.py:508} INFO - Filling up the DagBag from /home/airflow/.local/lib/python3.7/site-packages/airflow/example_dags/example_complex.py
[2022-07-13 08:42:25,070] {processor.py:651} INFO - DAG(s) dict_keys(['example_complex']) retrieved from /home/airflow/.local/lib/python3.7/site-packages/airflow/example_dags/example_complex.py
[2022-07-13 08:42:25,131] {logging_mixin.py:115} INFO - [2022-07-13 08:42:25,131] {dag.py:2420} INFO - Sync 1 DAGs
[2022-07-13 08:42:25,173] {logging_mixin.py:115} INFO - [2022-07-13 08:42:25,173] {dag.py:2972} INFO - Setting next_dagrun for example_complex to None, run_after=None
[2022-07-13 08:42:25,195] {processor.py:161} INFO - Processing /home/airflow/.local/lib/python3.7/site-packages/airflow/example_dags/example_complex.py took 0.184 seconds
[2022-07-13 08:42:55,354] {processor.py:153} INFO - Started process (PID=4191) to work on /home/airflow/.local/lib/python3.7/site-packages/airflow/example_dags/example_complex.py
[2022-07-13 08:42:55,355] {processor.py:641} INFO - Processing file /home/airflow/.local/lib/python3.7/site-packages/airflow/example_dags/example_complex.py for tasks to queue
[2022-07-13 08:42:55,358] {logging_mixin.py:115} INFO - [2022-07-13 08:42:55,357] {dagbag.py:508} INFO - Filling up the DagBag from /home/airflow/.local/lib/python3.7/site-packages/airflow/example_dags/example_complex.py
[2022-07-13 08:42:55,383] {processor.py:651} INFO - DAG(s) dict_keys(['example_complex']) retrieved from /home/airflow/.local/lib/python3.7/site-packages/airflow/example_dags/example_complex.py
[2022-07-13 08:42:55,456] {logging_mixin.py:115} INFO - [2022-07-13 08:42:55,456] {dag.py:2420} INFO - Sync 1 DAGs
[2022-07-13 08:42:55,501] {logging_mixin.py:115} INFO - [2022-07-13 08:42:55,501] {dag.py:2972} INFO - Setting next_dagrun for example_complex to None, run_after=None
[2022-07-13 08:42:55,526] {processor.py:161} INFO - Processing /home/airflow/.local/lib/python3.7/site-packages/airflow/example_dags/example_complex.py took 0.179 seconds
[2022-07-13 08:43:25,664] {processor.py:153} INFO - Started process (PID=4390) to work on /home/airflow/.local/lib/python3.7/site-packages/airflow/example_dags/example_complex.py
[2022-07-13 08:43:25,667] {processor.py:641} INFO - Processing file /home/airflow/.local/lib/python3.7/site-packages/airflow/example_dags/example_complex.py for tasks to queue
[2022-07-13 08:43:25,670] {logging_mixin.py:115} INFO - [2022-07-13 08:43:25,670] {dagbag.py:508} INFO - Filling up the DagBag from /home/airflow/.local/lib/python3.7/site-packages/airflow/example_dags/example_complex.py
[2022-07-13 08:43:25,708] {processor.py:651} INFO - DAG(s) dict_keys(['example_complex']) retrieved from /home/airflow/.local/lib/python3.7/site-packages/airflow/example_dags/example_complex.py
[2022-07-13 08:43:25,763] {logging_mixin.py:115} INFO - [2022-07-13 08:43:25,763] {dag.py:2420} INFO - Sync 1 DAGs
[2022-07-13 08:43:25,818] {logging_mixin.py:115} INFO - [2022-07-13 08:43:25,818] {dag.py:2972} INFO - Setting next_dagrun for example_complex to None, run_after=None
[2022-07-13 08:43:25,844] {processor.py:161} INFO - Processing /home/airflow/.local/lib/python3.7/site-packages/airflow/example_dags/example_complex.py took 0.190 seconds
[2022-07-13 08:43:56,786] {processor.py:153} INFO - Started process (PID=4579) to work on /home/airflow/.local/lib/python3.7/site-packages/airflow/example_dags/example_complex.py
[2022-07-13 08:43:56,788] {processor.py:641} INFO - Processing file /home/airflow/.local/lib/python3.7/site-packages/airflow/example_dags/example_complex.py for tasks to queue
[2022-07-13 08:43:56,791] {logging_mixin.py:115} INFO - [2022-07-13 08:43:56,790] {dagbag.py:508} INFO - Filling up the DagBag from /home/airflow/.local/lib/python3.7/site-packages/airflow/example_dags/example_complex.py
[2022-07-13 08:43:56,816] {processor.py:651} INFO - DAG(s) dict_keys(['example_complex']) retrieved from /home/airflow/.local/lib/python3.7/site-packages/airflow/example_dags/example_complex.py
[2022-07-13 08:43:56,873] {logging_mixin.py:115} INFO - [2022-07-13 08:43:56,873] {dag.py:2420} INFO - Sync 1 DAGs
[2022-07-13 08:43:56,916] {logging_mixin.py:115} INFO - [2022-07-13 08:43:56,916] {dag.py:2972} INFO - Setting next_dagrun for example_complex to None, run_after=None
[2022-07-13 08:43:56,939] {processor.py:161} INFO - Processing /home/airflow/.local/lib/python3.7/site-packages/airflow/example_dags/example_complex.py took 0.158 seconds
[2022-07-13 08:44:27,080] {processor.py:153} INFO - Started process (PID=4777) to work on /home/airflow/.local/lib/python3.7/site-packages/airflow/example_dags/example_complex.py
[2022-07-13 08:44:27,083] {processor.py:641} INFO - Processing file /home/airflow/.local/lib/python3.7/site-packages/airflow/example_dags/example_complex.py for tasks to queue
[2022-07-13 08:44:27,086] {logging_mixin.py:115} INFO - [2022-07-13 08:44:27,086] {dagbag.py:508} INFO - Filling up the DagBag from /home/airflow/.local/lib/python3.7/site-packages/airflow/example_dags/example_complex.py
[2022-07-13 08:44:27,117] {processor.py:651} INFO - DAG(s) dict_keys(['example_complex']) retrieved from /home/airflow/.local/lib/python3.7/site-packages/airflow/example_dags/example_complex.py
[2022-07-13 08:44:27,180] {logging_mixin.py:115} INFO - [2022-07-13 08:44:27,179] {dag.py:2420} INFO - Sync 1 DAGs
[2022-07-13 08:44:27,233] {logging_mixin.py:115} INFO - [2022-07-13 08:44:27,233] {dag.py:2972} INFO - Setting next_dagrun for example_complex to None, run_after=None
[2022-07-13 08:44:27,262] {processor.py:161} INFO - Processing /home/airflow/.local/lib/python3.7/site-packages/airflow/example_dags/example_complex.py took 0.187 seconds
[2022-07-13 08:44:57,363] {processor.py:153} INFO - Started process (PID=4965) to work on /home/airflow/.local/lib/python3.7/site-packages/airflow/example_dags/example_complex.py
[2022-07-13 08:44:57,365] {processor.py:641} INFO - Processing file /home/airflow/.local/lib/python3.7/site-packages/airflow/example_dags/example_complex.py for tasks to queue
[2022-07-13 08:44:57,367] {logging_mixin.py:115} INFO - [2022-07-13 08:44:57,367] {dagbag.py:508} INFO - Filling up the DagBag from /home/airflow/.local/lib/python3.7/site-packages/airflow/example_dags/example_complex.py
[2022-07-13 08:44:57,391] {processor.py:651} INFO - DAG(s) dict_keys(['example_complex']) retrieved from /home/airflow/.local/lib/python3.7/site-packages/airflow/example_dags/example_complex.py
[2022-07-13 08:44:57,454] {logging_mixin.py:115} INFO - [2022-07-13 08:44:57,454] {dag.py:2420} INFO - Sync 1 DAGs
[2022-07-13 08:44:57,490] {logging_mixin.py:115} INFO - [2022-07-13 08:44:57,490] {dag.py:2972} INFO - Setting next_dagrun for example_complex to None, run_after=None
[2022-07-13 08:44:57,515] {processor.py:161} INFO - Processing /home/airflow/.local/lib/python3.7/site-packages/airflow/example_dags/example_complex.py took 0.158 seconds
[2022-07-13 08:45:27,664] {processor.py:153} INFO - Started process (PID=5163) to work on /home/airflow/.local/lib/python3.7/site-packages/airflow/example_dags/example_complex.py
[2022-07-13 08:45:27,666] {processor.py:641} INFO - Processing file /home/airflow/.local/lib/python3.7/site-packages/airflow/example_dags/example_complex.py for tasks to queue
[2022-07-13 08:45:27,668] {logging_mixin.py:115} INFO - [2022-07-13 08:45:27,668] {dagbag.py:508} INFO - Filling up the DagBag from /home/airflow/.local/lib/python3.7/site-packages/airflow/example_dags/example_complex.py
[2022-07-13 08:45:27,694] {processor.py:651} INFO - DAG(s) dict_keys(['example_complex']) retrieved from /home/airflow/.local/lib/python3.7/site-packages/airflow/example_dags/example_complex.py
[2022-07-13 08:45:27,769] {logging_mixin.py:115} INFO - [2022-07-13 08:45:27,769] {dag.py:2420} INFO - Sync 1 DAGs
[2022-07-13 08:45:27,820] {logging_mixin.py:115} INFO - [2022-07-13 08:45:27,820] {dag.py:2972} INFO - Setting next_dagrun for example_complex to None, run_after=None
[2022-07-13 08:45:27,846] {processor.py:161} INFO - Processing /home/airflow/.local/lib/python3.7/site-packages/airflow/example_dags/example_complex.py took 0.188 seconds
[2022-07-13 08:45:58,859] {processor.py:153} INFO - Started process (PID=5352) to work on /home/airflow/.local/lib/python3.7/site-packages/airflow/example_dags/example_complex.py
[2022-07-13 08:45:58,862] {processor.py:641} INFO - Processing file /home/airflow/.local/lib/python3.7/site-packages/airflow/example_dags/example_complex.py for tasks to queue
[2022-07-13 08:45:58,864] {logging_mixin.py:115} INFO - [2022-07-13 08:45:58,864] {dagbag.py:508} INFO - Filling up the DagBag from /home/airflow/.local/lib/python3.7/site-packages/airflow/example_dags/example_complex.py
[2022-07-13 08:45:58,907] {processor.py:651} INFO - DAG(s) dict_keys(['example_complex']) retrieved from /home/airflow/.local/lib/python3.7/site-packages/airflow/example_dags/example_complex.py
[2022-07-13 08:45:58,974] {logging_mixin.py:115} INFO - [2022-07-13 08:45:58,974] {dag.py:2420} INFO - Sync 1 DAGs
[2022-07-13 08:45:59,017] {logging_mixin.py:115} INFO - [2022-07-13 08:45:59,017] {dag.py:2972} INFO - Setting next_dagrun for example_complex to None, run_after=None
[2022-07-13 08:45:59,042] {processor.py:161} INFO - Processing /home/airflow/.local/lib/python3.7/site-packages/airflow/example_dags/example_complex.py took 0.191 seconds
[2022-07-13 08:46:29,967] {processor.py:153} INFO - Started process (PID=5550) to work on /home/airflow/.local/lib/python3.7/site-packages/airflow/example_dags/example_complex.py
[2022-07-13 08:46:29,984] {processor.py:641} INFO - Processing file /home/airflow/.local/lib/python3.7/site-packages/airflow/example_dags/example_complex.py for tasks to queue
[2022-07-13 08:46:29,986] {logging_mixin.py:115} INFO - [2022-07-13 08:46:29,986] {dagbag.py:508} INFO - Filling up the DagBag from /home/airflow/.local/lib/python3.7/site-packages/airflow/example_dags/example_complex.py
[2022-07-13 08:46:30,017] {processor.py:651} INFO - DAG(s) dict_keys(['example_complex']) retrieved from /home/airflow/.local/lib/python3.7/site-packages/airflow/example_dags/example_complex.py
[2022-07-13 08:46:30,078] {logging_mixin.py:115} INFO - [2022-07-13 08:46:30,078] {dag.py:2420} INFO - Sync 1 DAGs
[2022-07-13 08:46:30,117] {logging_mixin.py:115} INFO - [2022-07-13 08:46:30,116] {dag.py:2972} INFO - Setting next_dagrun for example_complex to None, run_after=None
[2022-07-13 08:46:30,137] {processor.py:161} INFO - Processing /home/airflow/.local/lib/python3.7/site-packages/airflow/example_dags/example_complex.py took 0.177 seconds
[2022-07-13 08:47:00,468] {processor.py:153} INFO - Started process (PID=5733) to work on /home/airflow/.local/lib/python3.7/site-packages/airflow/example_dags/example_complex.py
[2022-07-13 08:47:00,475] {processor.py:641} INFO - Processing file /home/airflow/.local/lib/python3.7/site-packages/airflow/example_dags/example_complex.py for tasks to queue
[2022-07-13 08:47:00,478] {logging_mixin.py:115} INFO - [2022-07-13 08:47:00,478] {dagbag.py:508} INFO - Filling up the DagBag from /home/airflow/.local/lib/python3.7/site-packages/airflow/example_dags/example_complex.py
[2022-07-13 08:47:00,537] {processor.py:651} INFO - DAG(s) dict_keys(['example_complex']) retrieved from /home/airflow/.local/lib/python3.7/site-packages/airflow/example_dags/example_complex.py
[2022-07-13 08:47:00,610] {logging_mixin.py:115} INFO - [2022-07-13 08:47:00,610] {dag.py:2420} INFO - Sync 1 DAGs
[2022-07-13 08:47:00,651] {logging_mixin.py:115} INFO - [2022-07-13 08:47:00,651] {dag.py:2972} INFO - Setting next_dagrun for example_complex to None, run_after=None
[2022-07-13 08:47:00,673] {processor.py:161} INFO - Processing /home/airflow/.local/lib/python3.7/site-packages/airflow/example_dags/example_complex.py took 0.217 seconds
