[2022-07-13 08:30:12,984] {processor.py:153} INFO - Started process (PID=217) to work on /home/airflow/.local/lib/python3.7/site-packages/airflow/example_dags/example_branch_datetime_operator.py
[2022-07-13 08:30:12,987] {processor.py:641} INFO - Processing file /home/airflow/.local/lib/python3.7/site-packages/airflow/example_dags/example_branch_datetime_operator.py for tasks to queue
[2022-07-13 08:30:12,989] {logging_mixin.py:115} INFO - [2022-07-13 08:30:12,989] {dagbag.py:508} INFO - Filling up the DagBag from /home/airflow/.local/lib/python3.7/site-packages/airflow/example_dags/example_branch_datetime_operator.py
[2022-07-13 08:30:13,015] {processor.py:651} INFO - DAG(s) dict_keys(['example_branch_datetime_operator', 'example_branch_datetime_operator_2']) retrieved from /home/airflow/.local/lib/python3.7/site-packages/airflow/example_dags/example_branch_datetime_operator.py
[2022-07-13 08:30:13,171] {logging_mixin.py:115} INFO - [2022-07-13 08:30:13,170] {manager.py:508} INFO - Created Permission View: can edit on DAG:example_branch_datetime_operator
[2022-07-13 08:30:13,186] {logging_mixin.py:115} INFO - [2022-07-13 08:30:13,186] {manager.py:508} INFO - Created Permission View: can read on DAG:example_branch_datetime_operator
[2022-07-13 08:30:13,202] {logging_mixin.py:115} INFO - [2022-07-13 08:30:13,201] {manager.py:508} INFO - Created Permission View: can delete on DAG:example_branch_datetime_operator
[2022-07-13 08:30:13,231] {logging_mixin.py:115} INFO - [2022-07-13 08:30:13,231] {manager.py:508} INFO - Created Permission View: can edit on DAG:example_branch_datetime_operator_2
[2022-07-13 08:30:13,246] {logging_mixin.py:115} INFO - [2022-07-13 08:30:13,246] {manager.py:508} INFO - Created Permission View: can read on DAG:example_branch_datetime_operator_2
[2022-07-13 08:30:13,265] {logging_mixin.py:115} INFO - [2022-07-13 08:30:13,264] {manager.py:508} INFO - Created Permission View: can delete on DAG:example_branch_datetime_operator_2
[2022-07-13 08:30:13,266] {logging_mixin.py:115} INFO - [2022-07-13 08:30:13,266] {dag.py:2420} INFO - Sync 2 DAGs
[2022-07-13 08:30:13,280] {logging_mixin.py:115} INFO - [2022-07-13 08:30:13,280] {dag.py:2439} INFO - Creating ORM DAG for example_branch_datetime_operator_2
[2022-07-13 08:30:13,282] {logging_mixin.py:115} INFO - [2022-07-13 08:30:13,282] {dag.py:2439} INFO - Creating ORM DAG for example_branch_datetime_operator
[2022-07-13 08:30:13,307] {logging_mixin.py:115} INFO - [2022-07-13 08:30:13,307] {dag.py:2972} INFO - Setting next_dagrun for example_branch_datetime_operator to 2022-07-12T00:00:00+00:00, run_after=2022-07-13T00:00:00+00:00
[2022-07-13 08:30:13,313] {logging_mixin.py:115} INFO - [2022-07-13 08:30:13,313] {dag.py:2972} INFO - Setting next_dagrun for example_branch_datetime_operator_2 to 2022-07-12T00:00:00+00:00, run_after=2022-07-13T00:00:00+00:00
[2022-07-13 08:30:13,344] {processor.py:161} INFO - Processing /home/airflow/.local/lib/python3.7/site-packages/airflow/example_dags/example_branch_datetime_operator.py took 0.368 seconds
[2022-07-13 08:30:43,456] {processor.py:153} INFO - Started process (PID=408) to work on /home/airflow/.local/lib/python3.7/site-packages/airflow/example_dags/example_branch_datetime_operator.py
[2022-07-13 08:30:43,458] {processor.py:641} INFO - Processing file /home/airflow/.local/lib/python3.7/site-packages/airflow/example_dags/example_branch_datetime_operator.py for tasks to queue
[2022-07-13 08:30:43,460] {logging_mixin.py:115} INFO - [2022-07-13 08:30:43,460] {dagbag.py:508} INFO - Filling up the DagBag from /home/airflow/.local/lib/python3.7/site-packages/airflow/example_dags/example_branch_datetime_operator.py
[2022-07-13 08:30:43,476] {processor.py:651} INFO - DAG(s) dict_keys(['example_branch_datetime_operator', 'example_branch_datetime_operator_2']) retrieved from /home/airflow/.local/lib/python3.7/site-packages/airflow/example_dags/example_branch_datetime_operator.py
[2022-07-13 08:30:43,538] {logging_mixin.py:115} INFO - [2022-07-13 08:30:43,538] {dag.py:2420} INFO - Sync 2 DAGs
[2022-07-13 08:30:43,570] {logging_mixin.py:115} INFO - [2022-07-13 08:30:43,570] {dag.py:2972} INFO - Setting next_dagrun for example_branch_datetime_operator to 2022-07-12T00:00:00+00:00, run_after=2022-07-13T00:00:00+00:00
[2022-07-13 08:30:43,574] {logging_mixin.py:115} INFO - [2022-07-13 08:30:43,574] {dag.py:2972} INFO - Setting next_dagrun for example_branch_datetime_operator_2 to 2022-07-12T00:00:00+00:00, run_after=2022-07-13T00:00:00+00:00
[2022-07-13 08:30:43,594] {processor.py:161} INFO - Processing /home/airflow/.local/lib/python3.7/site-packages/airflow/example_dags/example_branch_datetime_operator.py took 0.143 seconds
[2022-07-13 08:31:13,654] {processor.py:153} INFO - Started process (PID=606) to work on /home/airflow/.local/lib/python3.7/site-packages/airflow/example_dags/example_branch_datetime_operator.py
[2022-07-13 08:31:13,655] {processor.py:641} INFO - Processing file /home/airflow/.local/lib/python3.7/site-packages/airflow/example_dags/example_branch_datetime_operator.py for tasks to queue
[2022-07-13 08:31:13,657] {logging_mixin.py:115} INFO - [2022-07-13 08:31:13,657] {dagbag.py:508} INFO - Filling up the DagBag from /home/airflow/.local/lib/python3.7/site-packages/airflow/example_dags/example_branch_datetime_operator.py
[2022-07-13 08:31:13,671] {processor.py:651} INFO - DAG(s) dict_keys(['example_branch_datetime_operator', 'example_branch_datetime_operator_2']) retrieved from /home/airflow/.local/lib/python3.7/site-packages/airflow/example_dags/example_branch_datetime_operator.py
[2022-07-13 08:31:13,713] {logging_mixin.py:115} INFO - [2022-07-13 08:31:13,713] {dag.py:2420} INFO - Sync 2 DAGs
[2022-07-13 08:31:13,749] {logging_mixin.py:115} INFO - [2022-07-13 08:31:13,749] {dag.py:2972} INFO - Setting next_dagrun for example_branch_datetime_operator to 2022-07-12T00:00:00+00:00, run_after=2022-07-13T00:00:00+00:00
[2022-07-13 08:31:13,752] {logging_mixin.py:115} INFO - [2022-07-13 08:31:13,752] {dag.py:2972} INFO - Setting next_dagrun for example_branch_datetime_operator_2 to 2022-07-12T00:00:00+00:00, run_after=2022-07-13T00:00:00+00:00
[2022-07-13 08:31:13,774] {processor.py:161} INFO - Processing /home/airflow/.local/lib/python3.7/site-packages/airflow/example_dags/example_branch_datetime_operator.py took 0.124 seconds
[2022-07-13 08:31:44,031] {processor.py:153} INFO - Started process (PID=801) to work on /home/airflow/.local/lib/python3.7/site-packages/airflow/example_dags/example_branch_datetime_operator.py
[2022-07-13 08:31:44,033] {processor.py:641} INFO - Processing file /home/airflow/.local/lib/python3.7/site-packages/airflow/example_dags/example_branch_datetime_operator.py for tasks to queue
[2022-07-13 08:31:44,034] {logging_mixin.py:115} INFO - [2022-07-13 08:31:44,034] {dagbag.py:508} INFO - Filling up the DagBag from /home/airflow/.local/lib/python3.7/site-packages/airflow/example_dags/example_branch_datetime_operator.py
[2022-07-13 08:31:44,049] {processor.py:651} INFO - DAG(s) dict_keys(['example_branch_datetime_operator', 'example_branch_datetime_operator_2']) retrieved from /home/airflow/.local/lib/python3.7/site-packages/airflow/example_dags/example_branch_datetime_operator.py
[2022-07-13 08:31:44,136] {logging_mixin.py:115} INFO - [2022-07-13 08:31:44,135] {dag.py:2420} INFO - Sync 2 DAGs
[2022-07-13 08:31:44,177] {logging_mixin.py:115} INFO - [2022-07-13 08:31:44,177] {dag.py:2972} INFO - Setting next_dagrun for example_branch_datetime_operator to 2022-07-12T00:00:00+00:00, run_after=2022-07-13T00:00:00+00:00
[2022-07-13 08:31:44,181] {logging_mixin.py:115} INFO - [2022-07-13 08:31:44,181] {dag.py:2972} INFO - Setting next_dagrun for example_branch_datetime_operator_2 to 2022-07-12T00:00:00+00:00, run_after=2022-07-13T00:00:00+00:00
[2022-07-13 08:31:44,206] {processor.py:161} INFO - Processing /home/airflow/.local/lib/python3.7/site-packages/airflow/example_dags/example_branch_datetime_operator.py took 0.181 seconds
[2022-07-13 08:32:35,976] {processor.py:153} INFO - Started process (PID=210) to work on /home/airflow/.local/lib/python3.7/site-packages/airflow/example_dags/example_branch_datetime_operator.py
[2022-07-13 08:32:35,979] {processor.py:641} INFO - Processing file /home/airflow/.local/lib/python3.7/site-packages/airflow/example_dags/example_branch_datetime_operator.py for tasks to queue
[2022-07-13 08:32:35,981] {logging_mixin.py:115} INFO - [2022-07-13 08:32:35,981] {dagbag.py:508} INFO - Filling up the DagBag from /home/airflow/.local/lib/python3.7/site-packages/airflow/example_dags/example_branch_datetime_operator.py
[2022-07-13 08:32:35,996] {processor.py:651} INFO - DAG(s) dict_keys(['example_branch_datetime_operator', 'example_branch_datetime_operator_2']) retrieved from /home/airflow/.local/lib/python3.7/site-packages/airflow/example_dags/example_branch_datetime_operator.py
[2022-07-13 08:32:36,048] {logging_mixin.py:115} INFO - [2022-07-13 08:32:36,048] {dag.py:2420} INFO - Sync 2 DAGs
[2022-07-13 08:32:36,108] {logging_mixin.py:115} INFO - [2022-07-13 08:32:36,108] {dag.py:2972} INFO - Setting next_dagrun for example_branch_datetime_operator to 2022-07-12T00:00:00+00:00, run_after=2022-07-13T00:00:00+00:00
[2022-07-13 08:32:36,113] {logging_mixin.py:115} INFO - [2022-07-13 08:32:36,113] {dag.py:2972} INFO - Setting next_dagrun for example_branch_datetime_operator_2 to 2022-07-12T00:00:00+00:00, run_after=2022-07-13T00:00:00+00:00
[2022-07-13 08:32:36,135] {processor.py:161} INFO - Processing /home/airflow/.local/lib/python3.7/site-packages/airflow/example_dags/example_branch_datetime_operator.py took 0.164 seconds
[2022-07-13 08:33:07,048] {processor.py:153} INFO - Started process (PID=408) to work on /home/airflow/.local/lib/python3.7/site-packages/airflow/example_dags/example_branch_datetime_operator.py
[2022-07-13 08:33:07,050] {processor.py:641} INFO - Processing file /home/airflow/.local/lib/python3.7/site-packages/airflow/example_dags/example_branch_datetime_operator.py for tasks to queue
[2022-07-13 08:33:07,052] {logging_mixin.py:115} INFO - [2022-07-13 08:33:07,052] {dagbag.py:508} INFO - Filling up the DagBag from /home/airflow/.local/lib/python3.7/site-packages/airflow/example_dags/example_branch_datetime_operator.py
[2022-07-13 08:33:07,068] {processor.py:651} INFO - DAG(s) dict_keys(['example_branch_datetime_operator', 'example_branch_datetime_operator_2']) retrieved from /home/airflow/.local/lib/python3.7/site-packages/airflow/example_dags/example_branch_datetime_operator.py
[2022-07-13 08:33:07,120] {logging_mixin.py:115} INFO - [2022-07-13 08:33:07,120] {dag.py:2420} INFO - Sync 2 DAGs
[2022-07-13 08:33:07,154] {logging_mixin.py:115} INFO - [2022-07-13 08:33:07,153] {dag.py:2972} INFO - Setting next_dagrun for example_branch_datetime_operator to 2022-07-12T00:00:00+00:00, run_after=2022-07-13T00:00:00+00:00
[2022-07-13 08:33:07,157] {logging_mixin.py:115} INFO - [2022-07-13 08:33:07,157] {dag.py:2972} INFO - Setting next_dagrun for example_branch_datetime_operator_2 to 2022-07-12T00:00:00+00:00, run_after=2022-07-13T00:00:00+00:00
[2022-07-13 08:33:07,176] {processor.py:161} INFO - Processing /home/airflow/.local/lib/python3.7/site-packages/airflow/example_dags/example_branch_datetime_operator.py took 0.135 seconds
[2022-07-13 08:33:38,525] {processor.py:153} INFO - Started process (PID=605) to work on /home/airflow/.local/lib/python3.7/site-packages/airflow/example_dags/example_branch_datetime_operator.py
[2022-07-13 08:33:38,528] {processor.py:641} INFO - Processing file /home/airflow/.local/lib/python3.7/site-packages/airflow/example_dags/example_branch_datetime_operator.py for tasks to queue
[2022-07-13 08:33:38,532] {logging_mixin.py:115} INFO - [2022-07-13 08:33:38,531] {dagbag.py:508} INFO - Filling up the DagBag from /home/airflow/.local/lib/python3.7/site-packages/airflow/example_dags/example_branch_datetime_operator.py
[2022-07-13 08:33:38,570] {processor.py:651} INFO - DAG(s) dict_keys(['example_branch_datetime_operator', 'example_branch_datetime_operator_2']) retrieved from /home/airflow/.local/lib/python3.7/site-packages/airflow/example_dags/example_branch_datetime_operator.py
[2022-07-13 08:33:38,634] {logging_mixin.py:115} INFO - [2022-07-13 08:33:38,633] {dag.py:2420} INFO - Sync 2 DAGs
[2022-07-13 08:33:38,698] {logging_mixin.py:115} INFO - [2022-07-13 08:33:38,698] {dag.py:2972} INFO - Setting next_dagrun for example_branch_datetime_operator to 2022-07-12T00:00:00+00:00, run_after=2022-07-13T00:00:00+00:00
[2022-07-13 08:33:38,704] {logging_mixin.py:115} INFO - [2022-07-13 08:33:38,704] {dag.py:2972} INFO - Setting next_dagrun for example_branch_datetime_operator_2 to 2022-07-12T00:00:00+00:00, run_after=2022-07-13T00:00:00+00:00
[2022-07-13 08:33:38,730] {processor.py:161} INFO - Processing /home/airflow/.local/lib/python3.7/site-packages/airflow/example_dags/example_branch_datetime_operator.py took 0.227 seconds
[2022-07-13 08:34:09,178] {processor.py:153} INFO - Started process (PID=795) to work on /home/airflow/.local/lib/python3.7/site-packages/airflow/example_dags/example_branch_datetime_operator.py
[2022-07-13 08:34:09,181] {processor.py:641} INFO - Processing file /home/airflow/.local/lib/python3.7/site-packages/airflow/example_dags/example_branch_datetime_operator.py for tasks to queue
[2022-07-13 08:34:09,183] {logging_mixin.py:115} INFO - [2022-07-13 08:34:09,183] {dagbag.py:508} INFO - Filling up the DagBag from /home/airflow/.local/lib/python3.7/site-packages/airflow/example_dags/example_branch_datetime_operator.py
[2022-07-13 08:34:09,205] {processor.py:651} INFO - DAG(s) dict_keys(['example_branch_datetime_operator', 'example_branch_datetime_operator_2']) retrieved from /home/airflow/.local/lib/python3.7/site-packages/airflow/example_dags/example_branch_datetime_operator.py
[2022-07-13 08:34:09,277] {logging_mixin.py:115} INFO - [2022-07-13 08:34:09,276] {dag.py:2420} INFO - Sync 2 DAGs
[2022-07-13 08:34:09,315] {logging_mixin.py:115} INFO - [2022-07-13 08:34:09,315] {dag.py:2972} INFO - Setting next_dagrun for example_branch_datetime_operator to 2022-07-12T00:00:00+00:00, run_after=2022-07-13T00:00:00+00:00
[2022-07-13 08:34:09,319] {logging_mixin.py:115} INFO - [2022-07-13 08:34:09,318] {dag.py:2972} INFO - Setting next_dagrun for example_branch_datetime_operator_2 to 2022-07-12T00:00:00+00:00, run_after=2022-07-13T00:00:00+00:00
[2022-07-13 08:34:09,340] {processor.py:161} INFO - Processing /home/airflow/.local/lib/python3.7/site-packages/airflow/example_dags/example_branch_datetime_operator.py took 0.168 seconds
[2022-07-13 08:34:39,699] {processor.py:153} INFO - Started process (PID=981) to work on /home/airflow/.local/lib/python3.7/site-packages/airflow/example_dags/example_branch_datetime_operator.py
[2022-07-13 08:34:39,701] {processor.py:641} INFO - Processing file /home/airflow/.local/lib/python3.7/site-packages/airflow/example_dags/example_branch_datetime_operator.py for tasks to queue
[2022-07-13 08:34:39,705] {logging_mixin.py:115} INFO - [2022-07-13 08:34:39,705] {dagbag.py:508} INFO - Filling up the DagBag from /home/airflow/.local/lib/python3.7/site-packages/airflow/example_dags/example_branch_datetime_operator.py
[2022-07-13 08:34:39,732] {processor.py:651} INFO - DAG(s) dict_keys(['example_branch_datetime_operator', 'example_branch_datetime_operator_2']) retrieved from /home/airflow/.local/lib/python3.7/site-packages/airflow/example_dags/example_branch_datetime_operator.py
[2022-07-13 08:34:39,784] {logging_mixin.py:115} INFO - [2022-07-13 08:34:39,784] {dag.py:2420} INFO - Sync 2 DAGs
[2022-07-13 08:34:39,841] {logging_mixin.py:115} INFO - [2022-07-13 08:34:39,840] {dag.py:2972} INFO - Setting next_dagrun for example_branch_datetime_operator to 2022-07-12T00:00:00+00:00, run_after=2022-07-13T00:00:00+00:00
[2022-07-13 08:34:39,864] {logging_mixin.py:115} INFO - [2022-07-13 08:34:39,863] {dag.py:2972} INFO - Setting next_dagrun for example_branch_datetime_operator_2 to 2022-07-12T00:00:00+00:00, run_after=2022-07-13T00:00:00+00:00
[2022-07-13 08:34:39,889] {processor.py:161} INFO - Processing /home/airflow/.local/lib/python3.7/site-packages/airflow/example_dags/example_branch_datetime_operator.py took 0.200 seconds
[2022-07-13 08:35:11,113] {processor.py:153} INFO - Started process (PID=1214) to work on /home/airflow/.local/lib/python3.7/site-packages/airflow/example_dags/example_branch_datetime_operator.py
[2022-07-13 08:35:11,118] {processor.py:641} INFO - Processing file /home/airflow/.local/lib/python3.7/site-packages/airflow/example_dags/example_branch_datetime_operator.py for tasks to queue
[2022-07-13 08:35:11,121] {logging_mixin.py:115} INFO - [2022-07-13 08:35:11,121] {dagbag.py:508} INFO - Filling up the DagBag from /home/airflow/.local/lib/python3.7/site-packages/airflow/example_dags/example_branch_datetime_operator.py
[2022-07-13 08:35:11,153] {processor.py:651} INFO - DAG(s) dict_keys(['example_branch_datetime_operator', 'example_branch_datetime_operator_2']) retrieved from /home/airflow/.local/lib/python3.7/site-packages/airflow/example_dags/example_branch_datetime_operator.py
[2022-07-13 08:35:11,214] {logging_mixin.py:115} INFO - [2022-07-13 08:35:11,213] {dag.py:2420} INFO - Sync 2 DAGs
[2022-07-13 08:35:11,266] {logging_mixin.py:115} INFO - [2022-07-13 08:35:11,266] {dag.py:2972} INFO - Setting next_dagrun for example_branch_datetime_operator to 2022-07-12T00:00:00+00:00, run_after=2022-07-13T00:00:00+00:00
[2022-07-13 08:35:11,271] {logging_mixin.py:115} INFO - [2022-07-13 08:35:11,271] {dag.py:2972} INFO - Setting next_dagrun for example_branch_datetime_operator_2 to 2022-07-12T00:00:00+00:00, run_after=2022-07-13T00:00:00+00:00
[2022-07-13 08:35:11,314] {processor.py:161} INFO - Processing /home/airflow/.local/lib/python3.7/site-packages/airflow/example_dags/example_branch_datetime_operator.py took 0.218 seconds
[2022-07-13 08:35:41,857] {processor.py:153} INFO - Started process (PID=1403) to work on /home/airflow/.local/lib/python3.7/site-packages/airflow/example_dags/example_branch_datetime_operator.py
[2022-07-13 08:35:41,859] {processor.py:641} INFO - Processing file /home/airflow/.local/lib/python3.7/site-packages/airflow/example_dags/example_branch_datetime_operator.py for tasks to queue
[2022-07-13 08:35:41,862] {logging_mixin.py:115} INFO - [2022-07-13 08:35:41,862] {dagbag.py:508} INFO - Filling up the DagBag from /home/airflow/.local/lib/python3.7/site-packages/airflow/example_dags/example_branch_datetime_operator.py
[2022-07-13 08:35:41,883] {processor.py:651} INFO - DAG(s) dict_keys(['example_branch_datetime_operator', 'example_branch_datetime_operator_2']) retrieved from /home/airflow/.local/lib/python3.7/site-packages/airflow/example_dags/example_branch_datetime_operator.py
[2022-07-13 08:35:41,947] {logging_mixin.py:115} INFO - [2022-07-13 08:35:41,947] {dag.py:2420} INFO - Sync 2 DAGs
[2022-07-13 08:35:41,986] {logging_mixin.py:115} INFO - [2022-07-13 08:35:41,986] {dag.py:2972} INFO - Setting next_dagrun for example_branch_datetime_operator to 2022-07-12T00:00:00+00:00, run_after=2022-07-13T00:00:00+00:00
[2022-07-13 08:35:41,990] {logging_mixin.py:115} INFO - [2022-07-13 08:35:41,989] {dag.py:2972} INFO - Setting next_dagrun for example_branch_datetime_operator_2 to 2022-07-12T00:00:00+00:00, run_after=2022-07-13T00:00:00+00:00
[2022-07-13 08:35:42,015] {processor.py:161} INFO - Processing /home/airflow/.local/lib/python3.7/site-packages/airflow/example_dags/example_branch_datetime_operator.py took 0.163 seconds
[2022-07-13 08:36:13,032] {processor.py:153} INFO - Started process (PID=1603) to work on /home/airflow/.local/lib/python3.7/site-packages/airflow/example_dags/example_branch_datetime_operator.py
[2022-07-13 08:36:13,034] {processor.py:641} INFO - Processing file /home/airflow/.local/lib/python3.7/site-packages/airflow/example_dags/example_branch_datetime_operator.py for tasks to queue
[2022-07-13 08:36:13,036] {logging_mixin.py:115} INFO - [2022-07-13 08:36:13,035] {dagbag.py:508} INFO - Filling up the DagBag from /home/airflow/.local/lib/python3.7/site-packages/airflow/example_dags/example_branch_datetime_operator.py
[2022-07-13 08:36:13,059] {processor.py:651} INFO - DAG(s) dict_keys(['example_branch_datetime_operator', 'example_branch_datetime_operator_2']) retrieved from /home/airflow/.local/lib/python3.7/site-packages/airflow/example_dags/example_branch_datetime_operator.py
[2022-07-13 08:36:13,118] {logging_mixin.py:115} INFO - [2022-07-13 08:36:13,117] {dag.py:2420} INFO - Sync 2 DAGs
[2022-07-13 08:36:13,163] {logging_mixin.py:115} INFO - [2022-07-13 08:36:13,163] {dag.py:2972} INFO - Setting next_dagrun for example_branch_datetime_operator to 2022-07-12T00:00:00+00:00, run_after=2022-07-13T00:00:00+00:00
[2022-07-13 08:36:13,168] {logging_mixin.py:115} INFO - [2022-07-13 08:36:13,167] {dag.py:2972} INFO - Setting next_dagrun for example_branch_datetime_operator_2 to 2022-07-12T00:00:00+00:00, run_after=2022-07-13T00:00:00+00:00
[2022-07-13 08:36:13,192] {processor.py:161} INFO - Processing /home/airflow/.local/lib/python3.7/site-packages/airflow/example_dags/example_branch_datetime_operator.py took 0.165 seconds
[2022-07-13 08:36:43,728] {processor.py:153} INFO - Started process (PID=1790) to work on /home/airflow/.local/lib/python3.7/site-packages/airflow/example_dags/example_branch_datetime_operator.py
[2022-07-13 08:36:43,731] {processor.py:641} INFO - Processing file /home/airflow/.local/lib/python3.7/site-packages/airflow/example_dags/example_branch_datetime_operator.py for tasks to queue
[2022-07-13 08:36:43,733] {logging_mixin.py:115} INFO - [2022-07-13 08:36:43,733] {dagbag.py:508} INFO - Filling up the DagBag from /home/airflow/.local/lib/python3.7/site-packages/airflow/example_dags/example_branch_datetime_operator.py
[2022-07-13 08:36:43,750] {processor.py:651} INFO - DAG(s) dict_keys(['example_branch_datetime_operator', 'example_branch_datetime_operator_2']) retrieved from /home/airflow/.local/lib/python3.7/site-packages/airflow/example_dags/example_branch_datetime_operator.py
[2022-07-13 08:36:43,804] {logging_mixin.py:115} INFO - [2022-07-13 08:36:43,804] {dag.py:2420} INFO - Sync 2 DAGs
[2022-07-13 08:36:43,849] {logging_mixin.py:115} INFO - [2022-07-13 08:36:43,849] {dag.py:2972} INFO - Setting next_dagrun for example_branch_datetime_operator to 2022-07-12T00:00:00+00:00, run_after=2022-07-13T00:00:00+00:00
[2022-07-13 08:36:43,853] {logging_mixin.py:115} INFO - [2022-07-13 08:36:43,853] {dag.py:2972} INFO - Setting next_dagrun for example_branch_datetime_operator_2 to 2022-07-12T00:00:00+00:00, run_after=2022-07-13T00:00:00+00:00
[2022-07-13 08:36:43,877] {processor.py:161} INFO - Processing /home/airflow/.local/lib/python3.7/site-packages/airflow/example_dags/example_branch_datetime_operator.py took 0.155 seconds
[2022-07-13 08:37:14,531] {processor.py:153} INFO - Started process (PID=1989) to work on /home/airflow/.local/lib/python3.7/site-packages/airflow/example_dags/example_branch_datetime_operator.py
[2022-07-13 08:37:14,533] {processor.py:641} INFO - Processing file /home/airflow/.local/lib/python3.7/site-packages/airflow/example_dags/example_branch_datetime_operator.py for tasks to queue
[2022-07-13 08:37:14,536] {logging_mixin.py:115} INFO - [2022-07-13 08:37:14,536] {dagbag.py:508} INFO - Filling up the DagBag from /home/airflow/.local/lib/python3.7/site-packages/airflow/example_dags/example_branch_datetime_operator.py
[2022-07-13 08:37:14,555] {processor.py:651} INFO - DAG(s) dict_keys(['example_branch_datetime_operator', 'example_branch_datetime_operator_2']) retrieved from /home/airflow/.local/lib/python3.7/site-packages/airflow/example_dags/example_branch_datetime_operator.py
[2022-07-13 08:37:14,612] {logging_mixin.py:115} INFO - [2022-07-13 08:37:14,611] {dag.py:2420} INFO - Sync 2 DAGs
[2022-07-13 08:37:14,649] {logging_mixin.py:115} INFO - [2022-07-13 08:37:14,649] {dag.py:2972} INFO - Setting next_dagrun for example_branch_datetime_operator to 2022-07-12T00:00:00+00:00, run_after=2022-07-13T00:00:00+00:00
[2022-07-13 08:37:14,655] {logging_mixin.py:115} INFO - [2022-07-13 08:37:14,654] {dag.py:2972} INFO - Setting next_dagrun for example_branch_datetime_operator_2 to 2022-07-12T00:00:00+00:00, run_after=2022-07-13T00:00:00+00:00
[2022-07-13 08:37:14,678] {processor.py:161} INFO - Processing /home/airflow/.local/lib/python3.7/site-packages/airflow/example_dags/example_branch_datetime_operator.py took 0.152 seconds
[2022-07-13 08:37:45,303] {processor.py:153} INFO - Started process (PID=2175) to work on /home/airflow/.local/lib/python3.7/site-packages/airflow/example_dags/example_branch_datetime_operator.py
[2022-07-13 08:37:45,306] {processor.py:641} INFO - Processing file /home/airflow/.local/lib/python3.7/site-packages/airflow/example_dags/example_branch_datetime_operator.py for tasks to queue
[2022-07-13 08:37:45,308] {logging_mixin.py:115} INFO - [2022-07-13 08:37:45,308] {dagbag.py:508} INFO - Filling up the DagBag from /home/airflow/.local/lib/python3.7/site-packages/airflow/example_dags/example_branch_datetime_operator.py
[2022-07-13 08:37:45,327] {processor.py:651} INFO - DAG(s) dict_keys(['example_branch_datetime_operator', 'example_branch_datetime_operator_2']) retrieved from /home/airflow/.local/lib/python3.7/site-packages/airflow/example_dags/example_branch_datetime_operator.py
[2022-07-13 08:37:45,386] {logging_mixin.py:115} INFO - [2022-07-13 08:37:45,386] {dag.py:2420} INFO - Sync 2 DAGs
[2022-07-13 08:37:45,425] {logging_mixin.py:115} INFO - [2022-07-13 08:37:45,425] {dag.py:2972} INFO - Setting next_dagrun for example_branch_datetime_operator to 2022-07-12T00:00:00+00:00, run_after=2022-07-13T00:00:00+00:00
[2022-07-13 08:37:45,429] {logging_mixin.py:115} INFO - [2022-07-13 08:37:45,429] {dag.py:2972} INFO - Setting next_dagrun for example_branch_datetime_operator_2 to 2022-07-12T00:00:00+00:00, run_after=2022-07-13T00:00:00+00:00
[2022-07-13 08:37:45,449] {processor.py:161} INFO - Processing /home/airflow/.local/lib/python3.7/site-packages/airflow/example_dags/example_branch_datetime_operator.py took 0.152 seconds
[2022-07-13 08:38:16,070] {processor.py:153} INFO - Started process (PID=2373) to work on /home/airflow/.local/lib/python3.7/site-packages/airflow/example_dags/example_branch_datetime_operator.py
[2022-07-13 08:38:16,072] {processor.py:641} INFO - Processing file /home/airflow/.local/lib/python3.7/site-packages/airflow/example_dags/example_branch_datetime_operator.py for tasks to queue
[2022-07-13 08:38:16,073] {logging_mixin.py:115} INFO - [2022-07-13 08:38:16,073] {dagbag.py:508} INFO - Filling up the DagBag from /home/airflow/.local/lib/python3.7/site-packages/airflow/example_dags/example_branch_datetime_operator.py
[2022-07-13 08:38:16,091] {processor.py:651} INFO - DAG(s) dict_keys(['example_branch_datetime_operator', 'example_branch_datetime_operator_2']) retrieved from /home/airflow/.local/lib/python3.7/site-packages/airflow/example_dags/example_branch_datetime_operator.py
[2022-07-13 08:38:16,142] {logging_mixin.py:115} INFO - [2022-07-13 08:38:16,142] {dag.py:2420} INFO - Sync 2 DAGs
[2022-07-13 08:38:16,191] {logging_mixin.py:115} INFO - [2022-07-13 08:38:16,191] {dag.py:2972} INFO - Setting next_dagrun for example_branch_datetime_operator to 2022-07-12T00:00:00+00:00, run_after=2022-07-13T00:00:00+00:00
[2022-07-13 08:38:16,195] {logging_mixin.py:115} INFO - [2022-07-13 08:38:16,195] {dag.py:2972} INFO - Setting next_dagrun for example_branch_datetime_operator_2 to 2022-07-12T00:00:00+00:00, run_after=2022-07-13T00:00:00+00:00
[2022-07-13 08:38:16,225] {processor.py:161} INFO - Processing /home/airflow/.local/lib/python3.7/site-packages/airflow/example_dags/example_branch_datetime_operator.py took 0.162 seconds
[2022-07-13 08:38:46,635] {processor.py:153} INFO - Started process (PID=2561) to work on /home/airflow/.local/lib/python3.7/site-packages/airflow/example_dags/example_branch_datetime_operator.py
[2022-07-13 08:38:46,637] {processor.py:641} INFO - Processing file /home/airflow/.local/lib/python3.7/site-packages/airflow/example_dags/example_branch_datetime_operator.py for tasks to queue
[2022-07-13 08:38:46,639] {logging_mixin.py:115} INFO - [2022-07-13 08:38:46,638] {dagbag.py:508} INFO - Filling up the DagBag from /home/airflow/.local/lib/python3.7/site-packages/airflow/example_dags/example_branch_datetime_operator.py
[2022-07-13 08:38:46,658] {processor.py:651} INFO - DAG(s) dict_keys(['example_branch_datetime_operator', 'example_branch_datetime_operator_2']) retrieved from /home/airflow/.local/lib/python3.7/site-packages/airflow/example_dags/example_branch_datetime_operator.py
[2022-07-13 08:38:46,729] {logging_mixin.py:115} INFO - [2022-07-13 08:38:46,729] {dag.py:2420} INFO - Sync 2 DAGs
[2022-07-13 08:38:46,772] {logging_mixin.py:115} INFO - [2022-07-13 08:38:46,772] {dag.py:2972} INFO - Setting next_dagrun for example_branch_datetime_operator to 2022-07-12T00:00:00+00:00, run_after=2022-07-13T00:00:00+00:00
[2022-07-13 08:38:46,780] {logging_mixin.py:115} INFO - [2022-07-13 08:38:46,779] {dag.py:2972} INFO - Setting next_dagrun for example_branch_datetime_operator_2 to 2022-07-12T00:00:00+00:00, run_after=2022-07-13T00:00:00+00:00
[2022-07-13 08:38:46,810] {processor.py:161} INFO - Processing /home/airflow/.local/lib/python3.7/site-packages/airflow/example_dags/example_branch_datetime_operator.py took 0.180 seconds
[2022-07-13 08:39:17,339] {processor.py:153} INFO - Started process (PID=2759) to work on /home/airflow/.local/lib/python3.7/site-packages/airflow/example_dags/example_branch_datetime_operator.py
[2022-07-13 08:39:17,341] {processor.py:641} INFO - Processing file /home/airflow/.local/lib/python3.7/site-packages/airflow/example_dags/example_branch_datetime_operator.py for tasks to queue
[2022-07-13 08:39:17,343] {logging_mixin.py:115} INFO - [2022-07-13 08:39:17,343] {dagbag.py:508} INFO - Filling up the DagBag from /home/airflow/.local/lib/python3.7/site-packages/airflow/example_dags/example_branch_datetime_operator.py
[2022-07-13 08:39:17,365] {processor.py:651} INFO - DAG(s) dict_keys(['example_branch_datetime_operator', 'example_branch_datetime_operator_2']) retrieved from /home/airflow/.local/lib/python3.7/site-packages/airflow/example_dags/example_branch_datetime_operator.py
[2022-07-13 08:39:17,447] {logging_mixin.py:115} INFO - [2022-07-13 08:39:17,446] {dag.py:2420} INFO - Sync 2 DAGs
[2022-07-13 08:39:17,507] {logging_mixin.py:115} INFO - [2022-07-13 08:39:17,506] {dag.py:2972} INFO - Setting next_dagrun for example_branch_datetime_operator to 2022-07-12T00:00:00+00:00, run_after=2022-07-13T00:00:00+00:00
[2022-07-13 08:39:17,513] {logging_mixin.py:115} INFO - [2022-07-13 08:39:17,513] {dag.py:2972} INFO - Setting next_dagrun for example_branch_datetime_operator_2 to 2022-07-12T00:00:00+00:00, run_after=2022-07-13T00:00:00+00:00
[2022-07-13 08:39:17,549] {processor.py:161} INFO - Processing /home/airflow/.local/lib/python3.7/site-packages/airflow/example_dags/example_branch_datetime_operator.py took 0.217 seconds
[2022-07-13 08:39:48,317] {processor.py:153} INFO - Started process (PID=2953) to work on /home/airflow/.local/lib/python3.7/site-packages/airflow/example_dags/example_branch_datetime_operator.py
[2022-07-13 08:39:48,319] {processor.py:641} INFO - Processing file /home/airflow/.local/lib/python3.7/site-packages/airflow/example_dags/example_branch_datetime_operator.py for tasks to queue
[2022-07-13 08:39:48,321] {logging_mixin.py:115} INFO - [2022-07-13 08:39:48,321] {dagbag.py:508} INFO - Filling up the DagBag from /home/airflow/.local/lib/python3.7/site-packages/airflow/example_dags/example_branch_datetime_operator.py
[2022-07-13 08:39:48,346] {processor.py:651} INFO - DAG(s) dict_keys(['example_branch_datetime_operator', 'example_branch_datetime_operator_2']) retrieved from /home/airflow/.local/lib/python3.7/site-packages/airflow/example_dags/example_branch_datetime_operator.py
[2022-07-13 08:39:48,465] {logging_mixin.py:115} INFO - [2022-07-13 08:39:48,465] {dag.py:2420} INFO - Sync 2 DAGs
[2022-07-13 08:39:48,545] {logging_mixin.py:115} INFO - [2022-07-13 08:39:48,544] {dag.py:2972} INFO - Setting next_dagrun for example_branch_datetime_operator to 2022-07-12T00:00:00+00:00, run_after=2022-07-13T00:00:00+00:00
[2022-07-13 08:39:48,555] {logging_mixin.py:115} INFO - [2022-07-13 08:39:48,555] {dag.py:2972} INFO - Setting next_dagrun for example_branch_datetime_operator_2 to 2022-07-12T00:00:00+00:00, run_after=2022-07-13T00:00:00+00:00
[2022-07-13 08:39:48,586] {processor.py:161} INFO - Processing /home/airflow/.local/lib/python3.7/site-packages/airflow/example_dags/example_branch_datetime_operator.py took 0.277 seconds
[2022-07-13 08:40:19,443] {processor.py:153} INFO - Started process (PID=3143) to work on /home/airflow/.local/lib/python3.7/site-packages/airflow/example_dags/example_branch_datetime_operator.py
[2022-07-13 08:40:19,446] {processor.py:641} INFO - Processing file /home/airflow/.local/lib/python3.7/site-packages/airflow/example_dags/example_branch_datetime_operator.py for tasks to queue
[2022-07-13 08:40:19,449] {logging_mixin.py:115} INFO - [2022-07-13 08:40:19,448] {dagbag.py:508} INFO - Filling up the DagBag from /home/airflow/.local/lib/python3.7/site-packages/airflow/example_dags/example_branch_datetime_operator.py
[2022-07-13 08:40:19,476] {processor.py:651} INFO - DAG(s) dict_keys(['example_branch_datetime_operator', 'example_branch_datetime_operator_2']) retrieved from /home/airflow/.local/lib/python3.7/site-packages/airflow/example_dags/example_branch_datetime_operator.py
[2022-07-13 08:40:19,538] {logging_mixin.py:115} INFO - [2022-07-13 08:40:19,538] {dag.py:2420} INFO - Sync 2 DAGs
[2022-07-13 08:40:19,594] {logging_mixin.py:115} INFO - [2022-07-13 08:40:19,594] {dag.py:2972} INFO - Setting next_dagrun for example_branch_datetime_operator to 2022-07-12T00:00:00+00:00, run_after=2022-07-13T00:00:00+00:00
[2022-07-13 08:40:19,602] {logging_mixin.py:115} INFO - [2022-07-13 08:40:19,602] {dag.py:2972} INFO - Setting next_dagrun for example_branch_datetime_operator_2 to 2022-07-12T00:00:00+00:00, run_after=2022-07-13T00:00:00+00:00
[2022-07-13 08:40:19,628] {processor.py:161} INFO - Processing /home/airflow/.local/lib/python3.7/site-packages/airflow/example_dags/example_branch_datetime_operator.py took 0.196 seconds
[2022-07-13 08:40:50,177] {processor.py:153} INFO - Started process (PID=3343) to work on /home/airflow/.local/lib/python3.7/site-packages/airflow/example_dags/example_branch_datetime_operator.py
[2022-07-13 08:40:50,178] {processor.py:641} INFO - Processing file /home/airflow/.local/lib/python3.7/site-packages/airflow/example_dags/example_branch_datetime_operator.py for tasks to queue
[2022-07-13 08:40:50,180] {logging_mixin.py:115} INFO - [2022-07-13 08:40:50,180] {dagbag.py:508} INFO - Filling up the DagBag from /home/airflow/.local/lib/python3.7/site-packages/airflow/example_dags/example_branch_datetime_operator.py
[2022-07-13 08:40:50,199] {processor.py:651} INFO - DAG(s) dict_keys(['example_branch_datetime_operator', 'example_branch_datetime_operator_2']) retrieved from /home/airflow/.local/lib/python3.7/site-packages/airflow/example_dags/example_branch_datetime_operator.py
[2022-07-13 08:40:50,265] {logging_mixin.py:115} INFO - [2022-07-13 08:40:50,265] {dag.py:2420} INFO - Sync 2 DAGs
[2022-07-13 08:40:50,304] {logging_mixin.py:115} INFO - [2022-07-13 08:40:50,304] {dag.py:2972} INFO - Setting next_dagrun for example_branch_datetime_operator to 2022-07-12T00:00:00+00:00, run_after=2022-07-13T00:00:00+00:00
[2022-07-13 08:40:50,308] {logging_mixin.py:115} INFO - [2022-07-13 08:40:50,308] {dag.py:2972} INFO - Setting next_dagrun for example_branch_datetime_operator_2 to 2022-07-12T00:00:00+00:00, run_after=2022-07-13T00:00:00+00:00
[2022-07-13 08:40:50,330] {processor.py:161} INFO - Processing /home/airflow/.local/lib/python3.7/site-packages/airflow/example_dags/example_branch_datetime_operator.py took 0.159 seconds
[2022-07-13 08:41:21,049] {processor.py:153} INFO - Started process (PID=3530) to work on /home/airflow/.local/lib/python3.7/site-packages/airflow/example_dags/example_branch_datetime_operator.py
[2022-07-13 08:41:21,051] {processor.py:641} INFO - Processing file /home/airflow/.local/lib/python3.7/site-packages/airflow/example_dags/example_branch_datetime_operator.py for tasks to queue
[2022-07-13 08:41:21,053] {logging_mixin.py:115} INFO - [2022-07-13 08:41:21,053] {dagbag.py:508} INFO - Filling up the DagBag from /home/airflow/.local/lib/python3.7/site-packages/airflow/example_dags/example_branch_datetime_operator.py
[2022-07-13 08:41:21,074] {processor.py:651} INFO - DAG(s) dict_keys(['example_branch_datetime_operator', 'example_branch_datetime_operator_2']) retrieved from /home/airflow/.local/lib/python3.7/site-packages/airflow/example_dags/example_branch_datetime_operator.py
[2022-07-13 08:41:21,147] {logging_mixin.py:115} INFO - [2022-07-13 08:41:21,147] {dag.py:2420} INFO - Sync 2 DAGs
[2022-07-13 08:41:21,192] {logging_mixin.py:115} INFO - [2022-07-13 08:41:21,192] {dag.py:2972} INFO - Setting next_dagrun for example_branch_datetime_operator to 2022-07-12T00:00:00+00:00, run_after=2022-07-13T00:00:00+00:00
[2022-07-13 08:41:21,196] {logging_mixin.py:115} INFO - [2022-07-13 08:41:21,196] {dag.py:2972} INFO - Setting next_dagrun for example_branch_datetime_operator_2 to 2022-07-12T00:00:00+00:00, run_after=2022-07-13T00:00:00+00:00
[2022-07-13 08:41:21,218] {processor.py:161} INFO - Processing /home/airflow/.local/lib/python3.7/site-packages/airflow/example_dags/example_branch_datetime_operator.py took 0.176 seconds
[2022-07-13 08:41:51,570] {processor.py:153} INFO - Started process (PID=3729) to work on /home/airflow/.local/lib/python3.7/site-packages/airflow/example_dags/example_branch_datetime_operator.py
[2022-07-13 08:41:51,572] {processor.py:641} INFO - Processing file /home/airflow/.local/lib/python3.7/site-packages/airflow/example_dags/example_branch_datetime_operator.py for tasks to queue
[2022-07-13 08:41:51,574] {logging_mixin.py:115} INFO - [2022-07-13 08:41:51,573] {dagbag.py:508} INFO - Filling up the DagBag from /home/airflow/.local/lib/python3.7/site-packages/airflow/example_dags/example_branch_datetime_operator.py
[2022-07-13 08:41:51,592] {processor.py:651} INFO - DAG(s) dict_keys(['example_branch_datetime_operator', 'example_branch_datetime_operator_2']) retrieved from /home/airflow/.local/lib/python3.7/site-packages/airflow/example_dags/example_branch_datetime_operator.py
[2022-07-13 08:41:51,644] {logging_mixin.py:115} INFO - [2022-07-13 08:41:51,644] {dag.py:2420} INFO - Sync 2 DAGs
[2022-07-13 08:41:51,685] {logging_mixin.py:115} INFO - [2022-07-13 08:41:51,684] {dag.py:2972} INFO - Setting next_dagrun for example_branch_datetime_operator to 2022-07-12T00:00:00+00:00, run_after=2022-07-13T00:00:00+00:00
[2022-07-13 08:41:51,689] {logging_mixin.py:115} INFO - [2022-07-13 08:41:51,688] {dag.py:2972} INFO - Setting next_dagrun for example_branch_datetime_operator_2 to 2022-07-12T00:00:00+00:00, run_after=2022-07-13T00:00:00+00:00
[2022-07-13 08:41:51,713] {processor.py:161} INFO - Processing /home/airflow/.local/lib/python3.7/site-packages/airflow/example_dags/example_branch_datetime_operator.py took 0.151 seconds
[2022-07-13 08:42:22,279] {processor.py:153} INFO - Started process (PID=3918) to work on /home/airflow/.local/lib/python3.7/site-packages/airflow/example_dags/example_branch_datetime_operator.py
[2022-07-13 08:42:22,281] {processor.py:641} INFO - Processing file /home/airflow/.local/lib/python3.7/site-packages/airflow/example_dags/example_branch_datetime_operator.py for tasks to queue
[2022-07-13 08:42:22,282] {logging_mixin.py:115} INFO - [2022-07-13 08:42:22,282] {dagbag.py:508} INFO - Filling up the DagBag from /home/airflow/.local/lib/python3.7/site-packages/airflow/example_dags/example_branch_datetime_operator.py
[2022-07-13 08:42:22,300] {processor.py:651} INFO - DAG(s) dict_keys(['example_branch_datetime_operator', 'example_branch_datetime_operator_2']) retrieved from /home/airflow/.local/lib/python3.7/site-packages/airflow/example_dags/example_branch_datetime_operator.py
[2022-07-13 08:42:22,362] {logging_mixin.py:115} INFO - [2022-07-13 08:42:22,362] {dag.py:2420} INFO - Sync 2 DAGs
[2022-07-13 08:42:22,400] {logging_mixin.py:115} INFO - [2022-07-13 08:42:22,400] {dag.py:2972} INFO - Setting next_dagrun for example_branch_datetime_operator to 2022-07-12T00:00:00+00:00, run_after=2022-07-13T00:00:00+00:00
[2022-07-13 08:42:22,406] {logging_mixin.py:115} INFO - [2022-07-13 08:42:22,406] {dag.py:2972} INFO - Setting next_dagrun for example_branch_datetime_operator_2 to 2022-07-12T00:00:00+00:00, run_after=2022-07-13T00:00:00+00:00
[2022-07-13 08:42:22,430] {processor.py:161} INFO - Processing /home/airflow/.local/lib/python3.7/site-packages/airflow/example_dags/example_branch_datetime_operator.py took 0.155 seconds
[2022-07-13 08:42:53,213] {processor.py:153} INFO - Started process (PID=4116) to work on /home/airflow/.local/lib/python3.7/site-packages/airflow/example_dags/example_branch_datetime_operator.py
[2022-07-13 08:42:53,215] {processor.py:641} INFO - Processing file /home/airflow/.local/lib/python3.7/site-packages/airflow/example_dags/example_branch_datetime_operator.py for tasks to queue
[2022-07-13 08:42:53,217] {logging_mixin.py:115} INFO - [2022-07-13 08:42:53,217] {dagbag.py:508} INFO - Filling up the DagBag from /home/airflow/.local/lib/python3.7/site-packages/airflow/example_dags/example_branch_datetime_operator.py
[2022-07-13 08:42:53,236] {processor.py:651} INFO - DAG(s) dict_keys(['example_branch_datetime_operator', 'example_branch_datetime_operator_2']) retrieved from /home/airflow/.local/lib/python3.7/site-packages/airflow/example_dags/example_branch_datetime_operator.py
[2022-07-13 08:42:53,290] {logging_mixin.py:115} INFO - [2022-07-13 08:42:53,290] {dag.py:2420} INFO - Sync 2 DAGs
[2022-07-13 08:42:53,332] {logging_mixin.py:115} INFO - [2022-07-13 08:42:53,332] {dag.py:2972} INFO - Setting next_dagrun for example_branch_datetime_operator to 2022-07-12T00:00:00+00:00, run_after=2022-07-13T00:00:00+00:00
[2022-07-13 08:42:53,336] {logging_mixin.py:115} INFO - [2022-07-13 08:42:53,336] {dag.py:2972} INFO - Setting next_dagrun for example_branch_datetime_operator_2 to 2022-07-12T00:00:00+00:00, run_after=2022-07-13T00:00:00+00:00
[2022-07-13 08:42:53,364] {processor.py:161} INFO - Processing /home/airflow/.local/lib/python3.7/site-packages/airflow/example_dags/example_branch_datetime_operator.py took 0.156 seconds
[2022-07-13 08:43:23,702] {processor.py:153} INFO - Started process (PID=4304) to work on /home/airflow/.local/lib/python3.7/site-packages/airflow/example_dags/example_branch_datetime_operator.py
[2022-07-13 08:43:23,704] {processor.py:641} INFO - Processing file /home/airflow/.local/lib/python3.7/site-packages/airflow/example_dags/example_branch_datetime_operator.py for tasks to queue
[2022-07-13 08:43:23,708] {logging_mixin.py:115} INFO - [2022-07-13 08:43:23,706] {dagbag.py:508} INFO - Filling up the DagBag from /home/airflow/.local/lib/python3.7/site-packages/airflow/example_dags/example_branch_datetime_operator.py
[2022-07-13 08:43:23,724] {processor.py:651} INFO - DAG(s) dict_keys(['example_branch_datetime_operator', 'example_branch_datetime_operator_2']) retrieved from /home/airflow/.local/lib/python3.7/site-packages/airflow/example_dags/example_branch_datetime_operator.py
[2022-07-13 08:43:23,778] {logging_mixin.py:115} INFO - [2022-07-13 08:43:23,778] {dag.py:2420} INFO - Sync 2 DAGs
[2022-07-13 08:43:23,820] {logging_mixin.py:115} INFO - [2022-07-13 08:43:23,820] {dag.py:2972} INFO - Setting next_dagrun for example_branch_datetime_operator to 2022-07-12T00:00:00+00:00, run_after=2022-07-13T00:00:00+00:00
[2022-07-13 08:43:23,824] {logging_mixin.py:115} INFO - [2022-07-13 08:43:23,824] {dag.py:2972} INFO - Setting next_dagrun for example_branch_datetime_operator_2 to 2022-07-12T00:00:00+00:00, run_after=2022-07-13T00:00:00+00:00
[2022-07-13 08:43:23,845] {processor.py:161} INFO - Processing /home/airflow/.local/lib/python3.7/site-packages/airflow/example_dags/example_branch_datetime_operator.py took 0.150 seconds
[2022-07-13 08:43:54,246] {processor.py:153} INFO - Started process (PID=4504) to work on /home/airflow/.local/lib/python3.7/site-packages/airflow/example_dags/example_branch_datetime_operator.py
[2022-07-13 08:43:54,248] {processor.py:641} INFO - Processing file /home/airflow/.local/lib/python3.7/site-packages/airflow/example_dags/example_branch_datetime_operator.py for tasks to queue
[2022-07-13 08:43:54,250] {logging_mixin.py:115} INFO - [2022-07-13 08:43:54,250] {dagbag.py:508} INFO - Filling up the DagBag from /home/airflow/.local/lib/python3.7/site-packages/airflow/example_dags/example_branch_datetime_operator.py
[2022-07-13 08:43:54,270] {processor.py:651} INFO - DAG(s) dict_keys(['example_branch_datetime_operator', 'example_branch_datetime_operator_2']) retrieved from /home/airflow/.local/lib/python3.7/site-packages/airflow/example_dags/example_branch_datetime_operator.py
[2022-07-13 08:43:54,340] {logging_mixin.py:115} INFO - [2022-07-13 08:43:54,340] {dag.py:2420} INFO - Sync 2 DAGs
[2022-07-13 08:43:54,404] {logging_mixin.py:115} INFO - [2022-07-13 08:43:54,404] {dag.py:2972} INFO - Setting next_dagrun for example_branch_datetime_operator to 2022-07-12T00:00:00+00:00, run_after=2022-07-13T00:00:00+00:00
[2022-07-13 08:43:54,410] {logging_mixin.py:115} INFO - [2022-07-13 08:43:54,410] {dag.py:2972} INFO - Setting next_dagrun for example_branch_datetime_operator_2 to 2022-07-12T00:00:00+00:00, run_after=2022-07-13T00:00:00+00:00
[2022-07-13 08:43:54,447] {processor.py:161} INFO - Processing /home/airflow/.local/lib/python3.7/site-packages/airflow/example_dags/example_branch_datetime_operator.py took 0.209 seconds
[2022-07-13 08:44:24,785] {processor.py:153} INFO - Started process (PID=4693) to work on /home/airflow/.local/lib/python3.7/site-packages/airflow/example_dags/example_branch_datetime_operator.py
[2022-07-13 08:44:24,787] {processor.py:641} INFO - Processing file /home/airflow/.local/lib/python3.7/site-packages/airflow/example_dags/example_branch_datetime_operator.py for tasks to queue
[2022-07-13 08:44:24,789] {logging_mixin.py:115} INFO - [2022-07-13 08:44:24,789] {dagbag.py:508} INFO - Filling up the DagBag from /home/airflow/.local/lib/python3.7/site-packages/airflow/example_dags/example_branch_datetime_operator.py
[2022-07-13 08:44:24,806] {processor.py:651} INFO - DAG(s) dict_keys(['example_branch_datetime_operator', 'example_branch_datetime_operator_2']) retrieved from /home/airflow/.local/lib/python3.7/site-packages/airflow/example_dags/example_branch_datetime_operator.py
[2022-07-13 08:44:24,857] {logging_mixin.py:115} INFO - [2022-07-13 08:44:24,857] {dag.py:2420} INFO - Sync 2 DAGs
[2022-07-13 08:44:24,917] {logging_mixin.py:115} INFO - [2022-07-13 08:44:24,916] {dag.py:2972} INFO - Setting next_dagrun for example_branch_datetime_operator to 2022-07-12T00:00:00+00:00, run_after=2022-07-13T00:00:00+00:00
[2022-07-13 08:44:24,940] {logging_mixin.py:115} INFO - [2022-07-13 08:44:24,939] {dag.py:2972} INFO - Setting next_dagrun for example_branch_datetime_operator_2 to 2022-07-12T00:00:00+00:00, run_after=2022-07-13T00:00:00+00:00
[2022-07-13 08:44:24,964] {processor.py:161} INFO - Processing /home/airflow/.local/lib/python3.7/site-packages/airflow/example_dags/example_branch_datetime_operator.py took 0.187 seconds
[2022-07-13 08:44:55,373] {processor.py:153} INFO - Started process (PID=4891) to work on /home/airflow/.local/lib/python3.7/site-packages/airflow/example_dags/example_branch_datetime_operator.py
[2022-07-13 08:44:55,375] {processor.py:641} INFO - Processing file /home/airflow/.local/lib/python3.7/site-packages/airflow/example_dags/example_branch_datetime_operator.py for tasks to queue
[2022-07-13 08:44:55,379] {logging_mixin.py:115} INFO - [2022-07-13 08:44:55,378] {dagbag.py:508} INFO - Filling up the DagBag from /home/airflow/.local/lib/python3.7/site-packages/airflow/example_dags/example_branch_datetime_operator.py
[2022-07-13 08:44:55,402] {processor.py:651} INFO - DAG(s) dict_keys(['example_branch_datetime_operator', 'example_branch_datetime_operator_2']) retrieved from /home/airflow/.local/lib/python3.7/site-packages/airflow/example_dags/example_branch_datetime_operator.py
[2022-07-13 08:44:55,466] {logging_mixin.py:115} INFO - [2022-07-13 08:44:55,466] {dag.py:2420} INFO - Sync 2 DAGs
[2022-07-13 08:44:55,529] {logging_mixin.py:115} INFO - [2022-07-13 08:44:55,529] {dag.py:2972} INFO - Setting next_dagrun for example_branch_datetime_operator to 2022-07-12T00:00:00+00:00, run_after=2022-07-13T00:00:00+00:00
[2022-07-13 08:44:55,533] {logging_mixin.py:115} INFO - [2022-07-13 08:44:55,533] {dag.py:2972} INFO - Setting next_dagrun for example_branch_datetime_operator_2 to 2022-07-12T00:00:00+00:00, run_after=2022-07-13T00:00:00+00:00
[2022-07-13 08:44:55,560] {processor.py:161} INFO - Processing /home/airflow/.local/lib/python3.7/site-packages/airflow/example_dags/example_branch_datetime_operator.py took 0.196 seconds
[2022-07-13 08:45:25,723] {processor.py:153} INFO - Started process (PID=5086) to work on /home/airflow/.local/lib/python3.7/site-packages/airflow/example_dags/example_branch_datetime_operator.py
[2022-07-13 08:45:25,724] {processor.py:641} INFO - Processing file /home/airflow/.local/lib/python3.7/site-packages/airflow/example_dags/example_branch_datetime_operator.py for tasks to queue
[2022-07-13 08:45:25,726] {logging_mixin.py:115} INFO - [2022-07-13 08:45:25,726] {dagbag.py:508} INFO - Filling up the DagBag from /home/airflow/.local/lib/python3.7/site-packages/airflow/example_dags/example_branch_datetime_operator.py
[2022-07-13 08:45:25,746] {processor.py:651} INFO - DAG(s) dict_keys(['example_branch_datetime_operator', 'example_branch_datetime_operator_2']) retrieved from /home/airflow/.local/lib/python3.7/site-packages/airflow/example_dags/example_branch_datetime_operator.py
[2022-07-13 08:45:25,812] {logging_mixin.py:115} INFO - [2022-07-13 08:45:25,812] {dag.py:2420} INFO - Sync 2 DAGs
[2022-07-13 08:45:25,859] {logging_mixin.py:115} INFO - [2022-07-13 08:45:25,859] {dag.py:2972} INFO - Setting next_dagrun for example_branch_datetime_operator to 2022-07-12T00:00:00+00:00, run_after=2022-07-13T00:00:00+00:00
[2022-07-13 08:45:25,862] {logging_mixin.py:115} INFO - [2022-07-13 08:45:25,862] {dag.py:2972} INFO - Setting next_dagrun for example_branch_datetime_operator_2 to 2022-07-12T00:00:00+00:00, run_after=2022-07-13T00:00:00+00:00
[2022-07-13 08:45:25,887] {processor.py:161} INFO - Processing /home/airflow/.local/lib/python3.7/site-packages/airflow/example_dags/example_branch_datetime_operator.py took 0.172 seconds
[2022-07-13 08:45:56,493] {processor.py:153} INFO - Started process (PID=5279) to work on /home/airflow/.local/lib/python3.7/site-packages/airflow/example_dags/example_branch_datetime_operator.py
[2022-07-13 08:45:56,496] {processor.py:641} INFO - Processing file /home/airflow/.local/lib/python3.7/site-packages/airflow/example_dags/example_branch_datetime_operator.py for tasks to queue
[2022-07-13 08:45:56,506] {logging_mixin.py:115} INFO - [2022-07-13 08:45:56,504] {dagbag.py:508} INFO - Filling up the DagBag from /home/airflow/.local/lib/python3.7/site-packages/airflow/example_dags/example_branch_datetime_operator.py
[2022-07-13 08:45:56,551] {processor.py:651} INFO - DAG(s) dict_keys(['example_branch_datetime_operator', 'example_branch_datetime_operator_2']) retrieved from /home/airflow/.local/lib/python3.7/site-packages/airflow/example_dags/example_branch_datetime_operator.py
[2022-07-13 08:45:56,638] {logging_mixin.py:115} INFO - [2022-07-13 08:45:56,637] {dag.py:2420} INFO - Sync 2 DAGs
[2022-07-13 08:45:56,698] {logging_mixin.py:115} INFO - [2022-07-13 08:45:56,698] {dag.py:2972} INFO - Setting next_dagrun for example_branch_datetime_operator to 2022-07-12T00:00:00+00:00, run_after=2022-07-13T00:00:00+00:00
[2022-07-13 08:45:56,702] {logging_mixin.py:115} INFO - [2022-07-13 08:45:56,702] {dag.py:2972} INFO - Setting next_dagrun for example_branch_datetime_operator_2 to 2022-07-12T00:00:00+00:00, run_after=2022-07-13T00:00:00+00:00
[2022-07-13 08:45:56,726] {processor.py:161} INFO - Processing /home/airflow/.local/lib/python3.7/site-packages/airflow/example_dags/example_branch_datetime_operator.py took 0.247 seconds
[2022-07-13 08:46:27,076] {processor.py:153} INFO - Started process (PID=5473) to work on /home/airflow/.local/lib/python3.7/site-packages/airflow/example_dags/example_branch_datetime_operator.py
[2022-07-13 08:46:27,078] {processor.py:641} INFO - Processing file /home/airflow/.local/lib/python3.7/site-packages/airflow/example_dags/example_branch_datetime_operator.py for tasks to queue
[2022-07-13 08:46:27,081] {logging_mixin.py:115} INFO - [2022-07-13 08:46:27,081] {dagbag.py:508} INFO - Filling up the DagBag from /home/airflow/.local/lib/python3.7/site-packages/airflow/example_dags/example_branch_datetime_operator.py
[2022-07-13 08:46:27,108] {processor.py:651} INFO - DAG(s) dict_keys(['example_branch_datetime_operator', 'example_branch_datetime_operator_2']) retrieved from /home/airflow/.local/lib/python3.7/site-packages/airflow/example_dags/example_branch_datetime_operator.py
[2022-07-13 08:46:27,172] {logging_mixin.py:115} INFO - [2022-07-13 08:46:27,172] {dag.py:2420} INFO - Sync 2 DAGs
[2022-07-13 08:46:27,221] {logging_mixin.py:115} INFO - [2022-07-13 08:46:27,221] {dag.py:2972} INFO - Setting next_dagrun for example_branch_datetime_operator to 2022-07-12T00:00:00+00:00, run_after=2022-07-13T00:00:00+00:00
[2022-07-13 08:46:27,225] {logging_mixin.py:115} INFO - [2022-07-13 08:46:27,225] {dag.py:2972} INFO - Setting next_dagrun for example_branch_datetime_operator_2 to 2022-07-12T00:00:00+00:00, run_after=2022-07-13T00:00:00+00:00
[2022-07-13 08:46:27,253] {processor.py:161} INFO - Processing /home/airflow/.local/lib/python3.7/site-packages/airflow/example_dags/example_branch_datetime_operator.py took 0.188 seconds
[2022-07-13 08:46:57,979] {processor.py:153} INFO - Started process (PID=5663) to work on /home/airflow/.local/lib/python3.7/site-packages/airflow/example_dags/example_branch_datetime_operator.py
[2022-07-13 08:46:57,980] {processor.py:641} INFO - Processing file /home/airflow/.local/lib/python3.7/site-packages/airflow/example_dags/example_branch_datetime_operator.py for tasks to queue
[2022-07-13 08:46:57,982] {logging_mixin.py:115} INFO - [2022-07-13 08:46:57,982] {dagbag.py:508} INFO - Filling up the DagBag from /home/airflow/.local/lib/python3.7/site-packages/airflow/example_dags/example_branch_datetime_operator.py
[2022-07-13 08:46:57,998] {processor.py:651} INFO - DAG(s) dict_keys(['example_branch_datetime_operator', 'example_branch_datetime_operator_2']) retrieved from /home/airflow/.local/lib/python3.7/site-packages/airflow/example_dags/example_branch_datetime_operator.py
[2022-07-13 08:46:58,046] {logging_mixin.py:115} INFO - [2022-07-13 08:46:58,046] {dag.py:2420} INFO - Sync 2 DAGs
[2022-07-13 08:46:58,088] {logging_mixin.py:115} INFO - [2022-07-13 08:46:58,087] {dag.py:2972} INFO - Setting next_dagrun for example_branch_datetime_operator to 2022-07-12T00:00:00+00:00, run_after=2022-07-13T00:00:00+00:00
[2022-07-13 08:46:58,093] {logging_mixin.py:115} INFO - [2022-07-13 08:46:58,093] {dag.py:2972} INFO - Setting next_dagrun for example_branch_datetime_operator_2 to 2022-07-12T00:00:00+00:00, run_after=2022-07-13T00:00:00+00:00
[2022-07-13 08:46:58,117] {processor.py:161} INFO - Processing /home/airflow/.local/lib/python3.7/site-packages/airflow/example_dags/example_branch_datetime_operator.py took 0.143 seconds
