[2022-07-13 08:30:11,459] {processor.py:153} INFO - Started process (PID=174) to work on /home/airflow/.local/lib/python3.7/site-packages/airflow/example_dags/tutorial_etl_dag.py
[2022-07-13 08:30:11,461] {processor.py:641} INFO - Processing file /home/airflow/.local/lib/python3.7/site-packages/airflow/example_dags/tutorial_etl_dag.py for tasks to queue
[2022-07-13 08:30:11,462] {logging_mixin.py:115} INFO - [2022-07-13 08:30:11,462] {dagbag.py:508} INFO - Filling up the DagBag from /home/airflow/.local/lib/python3.7/site-packages/airflow/example_dags/tutorial_etl_dag.py
[2022-07-13 08:30:11,480] {processor.py:651} INFO - DAG(s) dict_keys(['tutorial_etl_dag']) retrieved from /home/airflow/.local/lib/python3.7/site-packages/airflow/example_dags/tutorial_etl_dag.py
[2022-07-13 08:30:11,613] {logging_mixin.py:115} INFO - [2022-07-13 08:30:11,613] {manager.py:508} INFO - Created Permission View: can edit on DAG:tutorial_etl_dag
[2022-07-13 08:30:11,628] {logging_mixin.py:115} INFO - [2022-07-13 08:30:11,628] {manager.py:508} INFO - Created Permission View: can read on DAG:tutorial_etl_dag
[2022-07-13 08:30:11,639] {logging_mixin.py:115} INFO - [2022-07-13 08:30:11,639] {manager.py:508} INFO - Created Permission View: can delete on DAG:tutorial_etl_dag
[2022-07-13 08:30:11,640] {logging_mixin.py:115} INFO - [2022-07-13 08:30:11,640] {dag.py:2420} INFO - Sync 1 DAGs
[2022-07-13 08:30:11,653] {logging_mixin.py:115} INFO - [2022-07-13 08:30:11,653] {dag.py:2439} INFO - Creating ORM DAG for tutorial_etl_dag
[2022-07-13 08:30:11,671] {logging_mixin.py:115} INFO - [2022-07-13 08:30:11,671] {dag.py:2972} INFO - Setting next_dagrun for tutorial_etl_dag to None, run_after=None
[2022-07-13 08:30:11,692] {processor.py:161} INFO - Processing /home/airflow/.local/lib/python3.7/site-packages/airflow/example_dags/tutorial_etl_dag.py took 0.238 seconds
[2022-07-13 08:30:42,359] {processor.py:153} INFO - Started process (PID=363) to work on /home/airflow/.local/lib/python3.7/site-packages/airflow/example_dags/tutorial_etl_dag.py
[2022-07-13 08:30:42,361] {processor.py:641} INFO - Processing file /home/airflow/.local/lib/python3.7/site-packages/airflow/example_dags/tutorial_etl_dag.py for tasks to queue
[2022-07-13 08:30:42,363] {logging_mixin.py:115} INFO - [2022-07-13 08:30:42,363] {dagbag.py:508} INFO - Filling up the DagBag from /home/airflow/.local/lib/python3.7/site-packages/airflow/example_dags/tutorial_etl_dag.py
[2022-07-13 08:30:42,376] {processor.py:651} INFO - DAG(s) dict_keys(['tutorial_etl_dag']) retrieved from /home/airflow/.local/lib/python3.7/site-packages/airflow/example_dags/tutorial_etl_dag.py
[2022-07-13 08:30:42,415] {logging_mixin.py:115} INFO - [2022-07-13 08:30:42,415] {dag.py:2420} INFO - Sync 1 DAGs
[2022-07-13 08:30:42,447] {logging_mixin.py:115} INFO - [2022-07-13 08:30:42,447] {dag.py:2972} INFO - Setting next_dagrun for tutorial_etl_dag to None, run_after=None
[2022-07-13 08:30:42,470] {processor.py:161} INFO - Processing /home/airflow/.local/lib/python3.7/site-packages/airflow/example_dags/tutorial_etl_dag.py took 0.119 seconds
[2022-07-13 08:31:12,564] {processor.py:153} INFO - Started process (PID=561) to work on /home/airflow/.local/lib/python3.7/site-packages/airflow/example_dags/tutorial_etl_dag.py
[2022-07-13 08:31:12,566] {processor.py:641} INFO - Processing file /home/airflow/.local/lib/python3.7/site-packages/airflow/example_dags/tutorial_etl_dag.py for tasks to queue
[2022-07-13 08:31:12,568] {logging_mixin.py:115} INFO - [2022-07-13 08:31:12,568] {dagbag.py:508} INFO - Filling up the DagBag from /home/airflow/.local/lib/python3.7/site-packages/airflow/example_dags/tutorial_etl_dag.py
[2022-07-13 08:31:12,580] {processor.py:651} INFO - DAG(s) dict_keys(['tutorial_etl_dag']) retrieved from /home/airflow/.local/lib/python3.7/site-packages/airflow/example_dags/tutorial_etl_dag.py
[2022-07-13 08:31:12,617] {logging_mixin.py:115} INFO - [2022-07-13 08:31:12,617] {dag.py:2420} INFO - Sync 1 DAGs
[2022-07-13 08:31:12,647] {logging_mixin.py:115} INFO - [2022-07-13 08:31:12,647] {dag.py:2972} INFO - Setting next_dagrun for tutorial_etl_dag to None, run_after=None
[2022-07-13 08:31:12,669] {processor.py:161} INFO - Processing /home/airflow/.local/lib/python3.7/site-packages/airflow/example_dags/tutorial_etl_dag.py took 0.110 seconds
[2022-07-13 08:31:42,775] {processor.py:153} INFO - Started process (PID=749) to work on /home/airflow/.local/lib/python3.7/site-packages/airflow/example_dags/tutorial_etl_dag.py
[2022-07-13 08:31:42,777] {processor.py:641} INFO - Processing file /home/airflow/.local/lib/python3.7/site-packages/airflow/example_dags/tutorial_etl_dag.py for tasks to queue
[2022-07-13 08:31:42,779] {logging_mixin.py:115} INFO - [2022-07-13 08:31:42,779] {dagbag.py:508} INFO - Filling up the DagBag from /home/airflow/.local/lib/python3.7/site-packages/airflow/example_dags/tutorial_etl_dag.py
[2022-07-13 08:31:42,790] {processor.py:651} INFO - DAG(s) dict_keys(['tutorial_etl_dag']) retrieved from /home/airflow/.local/lib/python3.7/site-packages/airflow/example_dags/tutorial_etl_dag.py
[2022-07-13 08:31:42,826] {logging_mixin.py:115} INFO - [2022-07-13 08:31:42,826] {dag.py:2420} INFO - Sync 1 DAGs
[2022-07-13 08:31:42,856] {logging_mixin.py:115} INFO - [2022-07-13 08:31:42,856] {dag.py:2972} INFO - Setting next_dagrun for tutorial_etl_dag to None, run_after=None
[2022-07-13 08:31:42,876] {processor.py:161} INFO - Processing /home/airflow/.local/lib/python3.7/site-packages/airflow/example_dags/tutorial_etl_dag.py took 0.108 seconds
[2022-07-13 08:32:34,933] {processor.py:153} INFO - Started process (PID=167) to work on /home/airflow/.local/lib/python3.7/site-packages/airflow/example_dags/tutorial_etl_dag.py
[2022-07-13 08:32:34,934] {processor.py:641} INFO - Processing file /home/airflow/.local/lib/python3.7/site-packages/airflow/example_dags/tutorial_etl_dag.py for tasks to queue
[2022-07-13 08:32:34,938] {logging_mixin.py:115} INFO - [2022-07-13 08:32:34,938] {dagbag.py:508} INFO - Filling up the DagBag from /home/airflow/.local/lib/python3.7/site-packages/airflow/example_dags/tutorial_etl_dag.py
[2022-07-13 08:32:34,965] {processor.py:651} INFO - DAG(s) dict_keys(['tutorial_etl_dag']) retrieved from /home/airflow/.local/lib/python3.7/site-packages/airflow/example_dags/tutorial_etl_dag.py
[2022-07-13 08:32:35,025] {logging_mixin.py:115} INFO - [2022-07-13 08:32:35,025] {dag.py:2420} INFO - Sync 1 DAGs
[2022-07-13 08:32:35,074] {logging_mixin.py:115} INFO - [2022-07-13 08:32:35,073] {dag.py:2972} INFO - Setting next_dagrun for tutorial_etl_dag to None, run_after=None
[2022-07-13 08:32:35,100] {processor.py:161} INFO - Processing /home/airflow/.local/lib/python3.7/site-packages/airflow/example_dags/tutorial_etl_dag.py took 0.172 seconds
[2022-07-13 08:33:05,990] {processor.py:153} INFO - Started process (PID=365) to work on /home/airflow/.local/lib/python3.7/site-packages/airflow/example_dags/tutorial_etl_dag.py
[2022-07-13 08:33:05,991] {processor.py:641} INFO - Processing file /home/airflow/.local/lib/python3.7/site-packages/airflow/example_dags/tutorial_etl_dag.py for tasks to queue
[2022-07-13 08:33:05,993] {logging_mixin.py:115} INFO - [2022-07-13 08:33:05,992] {dagbag.py:508} INFO - Filling up the DagBag from /home/airflow/.local/lib/python3.7/site-packages/airflow/example_dags/tutorial_etl_dag.py
[2022-07-13 08:33:06,009] {processor.py:651} INFO - DAG(s) dict_keys(['tutorial_etl_dag']) retrieved from /home/airflow/.local/lib/python3.7/site-packages/airflow/example_dags/tutorial_etl_dag.py
[2022-07-13 08:33:06,063] {logging_mixin.py:115} INFO - [2022-07-13 08:33:06,063] {dag.py:2420} INFO - Sync 1 DAGs
[2022-07-13 08:33:06,096] {logging_mixin.py:115} INFO - [2022-07-13 08:33:06,096] {dag.py:2972} INFO - Setting next_dagrun for tutorial_etl_dag to None, run_after=None
[2022-07-13 08:33:06,120] {processor.py:161} INFO - Processing /home/airflow/.local/lib/python3.7/site-packages/airflow/example_dags/tutorial_etl_dag.py took 0.140 seconds
[2022-07-13 08:33:36,266] {processor.py:153} INFO - Started process (PID=553) to work on /home/airflow/.local/lib/python3.7/site-packages/airflow/example_dags/tutorial_etl_dag.py
[2022-07-13 08:33:36,267] {processor.py:641} INFO - Processing file /home/airflow/.local/lib/python3.7/site-packages/airflow/example_dags/tutorial_etl_dag.py for tasks to queue
[2022-07-13 08:33:36,270] {logging_mixin.py:115} INFO - [2022-07-13 08:33:36,269] {dagbag.py:508} INFO - Filling up the DagBag from /home/airflow/.local/lib/python3.7/site-packages/airflow/example_dags/tutorial_etl_dag.py
[2022-07-13 08:33:36,282] {processor.py:651} INFO - DAG(s) dict_keys(['tutorial_etl_dag']) retrieved from /home/airflow/.local/lib/python3.7/site-packages/airflow/example_dags/tutorial_etl_dag.py
[2022-07-13 08:33:36,323] {logging_mixin.py:115} INFO - [2022-07-13 08:33:36,323] {dag.py:2420} INFO - Sync 1 DAGs
[2022-07-13 08:33:36,357] {logging_mixin.py:115} INFO - [2022-07-13 08:33:36,357] {dag.py:2972} INFO - Setting next_dagrun for tutorial_etl_dag to None, run_after=None
[2022-07-13 08:33:36,377] {processor.py:161} INFO - Processing /home/airflow/.local/lib/python3.7/site-packages/airflow/example_dags/tutorial_etl_dag.py took 0.118 seconds
[2022-07-13 08:34:07,011] {processor.py:153} INFO - Started process (PID=750) to work on /home/airflow/.local/lib/python3.7/site-packages/airflow/example_dags/tutorial_etl_dag.py
[2022-07-13 08:34:07,013] {processor.py:641} INFO - Processing file /home/airflow/.local/lib/python3.7/site-packages/airflow/example_dags/tutorial_etl_dag.py for tasks to queue
[2022-07-13 08:34:07,015] {logging_mixin.py:115} INFO - [2022-07-13 08:34:07,015] {dagbag.py:508} INFO - Filling up the DagBag from /home/airflow/.local/lib/python3.7/site-packages/airflow/example_dags/tutorial_etl_dag.py
[2022-07-13 08:34:07,028] {processor.py:651} INFO - DAG(s) dict_keys(['tutorial_etl_dag']) retrieved from /home/airflow/.local/lib/python3.7/site-packages/airflow/example_dags/tutorial_etl_dag.py
[2022-07-13 08:34:07,078] {logging_mixin.py:115} INFO - [2022-07-13 08:34:07,078] {dag.py:2420} INFO - Sync 1 DAGs
[2022-07-13 08:34:07,127] {logging_mixin.py:115} INFO - [2022-07-13 08:34:07,126] {dag.py:2972} INFO - Setting next_dagrun for tutorial_etl_dag to None, run_after=None
[2022-07-13 08:34:07,155] {processor.py:161} INFO - Processing /home/airflow/.local/lib/python3.7/site-packages/airflow/example_dags/tutorial_etl_dag.py took 0.152 seconds
[2022-07-13 08:34:37,675] {processor.py:153} INFO - Started process (PID=938) to work on /home/airflow/.local/lib/python3.7/site-packages/airflow/example_dags/tutorial_etl_dag.py
[2022-07-13 08:34:37,677] {processor.py:641} INFO - Processing file /home/airflow/.local/lib/python3.7/site-packages/airflow/example_dags/tutorial_etl_dag.py for tasks to queue
[2022-07-13 08:34:37,679] {logging_mixin.py:115} INFO - [2022-07-13 08:34:37,678] {dagbag.py:508} INFO - Filling up the DagBag from /home/airflow/.local/lib/python3.7/site-packages/airflow/example_dags/tutorial_etl_dag.py
[2022-07-13 08:34:37,692] {processor.py:651} INFO - DAG(s) dict_keys(['tutorial_etl_dag']) retrieved from /home/airflow/.local/lib/python3.7/site-packages/airflow/example_dags/tutorial_etl_dag.py
[2022-07-13 08:34:37,735] {logging_mixin.py:115} INFO - [2022-07-13 08:34:37,735] {dag.py:2420} INFO - Sync 1 DAGs
[2022-07-13 08:34:37,768] {logging_mixin.py:115} INFO - [2022-07-13 08:34:37,768] {dag.py:2972} INFO - Setting next_dagrun for tutorial_etl_dag to None, run_after=None
[2022-07-13 08:34:37,789] {processor.py:161} INFO - Processing /home/airflow/.local/lib/python3.7/site-packages/airflow/example_dags/tutorial_etl_dag.py took 0.119 seconds
[2022-07-13 08:35:08,828] {processor.py:153} INFO - Started process (PID=1163) to work on /home/airflow/.local/lib/python3.7/site-packages/airflow/example_dags/tutorial_etl_dag.py
[2022-07-13 08:35:08,830] {processor.py:641} INFO - Processing file /home/airflow/.local/lib/python3.7/site-packages/airflow/example_dags/tutorial_etl_dag.py for tasks to queue
[2022-07-13 08:35:08,832] {logging_mixin.py:115} INFO - [2022-07-13 08:35:08,832] {dagbag.py:508} INFO - Filling up the DagBag from /home/airflow/.local/lib/python3.7/site-packages/airflow/example_dags/tutorial_etl_dag.py
[2022-07-13 08:35:08,844] {processor.py:651} INFO - DAG(s) dict_keys(['tutorial_etl_dag']) retrieved from /home/airflow/.local/lib/python3.7/site-packages/airflow/example_dags/tutorial_etl_dag.py
[2022-07-13 08:35:08,893] {logging_mixin.py:115} INFO - [2022-07-13 08:35:08,893] {dag.py:2420} INFO - Sync 1 DAGs
[2022-07-13 08:35:08,933] {logging_mixin.py:115} INFO - [2022-07-13 08:35:08,933] {dag.py:2972} INFO - Setting next_dagrun for tutorial_etl_dag to None, run_after=None
[2022-07-13 08:35:08,952] {processor.py:161} INFO - Processing /home/airflow/.local/lib/python3.7/site-packages/airflow/example_dags/tutorial_etl_dag.py took 0.129 seconds
[2022-07-13 08:35:39,887] {processor.py:153} INFO - Started process (PID=1360) to work on /home/airflow/.local/lib/python3.7/site-packages/airflow/example_dags/tutorial_etl_dag.py
[2022-07-13 08:35:39,889] {processor.py:641} INFO - Processing file /home/airflow/.local/lib/python3.7/site-packages/airflow/example_dags/tutorial_etl_dag.py for tasks to queue
[2022-07-13 08:35:39,891] {logging_mixin.py:115} INFO - [2022-07-13 08:35:39,890] {dagbag.py:508} INFO - Filling up the DagBag from /home/airflow/.local/lib/python3.7/site-packages/airflow/example_dags/tutorial_etl_dag.py
[2022-07-13 08:35:39,904] {processor.py:651} INFO - DAG(s) dict_keys(['tutorial_etl_dag']) retrieved from /home/airflow/.local/lib/python3.7/site-packages/airflow/example_dags/tutorial_etl_dag.py
[2022-07-13 08:35:39,945] {logging_mixin.py:115} INFO - [2022-07-13 08:35:39,945] {dag.py:2420} INFO - Sync 1 DAGs
[2022-07-13 08:35:39,981] {logging_mixin.py:115} INFO - [2022-07-13 08:35:39,981] {dag.py:2972} INFO - Setting next_dagrun for tutorial_etl_dag to None, run_after=None
[2022-07-13 08:35:40,001] {processor.py:161} INFO - Processing /home/airflow/.local/lib/python3.7/site-packages/airflow/example_dags/tutorial_etl_dag.py took 0.119 seconds
[2022-07-13 08:36:11,048] {processor.py:153} INFO - Started process (PID=1549) to work on /home/airflow/.local/lib/python3.7/site-packages/airflow/example_dags/tutorial_etl_dag.py
[2022-07-13 08:36:11,050] {processor.py:641} INFO - Processing file /home/airflow/.local/lib/python3.7/site-packages/airflow/example_dags/tutorial_etl_dag.py for tasks to queue
[2022-07-13 08:36:11,053] {logging_mixin.py:115} INFO - [2022-07-13 08:36:11,053] {dagbag.py:508} INFO - Filling up the DagBag from /home/airflow/.local/lib/python3.7/site-packages/airflow/example_dags/tutorial_etl_dag.py
[2022-07-13 08:36:11,068] {processor.py:651} INFO - DAG(s) dict_keys(['tutorial_etl_dag']) retrieved from /home/airflow/.local/lib/python3.7/site-packages/airflow/example_dags/tutorial_etl_dag.py
[2022-07-13 08:36:11,124] {logging_mixin.py:115} INFO - [2022-07-13 08:36:11,123] {dag.py:2420} INFO - Sync 1 DAGs
[2022-07-13 08:36:11,164] {logging_mixin.py:115} INFO - [2022-07-13 08:36:11,164] {dag.py:2972} INFO - Setting next_dagrun for tutorial_etl_dag to None, run_after=None
[2022-07-13 08:36:11,188] {processor.py:161} INFO - Processing /home/airflow/.local/lib/python3.7/site-packages/airflow/example_dags/tutorial_etl_dag.py took 0.151 seconds
[2022-07-13 08:36:41,789] {processor.py:153} INFO - Started process (PID=1747) to work on /home/airflow/.local/lib/python3.7/site-packages/airflow/example_dags/tutorial_etl_dag.py
[2022-07-13 08:36:41,791] {processor.py:641} INFO - Processing file /home/airflow/.local/lib/python3.7/site-packages/airflow/example_dags/tutorial_etl_dag.py for tasks to queue
[2022-07-13 08:36:41,794] {logging_mixin.py:115} INFO - [2022-07-13 08:36:41,793] {dagbag.py:508} INFO - Filling up the DagBag from /home/airflow/.local/lib/python3.7/site-packages/airflow/example_dags/tutorial_etl_dag.py
[2022-07-13 08:36:41,809] {processor.py:651} INFO - DAG(s) dict_keys(['tutorial_etl_dag']) retrieved from /home/airflow/.local/lib/python3.7/site-packages/airflow/example_dags/tutorial_etl_dag.py
[2022-07-13 08:36:41,856] {logging_mixin.py:115} INFO - [2022-07-13 08:36:41,856] {dag.py:2420} INFO - Sync 1 DAGs
[2022-07-13 08:36:41,895] {logging_mixin.py:115} INFO - [2022-07-13 08:36:41,894] {dag.py:2972} INFO - Setting next_dagrun for tutorial_etl_dag to None, run_after=None
[2022-07-13 08:36:41,917] {processor.py:161} INFO - Processing /home/airflow/.local/lib/python3.7/site-packages/airflow/example_dags/tutorial_etl_dag.py took 0.134 seconds
[2022-07-13 08:37:12,295] {processor.py:153} INFO - Started process (PID=1942) to work on /home/airflow/.local/lib/python3.7/site-packages/airflow/example_dags/tutorial_etl_dag.py
[2022-07-13 08:37:12,297] {processor.py:641} INFO - Processing file /home/airflow/.local/lib/python3.7/site-packages/airflow/example_dags/tutorial_etl_dag.py for tasks to queue
[2022-07-13 08:37:12,299] {logging_mixin.py:115} INFO - [2022-07-13 08:37:12,298] {dagbag.py:508} INFO - Filling up the DagBag from /home/airflow/.local/lib/python3.7/site-packages/airflow/example_dags/tutorial_etl_dag.py
[2022-07-13 08:37:12,317] {processor.py:651} INFO - DAG(s) dict_keys(['tutorial_etl_dag']) retrieved from /home/airflow/.local/lib/python3.7/site-packages/airflow/example_dags/tutorial_etl_dag.py
[2022-07-13 08:37:12,368] {logging_mixin.py:115} INFO - [2022-07-13 08:37:12,368] {dag.py:2420} INFO - Sync 1 DAGs
[2022-07-13 08:37:12,407] {logging_mixin.py:115} INFO - [2022-07-13 08:37:12,407] {dag.py:2972} INFO - Setting next_dagrun for tutorial_etl_dag to None, run_after=None
[2022-07-13 08:37:12,432] {processor.py:161} INFO - Processing /home/airflow/.local/lib/python3.7/site-packages/airflow/example_dags/tutorial_etl_dag.py took 0.142 seconds
[2022-07-13 08:37:43,384] {processor.py:153} INFO - Started process (PID=2132) to work on /home/airflow/.local/lib/python3.7/site-packages/airflow/example_dags/tutorial_etl_dag.py
[2022-07-13 08:37:43,385] {processor.py:641} INFO - Processing file /home/airflow/.local/lib/python3.7/site-packages/airflow/example_dags/tutorial_etl_dag.py for tasks to queue
[2022-07-13 08:37:43,387] {logging_mixin.py:115} INFO - [2022-07-13 08:37:43,386] {dagbag.py:508} INFO - Filling up the DagBag from /home/airflow/.local/lib/python3.7/site-packages/airflow/example_dags/tutorial_etl_dag.py
[2022-07-13 08:37:43,400] {processor.py:651} INFO - DAG(s) dict_keys(['tutorial_etl_dag']) retrieved from /home/airflow/.local/lib/python3.7/site-packages/airflow/example_dags/tutorial_etl_dag.py
[2022-07-13 08:37:43,444] {logging_mixin.py:115} INFO - [2022-07-13 08:37:43,444] {dag.py:2420} INFO - Sync 1 DAGs
[2022-07-13 08:37:43,484] {logging_mixin.py:115} INFO - [2022-07-13 08:37:43,484] {dag.py:2972} INFO - Setting next_dagrun for tutorial_etl_dag to None, run_after=None
[2022-07-13 08:37:43,528] {processor.py:161} INFO - Processing /home/airflow/.local/lib/python3.7/site-packages/airflow/example_dags/tutorial_etl_dag.py took 0.152 seconds
[2022-07-13 08:38:14,078] {processor.py:153} INFO - Started process (PID=2330) to work on /home/airflow/.local/lib/python3.7/site-packages/airflow/example_dags/tutorial_etl_dag.py
[2022-07-13 08:38:14,079] {processor.py:641} INFO - Processing file /home/airflow/.local/lib/python3.7/site-packages/airflow/example_dags/tutorial_etl_dag.py for tasks to queue
[2022-07-13 08:38:14,082] {logging_mixin.py:115} INFO - [2022-07-13 08:38:14,081] {dagbag.py:508} INFO - Filling up the DagBag from /home/airflow/.local/lib/python3.7/site-packages/airflow/example_dags/tutorial_etl_dag.py
[2022-07-13 08:38:14,098] {processor.py:651} INFO - DAG(s) dict_keys(['tutorial_etl_dag']) retrieved from /home/airflow/.local/lib/python3.7/site-packages/airflow/example_dags/tutorial_etl_dag.py
[2022-07-13 08:38:14,142] {logging_mixin.py:115} INFO - [2022-07-13 08:38:14,142] {dag.py:2420} INFO - Sync 1 DAGs
[2022-07-13 08:38:14,177] {logging_mixin.py:115} INFO - [2022-07-13 08:38:14,177] {dag.py:2972} INFO - Setting next_dagrun for tutorial_etl_dag to None, run_after=None
[2022-07-13 08:38:14,198] {processor.py:161} INFO - Processing /home/airflow/.local/lib/python3.7/site-packages/airflow/example_dags/tutorial_etl_dag.py took 0.128 seconds
[2022-07-13 08:38:44,814] {processor.py:153} INFO - Started process (PID=2518) to work on /home/airflow/.local/lib/python3.7/site-packages/airflow/example_dags/tutorial_etl_dag.py
[2022-07-13 08:38:44,817] {processor.py:641} INFO - Processing file /home/airflow/.local/lib/python3.7/site-packages/airflow/example_dags/tutorial_etl_dag.py for tasks to queue
[2022-07-13 08:38:44,820] {logging_mixin.py:115} INFO - [2022-07-13 08:38:44,819] {dagbag.py:508} INFO - Filling up the DagBag from /home/airflow/.local/lib/python3.7/site-packages/airflow/example_dags/tutorial_etl_dag.py
[2022-07-13 08:38:44,834] {processor.py:651} INFO - DAG(s) dict_keys(['tutorial_etl_dag']) retrieved from /home/airflow/.local/lib/python3.7/site-packages/airflow/example_dags/tutorial_etl_dag.py
[2022-07-13 08:38:44,877] {logging_mixin.py:115} INFO - [2022-07-13 08:38:44,877] {dag.py:2420} INFO - Sync 1 DAGs
[2022-07-13 08:38:44,912] {logging_mixin.py:115} INFO - [2022-07-13 08:38:44,912] {dag.py:2972} INFO - Setting next_dagrun for tutorial_etl_dag to None, run_after=None
[2022-07-13 08:38:44,933] {processor.py:161} INFO - Processing /home/airflow/.local/lib/python3.7/site-packages/airflow/example_dags/tutorial_etl_dag.py took 0.125 seconds
[2022-07-13 08:39:15,428] {processor.py:153} INFO - Started process (PID=2716) to work on /home/airflow/.local/lib/python3.7/site-packages/airflow/example_dags/tutorial_etl_dag.py
[2022-07-13 08:39:15,430] {processor.py:641} INFO - Processing file /home/airflow/.local/lib/python3.7/site-packages/airflow/example_dags/tutorial_etl_dag.py for tasks to queue
[2022-07-13 08:39:15,432] {logging_mixin.py:115} INFO - [2022-07-13 08:39:15,432] {dagbag.py:508} INFO - Filling up the DagBag from /home/airflow/.local/lib/python3.7/site-packages/airflow/example_dags/tutorial_etl_dag.py
[2022-07-13 08:39:15,452] {processor.py:651} INFO - DAG(s) dict_keys(['tutorial_etl_dag']) retrieved from /home/airflow/.local/lib/python3.7/site-packages/airflow/example_dags/tutorial_etl_dag.py
[2022-07-13 08:39:15,519] {logging_mixin.py:115} INFO - [2022-07-13 08:39:15,519] {dag.py:2420} INFO - Sync 1 DAGs
[2022-07-13 08:39:15,595] {logging_mixin.py:115} INFO - [2022-07-13 08:39:15,595] {dag.py:2972} INFO - Setting next_dagrun for tutorial_etl_dag to None, run_after=None
[2022-07-13 08:39:15,628] {processor.py:161} INFO - Processing /home/airflow/.local/lib/python3.7/site-packages/airflow/example_dags/tutorial_etl_dag.py took 0.210 seconds
[2022-07-13 08:39:46,397] {processor.py:153} INFO - Started process (PID=2904) to work on /home/airflow/.local/lib/python3.7/site-packages/airflow/example_dags/tutorial_etl_dag.py
[2022-07-13 08:39:46,399] {processor.py:641} INFO - Processing file /home/airflow/.local/lib/python3.7/site-packages/airflow/example_dags/tutorial_etl_dag.py for tasks to queue
[2022-07-13 08:39:46,401] {logging_mixin.py:115} INFO - [2022-07-13 08:39:46,401] {dagbag.py:508} INFO - Filling up the DagBag from /home/airflow/.local/lib/python3.7/site-packages/airflow/example_dags/tutorial_etl_dag.py
[2022-07-13 08:39:46,415] {processor.py:651} INFO - DAG(s) dict_keys(['tutorial_etl_dag']) retrieved from /home/airflow/.local/lib/python3.7/site-packages/airflow/example_dags/tutorial_etl_dag.py
[2022-07-13 08:39:46,456] {logging_mixin.py:115} INFO - [2022-07-13 08:39:46,456] {dag.py:2420} INFO - Sync 1 DAGs
[2022-07-13 08:39:46,492] {logging_mixin.py:115} INFO - [2022-07-13 08:39:46,492] {dag.py:2972} INFO - Setting next_dagrun for tutorial_etl_dag to None, run_after=None
[2022-07-13 08:39:46,512] {processor.py:161} INFO - Processing /home/airflow/.local/lib/python3.7/site-packages/airflow/example_dags/tutorial_etl_dag.py took 0.123 seconds
[2022-07-13 08:40:17,158] {processor.py:153} INFO - Started process (PID=3100) to work on /home/airflow/.local/lib/python3.7/site-packages/airflow/example_dags/tutorial_etl_dag.py
[2022-07-13 08:40:17,160] {processor.py:641} INFO - Processing file /home/airflow/.local/lib/python3.7/site-packages/airflow/example_dags/tutorial_etl_dag.py for tasks to queue
[2022-07-13 08:40:17,161] {logging_mixin.py:115} INFO - [2022-07-13 08:40:17,161] {dagbag.py:508} INFO - Filling up the DagBag from /home/airflow/.local/lib/python3.7/site-packages/airflow/example_dags/tutorial_etl_dag.py
[2022-07-13 08:40:17,175] {processor.py:651} INFO - DAG(s) dict_keys(['tutorial_etl_dag']) retrieved from /home/airflow/.local/lib/python3.7/site-packages/airflow/example_dags/tutorial_etl_dag.py
[2022-07-13 08:40:17,225] {logging_mixin.py:115} INFO - [2022-07-13 08:40:17,225] {dag.py:2420} INFO - Sync 1 DAGs
[2022-07-13 08:40:17,291] {logging_mixin.py:115} INFO - [2022-07-13 08:40:17,290] {dag.py:2972} INFO - Setting next_dagrun for tutorial_etl_dag to None, run_after=None
[2022-07-13 08:40:17,331] {processor.py:161} INFO - Processing /home/airflow/.local/lib/python3.7/site-packages/airflow/example_dags/tutorial_etl_dag.py took 0.180 seconds
[2022-07-13 08:40:48,073] {processor.py:153} INFO - Started process (PID=3288) to work on /home/airflow/.local/lib/python3.7/site-packages/airflow/example_dags/tutorial_etl_dag.py
[2022-07-13 08:40:48,075] {processor.py:641} INFO - Processing file /home/airflow/.local/lib/python3.7/site-packages/airflow/example_dags/tutorial_etl_dag.py for tasks to queue
[2022-07-13 08:40:48,077] {logging_mixin.py:115} INFO - [2022-07-13 08:40:48,077] {dagbag.py:508} INFO - Filling up the DagBag from /home/airflow/.local/lib/python3.7/site-packages/airflow/example_dags/tutorial_etl_dag.py
[2022-07-13 08:40:48,093] {processor.py:651} INFO - DAG(s) dict_keys(['tutorial_etl_dag']) retrieved from /home/airflow/.local/lib/python3.7/site-packages/airflow/example_dags/tutorial_etl_dag.py
[2022-07-13 08:40:48,139] {logging_mixin.py:115} INFO - [2022-07-13 08:40:48,139] {dag.py:2420} INFO - Sync 1 DAGs
[2022-07-13 08:40:48,176] {logging_mixin.py:115} INFO - [2022-07-13 08:40:48,176] {dag.py:2972} INFO - Setting next_dagrun for tutorial_etl_dag to None, run_after=None
[2022-07-13 08:40:48,198] {processor.py:161} INFO - Processing /home/airflow/.local/lib/python3.7/site-packages/airflow/example_dags/tutorial_etl_dag.py took 0.131 seconds
[2022-07-13 08:41:19,015] {processor.py:153} INFO - Started process (PID=3487) to work on /home/airflow/.local/lib/python3.7/site-packages/airflow/example_dags/tutorial_etl_dag.py
[2022-07-13 08:41:19,017] {processor.py:641} INFO - Processing file /home/airflow/.local/lib/python3.7/site-packages/airflow/example_dags/tutorial_etl_dag.py for tasks to queue
[2022-07-13 08:41:19,020] {logging_mixin.py:115} INFO - [2022-07-13 08:41:19,020] {dagbag.py:508} INFO - Filling up the DagBag from /home/airflow/.local/lib/python3.7/site-packages/airflow/example_dags/tutorial_etl_dag.py
[2022-07-13 08:41:19,039] {processor.py:651} INFO - DAG(s) dict_keys(['tutorial_etl_dag']) retrieved from /home/airflow/.local/lib/python3.7/site-packages/airflow/example_dags/tutorial_etl_dag.py
[2022-07-13 08:41:19,090] {logging_mixin.py:115} INFO - [2022-07-13 08:41:19,090] {dag.py:2420} INFO - Sync 1 DAGs
[2022-07-13 08:41:19,138] {logging_mixin.py:115} INFO - [2022-07-13 08:41:19,138] {dag.py:2972} INFO - Setting next_dagrun for tutorial_etl_dag to None, run_after=None
[2022-07-13 08:41:19,165] {processor.py:161} INFO - Processing /home/airflow/.local/lib/python3.7/site-packages/airflow/example_dags/tutorial_etl_dag.py took 0.157 seconds
[2022-07-13 08:41:49,689] {processor.py:153} INFO - Started process (PID=3686) to work on /home/airflow/.local/lib/python3.7/site-packages/airflow/example_dags/tutorial_etl_dag.py
[2022-07-13 08:41:49,691] {processor.py:641} INFO - Processing file /home/airflow/.local/lib/python3.7/site-packages/airflow/example_dags/tutorial_etl_dag.py for tasks to queue
[2022-07-13 08:41:49,693] {logging_mixin.py:115} INFO - [2022-07-13 08:41:49,693] {dagbag.py:508} INFO - Filling up the DagBag from /home/airflow/.local/lib/python3.7/site-packages/airflow/example_dags/tutorial_etl_dag.py
[2022-07-13 08:41:49,707] {processor.py:651} INFO - DAG(s) dict_keys(['tutorial_etl_dag']) retrieved from /home/airflow/.local/lib/python3.7/site-packages/airflow/example_dags/tutorial_etl_dag.py
[2022-07-13 08:41:49,756] {logging_mixin.py:115} INFO - [2022-07-13 08:41:49,756] {dag.py:2420} INFO - Sync 1 DAGs
[2022-07-13 08:41:49,794] {logging_mixin.py:115} INFO - [2022-07-13 08:41:49,794] {dag.py:2972} INFO - Setting next_dagrun for tutorial_etl_dag to None, run_after=None
[2022-07-13 08:41:49,823] {processor.py:161} INFO - Processing /home/airflow/.local/lib/python3.7/site-packages/airflow/example_dags/tutorial_etl_dag.py took 0.141 seconds
[2022-07-13 08:42:20,355] {processor.py:153} INFO - Started process (PID=3875) to work on /home/airflow/.local/lib/python3.7/site-packages/airflow/example_dags/tutorial_etl_dag.py
[2022-07-13 08:42:20,356] {processor.py:641} INFO - Processing file /home/airflow/.local/lib/python3.7/site-packages/airflow/example_dags/tutorial_etl_dag.py for tasks to queue
[2022-07-13 08:42:20,358] {logging_mixin.py:115} INFO - [2022-07-13 08:42:20,358] {dagbag.py:508} INFO - Filling up the DagBag from /home/airflow/.local/lib/python3.7/site-packages/airflow/example_dags/tutorial_etl_dag.py
[2022-07-13 08:42:20,373] {processor.py:651} INFO - DAG(s) dict_keys(['tutorial_etl_dag']) retrieved from /home/airflow/.local/lib/python3.7/site-packages/airflow/example_dags/tutorial_etl_dag.py
[2022-07-13 08:42:20,414] {logging_mixin.py:115} INFO - [2022-07-13 08:42:20,414] {dag.py:2420} INFO - Sync 1 DAGs
[2022-07-13 08:42:20,449] {logging_mixin.py:115} INFO - [2022-07-13 08:42:20,449] {dag.py:2972} INFO - Setting next_dagrun for tutorial_etl_dag to None, run_after=None
[2022-07-13 08:42:20,471] {processor.py:161} INFO - Processing /home/airflow/.local/lib/python3.7/site-packages/airflow/example_dags/tutorial_etl_dag.py took 0.122 seconds
[2022-07-13 08:42:51,163] {processor.py:153} INFO - Started process (PID=4073) to work on /home/airflow/.local/lib/python3.7/site-packages/airflow/example_dags/tutorial_etl_dag.py
[2022-07-13 08:42:51,165] {processor.py:641} INFO - Processing file /home/airflow/.local/lib/python3.7/site-packages/airflow/example_dags/tutorial_etl_dag.py for tasks to queue
[2022-07-13 08:42:51,167] {logging_mixin.py:115} INFO - [2022-07-13 08:42:51,167] {dagbag.py:508} INFO - Filling up the DagBag from /home/airflow/.local/lib/python3.7/site-packages/airflow/example_dags/tutorial_etl_dag.py
[2022-07-13 08:42:51,180] {processor.py:651} INFO - DAG(s) dict_keys(['tutorial_etl_dag']) retrieved from /home/airflow/.local/lib/python3.7/site-packages/airflow/example_dags/tutorial_etl_dag.py
[2022-07-13 08:42:51,229] {logging_mixin.py:115} INFO - [2022-07-13 08:42:51,229] {dag.py:2420} INFO - Sync 1 DAGs
[2022-07-13 08:42:51,263] {logging_mixin.py:115} INFO - [2022-07-13 08:42:51,263] {dag.py:2972} INFO - Setting next_dagrun for tutorial_etl_dag to None, run_after=None
[2022-07-13 08:42:51,284] {processor.py:161} INFO - Processing /home/airflow/.local/lib/python3.7/site-packages/airflow/example_dags/tutorial_etl_dag.py took 0.127 seconds
[2022-07-13 08:43:21,582] {processor.py:153} INFO - Started process (PID=4262) to work on /home/airflow/.local/lib/python3.7/site-packages/airflow/example_dags/tutorial_etl_dag.py
[2022-07-13 08:43:21,584] {processor.py:641} INFO - Processing file /home/airflow/.local/lib/python3.7/site-packages/airflow/example_dags/tutorial_etl_dag.py for tasks to queue
[2022-07-13 08:43:21,586] {logging_mixin.py:115} INFO - [2022-07-13 08:43:21,586] {dagbag.py:508} INFO - Filling up the DagBag from /home/airflow/.local/lib/python3.7/site-packages/airflow/example_dags/tutorial_etl_dag.py
[2022-07-13 08:43:21,599] {processor.py:651} INFO - DAG(s) dict_keys(['tutorial_etl_dag']) retrieved from /home/airflow/.local/lib/python3.7/site-packages/airflow/example_dags/tutorial_etl_dag.py
[2022-07-13 08:43:21,647] {logging_mixin.py:115} INFO - [2022-07-13 08:43:21,646] {dag.py:2420} INFO - Sync 1 DAGs
[2022-07-13 08:43:21,682] {logging_mixin.py:115} INFO - [2022-07-13 08:43:21,681] {dag.py:2972} INFO - Setting next_dagrun for tutorial_etl_dag to None, run_after=None
[2022-07-13 08:43:21,704] {processor.py:161} INFO - Processing /home/airflow/.local/lib/python3.7/site-packages/airflow/example_dags/tutorial_etl_dag.py took 0.129 seconds
[2022-07-13 08:43:52,053] {processor.py:153} INFO - Started process (PID=4461) to work on /home/airflow/.local/lib/python3.7/site-packages/airflow/example_dags/tutorial_etl_dag.py
[2022-07-13 08:43:52,056] {processor.py:641} INFO - Processing file /home/airflow/.local/lib/python3.7/site-packages/airflow/example_dags/tutorial_etl_dag.py for tasks to queue
[2022-07-13 08:43:52,058] {logging_mixin.py:115} INFO - [2022-07-13 08:43:52,058] {dagbag.py:508} INFO - Filling up the DagBag from /home/airflow/.local/lib/python3.7/site-packages/airflow/example_dags/tutorial_etl_dag.py
[2022-07-13 08:43:52,071] {processor.py:651} INFO - DAG(s) dict_keys(['tutorial_etl_dag']) retrieved from /home/airflow/.local/lib/python3.7/site-packages/airflow/example_dags/tutorial_etl_dag.py
[2022-07-13 08:43:52,121] {logging_mixin.py:115} INFO - [2022-07-13 08:43:52,121] {dag.py:2420} INFO - Sync 1 DAGs
[2022-07-13 08:43:52,166] {logging_mixin.py:115} INFO - [2022-07-13 08:43:52,165] {dag.py:2972} INFO - Setting next_dagrun for tutorial_etl_dag to None, run_after=None
[2022-07-13 08:43:52,190] {processor.py:161} INFO - Processing /home/airflow/.local/lib/python3.7/site-packages/airflow/example_dags/tutorial_etl_dag.py took 0.144 seconds
[2022-07-13 08:44:22,931] {processor.py:153} INFO - Started process (PID=4650) to work on /home/airflow/.local/lib/python3.7/site-packages/airflow/example_dags/tutorial_etl_dag.py
[2022-07-13 08:44:22,933] {processor.py:641} INFO - Processing file /home/airflow/.local/lib/python3.7/site-packages/airflow/example_dags/tutorial_etl_dag.py for tasks to queue
[2022-07-13 08:44:22,935] {logging_mixin.py:115} INFO - [2022-07-13 08:44:22,935] {dagbag.py:508} INFO - Filling up the DagBag from /home/airflow/.local/lib/python3.7/site-packages/airflow/example_dags/tutorial_etl_dag.py
[2022-07-13 08:44:22,948] {processor.py:651} INFO - DAG(s) dict_keys(['tutorial_etl_dag']) retrieved from /home/airflow/.local/lib/python3.7/site-packages/airflow/example_dags/tutorial_etl_dag.py
[2022-07-13 08:44:22,993] {logging_mixin.py:115} INFO - [2022-07-13 08:44:22,992] {dag.py:2420} INFO - Sync 1 DAGs
[2022-07-13 08:44:23,033] {logging_mixin.py:115} INFO - [2022-07-13 08:44:23,033] {dag.py:2972} INFO - Setting next_dagrun for tutorial_etl_dag to None, run_after=None
[2022-07-13 08:44:23,052] {processor.py:161} INFO - Processing /home/airflow/.local/lib/python3.7/site-packages/airflow/example_dags/tutorial_etl_dag.py took 0.128 seconds
[2022-07-13 08:44:53,258] {processor.py:153} INFO - Started process (PID=4848) to work on /home/airflow/.local/lib/python3.7/site-packages/airflow/example_dags/tutorial_etl_dag.py
[2022-07-13 08:44:53,260] {processor.py:641} INFO - Processing file /home/airflow/.local/lib/python3.7/site-packages/airflow/example_dags/tutorial_etl_dag.py for tasks to queue
[2022-07-13 08:44:53,262] {logging_mixin.py:115} INFO - [2022-07-13 08:44:53,262] {dagbag.py:508} INFO - Filling up the DagBag from /home/airflow/.local/lib/python3.7/site-packages/airflow/example_dags/tutorial_etl_dag.py
[2022-07-13 08:44:53,275] {processor.py:651} INFO - DAG(s) dict_keys(['tutorial_etl_dag']) retrieved from /home/airflow/.local/lib/python3.7/site-packages/airflow/example_dags/tutorial_etl_dag.py
[2022-07-13 08:44:53,319] {logging_mixin.py:115} INFO - [2022-07-13 08:44:53,319] {dag.py:2420} INFO - Sync 1 DAGs
[2022-07-13 08:44:53,355] {logging_mixin.py:115} INFO - [2022-07-13 08:44:53,355] {dag.py:2972} INFO - Setting next_dagrun for tutorial_etl_dag to None, run_after=None
[2022-07-13 08:44:53,375] {processor.py:161} INFO - Processing /home/airflow/.local/lib/python3.7/site-packages/airflow/example_dags/tutorial_etl_dag.py took 0.126 seconds
[2022-07-13 08:45:23,556] {processor.py:153} INFO - Started process (PID=5036) to work on /home/airflow/.local/lib/python3.7/site-packages/airflow/example_dags/tutorial_etl_dag.py
[2022-07-13 08:45:23,561] {processor.py:641} INFO - Processing file /home/airflow/.local/lib/python3.7/site-packages/airflow/example_dags/tutorial_etl_dag.py for tasks to queue
[2022-07-13 08:45:23,565] {logging_mixin.py:115} INFO - [2022-07-13 08:45:23,565] {dagbag.py:508} INFO - Filling up the DagBag from /home/airflow/.local/lib/python3.7/site-packages/airflow/example_dags/tutorial_etl_dag.py
[2022-07-13 08:45:23,580] {processor.py:651} INFO - DAG(s) dict_keys(['tutorial_etl_dag']) retrieved from /home/airflow/.local/lib/python3.7/site-packages/airflow/example_dags/tutorial_etl_dag.py
[2022-07-13 08:45:23,621] {logging_mixin.py:115} INFO - [2022-07-13 08:45:23,621] {dag.py:2420} INFO - Sync 1 DAGs
[2022-07-13 08:45:23,658] {logging_mixin.py:115} INFO - [2022-07-13 08:45:23,658] {dag.py:2972} INFO - Setting next_dagrun for tutorial_etl_dag to None, run_after=None
[2022-07-13 08:45:23,677] {processor.py:161} INFO - Processing /home/airflow/.local/lib/python3.7/site-packages/airflow/example_dags/tutorial_etl_dag.py took 0.133 seconds
[2022-07-13 08:45:53,918] {processor.py:153} INFO - Started process (PID=5234) to work on /home/airflow/.local/lib/python3.7/site-packages/airflow/example_dags/tutorial_etl_dag.py
[2022-07-13 08:45:53,919] {processor.py:641} INFO - Processing file /home/airflow/.local/lib/python3.7/site-packages/airflow/example_dags/tutorial_etl_dag.py for tasks to queue
[2022-07-13 08:45:53,921] {logging_mixin.py:115} INFO - [2022-07-13 08:45:53,921] {dagbag.py:508} INFO - Filling up the DagBag from /home/airflow/.local/lib/python3.7/site-packages/airflow/example_dags/tutorial_etl_dag.py
[2022-07-13 08:45:53,935] {processor.py:651} INFO - DAG(s) dict_keys(['tutorial_etl_dag']) retrieved from /home/airflow/.local/lib/python3.7/site-packages/airflow/example_dags/tutorial_etl_dag.py
[2022-07-13 08:45:53,979] {logging_mixin.py:115} INFO - [2022-07-13 08:45:53,979] {dag.py:2420} INFO - Sync 1 DAGs
[2022-07-13 08:45:54,020] {logging_mixin.py:115} INFO - [2022-07-13 08:45:54,020] {dag.py:2972} INFO - Setting next_dagrun for tutorial_etl_dag to None, run_after=None
[2022-07-13 08:45:54,046] {processor.py:161} INFO - Processing /home/airflow/.local/lib/python3.7/site-packages/airflow/example_dags/tutorial_etl_dag.py took 0.135 seconds
[2022-07-13 08:46:24,992] {processor.py:153} INFO - Started process (PID=5422) to work on /home/airflow/.local/lib/python3.7/site-packages/airflow/example_dags/tutorial_etl_dag.py
[2022-07-13 08:46:24,993] {processor.py:641} INFO - Processing file /home/airflow/.local/lib/python3.7/site-packages/airflow/example_dags/tutorial_etl_dag.py for tasks to queue
[2022-07-13 08:46:24,997] {logging_mixin.py:115} INFO - [2022-07-13 08:46:24,996] {dagbag.py:508} INFO - Filling up the DagBag from /home/airflow/.local/lib/python3.7/site-packages/airflow/example_dags/tutorial_etl_dag.py
[2022-07-13 08:46:25,009] {processor.py:651} INFO - DAG(s) dict_keys(['tutorial_etl_dag']) retrieved from /home/airflow/.local/lib/python3.7/site-packages/airflow/example_dags/tutorial_etl_dag.py
[2022-07-13 08:46:25,056] {logging_mixin.py:115} INFO - [2022-07-13 08:46:25,056] {dag.py:2420} INFO - Sync 1 DAGs
[2022-07-13 08:46:25,095] {logging_mixin.py:115} INFO - [2022-07-13 08:46:25,094] {dag.py:2972} INFO - Setting next_dagrun for tutorial_etl_dag to None, run_after=None
[2022-07-13 08:46:25,115] {processor.py:161} INFO - Processing /home/airflow/.local/lib/python3.7/site-packages/airflow/example_dags/tutorial_etl_dag.py took 0.134 seconds
[2022-07-13 08:46:56,083] {processor.py:153} INFO - Started process (PID=5620) to work on /home/airflow/.local/lib/python3.7/site-packages/airflow/example_dags/tutorial_etl_dag.py
[2022-07-13 08:46:56,085] {processor.py:641} INFO - Processing file /home/airflow/.local/lib/python3.7/site-packages/airflow/example_dags/tutorial_etl_dag.py for tasks to queue
[2022-07-13 08:46:56,088] {logging_mixin.py:115} INFO - [2022-07-13 08:46:56,088] {dagbag.py:508} INFO - Filling up the DagBag from /home/airflow/.local/lib/python3.7/site-packages/airflow/example_dags/tutorial_etl_dag.py
[2022-07-13 08:46:56,101] {processor.py:651} INFO - DAG(s) dict_keys(['tutorial_etl_dag']) retrieved from /home/airflow/.local/lib/python3.7/site-packages/airflow/example_dags/tutorial_etl_dag.py
[2022-07-13 08:46:56,151] {logging_mixin.py:115} INFO - [2022-07-13 08:46:56,151] {dag.py:2420} INFO - Sync 1 DAGs
[2022-07-13 08:46:56,193] {logging_mixin.py:115} INFO - [2022-07-13 08:46:56,192] {dag.py:2972} INFO - Setting next_dagrun for tutorial_etl_dag to None, run_after=None
[2022-07-13 08:46:56,215] {processor.py:161} INFO - Processing /home/airflow/.local/lib/python3.7/site-packages/airflow/example_dags/tutorial_etl_dag.py took 0.137 seconds
