[2022-07-13 08:30:12,518] {processor.py:153} INFO - Started process (PID=202) to work on /home/airflow/.local/lib/python3.7/site-packages/airflow/example_dags/tutorial_taskflow_api_etl.py
[2022-07-13 08:30:12,520] {processor.py:641} INFO - Processing file /home/airflow/.local/lib/python3.7/site-packages/airflow/example_dags/tutorial_taskflow_api_etl.py for tasks to queue
[2022-07-13 08:30:12,522] {logging_mixin.py:115} INFO - [2022-07-13 08:30:12,522] {dagbag.py:508} INFO - Filling up the DagBag from /home/airflow/.local/lib/python3.7/site-packages/airflow/example_dags/tutorial_taskflow_api_etl.py
[2022-07-13 08:30:12,558] {processor.py:651} INFO - DAG(s) dict_keys(['tutorial_taskflow_api_etl']) retrieved from /home/airflow/.local/lib/python3.7/site-packages/airflow/example_dags/tutorial_taskflow_api_etl.py
[2022-07-13 08:30:12,743] {logging_mixin.py:115} INFO - [2022-07-13 08:30:12,743] {manager.py:508} INFO - Created Permission View: can edit on DAG:tutorial_taskflow_api_etl
[2022-07-13 08:30:12,770] {logging_mixin.py:115} INFO - [2022-07-13 08:30:12,770] {manager.py:508} INFO - Created Permission View: can read on DAG:tutorial_taskflow_api_etl
[2022-07-13 08:30:12,788] {logging_mixin.py:115} INFO - [2022-07-13 08:30:12,788] {manager.py:508} INFO - Created Permission View: can delete on DAG:tutorial_taskflow_api_etl
[2022-07-13 08:30:12,790] {logging_mixin.py:115} INFO - [2022-07-13 08:30:12,789] {dag.py:2420} INFO - Sync 1 DAGs
[2022-07-13 08:30:12,807] {logging_mixin.py:115} INFO - [2022-07-13 08:30:12,807] {dag.py:2439} INFO - Creating ORM DAG for tutorial_taskflow_api_etl
[2022-07-13 08:30:12,846] {logging_mixin.py:115} INFO - [2022-07-13 08:30:12,846] {dag.py:2972} INFO - Setting next_dagrun for tutorial_taskflow_api_etl to None, run_after=None
[2022-07-13 08:30:12,870] {processor.py:161} INFO - Processing /home/airflow/.local/lib/python3.7/site-packages/airflow/example_dags/tutorial_taskflow_api_etl.py took 0.360 seconds
[2022-07-13 08:30:42,931] {processor.py:153} INFO - Started process (PID=393) to work on /home/airflow/.local/lib/python3.7/site-packages/airflow/example_dags/tutorial_taskflow_api_etl.py
[2022-07-13 08:30:42,937] {processor.py:641} INFO - Processing file /home/airflow/.local/lib/python3.7/site-packages/airflow/example_dags/tutorial_taskflow_api_etl.py for tasks to queue
[2022-07-13 08:30:42,940] {logging_mixin.py:115} INFO - [2022-07-13 08:30:42,939] {dagbag.py:508} INFO - Filling up the DagBag from /home/airflow/.local/lib/python3.7/site-packages/airflow/example_dags/tutorial_taskflow_api_etl.py
[2022-07-13 08:30:42,976] {processor.py:651} INFO - DAG(s) dict_keys(['tutorial_taskflow_api_etl']) retrieved from /home/airflow/.local/lib/python3.7/site-packages/airflow/example_dags/tutorial_taskflow_api_etl.py
[2022-07-13 08:30:43,070] {logging_mixin.py:115} INFO - [2022-07-13 08:30:43,070] {dag.py:2420} INFO - Sync 1 DAGs
[2022-07-13 08:30:43,095] {logging_mixin.py:115} INFO - [2022-07-13 08:30:43,095] {dag.py:2972} INFO - Setting next_dagrun for tutorial_taskflow_api_etl to None, run_after=None
[2022-07-13 08:30:43,114] {processor.py:161} INFO - Processing /home/airflow/.local/lib/python3.7/site-packages/airflow/example_dags/tutorial_taskflow_api_etl.py took 0.198 seconds
[2022-07-13 08:31:13,226] {processor.py:153} INFO - Started process (PID=591) to work on /home/airflow/.local/lib/python3.7/site-packages/airflow/example_dags/tutorial_taskflow_api_etl.py
[2022-07-13 08:31:13,228] {processor.py:641} INFO - Processing file /home/airflow/.local/lib/python3.7/site-packages/airflow/example_dags/tutorial_taskflow_api_etl.py for tasks to queue
[2022-07-13 08:31:13,230] {logging_mixin.py:115} INFO - [2022-07-13 08:31:13,229] {dagbag.py:508} INFO - Filling up the DagBag from /home/airflow/.local/lib/python3.7/site-packages/airflow/example_dags/tutorial_taskflow_api_etl.py
[2022-07-13 08:31:13,280] {processor.py:651} INFO - DAG(s) dict_keys(['tutorial_taskflow_api_etl']) retrieved from /home/airflow/.local/lib/python3.7/site-packages/airflow/example_dags/tutorial_taskflow_api_etl.py
[2022-07-13 08:31:13,372] {logging_mixin.py:115} INFO - [2022-07-13 08:31:13,372] {dag.py:2420} INFO - Sync 1 DAGs
[2022-07-13 08:31:13,402] {logging_mixin.py:115} INFO - [2022-07-13 08:31:13,402] {dag.py:2972} INFO - Setting next_dagrun for tutorial_taskflow_api_etl to None, run_after=None
[2022-07-13 08:31:13,420] {processor.py:161} INFO - Processing /home/airflow/.local/lib/python3.7/site-packages/airflow/example_dags/tutorial_taskflow_api_etl.py took 0.200 seconds
[2022-07-13 08:31:43,761] {processor.py:153} INFO - Started process (PID=786) to work on /home/airflow/.local/lib/python3.7/site-packages/airflow/example_dags/tutorial_taskflow_api_etl.py
[2022-07-13 08:31:43,763] {processor.py:641} INFO - Processing file /home/airflow/.local/lib/python3.7/site-packages/airflow/example_dags/tutorial_taskflow_api_etl.py for tasks to queue
[2022-07-13 08:31:43,765] {logging_mixin.py:115} INFO - [2022-07-13 08:31:43,765] {dagbag.py:508} INFO - Filling up the DagBag from /home/airflow/.local/lib/python3.7/site-packages/airflow/example_dags/tutorial_taskflow_api_etl.py
[2022-07-13 08:31:43,796] {processor.py:651} INFO - DAG(s) dict_keys(['tutorial_taskflow_api_etl']) retrieved from /home/airflow/.local/lib/python3.7/site-packages/airflow/example_dags/tutorial_taskflow_api_etl.py
[2022-07-13 08:31:43,926] {logging_mixin.py:115} INFO - [2022-07-13 08:31:43,926] {dag.py:2420} INFO - Sync 1 DAGs
[2022-07-13 08:31:43,954] {logging_mixin.py:115} INFO - [2022-07-13 08:31:43,954] {dag.py:2972} INFO - Setting next_dagrun for tutorial_taskflow_api_etl to None, run_after=None
[2022-07-13 08:31:43,976] {processor.py:161} INFO - Processing /home/airflow/.local/lib/python3.7/site-packages/airflow/example_dags/tutorial_taskflow_api_etl.py took 0.220 seconds
[2022-07-13 08:32:35,656] {processor.py:153} INFO - Started process (PID=195) to work on /home/airflow/.local/lib/python3.7/site-packages/airflow/example_dags/tutorial_taskflow_api_etl.py
[2022-07-13 08:32:35,658] {processor.py:641} INFO - Processing file /home/airflow/.local/lib/python3.7/site-packages/airflow/example_dags/tutorial_taskflow_api_etl.py for tasks to queue
[2022-07-13 08:32:35,659] {logging_mixin.py:115} INFO - [2022-07-13 08:32:35,659] {dagbag.py:508} INFO - Filling up the DagBag from /home/airflow/.local/lib/python3.7/site-packages/airflow/example_dags/tutorial_taskflow_api_etl.py
[2022-07-13 08:32:35,698] {processor.py:651} INFO - DAG(s) dict_keys(['tutorial_taskflow_api_etl']) retrieved from /home/airflow/.local/lib/python3.7/site-packages/airflow/example_dags/tutorial_taskflow_api_etl.py
[2022-07-13 08:32:35,816] {logging_mixin.py:115} INFO - [2022-07-13 08:32:35,815] {dag.py:2420} INFO - Sync 1 DAGs
[2022-07-13 08:32:35,847] {logging_mixin.py:115} INFO - [2022-07-13 08:32:35,847] {dag.py:2972} INFO - Setting next_dagrun for tutorial_taskflow_api_etl to None, run_after=None
[2022-07-13 08:32:35,870] {processor.py:161} INFO - Processing /home/airflow/.local/lib/python3.7/site-packages/airflow/example_dags/tutorial_taskflow_api_etl.py took 0.223 seconds
[2022-07-13 08:33:06,772] {processor.py:153} INFO - Started process (PID=393) to work on /home/airflow/.local/lib/python3.7/site-packages/airflow/example_dags/tutorial_taskflow_api_etl.py
[2022-07-13 08:33:06,774] {processor.py:641} INFO - Processing file /home/airflow/.local/lib/python3.7/site-packages/airflow/example_dags/tutorial_taskflow_api_etl.py for tasks to queue
[2022-07-13 08:33:06,776] {logging_mixin.py:115} INFO - [2022-07-13 08:33:06,776] {dagbag.py:508} INFO - Filling up the DagBag from /home/airflow/.local/lib/python3.7/site-packages/airflow/example_dags/tutorial_taskflow_api_etl.py
[2022-07-13 08:33:06,807] {processor.py:651} INFO - DAG(s) dict_keys(['tutorial_taskflow_api_etl']) retrieved from /home/airflow/.local/lib/python3.7/site-packages/airflow/example_dags/tutorial_taskflow_api_etl.py
[2022-07-13 08:33:06,912] {logging_mixin.py:115} INFO - [2022-07-13 08:33:06,912] {dag.py:2420} INFO - Sync 1 DAGs
[2022-07-13 08:33:06,959] {logging_mixin.py:115} INFO - [2022-07-13 08:33:06,959] {dag.py:2972} INFO - Setting next_dagrun for tutorial_taskflow_api_etl to None, run_after=None
[2022-07-13 08:33:06,993] {processor.py:161} INFO - Processing /home/airflow/.local/lib/python3.7/site-packages/airflow/example_dags/tutorial_taskflow_api_etl.py took 0.228 seconds
[2022-07-13 08:33:38,175] {processor.py:153} INFO - Started process (PID=589) to work on /home/airflow/.local/lib/python3.7/site-packages/airflow/example_dags/tutorial_taskflow_api_etl.py
[2022-07-13 08:33:38,178] {processor.py:641} INFO - Processing file /home/airflow/.local/lib/python3.7/site-packages/airflow/example_dags/tutorial_taskflow_api_etl.py for tasks to queue
[2022-07-13 08:33:38,184] {logging_mixin.py:115} INFO - [2022-07-13 08:33:38,183] {dagbag.py:508} INFO - Filling up the DagBag from /home/airflow/.local/lib/python3.7/site-packages/airflow/example_dags/tutorial_taskflow_api_etl.py
[2022-07-13 08:33:38,233] {processor.py:651} INFO - DAG(s) dict_keys(['tutorial_taskflow_api_etl']) retrieved from /home/airflow/.local/lib/python3.7/site-packages/airflow/example_dags/tutorial_taskflow_api_etl.py
[2022-07-13 08:33:38,376] {logging_mixin.py:115} INFO - [2022-07-13 08:33:38,376] {dag.py:2420} INFO - Sync 1 DAGs
[2022-07-13 08:33:38,411] {logging_mixin.py:115} INFO - [2022-07-13 08:33:38,411] {dag.py:2972} INFO - Setting next_dagrun for tutorial_taskflow_api_etl to None, run_after=None
[2022-07-13 08:33:38,434] {processor.py:161} INFO - Processing /home/airflow/.local/lib/python3.7/site-packages/airflow/example_dags/tutorial_taskflow_api_etl.py took 0.289 seconds
[2022-07-13 08:34:08,721] {processor.py:153} INFO - Started process (PID=780) to work on /home/airflow/.local/lib/python3.7/site-packages/airflow/example_dags/tutorial_taskflow_api_etl.py
[2022-07-13 08:34:08,723] {processor.py:641} INFO - Processing file /home/airflow/.local/lib/python3.7/site-packages/airflow/example_dags/tutorial_taskflow_api_etl.py for tasks to queue
[2022-07-13 08:34:08,726] {logging_mixin.py:115} INFO - [2022-07-13 08:34:08,726] {dagbag.py:508} INFO - Filling up the DagBag from /home/airflow/.local/lib/python3.7/site-packages/airflow/example_dags/tutorial_taskflow_api_etl.py
[2022-07-13 08:34:08,755] {processor.py:651} INFO - DAG(s) dict_keys(['tutorial_taskflow_api_etl']) retrieved from /home/airflow/.local/lib/python3.7/site-packages/airflow/example_dags/tutorial_taskflow_api_etl.py
[2022-07-13 08:34:08,875] {logging_mixin.py:115} INFO - [2022-07-13 08:34:08,875] {dag.py:2420} INFO - Sync 1 DAGs
[2022-07-13 08:34:08,912] {logging_mixin.py:115} INFO - [2022-07-13 08:34:08,912] {dag.py:2972} INFO - Setting next_dagrun for tutorial_taskflow_api_etl to None, run_after=None
[2022-07-13 08:34:08,937] {processor.py:161} INFO - Processing /home/airflow/.local/lib/python3.7/site-packages/airflow/example_dags/tutorial_taskflow_api_etl.py took 0.221 seconds
[2022-07-13 08:34:39,328] {processor.py:153} INFO - Started process (PID=966) to work on /home/airflow/.local/lib/python3.7/site-packages/airflow/example_dags/tutorial_taskflow_api_etl.py
[2022-07-13 08:34:39,330] {processor.py:641} INFO - Processing file /home/airflow/.local/lib/python3.7/site-packages/airflow/example_dags/tutorial_taskflow_api_etl.py for tasks to queue
[2022-07-13 08:34:39,334] {logging_mixin.py:115} INFO - [2022-07-13 08:34:39,334] {dagbag.py:508} INFO - Filling up the DagBag from /home/airflow/.local/lib/python3.7/site-packages/airflow/example_dags/tutorial_taskflow_api_etl.py
[2022-07-13 08:34:39,376] {processor.py:651} INFO - DAG(s) dict_keys(['tutorial_taskflow_api_etl']) retrieved from /home/airflow/.local/lib/python3.7/site-packages/airflow/example_dags/tutorial_taskflow_api_etl.py
[2022-07-13 08:34:39,529] {logging_mixin.py:115} INFO - [2022-07-13 08:34:39,529] {dag.py:2420} INFO - Sync 1 DAGs
[2022-07-13 08:34:39,568] {logging_mixin.py:115} INFO - [2022-07-13 08:34:39,568] {dag.py:2972} INFO - Setting next_dagrun for tutorial_taskflow_api_etl to None, run_after=None
[2022-07-13 08:34:39,595] {processor.py:161} INFO - Processing /home/airflow/.local/lib/python3.7/site-packages/airflow/example_dags/tutorial_taskflow_api_etl.py took 0.280 seconds
[2022-07-13 08:35:10,587] {processor.py:153} INFO - Started process (PID=1197) to work on /home/airflow/.local/lib/python3.7/site-packages/airflow/example_dags/tutorial_taskflow_api_etl.py
[2022-07-13 08:35:10,589] {processor.py:641} INFO - Processing file /home/airflow/.local/lib/python3.7/site-packages/airflow/example_dags/tutorial_taskflow_api_etl.py for tasks to queue
[2022-07-13 08:35:10,591] {logging_mixin.py:115} INFO - [2022-07-13 08:35:10,591] {dagbag.py:508} INFO - Filling up the DagBag from /home/airflow/.local/lib/python3.7/site-packages/airflow/example_dags/tutorial_taskflow_api_etl.py
[2022-07-13 08:35:10,630] {processor.py:651} INFO - DAG(s) dict_keys(['tutorial_taskflow_api_etl']) retrieved from /home/airflow/.local/lib/python3.7/site-packages/airflow/example_dags/tutorial_taskflow_api_etl.py
[2022-07-13 08:35:10,772] {logging_mixin.py:115} INFO - [2022-07-13 08:35:10,771] {dag.py:2420} INFO - Sync 1 DAGs
[2022-07-13 08:35:10,838] {logging_mixin.py:115} INFO - [2022-07-13 08:35:10,838] {dag.py:2972} INFO - Setting next_dagrun for tutorial_taskflow_api_etl to None, run_after=None
[2022-07-13 08:35:10,872] {processor.py:161} INFO - Processing /home/airflow/.local/lib/python3.7/site-packages/airflow/example_dags/tutorial_taskflow_api_etl.py took 0.295 seconds
[2022-07-13 08:35:41,563] {processor.py:153} INFO - Started process (PID=1388) to work on /home/airflow/.local/lib/python3.7/site-packages/airflow/example_dags/tutorial_taskflow_api_etl.py
[2022-07-13 08:35:41,565] {processor.py:641} INFO - Processing file /home/airflow/.local/lib/python3.7/site-packages/airflow/example_dags/tutorial_taskflow_api_etl.py for tasks to queue
[2022-07-13 08:35:41,567] {logging_mixin.py:115} INFO - [2022-07-13 08:35:41,567] {dagbag.py:508} INFO - Filling up the DagBag from /home/airflow/.local/lib/python3.7/site-packages/airflow/example_dags/tutorial_taskflow_api_etl.py
[2022-07-13 08:35:41,597] {processor.py:651} INFO - DAG(s) dict_keys(['tutorial_taskflow_api_etl']) retrieved from /home/airflow/.local/lib/python3.7/site-packages/airflow/example_dags/tutorial_taskflow_api_etl.py
[2022-07-13 08:35:41,721] {logging_mixin.py:115} INFO - [2022-07-13 08:35:41,721] {dag.py:2420} INFO - Sync 1 DAGs
[2022-07-13 08:35:41,761] {logging_mixin.py:115} INFO - [2022-07-13 08:35:41,761] {dag.py:2972} INFO - Setting next_dagrun for tutorial_taskflow_api_etl to None, run_after=None
[2022-07-13 08:35:41,795] {processor.py:161} INFO - Processing /home/airflow/.local/lib/python3.7/site-packages/airflow/example_dags/tutorial_taskflow_api_etl.py took 0.238 seconds
[2022-07-13 08:36:12,577] {processor.py:153} INFO - Started process (PID=1586) to work on /home/airflow/.local/lib/python3.7/site-packages/airflow/example_dags/tutorial_taskflow_api_etl.py
[2022-07-13 08:36:12,589] {processor.py:641} INFO - Processing file /home/airflow/.local/lib/python3.7/site-packages/airflow/example_dags/tutorial_taskflow_api_etl.py for tasks to queue
[2022-07-13 08:36:12,592] {logging_mixin.py:115} INFO - [2022-07-13 08:36:12,591] {dagbag.py:508} INFO - Filling up the DagBag from /home/airflow/.local/lib/python3.7/site-packages/airflow/example_dags/tutorial_taskflow_api_etl.py
[2022-07-13 08:36:12,635] {processor.py:651} INFO - DAG(s) dict_keys(['tutorial_taskflow_api_etl']) retrieved from /home/airflow/.local/lib/python3.7/site-packages/airflow/example_dags/tutorial_taskflow_api_etl.py
[2022-07-13 08:36:12,719] {logging_mixin.py:115} INFO - [2022-07-13 08:36:12,719] {dag.py:2420} INFO - Sync 1 DAGs
[2022-07-13 08:36:12,764] {logging_mixin.py:115} INFO - [2022-07-13 08:36:12,764] {dag.py:2972} INFO - Setting next_dagrun for tutorial_taskflow_api_etl to None, run_after=None
[2022-07-13 08:36:12,802] {processor.py:161} INFO - Processing /home/airflow/.local/lib/python3.7/site-packages/airflow/example_dags/tutorial_taskflow_api_etl.py took 0.239 seconds
[2022-07-13 08:36:43,413] {processor.py:153} INFO - Started process (PID=1776) to work on /home/airflow/.local/lib/python3.7/site-packages/airflow/example_dags/tutorial_taskflow_api_etl.py
[2022-07-13 08:36:43,415] {processor.py:641} INFO - Processing file /home/airflow/.local/lib/python3.7/site-packages/airflow/example_dags/tutorial_taskflow_api_etl.py for tasks to queue
[2022-07-13 08:36:43,418] {logging_mixin.py:115} INFO - [2022-07-13 08:36:43,418] {dagbag.py:508} INFO - Filling up the DagBag from /home/airflow/.local/lib/python3.7/site-packages/airflow/example_dags/tutorial_taskflow_api_etl.py
[2022-07-13 08:36:43,449] {processor.py:651} INFO - DAG(s) dict_keys(['tutorial_taskflow_api_etl']) retrieved from /home/airflow/.local/lib/python3.7/site-packages/airflow/example_dags/tutorial_taskflow_api_etl.py
[2022-07-13 08:36:43,599] {logging_mixin.py:115} INFO - [2022-07-13 08:36:43,598] {dag.py:2420} INFO - Sync 1 DAGs
[2022-07-13 08:36:43,652] {logging_mixin.py:115} INFO - [2022-07-13 08:36:43,652] {dag.py:2972} INFO - Setting next_dagrun for tutorial_taskflow_api_etl to None, run_after=None
[2022-07-13 08:36:43,679] {processor.py:161} INFO - Processing /home/airflow/.local/lib/python3.7/site-packages/airflow/example_dags/tutorial_taskflow_api_etl.py took 0.272 seconds
[2022-07-13 08:37:14,090] {processor.py:153} INFO - Started process (PID=1974) to work on /home/airflow/.local/lib/python3.7/site-packages/airflow/example_dags/tutorial_taskflow_api_etl.py
[2022-07-13 08:37:14,092] {processor.py:641} INFO - Processing file /home/airflow/.local/lib/python3.7/site-packages/airflow/example_dags/tutorial_taskflow_api_etl.py for tasks to queue
[2022-07-13 08:37:14,094] {logging_mixin.py:115} INFO - [2022-07-13 08:37:14,094] {dagbag.py:508} INFO - Filling up the DagBag from /home/airflow/.local/lib/python3.7/site-packages/airflow/example_dags/tutorial_taskflow_api_etl.py
[2022-07-13 08:37:14,123] {processor.py:651} INFO - DAG(s) dict_keys(['tutorial_taskflow_api_etl']) retrieved from /home/airflow/.local/lib/python3.7/site-packages/airflow/example_dags/tutorial_taskflow_api_etl.py
[2022-07-13 08:37:14,222] {logging_mixin.py:115} INFO - [2022-07-13 08:37:14,222] {dag.py:2420} INFO - Sync 1 DAGs
[2022-07-13 08:37:14,253] {logging_mixin.py:115} INFO - [2022-07-13 08:37:14,253] {dag.py:2972} INFO - Setting next_dagrun for tutorial_taskflow_api_etl to None, run_after=None
[2022-07-13 08:37:14,280] {processor.py:161} INFO - Processing /home/airflow/.local/lib/python3.7/site-packages/airflow/example_dags/tutorial_taskflow_api_etl.py took 0.195 seconds
[2022-07-13 08:37:45,037] {processor.py:153} INFO - Started process (PID=2160) to work on /home/airflow/.local/lib/python3.7/site-packages/airflow/example_dags/tutorial_taskflow_api_etl.py
[2022-07-13 08:37:45,039] {processor.py:641} INFO - Processing file /home/airflow/.local/lib/python3.7/site-packages/airflow/example_dags/tutorial_taskflow_api_etl.py for tasks to queue
[2022-07-13 08:37:45,041] {logging_mixin.py:115} INFO - [2022-07-13 08:37:45,041] {dagbag.py:508} INFO - Filling up the DagBag from /home/airflow/.local/lib/python3.7/site-packages/airflow/example_dags/tutorial_taskflow_api_etl.py
[2022-07-13 08:37:45,074] {processor.py:651} INFO - DAG(s) dict_keys(['tutorial_taskflow_api_etl']) retrieved from /home/airflow/.local/lib/python3.7/site-packages/airflow/example_dags/tutorial_taskflow_api_etl.py
[2022-07-13 08:37:45,134] {logging_mixin.py:115} INFO - [2022-07-13 08:37:45,134] {dag.py:2420} INFO - Sync 1 DAGs
[2022-07-13 08:37:45,187] {logging_mixin.py:115} INFO - [2022-07-13 08:37:45,187] {dag.py:2972} INFO - Setting next_dagrun for tutorial_taskflow_api_etl to None, run_after=None
[2022-07-13 08:37:45,227] {processor.py:161} INFO - Processing /home/airflow/.local/lib/python3.7/site-packages/airflow/example_dags/tutorial_taskflow_api_etl.py took 0.196 seconds
[2022-07-13 08:38:15,749] {processor.py:153} INFO - Started process (PID=2358) to work on /home/airflow/.local/lib/python3.7/site-packages/airflow/example_dags/tutorial_taskflow_api_etl.py
[2022-07-13 08:38:15,751] {processor.py:641} INFO - Processing file /home/airflow/.local/lib/python3.7/site-packages/airflow/example_dags/tutorial_taskflow_api_etl.py for tasks to queue
[2022-07-13 08:38:15,754] {logging_mixin.py:115} INFO - [2022-07-13 08:38:15,754] {dagbag.py:508} INFO - Filling up the DagBag from /home/airflow/.local/lib/python3.7/site-packages/airflow/example_dags/tutorial_taskflow_api_etl.py
[2022-07-13 08:38:15,787] {processor.py:651} INFO - DAG(s) dict_keys(['tutorial_taskflow_api_etl']) retrieved from /home/airflow/.local/lib/python3.7/site-packages/airflow/example_dags/tutorial_taskflow_api_etl.py
[2022-07-13 08:38:15,930] {logging_mixin.py:115} INFO - [2022-07-13 08:38:15,930] {dag.py:2420} INFO - Sync 1 DAGs
[2022-07-13 08:38:15,983] {logging_mixin.py:115} INFO - [2022-07-13 08:38:15,983] {dag.py:2972} INFO - Setting next_dagrun for tutorial_taskflow_api_etl to None, run_after=None
[2022-07-13 08:38:16,014] {processor.py:161} INFO - Processing /home/airflow/.local/lib/python3.7/site-packages/airflow/example_dags/tutorial_taskflow_api_etl.py took 0.271 seconds
[2022-07-13 08:38:46,365] {processor.py:153} INFO - Started process (PID=2546) to work on /home/airflow/.local/lib/python3.7/site-packages/airflow/example_dags/tutorial_taskflow_api_etl.py
[2022-07-13 08:38:46,367] {processor.py:641} INFO - Processing file /home/airflow/.local/lib/python3.7/site-packages/airflow/example_dags/tutorial_taskflow_api_etl.py for tasks to queue
[2022-07-13 08:38:46,369] {logging_mixin.py:115} INFO - [2022-07-13 08:38:46,368] {dagbag.py:508} INFO - Filling up the DagBag from /home/airflow/.local/lib/python3.7/site-packages/airflow/example_dags/tutorial_taskflow_api_etl.py
[2022-07-13 08:38:46,395] {processor.py:651} INFO - DAG(s) dict_keys(['tutorial_taskflow_api_etl']) retrieved from /home/airflow/.local/lib/python3.7/site-packages/airflow/example_dags/tutorial_taskflow_api_etl.py
[2022-07-13 08:38:46,506] {logging_mixin.py:115} INFO - [2022-07-13 08:38:46,506] {dag.py:2420} INFO - Sync 1 DAGs
[2022-07-13 08:38:46,543] {logging_mixin.py:115} INFO - [2022-07-13 08:38:46,543] {dag.py:2972} INFO - Setting next_dagrun for tutorial_taskflow_api_etl to None, run_after=None
[2022-07-13 08:38:46,573] {processor.py:161} INFO - Processing /home/airflow/.local/lib/python3.7/site-packages/airflow/example_dags/tutorial_taskflow_api_etl.py took 0.214 seconds
[2022-07-13 08:39:16,917] {processor.py:153} INFO - Started process (PID=2744) to work on /home/airflow/.local/lib/python3.7/site-packages/airflow/example_dags/tutorial_taskflow_api_etl.py
[2022-07-13 08:39:16,919] {processor.py:641} INFO - Processing file /home/airflow/.local/lib/python3.7/site-packages/airflow/example_dags/tutorial_taskflow_api_etl.py for tasks to queue
[2022-07-13 08:39:16,921] {logging_mixin.py:115} INFO - [2022-07-13 08:39:16,921] {dagbag.py:508} INFO - Filling up the DagBag from /home/airflow/.local/lib/python3.7/site-packages/airflow/example_dags/tutorial_taskflow_api_etl.py
[2022-07-13 08:39:16,953] {processor.py:651} INFO - DAG(s) dict_keys(['tutorial_taskflow_api_etl']) retrieved from /home/airflow/.local/lib/python3.7/site-packages/airflow/example_dags/tutorial_taskflow_api_etl.py
[2022-07-13 08:39:17,083] {logging_mixin.py:115} INFO - [2022-07-13 08:39:17,082] {dag.py:2420} INFO - Sync 1 DAGs
[2022-07-13 08:39:17,128] {logging_mixin.py:115} INFO - [2022-07-13 08:39:17,128] {dag.py:2972} INFO - Setting next_dagrun for tutorial_taskflow_api_etl to None, run_after=None
[2022-07-13 08:39:17,173] {processor.py:161} INFO - Processing /home/airflow/.local/lib/python3.7/site-packages/airflow/example_dags/tutorial_taskflow_api_etl.py took 0.263 seconds
[2022-07-13 08:39:48,006] {processor.py:153} INFO - Started process (PID=2932) to work on /home/airflow/.local/lib/python3.7/site-packages/airflow/example_dags/tutorial_taskflow_api_etl.py
[2022-07-13 08:39:48,009] {processor.py:641} INFO - Processing file /home/airflow/.local/lib/python3.7/site-packages/airflow/example_dags/tutorial_taskflow_api_etl.py for tasks to queue
[2022-07-13 08:39:48,011] {logging_mixin.py:115} INFO - [2022-07-13 08:39:48,011] {dagbag.py:508} INFO - Filling up the DagBag from /home/airflow/.local/lib/python3.7/site-packages/airflow/example_dags/tutorial_taskflow_api_etl.py
[2022-07-13 08:39:48,048] {processor.py:651} INFO - DAG(s) dict_keys(['tutorial_taskflow_api_etl']) retrieved from /home/airflow/.local/lib/python3.7/site-packages/airflow/example_dags/tutorial_taskflow_api_etl.py
[2022-07-13 08:39:48,170] {logging_mixin.py:115} INFO - [2022-07-13 08:39:48,169] {dag.py:2420} INFO - Sync 1 DAGs
[2022-07-13 08:39:48,233] {logging_mixin.py:115} INFO - [2022-07-13 08:39:48,232] {dag.py:2972} INFO - Setting next_dagrun for tutorial_taskflow_api_etl to None, run_after=None
[2022-07-13 08:39:48,255] {processor.py:161} INFO - Processing /home/airflow/.local/lib/python3.7/site-packages/airflow/example_dags/tutorial_taskflow_api_etl.py took 0.255 seconds
[2022-07-13 08:40:18,946] {processor.py:153} INFO - Started process (PID=3130) to work on /home/airflow/.local/lib/python3.7/site-packages/airflow/example_dags/tutorial_taskflow_api_etl.py
[2022-07-13 08:40:18,948] {processor.py:641} INFO - Processing file /home/airflow/.local/lib/python3.7/site-packages/airflow/example_dags/tutorial_taskflow_api_etl.py for tasks to queue
[2022-07-13 08:40:18,950] {logging_mixin.py:115} INFO - [2022-07-13 08:40:18,950] {dagbag.py:508} INFO - Filling up the DagBag from /home/airflow/.local/lib/python3.7/site-packages/airflow/example_dags/tutorial_taskflow_api_etl.py
[2022-07-13 08:40:18,983] {processor.py:651} INFO - DAG(s) dict_keys(['tutorial_taskflow_api_etl']) retrieved from /home/airflow/.local/lib/python3.7/site-packages/airflow/example_dags/tutorial_taskflow_api_etl.py
[2022-07-13 08:40:19,094] {logging_mixin.py:115} INFO - [2022-07-13 08:40:19,094] {dag.py:2420} INFO - Sync 1 DAGs
[2022-07-13 08:40:19,131] {logging_mixin.py:115} INFO - [2022-07-13 08:40:19,131] {dag.py:2972} INFO - Setting next_dagrun for tutorial_taskflow_api_etl to None, run_after=None
[2022-07-13 08:40:19,155] {processor.py:161} INFO - Processing /home/airflow/.local/lib/python3.7/site-packages/airflow/example_dags/tutorial_taskflow_api_etl.py took 0.216 seconds
[2022-07-13 08:40:49,676] {processor.py:153} INFO - Started process (PID=3326) to work on /home/airflow/.local/lib/python3.7/site-packages/airflow/example_dags/tutorial_taskflow_api_etl.py
[2022-07-13 08:40:49,678] {processor.py:641} INFO - Processing file /home/airflow/.local/lib/python3.7/site-packages/airflow/example_dags/tutorial_taskflow_api_etl.py for tasks to queue
[2022-07-13 08:40:49,680] {logging_mixin.py:115} INFO - [2022-07-13 08:40:49,680] {dagbag.py:508} INFO - Filling up the DagBag from /home/airflow/.local/lib/python3.7/site-packages/airflow/example_dags/tutorial_taskflow_api_etl.py
[2022-07-13 08:40:49,711] {processor.py:651} INFO - DAG(s) dict_keys(['tutorial_taskflow_api_etl']) retrieved from /home/airflow/.local/lib/python3.7/site-packages/airflow/example_dags/tutorial_taskflow_api_etl.py
[2022-07-13 08:40:49,843] {logging_mixin.py:115} INFO - [2022-07-13 08:40:49,843] {dag.py:2420} INFO - Sync 1 DAGs
[2022-07-13 08:40:49,880] {logging_mixin.py:115} INFO - [2022-07-13 08:40:49,880] {dag.py:2972} INFO - Setting next_dagrun for tutorial_taskflow_api_etl to None, run_after=None
[2022-07-13 08:40:49,905] {processor.py:161} INFO - Processing /home/airflow/.local/lib/python3.7/site-packages/airflow/example_dags/tutorial_taskflow_api_etl.py took 0.237 seconds
[2022-07-13 08:41:20,676] {processor.py:153} INFO - Started process (PID=3515) to work on /home/airflow/.local/lib/python3.7/site-packages/airflow/example_dags/tutorial_taskflow_api_etl.py
[2022-07-13 08:41:20,678] {processor.py:641} INFO - Processing file /home/airflow/.local/lib/python3.7/site-packages/airflow/example_dags/tutorial_taskflow_api_etl.py for tasks to queue
[2022-07-13 08:41:20,680] {logging_mixin.py:115} INFO - [2022-07-13 08:41:20,680] {dagbag.py:508} INFO - Filling up the DagBag from /home/airflow/.local/lib/python3.7/site-packages/airflow/example_dags/tutorial_taskflow_api_etl.py
[2022-07-13 08:41:20,707] {processor.py:651} INFO - DAG(s) dict_keys(['tutorial_taskflow_api_etl']) retrieved from /home/airflow/.local/lib/python3.7/site-packages/airflow/example_dags/tutorial_taskflow_api_etl.py
[2022-07-13 08:41:20,813] {logging_mixin.py:115} INFO - [2022-07-13 08:41:20,813] {dag.py:2420} INFO - Sync 1 DAGs
[2022-07-13 08:41:20,852] {logging_mixin.py:115} INFO - [2022-07-13 08:41:20,851] {dag.py:2972} INFO - Setting next_dagrun for tutorial_taskflow_api_etl to None, run_after=None
[2022-07-13 08:41:20,880] {processor.py:161} INFO - Processing /home/airflow/.local/lib/python3.7/site-packages/airflow/example_dags/tutorial_taskflow_api_etl.py took 0.216 seconds
[2022-07-13 08:41:51,280] {processor.py:153} INFO - Started process (PID=3714) to work on /home/airflow/.local/lib/python3.7/site-packages/airflow/example_dags/tutorial_taskflow_api_etl.py
[2022-07-13 08:41:51,282] {processor.py:641} INFO - Processing file /home/airflow/.local/lib/python3.7/site-packages/airflow/example_dags/tutorial_taskflow_api_etl.py for tasks to queue
[2022-07-13 08:41:51,284] {logging_mixin.py:115} INFO - [2022-07-13 08:41:51,284] {dagbag.py:508} INFO - Filling up the DagBag from /home/airflow/.local/lib/python3.7/site-packages/airflow/example_dags/tutorial_taskflow_api_etl.py
[2022-07-13 08:41:51,312] {processor.py:651} INFO - DAG(s) dict_keys(['tutorial_taskflow_api_etl']) retrieved from /home/airflow/.local/lib/python3.7/site-packages/airflow/example_dags/tutorial_taskflow_api_etl.py
[2022-07-13 08:41:51,431] {logging_mixin.py:115} INFO - [2022-07-13 08:41:51,431] {dag.py:2420} INFO - Sync 1 DAGs
[2022-07-13 08:41:51,478] {logging_mixin.py:115} INFO - [2022-07-13 08:41:51,478] {dag.py:2972} INFO - Setting next_dagrun for tutorial_taskflow_api_etl to None, run_after=None
[2022-07-13 08:41:51,513] {processor.py:161} INFO - Processing /home/airflow/.local/lib/python3.7/site-packages/airflow/example_dags/tutorial_taskflow_api_etl.py took 0.239 seconds
[2022-07-13 08:42:22,034] {processor.py:153} INFO - Started process (PID=3908) to work on /home/airflow/.local/lib/python3.7/site-packages/airflow/example_dags/tutorial_taskflow_api_etl.py
[2022-07-13 08:42:22,035] {processor.py:641} INFO - Processing file /home/airflow/.local/lib/python3.7/site-packages/airflow/example_dags/tutorial_taskflow_api_etl.py for tasks to queue
[2022-07-13 08:42:22,037] {logging_mixin.py:115} INFO - [2022-07-13 08:42:22,037] {dagbag.py:508} INFO - Filling up the DagBag from /home/airflow/.local/lib/python3.7/site-packages/airflow/example_dags/tutorial_taskflow_api_etl.py
[2022-07-13 08:42:22,064] {processor.py:651} INFO - DAG(s) dict_keys(['tutorial_taskflow_api_etl']) retrieved from /home/airflow/.local/lib/python3.7/site-packages/airflow/example_dags/tutorial_taskflow_api_etl.py
[2022-07-13 08:42:22,175] {logging_mixin.py:115} INFO - [2022-07-13 08:42:22,175] {dag.py:2420} INFO - Sync 1 DAGs
[2022-07-13 08:42:22,211] {logging_mixin.py:115} INFO - [2022-07-13 08:42:22,211] {dag.py:2972} INFO - Setting next_dagrun for tutorial_taskflow_api_etl to None, run_after=None
[2022-07-13 08:42:22,233] {processor.py:161} INFO - Processing /home/airflow/.local/lib/python3.7/site-packages/airflow/example_dags/tutorial_taskflow_api_etl.py took 0.205 seconds
[2022-07-13 08:42:52,805] {processor.py:153} INFO - Started process (PID=4103) to work on /home/airflow/.local/lib/python3.7/site-packages/airflow/example_dags/tutorial_taskflow_api_etl.py
[2022-07-13 08:42:52,806] {processor.py:641} INFO - Processing file /home/airflow/.local/lib/python3.7/site-packages/airflow/example_dags/tutorial_taskflow_api_etl.py for tasks to queue
[2022-07-13 08:42:52,808] {logging_mixin.py:115} INFO - [2022-07-13 08:42:52,807] {dagbag.py:508} INFO - Filling up the DagBag from /home/airflow/.local/lib/python3.7/site-packages/airflow/example_dags/tutorial_taskflow_api_etl.py
[2022-07-13 08:42:52,834] {processor.py:651} INFO - DAG(s) dict_keys(['tutorial_taskflow_api_etl']) retrieved from /home/airflow/.local/lib/python3.7/site-packages/airflow/example_dags/tutorial_taskflow_api_etl.py
[2022-07-13 08:42:52,930] {logging_mixin.py:115} INFO - [2022-07-13 08:42:52,930] {dag.py:2420} INFO - Sync 1 DAGs
[2022-07-13 08:42:52,962] {logging_mixin.py:115} INFO - [2022-07-13 08:42:52,962] {dag.py:2972} INFO - Setting next_dagrun for tutorial_taskflow_api_etl to None, run_after=None
[2022-07-13 08:42:52,987] {processor.py:161} INFO - Processing /home/airflow/.local/lib/python3.7/site-packages/airflow/example_dags/tutorial_taskflow_api_etl.py took 0.187 seconds
[2022-07-13 08:43:23,224] {processor.py:153} INFO - Started process (PID=4292) to work on /home/airflow/.local/lib/python3.7/site-packages/airflow/example_dags/tutorial_taskflow_api_etl.py
[2022-07-13 08:43:23,226] {processor.py:641} INFO - Processing file /home/airflow/.local/lib/python3.7/site-packages/airflow/example_dags/tutorial_taskflow_api_etl.py for tasks to queue
[2022-07-13 08:43:23,228] {logging_mixin.py:115} INFO - [2022-07-13 08:43:23,228] {dagbag.py:508} INFO - Filling up the DagBag from /home/airflow/.local/lib/python3.7/site-packages/airflow/example_dags/tutorial_taskflow_api_etl.py
[2022-07-13 08:43:23,255] {processor.py:651} INFO - DAG(s) dict_keys(['tutorial_taskflow_api_etl']) retrieved from /home/airflow/.local/lib/python3.7/site-packages/airflow/example_dags/tutorial_taskflow_api_etl.py
[2022-07-13 08:43:23,350] {logging_mixin.py:115} INFO - [2022-07-13 08:43:23,350] {dag.py:2420} INFO - Sync 1 DAGs
[2022-07-13 08:43:23,382] {logging_mixin.py:115} INFO - [2022-07-13 08:43:23,382] {dag.py:2972} INFO - Setting next_dagrun for tutorial_taskflow_api_etl to None, run_after=None
[2022-07-13 08:43:23,406] {processor.py:161} INFO - Processing /home/airflow/.local/lib/python3.7/site-packages/airflow/example_dags/tutorial_taskflow_api_etl.py took 0.186 seconds
[2022-07-13 08:43:53,808] {processor.py:153} INFO - Started process (PID=4491) to work on /home/airflow/.local/lib/python3.7/site-packages/airflow/example_dags/tutorial_taskflow_api_etl.py
[2022-07-13 08:43:53,810] {processor.py:641} INFO - Processing file /home/airflow/.local/lib/python3.7/site-packages/airflow/example_dags/tutorial_taskflow_api_etl.py for tasks to queue
[2022-07-13 08:43:53,812] {logging_mixin.py:115} INFO - [2022-07-13 08:43:53,812] {dagbag.py:508} INFO - Filling up the DagBag from /home/airflow/.local/lib/python3.7/site-packages/airflow/example_dags/tutorial_taskflow_api_etl.py
[2022-07-13 08:43:53,842] {processor.py:651} INFO - DAG(s) dict_keys(['tutorial_taskflow_api_etl']) retrieved from /home/airflow/.local/lib/python3.7/site-packages/airflow/example_dags/tutorial_taskflow_api_etl.py
[2022-07-13 08:43:53,953] {logging_mixin.py:115} INFO - [2022-07-13 08:43:53,953] {dag.py:2420} INFO - Sync 1 DAGs
[2022-07-13 08:43:53,991] {logging_mixin.py:115} INFO - [2022-07-13 08:43:53,990] {dag.py:2972} INFO - Setting next_dagrun for tutorial_taskflow_api_etl to None, run_after=None
[2022-07-13 08:43:54,016] {processor.py:161} INFO - Processing /home/airflow/.local/lib/python3.7/site-packages/airflow/example_dags/tutorial_taskflow_api_etl.py took 0.216 seconds
[2022-07-13 08:44:24,537] {processor.py:153} INFO - Started process (PID=4679) to work on /home/airflow/.local/lib/python3.7/site-packages/airflow/example_dags/tutorial_taskflow_api_etl.py
[2022-07-13 08:44:24,539] {processor.py:641} INFO - Processing file /home/airflow/.local/lib/python3.7/site-packages/airflow/example_dags/tutorial_taskflow_api_etl.py for tasks to queue
[2022-07-13 08:44:24,540] {logging_mixin.py:115} INFO - [2022-07-13 08:44:24,540] {dagbag.py:508} INFO - Filling up the DagBag from /home/airflow/.local/lib/python3.7/site-packages/airflow/example_dags/tutorial_taskflow_api_etl.py
[2022-07-13 08:44:24,568] {processor.py:651} INFO - DAG(s) dict_keys(['tutorial_taskflow_api_etl']) retrieved from /home/airflow/.local/lib/python3.7/site-packages/airflow/example_dags/tutorial_taskflow_api_etl.py
[2022-07-13 08:44:24,669] {logging_mixin.py:115} INFO - [2022-07-13 08:44:24,669] {dag.py:2420} INFO - Sync 1 DAGs
[2022-07-13 08:44:24,706] {logging_mixin.py:115} INFO - [2022-07-13 08:44:24,706] {dag.py:2972} INFO - Setting next_dagrun for tutorial_taskflow_api_etl to None, run_after=None
[2022-07-13 08:44:24,734] {processor.py:161} INFO - Processing /home/airflow/.local/lib/python3.7/site-packages/airflow/example_dags/tutorial_taskflow_api_etl.py took 0.202 seconds
[2022-07-13 08:44:55,030] {processor.py:153} INFO - Started process (PID=4878) to work on /home/airflow/.local/lib/python3.7/site-packages/airflow/example_dags/tutorial_taskflow_api_etl.py
[2022-07-13 08:44:55,032] {processor.py:641} INFO - Processing file /home/airflow/.local/lib/python3.7/site-packages/airflow/example_dags/tutorial_taskflow_api_etl.py for tasks to queue
[2022-07-13 08:44:55,034] {logging_mixin.py:115} INFO - [2022-07-13 08:44:55,034] {dagbag.py:508} INFO - Filling up the DagBag from /home/airflow/.local/lib/python3.7/site-packages/airflow/example_dags/tutorial_taskflow_api_etl.py
[2022-07-13 08:44:55,067] {processor.py:651} INFO - DAG(s) dict_keys(['tutorial_taskflow_api_etl']) retrieved from /home/airflow/.local/lib/python3.7/site-packages/airflow/example_dags/tutorial_taskflow_api_etl.py
[2022-07-13 08:44:55,224] {logging_mixin.py:115} INFO - [2022-07-13 08:44:55,224] {dag.py:2420} INFO - Sync 1 DAGs
[2022-07-13 08:44:55,281] {logging_mixin.py:115} INFO - [2022-07-13 08:44:55,281] {dag.py:2972} INFO - Setting next_dagrun for tutorial_taskflow_api_etl to None, run_after=None
[2022-07-13 08:44:55,308] {processor.py:161} INFO - Processing /home/airflow/.local/lib/python3.7/site-packages/airflow/example_dags/tutorial_taskflow_api_etl.py took 0.284 seconds
[2022-07-13 08:45:25,366] {processor.py:153} INFO - Started process (PID=5066) to work on /home/airflow/.local/lib/python3.7/site-packages/airflow/example_dags/tutorial_taskflow_api_etl.py
[2022-07-13 08:45:25,368] {processor.py:641} INFO - Processing file /home/airflow/.local/lib/python3.7/site-packages/airflow/example_dags/tutorial_taskflow_api_etl.py for tasks to queue
[2022-07-13 08:45:25,370] {logging_mixin.py:115} INFO - [2022-07-13 08:45:25,370] {dagbag.py:508} INFO - Filling up the DagBag from /home/airflow/.local/lib/python3.7/site-packages/airflow/example_dags/tutorial_taskflow_api_etl.py
[2022-07-13 08:45:25,399] {processor.py:651} INFO - DAG(s) dict_keys(['tutorial_taskflow_api_etl']) retrieved from /home/airflow/.local/lib/python3.7/site-packages/airflow/example_dags/tutorial_taskflow_api_etl.py
[2022-07-13 08:45:25,560] {logging_mixin.py:115} INFO - [2022-07-13 08:45:25,556] {dag.py:2420} INFO - Sync 1 DAGs
[2022-07-13 08:45:25,619] {logging_mixin.py:115} INFO - [2022-07-13 08:45:25,619] {dag.py:2972} INFO - Setting next_dagrun for tutorial_taskflow_api_etl to None, run_after=None
[2022-07-13 08:45:25,647] {processor.py:161} INFO - Processing /home/airflow/.local/lib/python3.7/site-packages/airflow/example_dags/tutorial_taskflow_api_etl.py took 0.286 seconds
[2022-07-13 08:45:55,893] {processor.py:153} INFO - Started process (PID=5269) to work on /home/airflow/.local/lib/python3.7/site-packages/airflow/example_dags/tutorial_taskflow_api_etl.py
[2022-07-13 08:45:55,895] {processor.py:641} INFO - Processing file /home/airflow/.local/lib/python3.7/site-packages/airflow/example_dags/tutorial_taskflow_api_etl.py for tasks to queue
[2022-07-13 08:45:55,897] {logging_mixin.py:115} INFO - [2022-07-13 08:45:55,897] {dagbag.py:508} INFO - Filling up the DagBag from /home/airflow/.local/lib/python3.7/site-packages/airflow/example_dags/tutorial_taskflow_api_etl.py
[2022-07-13 08:45:55,949] {processor.py:651} INFO - DAG(s) dict_keys(['tutorial_taskflow_api_etl']) retrieved from /home/airflow/.local/lib/python3.7/site-packages/airflow/example_dags/tutorial_taskflow_api_etl.py
[2022-07-13 08:45:56,099] {logging_mixin.py:115} INFO - [2022-07-13 08:45:56,099] {dag.py:2420} INFO - Sync 1 DAGs
[2022-07-13 08:45:56,140] {logging_mixin.py:115} INFO - [2022-07-13 08:45:56,140] {dag.py:2972} INFO - Setting next_dagrun for tutorial_taskflow_api_etl to None, run_after=None
[2022-07-13 08:45:56,169] {processor.py:161} INFO - Processing /home/airflow/.local/lib/python3.7/site-packages/airflow/example_dags/tutorial_taskflow_api_etl.py took 0.283 seconds
[2022-07-13 08:46:26,823] {processor.py:153} INFO - Started process (PID=5457) to work on /home/airflow/.local/lib/python3.7/site-packages/airflow/example_dags/tutorial_taskflow_api_etl.py
[2022-07-13 08:46:26,825] {processor.py:641} INFO - Processing file /home/airflow/.local/lib/python3.7/site-packages/airflow/example_dags/tutorial_taskflow_api_etl.py for tasks to queue
[2022-07-13 08:46:26,828] {logging_mixin.py:115} INFO - [2022-07-13 08:46:26,828] {dagbag.py:508} INFO - Filling up the DagBag from /home/airflow/.local/lib/python3.7/site-packages/airflow/example_dags/tutorial_taskflow_api_etl.py
[2022-07-13 08:46:26,858] {processor.py:651} INFO - DAG(s) dict_keys(['tutorial_taskflow_api_etl']) retrieved from /home/airflow/.local/lib/python3.7/site-packages/airflow/example_dags/tutorial_taskflow_api_etl.py
[2022-07-13 08:46:26,981] {logging_mixin.py:115} INFO - [2022-07-13 08:46:26,981] {dag.py:2420} INFO - Sync 1 DAGs
[2022-07-13 08:46:27,049] {logging_mixin.py:115} INFO - [2022-07-13 08:46:27,049] {dag.py:2972} INFO - Setting next_dagrun for tutorial_taskflow_api_etl to None, run_after=None
[2022-07-13 08:46:27,076] {processor.py:161} INFO - Processing /home/airflow/.local/lib/python3.7/site-packages/airflow/example_dags/tutorial_taskflow_api_etl.py took 0.259 seconds
[2022-07-13 08:46:57,756] {processor.py:153} INFO - Started process (PID=5648) to work on /home/airflow/.local/lib/python3.7/site-packages/airflow/example_dags/tutorial_taskflow_api_etl.py
[2022-07-13 08:46:57,757] {processor.py:641} INFO - Processing file /home/airflow/.local/lib/python3.7/site-packages/airflow/example_dags/tutorial_taskflow_api_etl.py for tasks to queue
[2022-07-13 08:46:57,759] {logging_mixin.py:115} INFO - [2022-07-13 08:46:57,759] {dagbag.py:508} INFO - Filling up the DagBag from /home/airflow/.local/lib/python3.7/site-packages/airflow/example_dags/tutorial_taskflow_api_etl.py
[2022-07-13 08:46:57,787] {processor.py:651} INFO - DAG(s) dict_keys(['tutorial_taskflow_api_etl']) retrieved from /home/airflow/.local/lib/python3.7/site-packages/airflow/example_dags/tutorial_taskflow_api_etl.py
[2022-07-13 08:46:57,880] {logging_mixin.py:115} INFO - [2022-07-13 08:46:57,880] {dag.py:2420} INFO - Sync 1 DAGs
[2022-07-13 08:46:57,914] {logging_mixin.py:115} INFO - [2022-07-13 08:46:57,913] {dag.py:2972} INFO - Setting next_dagrun for tutorial_taskflow_api_etl to None, run_after=None
[2022-07-13 08:46:57,936] {processor.py:161} INFO - Processing /home/airflow/.local/lib/python3.7/site-packages/airflow/example_dags/tutorial_taskflow_api_etl.py took 0.193 seconds
