[2022-07-13 12:12:32,171] {taskinstance.py:1179} INFO - Dependencies all met for <TaskInstance: dag_with_taskflow_api_v02.greet scheduled__2022-07-12T00:00:00+00:00 [queued]>
[2022-07-13 12:12:32,197] {taskinstance.py:1179} INFO - Dependencies all met for <TaskInstance: dag_with_taskflow_api_v02.greet scheduled__2022-07-12T00:00:00+00:00 [queued]>
[2022-07-13 12:12:32,200] {taskinstance.py:1376} INFO - 
--------------------------------------------------------------------------------
[2022-07-13 12:12:32,204] {taskinstance.py:1377} INFO - Starting attempt 1 of 6
[2022-07-13 12:12:32,206] {taskinstance.py:1378} INFO - 
--------------------------------------------------------------------------------
[2022-07-13 12:12:32,241] {taskinstance.py:1397} INFO - Executing <Task(_PythonDecoratedOperator): greet> on 2022-07-12 00:00:00+00:00
[2022-07-13 12:12:32,251] {standard_task_runner.py:52} INFO - Started process 13692 to run task
[2022-07-13 12:12:32,267] {standard_task_runner.py:79} INFO - Running: ['***', 'tasks', 'run', 'dag_with_taskflow_api_v02', 'greet', 'scheduled__2022-07-12T00:00:00+00:00', '--job-id', '64', '--raw', '--subdir', 'DAGS_FOLDER/dag_with_taskflow.py', '--cfg-path', '/tmp/tmp7ixerd8x', '--error-file', '/tmp/tmp6_n1_f_m']
[2022-07-13 12:12:32,271] {standard_task_runner.py:80} INFO - Job 64: Subtask greet
[2022-07-13 12:12:32,452] {task_command.py:371} INFO - Running <TaskInstance: dag_with_taskflow_api_v02.greet scheduled__2022-07-12T00:00:00+00:00 [running]> on host 8e2218deeaf2
[2022-07-13 12:12:32,881] {taskinstance.py:1591} INFO - Exporting the following env vars:
AIRFLOW_CTX_DAG_OWNER=harshab
AIRFLOW_CTX_DAG_ID=dag_with_taskflow_api_v02
AIRFLOW_CTX_TASK_ID=greet
AIRFLOW_CTX_EXECUTION_DATE=2022-07-12T00:00:00+00:00
AIRFLOW_CTX_TRY_NUMBER=1
AIRFLOW_CTX_DAG_RUN_ID=scheduled__2022-07-12T00:00:00+00:00
[2022-07-13 12:12:32,883] {logging_mixin.py:115} INFO - Hi, My name is Harsha Bash, andI am 25 years old!
[2022-07-13 12:12:32,885] {python.py:173} INFO - Done. Returned value was: None
[2022-07-13 12:12:32,916] {taskinstance.py:1420} INFO - Marking task as SUCCESS. dag_id=dag_with_taskflow_api_v02, task_id=greet, execution_date=20220712T000000, start_date=20220713T121232, end_date=20220713T121232
[2022-07-13 12:12:32,973] {local_task_job.py:156} INFO - Task exited with return code 0
[2022-07-13 12:12:33,072] {local_task_job.py:273} INFO - 0 downstream tasks scheduled from follow-on schedule check
