[2022-07-13 09:04:40,906] {taskinstance.py:1179} INFO - Dependencies all met for <TaskInstance: our_first_dag_v2.first_task manual__2022-07-13T09:04:40.025375+00:00 [queued]>
[2022-07-13 09:04:40,925] {taskinstance.py:1179} INFO - Dependencies all met for <TaskInstance: our_first_dag_v2.first_task manual__2022-07-13T09:04:40.025375+00:00 [queued]>
[2022-07-13 09:04:40,926] {taskinstance.py:1376} INFO - 
--------------------------------------------------------------------------------
[2022-07-13 09:04:40,927] {taskinstance.py:1377} INFO - Starting attempt 1 of 6
[2022-07-13 09:04:40,928] {taskinstance.py:1378} INFO - 
--------------------------------------------------------------------------------
[2022-07-13 09:04:40,951] {taskinstance.py:1397} INFO - Executing <Task(BashOperator): first_task> on 2022-07-13 09:04:40.025375+00:00
[2022-07-13 09:04:40,957] {standard_task_runner.py:52} INFO - Started process 1137 to run task
[2022-07-13 09:04:40,963] {standard_task_runner.py:79} INFO - Running: ['***', 'tasks', 'run', 'our_first_dag_v2', 'first_task', 'manual__2022-07-13T09:04:40.025375+00:00', '--job-id', '7', '--raw', '--subdir', 'DAGS_FOLDER/our_first_dag.py', '--cfg-path', '/tmp/tmp0j0kx51z', '--error-file', '/tmp/tmpopk0j0rs']
[2022-07-13 09:04:40,966] {standard_task_runner.py:80} INFO - Job 7: Subtask first_task
[2022-07-13 09:04:41,079] {task_command.py:371} INFO - Running <TaskInstance: our_first_dag_v2.first_task manual__2022-07-13T09:04:40.025375+00:00 [running]> on host 8e2218deeaf2
[2022-07-13 09:04:41,199] {taskinstance.py:1591} INFO - Exporting the following env vars:
AIRFLOW_CTX_DAG_OWNER=harshab
AIRFLOW_CTX_DAG_ID=our_first_dag_v2
AIRFLOW_CTX_TASK_ID=first_task
AIRFLOW_CTX_EXECUTION_DATE=2022-07-13T09:04:40.025375+00:00
AIRFLOW_CTX_TRY_NUMBER=1
AIRFLOW_CTX_DAG_RUN_ID=manual__2022-07-13T09:04:40.025375+00:00
[2022-07-13 09:04:41,202] {subprocess.py:62} INFO - Tmp dir root location: 
 /tmp
[2022-07-13 09:04:41,205] {subprocess.py:74} INFO - Running command: ['bash', '-c', 'echo hello world, this is the first task']
[2022-07-13 09:04:41,221] {subprocess.py:85} INFO - Output:
[2022-07-13 09:04:41,225] {subprocess.py:92} INFO - hello world, this is the first task
[2022-07-13 09:04:41,227] {subprocess.py:96} INFO - Command exited with return code 0
[2022-07-13 09:04:41,278] {taskinstance.py:1420} INFO - Marking task as SUCCESS. dag_id=our_first_dag_v2, task_id=first_task, execution_date=20220713T090440, start_date=20220713T090440, end_date=20220713T090441
[2022-07-13 09:04:41,317] {local_task_job.py:156} INFO - Task exited with return code 0
[2022-07-13 09:04:41,380] {local_task_job.py:273} INFO - 0 downstream tasks scheduled from follow-on schedule check
