[2022-07-13 09:44:41,858] {taskinstance.py:1179} INFO - Dependencies all met for <TaskInstance: python_operator_dag_v4.get_name manual__2022-07-13T09:44:41.108159+00:00 [queued]>
[2022-07-13 09:44:41,877] {taskinstance.py:1179} INFO - Dependencies all met for <TaskInstance: python_operator_dag_v4.get_name manual__2022-07-13T09:44:41.108159+00:00 [queued]>
[2022-07-13 09:44:41,878] {taskinstance.py:1376} INFO - 
--------------------------------------------------------------------------------
[2022-07-13 09:44:41,880] {taskinstance.py:1377} INFO - Starting attempt 1 of 6
[2022-07-13 09:44:41,881] {taskinstance.py:1378} INFO - 
--------------------------------------------------------------------------------
[2022-07-13 09:44:41,907] {taskinstance.py:1397} INFO - Executing <Task(PythonOperator): get_name> on 2022-07-13 09:44:41.108159+00:00
[2022-07-13 09:44:41,916] {standard_task_runner.py:52} INFO - Started process 4318 to run task
[2022-07-13 09:44:41,920] {standard_task_runner.py:79} INFO - Running: ['***', 'tasks', 'run', 'python_operator_dag_v4', 'get_name', 'manual__2022-07-13T09:44:41.108159+00:00', '--job-id', '17', '--raw', '--subdir', 'DAGS_FOLDER/python_operator_dag.py', '--cfg-path', '/tmp/tmpuat8o1q5', '--error-file', '/tmp/tmpea86mae7']
[2022-07-13 09:44:41,923] {standard_task_runner.py:80} INFO - Job 17: Subtask get_name
[2022-07-13 09:44:42,021] {task_command.py:371} INFO - Running <TaskInstance: python_operator_dag_v4.get_name manual__2022-07-13T09:44:41.108159+00:00 [running]> on host 8e2218deeaf2
[2022-07-13 09:44:42,146] {taskinstance.py:1591} INFO - Exporting the following env vars:
AIRFLOW_CTX_DAG_OWNER=harshab
AIRFLOW_CTX_DAG_ID=python_operator_dag_v4
AIRFLOW_CTX_TASK_ID=get_name
AIRFLOW_CTX_EXECUTION_DATE=2022-07-13T09:44:41.108159+00:00
AIRFLOW_CTX_TRY_NUMBER=1
AIRFLOW_CTX_DAG_RUN_ID=manual__2022-07-13T09:44:41.108159+00:00
[2022-07-13 09:44:42,150] {python.py:173} INFO - Done. Returned value was: Jerry
[2022-07-13 09:44:42,202] {taskinstance.py:1420} INFO - Marking task as SUCCESS. dag_id=python_operator_dag_v4, task_id=get_name, execution_date=20220713T094441, start_date=20220713T094441, end_date=20220713T094442
[2022-07-13 09:44:42,256] {local_task_job.py:156} INFO - Task exited with return code 0
[2022-07-13 09:44:42,307] {local_task_job.py:273} INFO - 0 downstream tasks scheduled from follow-on schedule check
