[2022-07-13 10:06:02,300] {taskinstance.py:1179} INFO - Dependencies all met for <TaskInstance: python_operator_dag_v5.Greeting manual__2022-07-13T10:06:00.039086+00:00 [queued]>
[2022-07-13 10:06:02,327] {taskinstance.py:1179} INFO - Dependencies all met for <TaskInstance: python_operator_dag_v5.Greeting manual__2022-07-13T10:06:00.039086+00:00 [queued]>
[2022-07-13 10:06:02,328] {taskinstance.py:1376} INFO - 
--------------------------------------------------------------------------------
[2022-07-13 10:06:02,330] {taskinstance.py:1377} INFO - Starting attempt 1 of 6
[2022-07-13 10:06:02,331] {taskinstance.py:1378} INFO - 
--------------------------------------------------------------------------------
[2022-07-13 10:06:02,366] {taskinstance.py:1397} INFO - Executing <Task(PythonOperator): Greeting> on 2022-07-13 10:06:00.039086+00:00
[2022-07-13 10:06:02,378] {standard_task_runner.py:52} INFO - Started process 5750 to run task
[2022-07-13 10:06:02,383] {standard_task_runner.py:79} INFO - Running: ['***', 'tasks', 'run', 'python_operator_dag_v5', 'Greeting', 'manual__2022-07-13T10:06:00.039086+00:00', '--job-id', '47', '--raw', '--subdir', 'DAGS_FOLDER/python_operator_dag.py', '--cfg-path', '/tmp/tmp6ucgfn4j', '--error-file', '/tmp/tmphikjw1k_']
[2022-07-13 10:06:02,386] {standard_task_runner.py:80} INFO - Job 47: Subtask Greeting
[2022-07-13 10:06:02,538] {task_command.py:371} INFO - Running <TaskInstance: python_operator_dag_v5.Greeting manual__2022-07-13T10:06:00.039086+00:00 [running]> on host 8e2218deeaf2
[2022-07-13 10:06:02,662] {taskinstance.py:1591} INFO - Exporting the following env vars:
AIRFLOW_CTX_DAG_OWNER=harshab
AIRFLOW_CTX_DAG_ID=python_operator_dag_v5
AIRFLOW_CTX_TASK_ID=Greeting
AIRFLOW_CTX_EXECUTION_DATE=2022-07-13T10:06:00.039086+00:00
AIRFLOW_CTX_TRY_NUMBER=1
AIRFLOW_CTX_DAG_RUN_ID=manual__2022-07-13T10:06:00.039086+00:00
[2022-07-13 10:06:02,684] {logging_mixin.py:115} INFO - hello World! My name is harsha,and I am 25 years old!
[2022-07-13 10:06:02,686] {python.py:173} INFO - Done. Returned value was: None
[2022-07-13 10:06:02,712] {taskinstance.py:1420} INFO - Marking task as SUCCESS. dag_id=python_operator_dag_v5, task_id=Greeting, execution_date=20220713T100600, start_date=20220713T100602, end_date=20220713T100602
[2022-07-13 10:06:02,967] {local_task_job.py:156} INFO - Task exited with return code 0
[2022-07-13 10:06:03,020] {local_task_job.py:273} INFO - 0 downstream tasks scheduled from follow-on schedule check
