[2022-07-13 08:34:52,892] {taskinstance.py:1179} INFO - Dependencies all met for <TaskInstance: example_bash_operator.runme_2 manual__2022-07-13T08:34:50.426567+00:00 [queued]>
[2022-07-13 08:34:53,040] {taskinstance.py:1179} INFO - Dependencies all met for <TaskInstance: example_bash_operator.runme_2 manual__2022-07-13T08:34:50.426567+00:00 [queued]>
[2022-07-13 08:34:53,041] {taskinstance.py:1376} INFO - 
--------------------------------------------------------------------------------
[2022-07-13 08:34:53,049] {taskinstance.py:1377} INFO - Starting attempt 1 of 1
[2022-07-13 08:34:53,052] {taskinstance.py:1378} INFO - 
--------------------------------------------------------------------------------
[2022-07-13 08:34:53,239] {taskinstance.py:1397} INFO - Executing <Task(BashOperator): runme_2> on 2022-07-13 08:34:50.426567+00:00
[2022-07-13 08:34:53,269] {standard_task_runner.py:52} INFO - Started process 1136 to run task
[2022-07-13 08:34:53,341] {standard_task_runner.py:79} INFO - Running: ['***', 'tasks', 'run', 'example_bash_operator', 'runme_2', 'manual__2022-07-13T08:34:50.426567+00:00', '--job-id', '5', '--raw', '--subdir', '/home/***/.local/lib/python3.7/site-packages/***/example_dags/example_bash_operator.py', '--cfg-path', '/tmp/tmpm95_x32w', '--error-file', '/tmp/tmpckdmc8p_']
[2022-07-13 08:34:53,362] {standard_task_runner.py:80} INFO - Job 5: Subtask runme_2
[2022-07-13 08:34:55,357] {task_command.py:371} INFO - Running <TaskInstance: example_bash_operator.runme_2 manual__2022-07-13T08:34:50.426567+00:00 [running]> on host 6826b39e7226
[2022-07-13 08:34:56,194] {taskinstance.py:1591} INFO - Exporting the following env vars:
AIRFLOW_CTX_DAG_OWNER=***
AIRFLOW_CTX_DAG_ID=example_bash_operator
AIRFLOW_CTX_TASK_ID=runme_2
AIRFLOW_CTX_EXECUTION_DATE=2022-07-13T08:34:50.426567+00:00
AIRFLOW_CTX_TRY_NUMBER=1
AIRFLOW_CTX_DAG_RUN_ID=manual__2022-07-13T08:34:50.426567+00:00
[2022-07-13 08:34:56,204] {subprocess.py:62} INFO - Tmp dir root location: 
 /tmp
[2022-07-13 08:34:56,212] {subprocess.py:74} INFO - Running command: ['bash', '-c', 'echo "example_bash_operator__runme_2__20220713" && sleep 1']
[2022-07-13 08:34:56,323] {subprocess.py:85} INFO - Output:
[2022-07-13 08:34:56,324] {subprocess.py:92} INFO - example_bash_operator__runme_2__20220713
[2022-07-13 08:34:57,347] {subprocess.py:96} INFO - Command exited with return code 0
[2022-07-13 08:34:57,475] {taskinstance.py:1420} INFO - Marking task as SUCCESS. dag_id=example_bash_operator, task_id=runme_2, execution_date=20220713T083450, start_date=20220713T083452, end_date=20220713T083457
[2022-07-13 08:34:57,582] {local_task_job.py:156} INFO - Task exited with return code 0
[2022-07-13 08:34:57,989] {local_task_job.py:273} INFO - 0 downstream tasks scheduled from follow-on schedule check
