[2022-07-13 09:09:13,882] {taskinstance.py:1179} INFO - Dependencies all met for <TaskInstance: our_first_dag_v3.first_task manual__2022-07-13T09:09:13.019343+00:00 [queued]>
[2022-07-13 09:09:13,924] {taskinstance.py:1179} INFO - Dependencies all met for <TaskInstance: our_first_dag_v3.first_task manual__2022-07-13T09:09:13.019343+00:00 [queued]>
[2022-07-13 09:09:13,929] {taskinstance.py:1376} INFO - 
--------------------------------------------------------------------------------
[2022-07-13 09:09:13,932] {taskinstance.py:1377} INFO - Starting attempt 1 of 6
[2022-07-13 09:09:13,934] {taskinstance.py:1378} INFO - 
--------------------------------------------------------------------------------
[2022-07-13 09:09:13,974] {taskinstance.py:1397} INFO - Executing <Task(BashOperator): first_task> on 2022-07-13 09:09:13.019343+00:00
[2022-07-13 09:09:13,983] {standard_task_runner.py:52} INFO - Started process 1525 to run task
[2022-07-13 09:09:13,989] {standard_task_runner.py:79} INFO - Running: ['***', 'tasks', 'run', 'our_first_dag_v3', 'first_task', 'manual__2022-07-13T09:09:13.019343+00:00', '--job-id', '11', '--raw', '--subdir', 'DAGS_FOLDER/our_first_dag.py', '--cfg-path', '/tmp/tmpfzb08x8r', '--error-file', '/tmp/tmpovqmql0o']
[2022-07-13 09:09:13,992] {standard_task_runner.py:80} INFO - Job 11: Subtask first_task
[2022-07-13 09:09:14,108] {task_command.py:371} INFO - Running <TaskInstance: our_first_dag_v3.first_task manual__2022-07-13T09:09:13.019343+00:00 [running]> on host 8e2218deeaf2
[2022-07-13 09:09:14,233] {taskinstance.py:1591} INFO - Exporting the following env vars:
AIRFLOW_CTX_DAG_OWNER=harshab
AIRFLOW_CTX_DAG_ID=our_first_dag_v3
AIRFLOW_CTX_TASK_ID=first_task
AIRFLOW_CTX_EXECUTION_DATE=2022-07-13T09:09:13.019343+00:00
AIRFLOW_CTX_TRY_NUMBER=1
AIRFLOW_CTX_DAG_RUN_ID=manual__2022-07-13T09:09:13.019343+00:00
[2022-07-13 09:09:14,237] {subprocess.py:62} INFO - Tmp dir root location: 
 /tmp
[2022-07-13 09:09:14,240] {subprocess.py:74} INFO - Running command: ['bash', '-c', 'echo hello world, this is the first task']
[2022-07-13 09:09:14,255] {subprocess.py:85} INFO - Output:
[2022-07-13 09:09:14,260] {subprocess.py:92} INFO - hello world, this is the first task
[2022-07-13 09:09:14,262] {subprocess.py:96} INFO - Command exited with return code 0
[2022-07-13 09:09:14,323] {taskinstance.py:1420} INFO - Marking task as SUCCESS. dag_id=our_first_dag_v3, task_id=first_task, execution_date=20220713T090913, start_date=20220713T090913, end_date=20220713T090914
[2022-07-13 09:09:14,403] {local_task_job.py:156} INFO - Task exited with return code 0
[2022-07-13 09:09:14,500] {local_task_job.py:273} INFO - 2 downstream tasks scheduled from follow-on schedule check
