[2022-07-13 09:00:35,358] {taskinstance.py:1179} INFO - Dependencies all met for <TaskInstance: our_first_dag.first_task manual__2022-07-13T09:00:34.123464+00:00 [queued]>
[2022-07-13 09:00:35,379] {taskinstance.py:1179} INFO - Dependencies all met for <TaskInstance: our_first_dag.first_task manual__2022-07-13T09:00:34.123464+00:00 [queued]>
[2022-07-13 09:00:35,381] {taskinstance.py:1376} INFO - 
--------------------------------------------------------------------------------
[2022-07-13 09:00:35,382] {taskinstance.py:1377} INFO - Starting attempt 1 of 6
[2022-07-13 09:00:35,383] {taskinstance.py:1378} INFO - 
--------------------------------------------------------------------------------
[2022-07-13 09:00:35,406] {taskinstance.py:1397} INFO - Executing <Task(BashOperator): first_task> on 2022-07-13 09:00:34.123464+00:00
[2022-07-13 09:00:35,411] {standard_task_runner.py:52} INFO - Started process 841 to run task
[2022-07-13 09:00:35,416] {standard_task_runner.py:79} INFO - Running: ['***', 'tasks', 'run', 'our_first_dag', 'first_task', 'manual__2022-07-13T09:00:34.123464+00:00', '--job-id', '5', '--raw', '--subdir', 'DAGS_FOLDER/our_first_dag.py', '--cfg-path', '/tmp/tmpqc5av86g', '--error-file', '/tmp/tmpv1iz635p']
[2022-07-13 09:00:35,419] {standard_task_runner.py:80} INFO - Job 5: Subtask first_task
[2022-07-13 09:00:35,513] {task_command.py:371} INFO - Running <TaskInstance: our_first_dag.first_task manual__2022-07-13T09:00:34.123464+00:00 [running]> on host 8e2218deeaf2
[2022-07-13 09:00:35,634] {taskinstance.py:1591} INFO - Exporting the following env vars:
AIRFLOW_CTX_DAG_OWNER=harshab
AIRFLOW_CTX_DAG_ID=our_first_dag
AIRFLOW_CTX_TASK_ID=first_task
AIRFLOW_CTX_EXECUTION_DATE=2022-07-13T09:00:34.123464+00:00
AIRFLOW_CTX_TRY_NUMBER=1
AIRFLOW_CTX_DAG_RUN_ID=manual__2022-07-13T09:00:34.123464+00:00
[2022-07-13 09:00:35,638] {subprocess.py:62} INFO - Tmp dir root location: 
 /tmp
[2022-07-13 09:00:35,641] {subprocess.py:74} INFO - Running command: ['bash', '-c', 'echo hello world, this is the first task']
[2022-07-13 09:00:35,657] {subprocess.py:85} INFO - Output:
[2022-07-13 09:00:35,660] {subprocess.py:92} INFO - hello world, this is the first task
[2022-07-13 09:00:35,662] {subprocess.py:96} INFO - Command exited with return code 0
[2022-07-13 09:00:35,708] {taskinstance.py:1420} INFO - Marking task as SUCCESS. dag_id=our_first_dag, task_id=first_task, execution_date=20220713T090034, start_date=20220713T090035, end_date=20220713T090035
[2022-07-13 09:00:35,750] {local_task_job.py:156} INFO - Task exited with return code 0
[2022-07-13 09:00:35,802] {local_task_job.py:273} INFO - 0 downstream tasks scheduled from follow-on schedule check
