[2022-07-13 12:16:10,748] {taskinstance.py:1179} INFO - Dependencies all met for <TaskInstance: dag_with_taskflow_api_v03.get_name scheduled__2022-07-12T00:00:00+00:00 [queued]>
[2022-07-13 12:16:10,776] {taskinstance.py:1179} INFO - Dependencies all met for <TaskInstance: dag_with_taskflow_api_v03.get_name scheduled__2022-07-12T00:00:00+00:00 [queued]>
[2022-07-13 12:16:10,778] {taskinstance.py:1376} INFO - 
--------------------------------------------------------------------------------
[2022-07-13 12:16:10,780] {taskinstance.py:1377} INFO - Starting attempt 1 of 6
[2022-07-13 12:16:10,781] {taskinstance.py:1378} INFO - 
--------------------------------------------------------------------------------
[2022-07-13 12:16:10,822] {taskinstance.py:1397} INFO - Executing <Task(_PythonDecoratedOperator): get_name> on 2022-07-12 00:00:00+00:00
[2022-07-13 12:16:10,830] {standard_task_runner.py:52} INFO - Started process 14146 to run task
[2022-07-13 12:16:10,840] {standard_task_runner.py:79} INFO - Running: ['***', 'tasks', 'run', 'dag_with_taskflow_api_v03', 'get_name', 'scheduled__2022-07-12T00:00:00+00:00', '--job-id', '68', '--raw', '--subdir', 'DAGS_FOLDER/dag_with_taskflow.py', '--cfg-path', '/tmp/tmpoa_v2uu6', '--error-file', '/tmp/tmpk9a5opge']
[2022-07-13 12:16:10,844] {standard_task_runner.py:80} INFO - Job 68: Subtask get_name
[2022-07-13 12:16:10,982] {task_command.py:371} INFO - Running <TaskInstance: dag_with_taskflow_api_v03.get_name scheduled__2022-07-12T00:00:00+00:00 [running]> on host 8e2218deeaf2
[2022-07-13 12:16:11,217] {taskinstance.py:1591} INFO - Exporting the following env vars:
AIRFLOW_CTX_DAG_OWNER=harshab
AIRFLOW_CTX_DAG_ID=dag_with_taskflow_api_v03
AIRFLOW_CTX_TASK_ID=get_name
AIRFLOW_CTX_EXECUTION_DATE=2022-07-12T00:00:00+00:00
AIRFLOW_CTX_TRY_NUMBER=1
AIRFLOW_CTX_DAG_RUN_ID=scheduled__2022-07-12T00:00:00+00:00
[2022-07-13 12:16:11,219] {python.py:173} INFO - Done. Returned value was: {'first_name': 'Harsha', 'last_name': 'Bash'}
[2022-07-13 12:16:11,881] {taskinstance.py:1420} INFO - Marking task as SUCCESS. dag_id=dag_with_taskflow_api_v03, task_id=get_name, execution_date=20220712T000000, start_date=20220713T121610, end_date=20220713T121611
[2022-07-13 12:16:12,059] {local_task_job.py:156} INFO - Task exited with return code 0
[2022-07-13 12:16:12,310] {local_task_job.py:273} INFO - 0 downstream tasks scheduled from follow-on schedule check
