[2022-07-13 09:49:10,189] {taskinstance.py:1179} INFO - Dependencies all met for <TaskInstance: python_operator_dag_v5.get_name manual__2022-07-13T09:49:09.531547+00:00 [queued]>
[2022-07-13 09:49:10,213] {taskinstance.py:1179} INFO - Dependencies all met for <TaskInstance: python_operator_dag_v5.get_name manual__2022-07-13T09:49:09.531547+00:00 [queued]>
[2022-07-13 09:49:10,214] {taskinstance.py:1376} INFO - 
--------------------------------------------------------------------------------
[2022-07-13 09:49:10,215] {taskinstance.py:1377} INFO - Starting attempt 1 of 6
[2022-07-13 09:49:10,216] {taskinstance.py:1378} INFO - 
--------------------------------------------------------------------------------
[2022-07-13 09:49:10,241] {taskinstance.py:1397} INFO - Executing <Task(PythonOperator): get_name> on 2022-07-13 09:49:09.531547+00:00
[2022-07-13 09:49:10,251] {standard_task_runner.py:52} INFO - Started process 4681 to run task
[2022-07-13 09:49:10,255] {standard_task_runner.py:79} INFO - Running: ['***', 'tasks', 'run', 'python_operator_dag_v5', 'get_name', 'manual__2022-07-13T09:49:09.531547+00:00', '--job-id', '22', '--raw', '--subdir', 'DAGS_FOLDER/python_operator_dag.py', '--cfg-path', '/tmp/tmp8pznvm59', '--error-file', '/tmp/tmpu4vks0re']
[2022-07-13 09:49:10,259] {standard_task_runner.py:80} INFO - Job 22: Subtask get_name
[2022-07-13 09:49:10,357] {task_command.py:371} INFO - Running <TaskInstance: python_operator_dag_v5.get_name manual__2022-07-13T09:49:09.531547+00:00 [running]> on host 8e2218deeaf2
[2022-07-13 09:49:10,458] {taskinstance.py:1591} INFO - Exporting the following env vars:
AIRFLOW_CTX_DAG_OWNER=harshab
AIRFLOW_CTX_DAG_ID=python_operator_dag_v5
AIRFLOW_CTX_TASK_ID=get_name
AIRFLOW_CTX_EXECUTION_DATE=2022-07-13T09:49:09.531547+00:00
AIRFLOW_CTX_TRY_NUMBER=1
AIRFLOW_CTX_DAG_RUN_ID=manual__2022-07-13T09:49:09.531547+00:00
[2022-07-13 09:49:10,460] {python.py:173} INFO - Done. Returned value was: harsha
[2022-07-13 09:49:10,500] {taskinstance.py:1420} INFO - Marking task as SUCCESS. dag_id=python_operator_dag_v5, task_id=get_name, execution_date=20220713T094909, start_date=20220713T094910, end_date=20220713T094910
[2022-07-13 09:49:10,552] {local_task_job.py:156} INFO - Task exited with return code 0
[2022-07-13 09:49:10,602] {local_task_job.py:273} INFO - 1 downstream tasks scheduled from follow-on schedule check
